0.005 -2.74245e-07 -0.00344101 2.5196e-10
0.01 -1.27062e-06 -0.00347317 2.60005e-09
0.015 -2.9534e-06 -0.00350165 1.27362e-08
0.02 -4.89756e-06 -0.00352415 3.98017e-08
0.025 -6.65544e-06 -0.00353969 9.03223e-08
0.03 -7.78283e-06 -0.00354852 1.61204e-07
0.035 -7.93906e-06 -0.00355035 2.39699e-07
0.04 -6.97264e-06 -0.00354468 3.09411e-07
0.045 -4.93812e-06 -0.00353225 3.58169e-07
0.05 -2.09392e-06 -0.00351496 3.89975e-07
0.055 1.11548e-06 -0.00349434 4.17685e-07
0.06 4.14934e-06 -0.00347118 4.40757e-07
0.065 6.4426e-06 -0.00344671 4.52417e-07
0.07 7.37167e-06 -0.00342299 4.50896e-07
0.075 6.27981e-06 -0.00340209 4.33761e-07
0.08 2.60757e-06 -0.00338539 4.01624e-07
0.085 -4.01562e-06 -0.00337374 3.68941e-07
0.09 -1.37411e-05 -0.00336772 3.67494e-07
0.095 -2.65301e-05 -0.00336764 4.36041e-07
0.1 -4.22136e-05 -0.00337357 5.97416e-07
0.105 -6.05343e-05 -0.00338514 8.49134e-07
0.11 -8.11578e-05 -0.00340154 1.19572e-06
0.115 -0.000103652 -0.00342157 1.67947e-06
0.12 -0.000127482 -0.00344387 2.35472e-06
0.125 -0.000152018 -0.00346709 3.24728e-06
0.13 -0.000176569 -0.00348985 4.35478e-06
0.135 -0.000200511 -0.00351076 5.67332e-06
0.14 -0.000223325 -0.00352855 7.21616e-06
0.145 -0.000244557 -0.00354217 9.00413e-06
0.15 -0.000263792 -0.00355088 1.1041e-05
0.155 -0.000280674 -0.0035543 1.32991e-05
0.16 -0.000295037 -0.00355239 1.5712e-05
0.165 -0.000307014 -0.00354556 1.82055e-05
0.17 -0.000316912 -0.00353449 2.07635e-05
0.175 -0.000325109 -0.0035201 2.34133e-05
0.18 -0.000332174 -0.00350341 2.61394e-05
0.185 -0.000338833 -0.00348555 2.88663e-05
0.19 -0.000345803 -0.00346777 3.15138e-05
0.195 -0.000353766 -0.00345132 3.40295e-05
0.2 -0.000363346 -0.00343734 3.63838e-05
0.205 -0.000375015 -0.00342674 3.85599e-05
0.21 -0.000389045 -0.00342015 4.05437e-05
0.215 -0.00040551 -0.00341793 4.23125e-05
0.22 -0.00042435 -0.00342017 4.38431e-05
0.225 -0.00044546 -0.0034267 4.51318e-05
0.23 -0.000468735 -0.00343703 4.61941e-05
0.235 -0.000494069 -0.00345043 4.70547e-05
0.24 -0.000521365 -0.00346599 4.77464e-05
0.245 -0.000550499 -0.00348269 4.82984e-05
0.25 -0.000581212 -0.00349949 4.87349e-05
0.255 -0.000613086 -0.00351537 4.90907e-05
0.26 -0.000645557 -0.00352933 4.94159e-05
0.265 -0.000677919 -0.00354054 4.97646e-05
0.27 -0.000709345 -0.00354834 5.01818e-05
0.275 -0.000738919 -0.00355233 5.07016e-05
0.28 -0.000765763 -0.00355236 5.13434e-05
0.285 -0.000789315 -0.00354858 5.21159e-05
0.29 -0.000809601 -0.00354144 5.30383e-05
0.295 -0.000827151 -0.0035316 5.41417e-05
0.3 -0.000842675 -0.00351977 5.54444e-05
0.305 -0.00085678 -0.00350673 5.69385e-05
0.31 -0.000869885 -0.00349336 5.86011e-05
0.315 -0.00088237 -0.00348064 6.04086e-05
0.32 -0.000894571 -0.00346946 6.23419e-05
0.325 -0.000906723 -0.00346056 6.43853e-05
0.33 -0.000919082 -0.00345448 6.65218e-05
0.335 -0.000932019 -0.00345157 6.87265e-05
0.34 -0.000945946 -0.00345198 7.09691e-05
0.345 -0.000961262 -0.00345568 7.32193e-05
0.35 -0.000978361 -0.00346241 7.54508e-05
0.355 -0.00099757 -0.00347164 7.76496e-05
0.36 -0.00101902 -0.00348275 7.98144e-05
0.365 -0.00104258 -0.00349501 8.19443e-05
0.37 -0.00106795 -0.00350765 8.40267e-05
0.375 -0.00109476 -0.0035199 8.60406e-05
0.38 -0.00112262 -0.003531 8.79744e-05
0.385 -0.00115111 -0.00354025 8.98342e-05
0.39 -0.00117979 -0.00354715 9.16336e-05
0.395 -0.00120807 -0.0035513 9.33834e-05
0.4 -0.00123523 -0.00355255 9.50819e-05
0.405 -0.00126058 -0.00355092 9.67161e-05
0.41 -0.00128345 -0.00354661 9.82813e-05
0.415 -0.00130323 -0.00354001 9.97945e-05
0.42 -0.00131942 -0.00353165 0.000101272
0.425 -0.0013317 -0.00352217 0.0001027
0.43 -0.00134001 -0.00351221 0.00010405
0.435 -0.00134447 -0.00350245 0.000105301
0.44 -0.00134535 -0.00349354 0.000106436
0.445 -0.00134316 -0.0034861 0.000107434
0.45 -0.00133849 -0.00348062 0.000108274
