0.005 -2.74949e-07 -2.75036e-07 -2.75108e-07 -2.75167e-07 -2.75213e-07 -2.75247e-07 -2.75272e-07 -2.75287e-07 -2.75293e-07 -2.75293e-07 -2.75285e-07 -2.75272e-07 -2.75253e-07 -2.75231e-07 -2.75204e-07 -2.75174e-07 -2.75142e-07 -2.75107e-07 -2.75071e-07 -2.75034e-07 -2.74995e-07 -2.74956e-07
0.01 -1.27804e-06 -1.27898e-06 -1.27978e-06 -1.28044e-06 -1.28099e-06 -1.28142e-06 -1.28174e-06 -1.28197e-06 -1.2821e-06 -1.28216e-06 -1.28215e-06 -1.28207e-06 -1.28194e-06 -1.28175e-06 -1.28152e-06 -1.28126e-06 -1.28096e-06 -1.28063e-06 -1.28029e-06 -1.27992e-06 -1.27955e-06 -1.27918e-06
0.015 -2.99036e-06 -2.99518e-06 -2.99935e-06 -3.00293e-06 -3.00593e-06 -3.00839e-06 -3.01036e-06 -3.01186e-06 -3.01293e-06 -3.01361e-06 -3.01392e-06 -3.01391e-06 -3.0136e-06 -3.01303e-06 -3.01222e-06 -3.01122e-06 -3.01005e-06 -3.00873e-06 -3.00731e-06 -3.0058e-06 -3.00423e-06 -3.00264e-06
0.02 -5.01478e-06 -5.03047e-06 -5.04434e-06 -5.05649e-06 -5.067e-06 -5.07593e-06 -5.0834e-06 -5.08948e-06 -5.09426e-06 -5.09784e-06 -5.10031e-06 -5.10175e-06 -5.10228e-06 -5.10197e-06 -5.10093e-06 -5.09924e-06 -5.097e-06 -5.0943e-06 -5.09124e-06 -5.0879e-06 -5.08439e-06 -5.08078e-06
0.025 -6.92526e-06 -6.9623e-06 -6.99575e-06 -7.02573e-06 -7.05239e-06 -7.07587e-06 -7.09631e-06 -7.11387e-06 -7.12873e-06 -7.14104e-06 -7.151e-06 -7.15878e-06 -7.16457e-06 -7.16856e-06 -7.17093e-06 -7.1719e-06 -7.17166e-06 -7.1704e-06 -7.16834e-06 -7.16566e-06 -7.16258e-06 -7.1593e-06
0.03 -8.27151e-06 -8.34042e-06 -8.40404e-06 -8.46252e-06 -8.51602e-06 -8.56471e-06 -8.6088e-06 -8.64851e-06 -8.68405e-06 -8.71566e-06 -8.74361e-06 -8.76816e-06 -8.78958e-06 -8.80817e-06 -8.82421e-06 -8.83801e-06 -8.84987e-06 -8.86012e-06 -8.86908e-06 -8.87705e-06 -8.88438e-06 -8.89138e-06
0.035 -8.67763e-06 -8.78496e-06 -8.88647e-06 -8.98227e-06 -9.07252e-06 -9.15737e-06 -9.23703e-06 -9.3117e-06 -9.38162e-06 -9.44704e-06 -9.50824e-06 -9.5655e-06 -9.61914e-06 -9.66946e-06 -9.71682e-06 -9.76154e-06 -9.804e-06 -9.84456e-06 -9.88358e-06 -9.92145e-06 -9.95856e-06 -9.99527e-06
0.04 -7.94453e-06 -8.09071e-06 -8.23265e-06 -8.37039e-06 -8.50398e-06 -8.63353e-06 -8.75913e-06 -8.88091e-06 -8.99902e-06 -9.11364e-06 -9.22495e-06 -9.33316e-06 -9.4385e-06 -9.5412e-06 -9.64153e-06 -9.73976e-06 -9.83615e-06 -9.93102e-06 -1.00246e-05 -1.01173e-05 -1.02094e-05 -1.03012e-05
0.045 -6.08896e-06 -6.26881e-06 -6.44836e-06 -6.6275e-06 -6.80616e-06 -6.98427e-06 -7.16176e-06 -7.33859e-06 -7.51473e-06 -7.69018e-06 -7.86492e-06 -8.03896e-06 -8.21234e-06 -8.38507e-06 -8.55722e-06 -8.72882e-06 -8.89994e-06 -9.07066e-06 -9.24104e-06 -9.41116e-06 -9.58111e-06 -9.75098e-06
0.05 -3.3751e-06 -3.58265e-06 -3.79506e-06 -4.01208e-06 -4.23347e-06 -4.45899e-06 -4.68841e-06 -4.92148e-06 -5.15795e-06 -5.39758e-06 -5.64012e-06 -5.88534e-06 -6.13297e-06 -6.38279e-06 -6.63455e-06 -6.88799e-06 -7.14288e-06 -7.39898e-06 -7.65604e-06 -7.91381e-06 -8.17207e-06 -8.43057e-06
0.055 -2.80214e-07 -5.12348e-07 -7.54045e-07 -1.00494e-06 -1.26467e-06 -1.53282e-06 -1.80899e-06 -2.09276e-06 -2.3837e-06 -2.68133e-06 -2.98521e-06 -3.29485e-06 -3.60977e-06 -3.92946e-06 -4.25342e-06 -4.58113e-06 -4.91206e-06 -5.24568e-06 -5.58147e-06 -5.91888e-06 -6.25737e-06 -6.5964e-06
0.06 2.65952e-06 2.40757e-06 2.14253e-06 1.86491e-06 1.5752e-06 1.27396e-06 9.61737e-07 6.39117e-07 3.06703e-07 -3.48865e-08 -3.85011e-07 -7.43016e-07 -1.10823e-06 -1.47997e-06 -1.85754e-06 -2.24022e-06 -2.62731e-06 -3.01808e-06 -3.41179e-06 -3.80772e-06 -4.20512e-06 -4.60326e-06
0.065 4.90408e-06 4.64165e-06 4.36417e-06 4.0722e-06 3.76633e-06 3.44717e-06 3.11538e-06 2.77161e-06 2.41657e-06 2.05097e-06 1.67555e-06 1.29106e-06 8.98275e-07 4.97986e-07 9.09955e-08 -3.21881e-07 -7.39819e-07 -1.16198e-06 -1.58754e-06 -2.01563e-06 -2.44542e-06 -2.87606e-06
0.07 5.83662e-06 5.5744e-06 5.29687e-06 5.0046e-06 4.69819e-06 4.37826e-06 4.04546e-06 3.70047e-06 3.34398e-06 2.97673e-06 2.59945e-06 2.21292e-06 1.81792e-06 1.41526e-06 1.00574e-06 5.90206e-07 1.69495e-07 -2.5554e-07 -6.84041e-07 -1.11514e-06 -1.54798e-06 -1.98169e-06
0.075 4.806e-06 4.555e-06 4.28988e-06 4.01117e-06 3.71943e-06 3.41525e-06 3.09925e-06 2.77205e-06 2.43432e-06 2.08672e-06 1.72994e-06 1.3647e-06 9.91725e-07 6.11743e-07 2.25511e-07 -1.66211e-07 -5.62652e-07 -9.63035e-07 -1.36657e-06 -1.77248e-06 -2.17997e-06 -2.58825e-06
0.08 1.25063e-06 1.02137e-06 7.80386e-07 5.28125e-07 2.6506e-07 -8.31606e-09 -2.91492e-07 -5.8394e-07 -8.85114e-07 -1.19445e-06 -1.51138e-06 -1.8353e-06 -2.16563e-06 -2.50174e-06 -2.84301e-06 -3.18882e-06 -3.53852e-06 -3.89148e-06 -4.24704e-06 -4.60456e-06 -4.96338e-06 -5.32285e-06
0.085 -5.24467e-06 -5.44821e-06 -5.65957e-06 -5.87847e-06 -6.1046e-06 -6.33765e-06 -6.5773e-06 -6.82319e-06 -7.07497e-06 -7.33228e-06 -7.59474e-06 -7.86195e-06 -8.13352e-06 -8.40903e-06 -8.68807e-06 -8.97021e-06 -9.25501e-06 -9.54205e-06 -9.83087e-06 -1.0121e-05 -1.04121e-05 -1.07036e-05
0.09 -1.49301e-05 -1.51184e-05 -1.53084e-05 -1.55e-05 -1.56931e-05 -1.58879e-05 -1.60841e-05 -1.62817e-05 -1.64807e-05 -1.66809e-05 -1.68824e-05 -1.70851e-05 -1.72888e-05 -1.74935e-05 -1.7699e-05 -1.79053e-05 -1.81123e-05 -1.83199e-05 -1.85279e-05 -1.87363e-05 -1.89449e-05 -1.91536e-05
0.095 -2.78899e-05 -2.80922e-05 -2.82874e-05 -2.84757e-05 -2.86573e-05 -2.88326e-05 -2.90019e-05 -2.91655e-05 -2.93237e-05 -2.94769e-05 -2.96254e-05 -2.97696e-05 -2.991e-05 -3.00467e-05 -3.01804e-05 -3.03112e-05 -3.04397e-05 -3.05662e-05 -3.06912e-05 -3.08149e-05 -3.09379e-05 -3.10605e-05
0.1 -4.40355e-05 -4.42954e-05 -4.45378e-05 -4.47633e-05 -4.49724e-05 -4.51658e-05 -4.53441e-05 -4.5508e-05 -4.56585e-05 -4.57961e-05 -4.59219e-05 -4.60367e-05 -4.61413e-05 -4.62368e-05 -4.63242e-05 -4.64043e-05 -4.64782e-05 -4.65469e-05 -4.66115e-05 -4.66729e-05 -4.67323e-05 -4.67906e-05
0.105 -6.31146e-05 -6.34802e-05 -6.38191e-05 -6.41321e-05 -6.44199e-05 -6.46836e-05 -6.49239e-05 -6.51421e-05 -6.53393e-05 -6.55167e-05 -6.56755e-05 -6.58171e-05 -6.59429e-05 -6.60544e-05 -6.6153e-05 -6.62403e-05 -6.63177e-05 -6.6387e-05 -6.64497e-05 -6.65075e-05 -6.6562e-05 -6.66149e-05
0.11 -8.48157e-05 -8.53407e-05 -8.58329e-05 -8.62929e-05 -8.67218e-05 -8.71208e-05 -8.74911e-05 -8.78339e-05 -8.81506e-05 -8.84429e-05 -8.87122e-05 -8.89602e-05 -8.91886e-05 -8.93993e-05 -8.9594e-05 -8.97746e-05 -8.99432e-05 -9.01016e-05 -9.02519e-05 -9.0396e-05 -9.05361e-05 -9.06741e-05
0.115 -0.00010884 -0.000109599 -0.000110321 -0.000111007 -0.000111658 -0.000112276 -0.000112861 -0.000113416 -0.000113943 -0.000114441 -0.000114915 -0.000115365 -0.000115792 -0.000116201 -0.000116591 -0.000116966 -0.000117328 -0.000117678 -0.00011802 -0.000118354 -0.000118684 -0.000119012
0.12 -0.000134825 -0.000135918 -0.00013697 -0.000137985 -0.000138962 -0.000139903 -0.00014081 -0.000141684 -0.000142527 -0.000143341 -0.000144127 -0.000144887 -0.000145624 -0.00014634 -0.000147037 -0.000147717 -0.000148383 -0.000149036 -0.00014968 -0.000150316 -0.000150948 -0.000151577
0.125 -0.000162226 -0.000163765 -0.000165265 -0.000166725 -0.000168147 -0.000169532 -0.000170881 -0.000172197 -0.00017348 -0.000174732 -0.000175956 -0.000177153 -0.000178326 -0.000179476 -0.000180606 -0.000181719 -0.000182816 -0.000183901 -0.000184975 -0.000186041 -0.000187103 -0.000188162
0.13 -0.000190352 -0.000192455 -0.000194521 -0.00019655 -0.000198542 -0.0002005 -0.000202424 -0.000204315 -0.000206176 -0.000208006 -0.000209809 -0.000211586 -0.000213339 -0.00021507 -0.000216781 -0.000218475 -0.000220155 -0.000221821 -0.000223478 -0.000225126 -0.00022677 -0.000228411
0.135 -0.000218573 -0.000221356 -0.00022411 -0.000226834 -0.000229528 -0.000232194 -0.000234831 -0.000237441 -0.000240024 -0.000242583 -0.000245118 -0.00024763 -0.000250122 -0.000252596 -0.000255052 -0.000257493 -0.000259921 -0.000262338 -0.000264747 -0.000267148 -0.000269546 -0.000271941
0.14 -0.000246411 -0.000249998 -0.000253567 -0.000257117 -0.00026065 -0.000264163 -0.000267658 -0.000271135 -0.000274593 -0.000278035 -0.00028146 -0.000284869 -0.000288264 -0.000291645 -0.000295014 -0.000298372 -0.000301721 -0.000305062 -0.000308396 -0.000311726 -0.000315052 -0.000318376
0.145 -0.000273475 -0.000277997 -0.000282517 -0.000287033 -0.000291545 -0.000296051 -0.000300552 -0.000305045 -0.000309532 -0.000314012 -0.000318485 -0.000322951 -0.00032741 -0.000331863 -0.00033631 -0.000340751 -0.000345188 -0.000349621 -0.00035405 -0.000358477 -0.000362902 -0.000367327
0.15 -0.000299362 -0.000304952 -0.000310559 -0.00031618 -0.000321814 -0.000327459 -0.000333112 -0.000338773 -0.000344441 -0.000350113 -0.00035579 -0.00036147 -0.000367152 -0.000372837 -0.000378523 -0.00038421 -0.000389898 -0.000395586 -0.000401275 -0.000406964 -0.000412654 -0.000418343
0.155 -0.000323634 -0.000330414 -0.000337234 -0.000344091 -0.000350982 -0.000357902 -0.000364851 -0.000371824 -0.000378819 -0.000385834 -0.000392868 -0.000399917 -0.00040698 -0.000414055 -0.000421141 -0.000428236 -0.000435339 -0.000442447 -0.000449561 -0.000456678 -0.000463797 -0.000470918
0.16 -0.000345928 -0.000353994 -0.000362131 -0.000370333 -0.000378596 -0.000386915 -0.000395285 -0.000403703 -0.000412165 -0.000420666 -0.000429203 -0.000437773 -0.000446371 -0.000454995 -0.000463641 -0.000472307 -0.000480989 -0.000489685 -0.000498392 -0.000507106 -0.000515826 -0.000524549
0.165 -0.000366151 -0.000375565 -0.00038509 -0.000394717 -0.000404441 -0.000414256 -0.000424154 -0.00043413 -0.000444177 -0.00045429 -0.000464462 -0.00047469 -0.000484966 -0.000495286 -0.000505644 -0.000516036 -0.000526457 -0.000536901 -0.000547363 -0.00055784 -0.000568326 -0.000578817
0.17 -0.000384537 -0.000395347 -0.000406312 -0.000417426 -0.000428678 -0.000440061 -0.000451565 -0.000463183 -0.000474907 -0.000486727 -0.000498637 -0.000510628 -0.000522692 -0.000534823 -0.000547012 -0.000559251 -0.000571534 -0.000583853 -0.000596201 -0.00060857 -0.000620953 -0.000633343
0.175 -0.000401523 -0.000413777 -0.000426234 -0.000438885 -0.000451719 -0.000464725 -0.000477892 -0.000491209 -0.000504667 -0.000518255 -0.000531962 -0.000545779 -0.000559694 -0.000573699 -0.000587782 -0.000601934 -0.000616145 -0.000630405 -0.000644704 -0.000659032 -0.00067338 -0.000687738
0.18 -0.000417617 -0.000431351 -0.000445335 -0.000459557 -0.000474004 -0.000488663 -0.000503521 -0.000518565 -0.000533782 -0.000549161 -0.000564688 -0.00058035 -0.000596135 -0.000612031 -0.000628025 -0.000644105 -0.000660258 -0.000676471 -0.000692734 -0.000709033 -0.000725356 -0.000741692
0.185 -0.000433304 -0.000448516 -0.000464024 -0.000479813 -0.000495868 -0.000512174 -0.000528715 -0.000545477 -0.000562445 -0.000579603 -0.000596937 -0.000614432 -0.000632073 -0.000649845 -0.000667734 -0.000685724 -0.000703802 -0.000721952 -0.00074016 -0.000758411 -0.00077669 -0.000794985
0.19 -0.00044904 -0.000465689 -0.000482679 -0.000499992 -0.000517611 -0.00053552 -0.0005537 -0.000572136 -0.000590809 -0.000609703 -0.000628799 -0.000648083 -0.000667535 -0.000687139 -0.000706878 -0.000726735 -0.000746693 -0.000766735 -0.000786844 -0.000807003 -0.000827195 -0.000847405
0.195 -0.000465335 -0.00048335 -0.00050175 -0.000520514 -0.000539624 -0.00055906 -0.000578804 -0.000598836 -0.000619137 -0.000639688 -0.000660468 -0.00068146 -0.000702644 -0.000724 -0.000745509 -0.000767152 -0.00078891 -0.000810763 -0.000832692 -0.000854679 -0.000876703 -0.000898746
0.2 -0.000482708 -0.000502001 -0.000521717 -0.000541837 -0.000562338 -0.000583201 -0.000604403 -0.000625925 -0.000647744 -0.00066984 -0.000692191 -0.000714776 -0.000737574 -0.000760563 -0.000783723 -0.00080703 -0.000830465 -0.000854006 -0.000877632 -0.000901321 -0.000925052 -0.000948804
0.205 -0.000501567 -0.000522034 -0.00054296 -0.000564321 -0.000586095 -0.00060826 -0.000630793 -0.000653672 -0.000676873 -0.000700373 -0.000724151 -0.000748182 -0.000772443 -0.000796912 -0.000821565 -0.00084638 -0.000871332 -0.0008964 -0.000921559 -0.000946787 -0.000972061 -0.000997357
0.21 -0.000522131 -0.000543661 -0.000565676 -0.000588152 -0.000611067 -0.000634396 -0.000658116 -0.000682201 -0.000706629 -0.000731374 -0.000756412 -0.00078172 -0.000807272 -0.000833044 -0.000859012 -0.00088515 -0.000911435 -0.000937842 -0.000964346 -0.000990924 -0.00101755 -0.0010442
0.215 -0.000544402 -0.000566871 -0.000589845 -0.000613301 -0.000637214 -0.000661559 -0.00068631 -0.000711443 -0.000736932 -0.000762752 -0.000788878 -0.000815284 -0.000841944 -0.000868834 -0.000895927 -0.000923198 -0.000950622 -0.000978173 -0.00100583 -0.00103355 -0.00106133 -0.00108914
0.22 -0.000568249 -0.000591523 -0.000615318 -0.000639609 -0.00066437 -0.000689576 -0.0007152 -0.000741216 -0.000767599 -0.000794323 -0.000821361 -0.000848687 -0.000876275 -0.000904098 -0.000932131 -0.000960346 -0.000988718 -0.00101722 -0.00104583 -0.00107451 -0.00110325 -0.00113201
0.225 -0.000593557 -0.000617502 -0.000641978 -0.000666959 -0.000692419 -0.000718331 -0.00074467 -0.000771408 -0.00079852 -0.000825978 -0.000853756 -0.000881828 -0.000910166 -0.000938743 -0.000967534 -0.000996511 -0.00102565 -0.00105492 -0.00108429 -0.00111375 -0.00114325 -0.00117279
0.23 -0.00062027 -0.00064476 -0.000669785 -0.000695319 -0.000721336 -0.000747809 -0.000774712 -0.000802018 -0.0008297 -0.000857731 -0.000886084 -0.000914733 -0.000943651 -0.00097281 -0.00100218 -0.00103174 -0.00106147 -0.00109132 -0.00112128 -0.00115133 -0.00118142 -0.00121154
0.235 -0.000648364 -0.000673284 -0.000698739 -0.000724702 -0.000751147 -0.000778048 -0.000805376 -0.000833107 -0.000861213 -0.000889667 -0.000918443 -0.000947513 -0.00097685 -0.00100643 -0.00103622 -0.0010662 -0.00109634 -0.00112661 -0.00115699 -0.00118745 -0.00121796 -0.0012485
0.24 -0.000677846 -0.0007031 -0.000728882 -0.000755167 -0.000781927 -0.000809138 -0.000836772 -0.000864802 -0.000893203 -0.000921947 -0.000951009 -0.000980361 -0.00100998 -0.00103983 -0.00106989 -0.00110014 -0.00113055 -0.00116109 -0.00119173 -0.00122245 -0.00125322 -0.00128402
0.245 -0.000708693 -0.0007342 -0.000760225 -0.000786743 -0.000813727 -0.000841152 -0.000868991 -0.000897218 -0.000925807 -0.000954733 -0.000983968 -0.00101349 -0.00104326 -0.00107327 -0.00110349 -0.00113388 -0.00116443 -0.00119511 -0.00122589 -0.00125674 -0.00128765 -0.00131858
0.25 -0.000740733 -0.000766428 -0.00079263 -0.000819311 -0.000846447 -0.000874012 -0.00090198 -0.000930325 -0.000959023 -0.000988047 -0.00101737 -0.00104697 -0.00107683 -0.0011069 -0.00113718 -0.00116763 -0.00119823 -0.00122895 -0.00125978 -0.00129067 -0.00132162 -0.00135259
0.255 -0.000773665 -0.000799505 -0.000825836 -0.000852635 -0.000879874 -0.000907529 -0.000935576 -0.000963988 -0.000992741 -0.00102181 -0.00105117 -0.0010808 -0.00111067 -0.00114076 -0.00117104 -0.00120149 -0.00123208 -0.0012628 -0.00129361 -0.00132449 -0.00135542 -0.00138637
0.26 -0.00080709 -0.000833058 -0.000859502 -0.000886397 -0.00091372 -0.000941445 -0.000969549 -0.000998006 -0.00102679 -0.00105589 -0.00108526 -0.00111489 -0.00114476 -0.00117483 -0.00120509 -0.00123552 -0.00126608 -0.00129676 -0.00132753 -0.00135837 -0.00138925 -0.00142016
0.265 -0.000840483 -0.000866589 -0.000893156 -0.00092016 -0.000947577 -0.000975383 -0.00100355 -0.00103207 -0.0010609 -0.00109002 -0.00111942 -0.00114906 -0.00117893 -0.001209 -0.00123925 -0.00126965 -0.00130019 -0.00133084 -0.00136158 -0.00139239 -0.00142324 -0.00145411
0.27 -0.000873166 -0.000899448 -0.000926176 -0.000953327 -0.000980878 -0.0010088 -0.00103708 -0.00106569 -0.00109461 -0.00112381 -0.00115327 -0.00118296 -0.00121288 -0.00124299 -0.00127327 -0.0013037 -0.00133426 -0.00136493 -0.00139568 -0.0014265 -0.00145736 -0.00148824
0.275 -0.000904342 -0.000930857 -0.000957807 -0.000985168 -0.00101292 -0.00104103 -0.00106949 -0.00109826 -0.00112734 -0.00115668 -0.00118629 -0.00121612 -0.00124616 -0.00127639 -0.00130678 -0.00133732 -0.00136799 -0.00139875 -0.0014296 -0.00146052 -0.00149147 -0.00152244
0.28 -0.000933208 -0.00096003 -0.000987278 -0.00101493 -0.00104297 -0.00107136 -0.00110008 -0.00112913 -0.00115846 -0.00118806 -0.00121791 -0.00124798 -0.00127826 -0.00130872 -0.00133935 -0.00137011 -0.001401 -0.00143199 -0.00146306 -0.00149418 -0.00152535 -0.00155654
0.285 -0.00095924 -0.000986448 -0.00101408 -0.00104212 -0.00107054 -0.00109932 -0.00112843 -0.00115785 -0.00118756 -0.00121754 -0.00124777 -0.00127822 -0.00130887 -0.00133971 -0.00137071 -0.00140184 -0.0014331 -0.00146446 -0.0014959 -0.0015274 -0.00155894 -0.0015905
0.29 -0.000982526 -0.00101021 -0.00103833 -0.00106686 -0.00109577 -0.00112505 -0.00115466 -0.0011846 -0.00121482 -0.00124532 -0.00127606 -0.00130704 -0.00133822 -0.00136958 -0.00140111 -0.00143279 -0.00146458 -0.00149647 -0.00152845 -0.00156049 -0.00159257 -0.00162466
0.295 -0.00100369 -0.00103196 -0.00106067 -0.0010898 -0.00111933 -0.00114923 -0.00117948 -0.00121005 -0.00124093 -0.00127208 -0.00130349 -0.00133514 -0.001367 -0.00139905 -0.00143126 -0.00146363 -0.00149612 -0.00152871 -0.00156139 -0.00159413 -0.00162691 -0.00165971
0.3 -0.00102349 -0.00105245 -0.00108187 -0.00111172 -0.00114199 -0.00117264 -0.00120365 -0.001235 -0.00126666 -0.00129862 -0.00133083 -0.0013633 -0.00139598 -0.00142886 -0.00146191 -0.00149512 -0.00152846 -0.0015619 -0.00159544 -0.00162903 -0.00166267 -0.00169633
0.305 -0.00104251 -0.00107227 -0.00110251 -0.0011332 -0.00116432 -0.00119584 -0.00122774 -0.00125999 -0.00129257 -0.00132545 -0.00135861 -0.00139202 -0.00142566 -0.00145951 -0.00149355 -0.00152774 -0.00156207 -0.00159651 -0.00163104 -0.00166564 -0.00170029 -0.00173495
0.31 -0.00106109 -0.00109174 -0.0011229 -0.00115453 -0.00118661 -0.00121911 -0.00125201 -0.00128527 -0.00131888 -0.00135281 -0.00138704 -0.00142153 -0.00145626 -0.00149121 -0.00152635 -0.00156166 -0.00159711 -0.00163269 -0.00166835 -0.00170409 -0.00173988 -0.00177569
0.315 -0.00107954 -0.00111117 -0.00114332 -0.00117597 -0.0012091 -0.00124268 -0.00127667 -0.00131106 -0.0013458 -0.00138089 -0.00141628 -0.00145196 -0.00148789 -0.00152405 -0.00156042 -0.00159696 -0.00163366 -0.00167048 -0.0017074 -0.0017444 -0.00178145 -0.00181852
0.32 -0.00109813 -0.00113079 -0.00116401 -0.00119777 -0.00123203 -0.00126675 -0.00130192 -0.00133751 -0.00137347 -0.0014098 -0.00144645 -0.0014834 -0.00152062 -0.00155809 -0.00159577 -0.00163364 -0.00167168 -0.00170984 -0.00174812 -0.00178647 -0.00182488 -0.00186331
0.325 -0.00111702 -0.00115079 -0.00118514 -0.00122005 -0.0012555 -0.00129144 -0.00132785 -0.00136469 -0.00140195 -0.00143958 -0.00147755 -0.00151585 -0.00155443 -0.00159327 -0.00163234 -0.0016716 -0.00171104 -0.00175062 -0.00179032 -0.0018301 -0.00186993 -0.0019098
0.33 -0.00113642 -0.00117133 -0.00120687 -0.00124299 -0.00127967 -0.00131687 -0.00135456 -0.00139272 -0.0014313 -0.00147029 -0.00150963 -0.00154931 -0.0015893 -0.00162956 -0.00167005 -0.00171076 -0.00175165 -0.00179269 -0.00183385 -0.0018751 -0.00191641 -0.00195775
0.335 -0.00115662 -0.00119271 -0.00122946 -0.00126682 -0.00130476 -0.00134326 -0.00138227 -0.00142176 -0.00146171 -0.00150207 -0.00154282 -0.00158392 -0.00162533 -0.00166704 -0.00170899 -0.00175117 -0.00179354 -0.00183607 -0.00187872 -0.00192146 -0.00196427 -0.00200711
0.34 -0.00117793 -0.00121522 -0.00125319 -0.00129181 -0.00133103 -0.00137084 -0.00141118 -0.00145204 -0.00149336 -0.00153512 -0.00157728 -0.00161981 -0.00166267 -0.00170583 -0.00174926 -0.00179292 -0.00183678 -0.00188081 -0.00192496 -0.00196922 -0.00201354 -0.00205789
0.345 -0.00120064 -0.00123913 -0.00127834 -0.00131821 -0.00135873 -0.00139984 -0.00144152 -0.00148373 -0.00152643 -0.00156958 -0.00161316 -0.00165712 -0.00170143 -0.00174605 -0.00179095 -0.00183609 -0.00188145 -0.00192697 -0.00197263 -0.00201839 -0.00206423 -0.00211009
0.35 -0.00122508 -0.00126476 -0.00130518 -0.0013463 -0.00138809 -0.0014305 -0.0014735 -0.00151705 -0.00156111 -0.00160565 -0.00165063 -0.001696 -0.00174174 -0.00178781 -0.00183417 -0.00188077 -0.0019276 -0.00197461 -0.00202176 -0.00206901 -0.00211634 -0.00216371
0.355 -0.00125151 -0.00129236 -0.00133397 -0.00137632 -0.00141935 -0.00146304 -0.00150733 -0.00155219 -0.00159759 -0.00164348 -0.00168983 -0.00173659 -0.00178372 -0.0018312 -0.00187898 -0.00192702 -0.00197529 -0.00202374 -0.00207235 -0.00212106 -0.00216985 -0.00221868
0.36 -0.00128005 -0.00132205 -0.00136483 -0.00140837 -0.00145262 -0.00149754 -0.00154309 -0.00158923 -0.00163592 -0.00168311 -0.00173078 -0.00177888 -0.00182737 -0.00187621 -0.00192536 -0.00197478 -0.00202443 -0.00207428 -0.00212428 -0.0021744 -0.0022246 -0.00227483
0.365 -0.00131057 -0.00135368 -0.00139761 -0.00144231 -0.00148773 -0.00153385 -0.00158061 -0.00162798 -0.00167591 -0.00172437 -0.0017733 -0.00182268 -0.00187246 -0.0019226 -0.00197306 -0.0020238 -0.00207477 -0.00212595 -0.00217728 -0.00222873 -0.00228026 -0.00233183
0.37 -0.00134273 -0.00138693 -0.00143196 -0.00147778 -0.00152434 -0.00157161 -0.00161954 -0.00166808 -0.0017172 -0.00176686 -0.00181701 -0.00186761 -0.00191861 -0.00196999 -0.00202169 -0.00207368 -0.00212591 -0.00217834 -0.00223093 -0.00228365 -0.00233644 -0.00238928
0.375 -0.0013761 -0.00142134 -0.00146744 -0.00151433 -0.00156199 -0.00161036 -0.0016594 -0.00170907 -0.00175933 -0.00181013 -0.00186144 -0.0019132 -0.00196537 -0.00201793 -0.00207081 -0.00212398 -0.0021774 -0.00223103 -0.00228482 -0.00233874 -0.00239273 -0.00244677
0.38 -0.00141024 -0.00145649 -0.0015036 -0.00155153 -0.00160022 -0.00164965 -0.00169976 -0.0017505 -0.00180185 -0.00185374 -0.00190615 -0.00195902 -0.00201231 -0.00206599 -0.00212 -0.0021743 -0.00222886 -0.00228362 -0.00233856 -0.00239362 -0.00244876 -0.00250394
0.385 -0.00144477 -0.00149199 -0.00154008 -0.00158899 -0.00163869 -0.00168912 -0.00174025 -0.00179203 -0.00184441 -0.00189735 -0.00195081 -0.00200474 -0.0020591 -0.00211385 -0.00216894 -0.00222432 -0.00227996 -0.00233582 -0.00239184 -0.00244799 -0.00250422 -0.0025605
0.39 -0.0014793 -0.00152745 -0.00157648 -0.00162635 -0.00167701 -0.00172841 -0.00178052 -0.00183329 -0.00188667 -0.00194062 -0.00199509 -0.00205003 -0.00210542 -0.00216119 -0.00221731 -0.00227373 -0.00233041 -0.0023873 -0.00244437 -0.00250156 -0.00255884 -0.00261616
0.395 -0.00151326 -0.00156231 -0.00161225 -0.00166304 -0.00171464 -0.00176699 -0.00182005 -0.00187377 -0.00192811 -0.00198303 -0.00203848 -0.00209441 -0.00215078 -0.00220754 -0.00226465 -0.00232207 -0.00237975 -0.00243765 -0.00249572 -0.00255392 -0.0026122 -0.00267053
0.4 -0.00154594 -0.00159586 -0.0016467 -0.00169839 -0.00175089 -0.00180416 -0.00185814 -0.0019128 -0.00196809 -0.00202395 -0.00208035 -0.00213724 -0.00219457 -0.0022523 -0.00231038 -0.00236877 -0.00242743 -0.00248631 -0.00254536 -0.00260454 -0.00266381 -0.00272312
0.405 -0.00157662 -0.0016274 -0.00167909 -0.00173166 -0.00178505 -0.00183922 -0.00189411 -0.00194968 -0.00200589 -0.00206269 -0.00212002 -0.00217786 -0.00223614 -0.00229482 -0.00235387 -0.00241322 -0.00247285 -0.00253269 -0.00259272 -0.00265287 -0.00271312 -0.0027734
0.41 -0.0016046 -0.00165621 -0.00170874 -0.00176216 -0.00181642 -0.00187146 -0.00192725 -0.00198372 -0.00204084 -0.00209856 -0.00215683 -0.0022156 -0.00227483 -0.00233447 -0.00239447 -0.00245479 -0.00251538 -0.0025762 -0.0026372 -0.00269833 -0.00275955 -0.00282082
0.415 -0.00162934 -0.00168174 -0.0017351 -0.00178935 -0.00184446 -0.00190036 -0.00195702 -0.00201439 -0.00207241 -0.00213104 -0.00219023 -0.00224994 -0.00231011 -0.0023707 -0.00243165 -0.00249294 -0.00255449 -0.00261628 -0.00267826 -0.00274037 -0.00280257 -0.00286481
0.42 -0.00165038 -0.00170357 -0.00175772 -0.00181279 -0.00186873 -0.00192549 -0.00198301 -0.00204125 -0.00210017 -0.0021597 -0.0022198 -0.00228042 -0.00234152 -0.00240305 -0.00246495 -0.00252719 -0.0025897 -0.00265245 -0.00271539 -0.00277846 -0.00284163 -0.00290485
0.425 -0.00166736 -0.00172131 -0.00177624 -0.00183211 -0.00188886 -0.00194645 -0.00200481 -0.00206391 -0.00212369 -0.00218411 -0.0022451 -0.00230663 -0.00236864 -0.00243108 -0.00249391 -0.00255708 -0.00262054 -0.00268423 -0.00274811 -0.00281214 -0.00287626 -0.00294043
0.43 -0.00168012 -0.00173479 -0.00179047 -0.0018471 -0.00190463 -0.00196301 -0.00202219 -0.00208212 -0.00214274 -0.00220401 -0.00226587 -0.00232827 -0.00239116 -0.0024545 -0.00251824 -0.00258231 -0.00264668 -0.00271129 -0.0027761 -0.00284105 -0.0029061 -0.0029712
0.435 -0.00168871 -0.00174405 -0.00180043 -0.00185777 -0.00191604 -0.00197517 -0.00203512 -0.00209583 -0.00215724 -0.00221932 -0.002282 -0.00234524 -0.00240898 -0.00247317 -0.00253777 -0.00260272 -0.00266796 -0.00273345 -0.00279915 -0.00286499 -0.00293093 -0.00299692
0.44 -0.00169335 -0.00174932 -0.00180633 -0.00186433 -0.00192327 -0.00198309 -0.00204375 -0.00210518 -0.00216734 -0.00223017 -0.00229361 -0.00235763 -0.00242216 -0.00248715 -0.00255255 -0.00261831 -0.00268437 -0.00275069 -0.00281721 -0.00288388 -0.00295066 -0.00301748
0.445 -0.00169448 -0.00175099 -0.00180857 -0.00186716 -0.0019267 -0.00198714 -0.00204843 -0.00211051 -0.00217334 -0.00223684 -0.00230098 -0.00236569 -0.00243093 -0.00249664 -0.00256276 -0.00262926 -0.00269606 -0.00276312 -0.00283039 -0.00289782 -0.00296535 -0.00303293
0.45 -0.00169261 -0.00174959 -0.00180765 -0.00186673 -0.00192679 -0.00198776 -0.00204959 -0.00211223 -0.00217562 -0.00223971 -0.00230444 -0.00236975 -0.0024356 -0.00250193 -0.00256869 -0.00263582 -0.00270326 -0.00277097 -0.00283889 -0.00290697 -0.00297515 -0.00304339
