0.005 -2.74623e-07 -0.00347787 2.20073e-10
0.01 -1.27456e-06 -0.00351033 2.31912e-09
0.015 -2.97289e-06 -0.0035391 1.15623e-08
0.02 -4.9589e-06 -0.00356186 3.66931e-08
0.025 -6.79558e-06 -0.00357757 8.44673e-08
0.03 -8.03466e-06 -0.00358649 1.52964e-07
0.035 -8.31632e-06 -0.00358835 2.3114e-07
0.04 -7.46399e-06 -0.00358263 3.04071e-07
0.045 -5.51297e-06 -0.00357004 3.59932e-07
0.05 -2.72639e-06 -0.00355248 4.00539e-07
0.055 4.32596e-07 -0.00353155 4.36195e-07
0.06 3.42472e-06 -0.00350806 4.65541e-07
0.065 5.69662e-06 -0.00348323 4.80727e-07
0.07 6.62778e-06 -0.00345918 4.79635e-07
0.075 5.56484e-06 -0.00343798 4.60533e-07
0.08 1.94739e-06 -0.00342104 4.24043e-07
0.085 -4.61791e-06 -0.00340922 3.84124e-07
0.09 -1.43327e-05 -0.0034031 3.71719e-07
0.095 -2.72202e-05 -0.00340301 4.25396e-07
0.1 -4.31495e-05 -0.00340901 5.7022e-07
0.105 -6.18623e-05 -0.00342072 8.0768e-07
0.11 -8.30334e-05 -0.00343732 1.14476e-06
0.115 -0.000106298 -0.00345759 1.62344e-06
0.12 -0.000131209 -0.00348017 2.29728e-06
0.125 -0.000157176 -0.00350366 3.19307e-06
0.13 -0.000183508 -0.0035267 4.31097e-06
0.135 -0.000209576 -0.00354786 5.64888e-06
0.14 -0.000234881 -0.00356586 7.21967e-06
0.145 -0.000259003 -0.00357964 9.04301e-06
0.15 -0.000281532 -0.00358846 1.11226e-05
0.155 -0.000302069 -0.00359192 1.34329e-05
0.16 -0.000320347 -0.00359 1.59128e-05
0.165 -0.000336381 -0.00358307 1.84909e-05
0.17 -0.000350449 -0.00357185 2.11445e-05
0.175 -0.000362964 -0.00355726 2.38919e-05
0.18 -0.000374468 -0.00354033 2.67146e-05
0.185 -0.000385567 -0.00352222 2.95368e-05
0.19 -0.000396847 -0.00350419 3.22774e-05
0.195 -0.000408906 -0.0034875 3.48822e-05
0.2 -0.000422318 -0.00347332 3.73186e-05
0.205 -0.000437526 -0.00346257 3.95662e-05
0.21 -0.000454778 -0.00345588 4.1609e-05
0.215 -0.000474111 -0.00345362 4.34244e-05
0.22 -0.000495428 -0.00345588 4.499e-05
0.225 -0.00051862 -0.00346248 4.63025e-05
0.23 -0.000543606 -0.00347294 4.73775e-05
0.235 -0.00057032 -0.00348652 4.82404e-05
0.24 -0.000598717 -0.00350227 4.89241e-05
0.245 -0.000628722 -0.00351917 4.94599e-05
0.25 -0.000660117 -0.00353619 4.9875e-05
0.255 -0.000692541 -0.00355226 5.0206e-05
0.26 -0.000725512 -0.00356639 5.05049e-05
0.265 -0.000758413 -0.00357774 5.08272e-05
0.27 -0.000790488 -0.00358564 5.12205e-05
0.275 -0.00082088 -0.00358968 5.17218e-05
0.28 -0.000848745 -0.00358972 5.23544e-05
0.285 -0.000873536 -0.00358589 5.31301e-05
0.29 -0.000895311 -0.00357865 5.40679e-05
0.295 -0.000914647 -0.00356867 5.51971e-05
0.3 -0.000932283 -0.00355668 5.65343e-05
0.305 -0.000948813 -0.00354345 5.80712e-05
0.31 -0.00096462 -0.00352989 5.97843e-05
0.315 -0.000980042 -0.00351699 6.1649e-05
0.32 -0.000995386 -0.00350565 6.36442e-05
0.325 -0.00101086 -0.00349662 6.57523e-05
0.33 -0.00102669 -0.00349046 6.79542e-05
0.335 -0.00104321 -0.0034875 7.02243e-05
0.34 -0.00106077 -0.00348791 7.25316e-05
0.345 -0.00107974 -0.00349165 7.48452e-05
0.35 -0.00110046 -0.00349845 7.71386e-05
0.355 -0.00112324 -0.0035078 7.93958e-05
0.36 -0.00114819 -0.00351905 8.16133e-05
0.365 -0.0011752 -0.00353146 8.3789e-05
0.37 -0.00120393 -0.00354426 8.59109e-05
0.375 -0.001234 -0.00355666 8.79601e-05
0.38 -0.00126497 -0.00356789 8.99263e-05
0.385 -0.00129646 -0.00357727 9.18158e-05
0.39 -0.00132805 -0.00358424 9.36429e-05
0.395 -0.00135914 -0.00358845 9.54191e-05
0.4 -0.00138904 -0.00358972 9.71448e-05
0.405 -0.00141704 -0.00358806 9.88099e-05
0.41 -0.00144244 -0.0035837 0.000100411
0.415 -0.00146467 -0.00357701 0.000101962
0.42 -0.00148325 -0.00356854 0.000103477
0.425 -0.00149785 -0.00355892 0.000104945
0.43 -0.00150836 -0.00354882 0.000106336
0.435 -0.00151485 -0.00353892 0.000107628
0.44 -0.00151758 -0.00352988 0.000108804
0.445 -0.00151702 -0.00352234 0.000109841
0.45 -0.00151372 -0.00351678 0.000110716
