0.005 0.000112361
0.01 0.00066641
0.015 0.00235602
0.02 0.00567958
0.025 0.00990584
0.03 0.0132464
0.035 0.0137562
0.04 0.0101126
0.045 0.00279421
0.05 -0.00526873
0.055 -0.0123407
0.06 -0.0174355
0.065 -0.0191767
0.07 -0.0182397
0.075 -0.0156533
0.08 -0.0111898
0.085 -0.00319063
0.09 0.0106772
0.095 0.0309863
0.1 0.0525165
0.105 0.0698589
0.11 0.0852968
0.115 0.101311
0.12 0.116913
0.125 0.131223
0.13 0.142026
0.135 0.147895
0.14 0.150551
0.145 0.151156
0.15 0.149681
0.155 0.144386
0.16 0.13106
0.165 0.109044
0.17 0.081697
0.175 0.0525878
0.18 0.024849
0.185 -0.00130854
0.19 -0.0284125
0.195 -0.0558445
0.2 -0.0790064
0.205 -0.0937398
0.21 -0.0997015
0.215 -0.0994871
0.22 -0.0956031
0.225 -0.0886435
0.23 -0.0777352
0.235 -0.0615244
0.24 -0.0405497
0.245 -0.0169382
0.25 0.00857643
0.255 0.0356389
0.26 0.0641713
0.265 0.0935642
0.27 0.122573
0.275 0.148497
0.28 0.168201
0.285 0.179911
0.29 0.184457
0.295 0.183448
0.3 0.178853
0.305 0.171112
0.31 0.159725
0.315 0.145062
0.32 0.129218
0.325 0.114758
0.33 0.102924
0.335 0.0929174
0.34 0.0829105
0.345 0.0717335
0.35 0.0603235
0.355 0.0510531
0.36 0.0457269
0.365 0.0446983
0.37 0.0468427
0.375 0.0507832
0.38 0.0560311
0.385 0.0627858
0.39 0.0714223
0.395 0.0813051
0.4 0.0902366
0.405 0.0964899
0.41 0.0990619
0.415 0.0979616
0.42 0.0930487
0.425 0.0848707
0.43 0.0740511
0.435 0.0606598
0.44 0.0453013
0.445 0.0296476
0.45 0.015144
