0.005 37437 0.00565374 3.08593e-22 2.7152e-27 -3.29474e-22 -0.0602479 -37437 -0.00565374 -3.08593e-22 -2.7152e-27 -1.64274e-22 0.0692939 32795.8 -0.00826545 5.69346e-22 -2.52154e-33 -4.55654e-22 -0.0692926 -32795.8 0.00826545 -5.69346e-22 2.52154e-33 -4.55299e-22 0.0560679
0.01 37738.4 0.082843 2.62821e-22 3.0462e-25 -2.7975e-22 -0.504362 -37738.4 -0.082843 -2.62821e-22 -3.0462e-25 -1.40763e-22 0.63691 33074.9 -0.0652424 -1.17083e-22 3.23208e-32 2.25019e-22 -0.63691 -33074.9 0.0652424 1.17083e-22 -3.23208e-32 -3.76864e-23 0.532522
0.015 38032.7 0.4553 3.42706e-22 -1.13658e-24 -3.6507e-22 -2.02024 -38032.7 -0.4553 -3.42706e-22 1.13658e-24 -1.8326e-22 2.74872 33320.5 -0.235468 6.91667e-23 1.78625e-31 -4.08825e-23 -2.74873 -33320.5 0.235468 -6.91667e-23 -1.78625e-31 -6.97842e-23 2.37198
0.02 38299.7 1.42378 3.37347e-22 -1.08234e-24 -3.58787e-22 -5.17525 -38299.7 -1.42378 -3.37347e-22 1.08234e-24 -1.80967e-22 7.45329 33545.7 -0.520378 5.66623e-22 5.8758e-31 -3.81115e-22 -7.4533 -33545.7 0.520378 -5.66623e-22 -5.8758e-31 -5.25481e-22 6.62069
0.025 38470 3.00696 2.27206e-22 -3.45729e-25 -2.42091e-22 -9.48744 -38470 -3.00696 -2.27206e-22 3.45729e-25 -1.21439e-22 14.2986 33725.6 -0.797113 2.24226e-22 2.15141e-30 -9.56655e-23 -14.2986 -33725.6 0.797113 -2.24226e-22 -2.15141e-30 -2.63095e-22 13.0232
0.03 38562.7 4.71374 2.34785e-22 -8.05593e-24 -2.65701e-22 -12.966 -38562.7 -4.71374 -2.34785e-22 8.05593e-24 -1.09955e-22 20.508 33823.4 -0.894911 -4.38888e-22 4.07995e-30 4.25082e-22 -20.5079 -33823.4 0.894911 4.38888e-22 -4.07995e-30 2.77138e-22 19.076
0.035 38595.8 5.74723 -1.80282e-22 6.9357e-25 1.90593e-22 -12.7878 -38595.8 -5.74723 1.80282e-22 -6.9357e-25 9.78574e-23 21.9834 33836.9 -0.696105 1.95173e-21 3.49303e-30 -1.63636e-21 -21.9833 -33836.9 0.696105 -1.95173e-21 -3.49303e-30 -1.48641e-21 20.8695
0.04 38540.3 5.42859 1.29852e-22 1.19425e-23 -1.34877e-22 -6.50275 -38540.3 -5.42859 -1.29852e-22 -1.19425e-23 -7.28866e-23 15.1885 33779.8 -0.120585 5.20803e-22 3.68448e-30 -3.69458e-22 -15.1886 -33779.8 0.120585 -5.20803e-22 -3.68448e-30 -4.63826e-22 14.9956
0.045 38373.6 3.59451 2.97372e-22 6.33942e-25 -3.07234e-22 6.45793 -38373.6 -3.59451 -2.97372e-22 -6.33942e-25 -1.6856e-22 -0.706704 33647.3 0.79951 3.13895e-22 5.23131e-30 -1.64991e-22 0.706645 -33647.3 -0.79951 -3.13895e-22 -5.23131e-30 -3.37241e-22 0.57257
0.05 38106.5 0.775721 1.53607e-22 2.60506e-24 -1.69411e-22 22.079 -38106.5 -0.775721 -1.53607e-22 -2.60506e-24 -7.6361e-23 -20.8379 33422.8 1.67311 -6.58945e-22 6.72457e-30 6.47297e-22 20.8379 -33422.8 -1.67311 6.58945e-22 -6.72457e-30 4.07015e-22 -18.1609
0.055 37793.1 -1.96417 -1.95071e-22 1.82769e-24 2.03924e-22 36.0283 -37793.1 1.96417 1.95071e-22 -1.82769e-24 1.0819e-22 -39.171 33123.8 2.45284 1.76821e-22 7.92273e-30 -5.87975e-23 39.171 -33123.8 -2.45284 -1.76821e-22 -7.92273e-30 -2.24115e-22 -35.2465
0.06 37455.4 -3.8837 1.29395e-22 -2.82168e-24 -1.33617e-22 47.2344 -37455.4 3.8837 -1.29395e-22 2.82168e-24 -7.34142e-23 -53.4484 32797.9 3.31159 -6.66208e-22 9.33399e-30 6.607e-22 53.4484 -32797.9 -3.31159 6.66208e-22 -9.33399e-30 4.05232e-22 -48.1498
0.065 37100.4 -4.89813 2.52387e-22 1.45687e-24 -2.66531e-22 53.5849 -37100.4 4.89813 -2.52387e-22 -1.45687e-24 -1.37289e-22 -61.4219 32480.3 3.78099 8.92136e-22 7.19241e-30 -7.10545e-22 61.4219 -32480.3 -3.78099 -8.92136e-22 -7.19241e-30 -7.16873e-22 -55.3724
0.07 36756.6 -4.96145 -6.35366e-23 3.60249e-24 6.70942e-23 54.407 -36756.6 4.96145 6.35366e-23 -3.60249e-24 3.45643e-23 -62.3453 32182.3 3.80153 1.37673e-21 6.55918e-30 -1.13277e-21 62.3453 -32182.3 -3.80153 -1.37673e-21 -6.55918e-30 -1.06999e-21 -56.2629
0.075 36452.2 -4.29119 -4.38424e-22 1.05638e-24 4.85049e-22 50.9489 -36452.2 4.29119 4.38424e-22 -1.05638e-24 2.16429e-22 -57.8148 31910.1 3.63088 -1.00057e-21 8.59302e-30 8.48776e-22 57.8148 -31910.1 -3.63088 1.00057e-21 -8.59302e-30 7.52144e-22 -52.0053
0.08 36205.4 -3.2352 -1.54764e-22 -3.49155e-24 1.63158e-22 42.9514 -36205.4 3.2352 1.54764e-22 3.49155e-24 8.44644e-23 -48.1277 31680.9 3.0632 7.72553e-23 7.10671e-30 -2.73897e-23 48.1277 -31680.9 -3.0632 -7.72553e-23 -7.10671e-30 -9.62187e-23 -43.2266
0.085 36027.5 -1.4032 1.9156e-22 -1.03898e-23 -2.11539e-22 29.7185 -36027.5 1.4032 -1.9156e-22 1.03898e-23 -9.49576e-23 -31.9637 31515.8 1.95138 5.79893e-22 6.18781e-30 -5.10754e-22 31.9637 -31515.8 -1.95138 -5.79893e-22 -6.18781e-30 -4.17075e-22 -28.8415
0.09 35931.9 2.25323 3.33084e-22 -1.00095e-23 -2.71488e-22 10.3855 -35931.9 -2.25323 -3.33084e-22 1.00095e-23 -2.61447e-22 -6.78033 31428.7 0.335967 4.67306e-23 5.921e-30 8.36887e-23 6.78034 -31428.7 -0.335967 -4.67306e-23 -5.921e-30 -1.58458e-22 -6.24279
0.095 35921.7 8.59305 -1.16699e-22 3.52375e-22 1.17137e-22 -14.748 -35921.7 -8.59305 1.16699e-22 -3.52375e-22 6.95823e-23 28.4969 31422.2 -1.57212 4.5284e-22 7.40593e-30 -3.21738e-22 -28.4969 -31422.2 1.57212 -4.5284e-22 -7.40593e-30 -4.02806e-22 25.9815
0.1 35991.7 16.7898 -1.34826e-21 -1.67515e-23 1.32596e-21 -41.8115 -35991.7 -16.7898 1.34826e-21 1.67515e-23 8.31246e-22 68.6753 31489.1 -3.26649 8.60626e-22 1.1863e-29 -6.92377e-22 -68.6753 -31489.1 3.26649 -8.60626e-22 -1.1863e-29 -6.84626e-22 63.4489
0.105 36132.8 24.4654 7.06497e-22 -5.17043e-23 -7.45282e-22 -64.6302 -36132.8 -24.4654 -7.06497e-22 5.17043e-23 -3.85114e-22 103.775 31618.4 -4.46558 5.80123e-22 1.18504e-29 -4.45936e-22 -103.775 -31618.4 4.46558 -5.80123e-22 -1.18504e-29 -4.82261e-22 96.6299
0.11 36334.8 30.8691 -8.2666e-23 2.61548e-23 9.70292e-23 -78.817 -36334.8 -30.8691 8.2666e-23 -2.61548e-23 3.52364e-23 128.208 31799.4 -5.46345 -3.43392e-23 1.87329e-29 1.17232e-22 -128.208 -31799.4 5.46345 3.43392e-23 -1.87329e-29 -6.22892e-23 119.466
0.115 36583.6 37.376 -1.58853e-22 -2.19086e-23 1.59326e-22 -83.9046 -36583.6 -37.376 1.58853e-22 2.19086e-23 9.48387e-23 143.706 32022.2 -6.23378 -2.87026e-22 3.8696e-29 3.65341e-22 -143.706 -32022.2 6.23378 2.87026e-22 -3.8696e-29 9.39005e-23 133.732
0.12 36859.9 44.8036 2.78062e-24 2.81242e-23 -3.23161e-24 -80.8331 -36859.9 -44.8036 -2.78062e-24 -2.81242e-23 -1.21738e-24 152.519 32272.5 -6.17269 8.56126e-24 5.59296e-29 2.03321e-23 -152.519 -32272.5 6.17269 -8.56126e-24 -5.59296e-29 -3.40301e-23 142.643
0.125 37145.2 52.948 -1.52579e-22 1.75785e-23 1.76816e-22 -67.7566 -37145.2 -52.948 1.52579e-22 -1.75785e-23 6.73104e-23 152.473 32532.2 -4.95961 -1.38855e-22 6.33536e-29 1.16811e-22 -152.473 -32532.2 4.95961 1.38855e-22 -6.33536e-29 1.05357e-22 144.538
0.13 37423.1 61.0377 -7.0064e-22 -2.34206e-23 7.43052e-22 -40.1599 -37423.1 -61.0377 7.0064e-22 2.34206e-23 3.77972e-22 137.82 32783.2 -2.61525 1.23501e-21 7.19986e-29 -1.06951e-21 -137.82 -32783.2 2.61525 -1.23501e-21 -7.19986e-29 -9.06512e-22 133.636
0.135 37677.2 68.1217 6.28381e-23 -1.46418e-23 -4.5461e-23 4.86428 -37677.2 -68.1217 -6.28381e-23 1.46418e-23 -5.50799e-23 104.13 33011.2 0.785033 -9.54795e-22 1.15685e-28 8.66609e-22 -104.131 -33011.2 -0.785033 9.54795e-22 -1.15685e-28 6.61063e-22 105.387
0.14 37893.2 74.2911 8.8754e-22 1.35049e-23 -9.28178e-22 66.5585 -37893.2 -74.2911 -8.8754e-22 -1.35049e-23 -4.91886e-22 52.3072 33204.9 5.13592 5.15672e-22 1.65879e-28 -3.986e-22 -52.3072 -33204.9 -5.13592 -5.15672e-22 -1.65879e-28 -4.26476e-22 60.5246
0.145 38059.9 80.4652 -7.9375e-23 -1.13963e-23 1.09802e-22 143.343 -38059.9 -80.4652 7.9375e-23 1.13963e-23 1.71979e-23 -14.5986 33355 10.6144 7.64365e-22 2.06059e-28 -5.76348e-22 14.5986 -33355 -10.6144 -7.64365e-22 -2.06059e-28 -6.46636e-22 2.38443
0.15 38169.1 87.1135 -5.36795e-22 1.67939e-23 5.81788e-22 235.484 -38169.1 -87.1135 5.36795e-22 -1.67939e-23 2.77083e-22 -96.1021 33453.8 17.4921 3.83239e-22 2.43046e-28 -2.46299e-22 96.1022 -33453.8 -17.4921 -3.83239e-22 -2.43046e-28 -3.66883e-22 -68.115
0.155 38214.6 94.0116 1.53204e-21 1.11414e-22 -1.27136e-21 347.057 -38214.6 -94.0116 -1.53204e-21 -1.11414e-22 -1.1799e-21 -196.639 33495.7 26.049 1.08711e-22 2.63538e-28 -7.15843e-23 196.639 -33495.7 -26.049 -1.08711e-22 -2.63538e-28 -1.02353e-22 -154.961
0.16 38191.8 100.383 3.16115e-24 4.13751e-24 -1.83392e-23 488.282 -38191.8 -100.383 -3.16115e-24 -4.13751e-24 1.32813e-23 -327.67 33477.1 37.0446 1.58302e-22 2.90176e-28 -9.95422e-23 327.67 -33477.1 -37.0446 -1.58302e-22 -2.90176e-28 -1.53741e-22 -268.398
0.165 38099.6 104.855 -8.42303e-23 -2.50962e-24 9.04973e-23 663.594 -38099.6 -104.855 8.42303e-23 2.50962e-24 4.42711e-23 -495.826 33396.3 50.2144 -5.03792e-24 3.77325e-28 1.10001e-22 495.826 -33396.3 -50.2144 5.03792e-24 -3.77325e-28 -1.0194e-22 -415.483
0.17 37943.8 106.597 -1.23016e-22 6.42259e-24 1.34621e-22 859.023 -37943.8 -106.597 1.23016e-22 -6.42259e-24 6.22037e-23 -688.467 33256.8 63.8588 1.13472e-21 3.34564e-28 -9.21232e-22 688.468 -33256.8 -63.8588 -1.13472e-21 -3.34564e-28 -8.94316e-22 -586.294
0.175 37736.7 107.022 -7.86446e-23 -9.37069e-24 7.34458e-23 1057.82 -37736.7 -107.022 7.86446e-23 9.37069e-24 5.23855e-23 -886.582 33068.4 77.659 4.41491e-23 3.77506e-28 3.92789e-24 886.582 -33068.4 -77.659 -4.41491e-23 -3.77506e-28 -7.45665e-23 -762.328
0.18 37494.9 108.34 -2.5126e-22 1.33901e-23 2.69725e-22 1255.07 -37494.9 -108.34 2.5126e-22 -1.33901e-23 1.3229e-22 -1081.73 32847.5 92.279 5.01057e-22 3.99861e-28 -3.96898e-22 1081.73 -32847.5 -92.279 -5.01057e-22 -3.99861e-28 -4.04793e-22 -934.085
0.185 37236.9 110.654 8.45597e-23 -8.63066e-24 -8.86178e-23 1450.44 -37236.9 -110.654 -8.45597e-23 8.63066e-24 -4.66778e-23 -1273.4 32612.5 107.148 1.06677e-21 3.99143e-28 -8.84027e-22 1273.4 -32612.5 -107.148 -1.06677e-21 -3.99143e-28 -8.228e-22 -1101.96
0.19 36980.7 112.273 3.45573e-22 1.52591e-23 -3.60477e-22 1640.99 -36980.7 -112.273 -3.45573e-22 -1.52591e-23 -1.9244e-22 -1461.36 32380.8 121.293 1.4824e-21 3.35085e-28 -1.2693e-21 1461.36 -32380.8 -121.293 -1.4824e-21 -3.35085e-28 -1.10255e-21 -1267.29
0.195 36743.4 112.494 -1.33663e-22 9.48843e-24 1.45435e-22 1822.08 -36743.4 -112.494 1.33663e-22 -9.48843e-24 6.84257e-23 -1642.09 32167 134.424 1.56807e-22 3.71699e-28 -1.05027e-22 1642.09 -32167 -134.424 -1.56807e-22 -3.71699e-28 -1.45864e-22 -1427.01
0.2 36540.5 112.683 -2.23351e-22 9.12149e-24 2.4171e-22 1988.83 -36540.5 -112.683 2.23351e-22 -9.12149e-24 1.15652e-22 -1808.54 31983.7 146.442 -2.86545e-22 5.09173e-28 3.91582e-22 1808.54 -31983.7 -146.442 2.86545e-22 -5.09173e-28 6.68905e-23 -1574.23
0.205 36384.8 114.682 1.05752e-22 1.59008e-24 -1.07375e-22 2135.78 -36384.8 -114.682 -1.05752e-22 -1.59008e-24 -6.18284e-23 -1952.29 31842.2 157.038 1.40833e-22 5.96138e-28 -5.07678e-23 1952.29 -31842.2 -157.038 -1.40833e-22 -5.96138e-28 -1.74564e-22 -1701.03
0.21 36285.2 119.291 -5.00568e-23 -1.5276e-23 4.87183e-23 2259.23 -36285.2 -119.291 5.00568e-23 1.5276e-23 3.13726e-23 -2068.37 31751.6 166.096 9.42033e-22 6.11337e-28 -7.60804e-22 2068.37 -31751.6 -166.096 -9.42033e-22 -6.11337e-28 -7.46448e-22 -1802.61
0.215 36246.3 125.859 -5.3831e-22 -3.9478e-24 5.78171e-22 2359.17 -36246.3 -125.859 5.3831e-22 3.9478e-24 2.83125e-22 -2157.8 31716.6 173.689 -2.432e-22 7.03381e-28 2.91363e-22 2157.8 -31716.6 -173.689 2.432e-22 -7.03381e-28 9.7758e-23 -1879.9
0.22 36268.1 132.868 2.35307e-22 4.91426e-24 -2.52225e-22 2436.06 -36268.1 -132.868 -2.35307e-22 -4.91426e-24 -1.24266e-22 -2223.47 31737.2 179.56 4.68174e-22 6.94125e-28 -3.26337e-22 2223.47 -31737.2 -179.56 -4.68174e-22 -6.94125e-28 -4.22741e-22 -1936.18
0.225 36346.7 139.405 -4.80981e-22 -3.17176e-24 5.09344e-22 2489.39 -36346.7 -139.405 4.80981e-22 3.17176e-24 2.60226e-22 -2266.34 31809.1 183.45 2.1275e-21 6.2399e-28 -1.74425e-21 2266.34 -31809.1 -183.45 -2.1275e-21 -6.2399e-28 -1.65974e-21 -1972.82
0.23 36475.4 145.945 -1.67609e-24 5.06389e-24 1.75891e-23 2520.53 -36475.4 -145.945 1.67609e-24 -5.06389e-24 -1.49074e-23 -2287.02 31925.4 185.665 4.48267e-22 6.88786e-28 -3.3886e-22 2287.02 -31925.4 -185.665 -4.48267e-22 -6.88786e-28 -3.78367e-22 -1989.96
0.235 36644.4 153.271 -4.78026e-22 -8.39363e-25 5.14741e-22 2531.04 -36644.4 -153.271 4.78026e-22 8.39363e-25 2.501e-22 -2285.8 32077.8 186.415 2.92599e-22 7.12489e-28 -2.04946e-22 2285.8 -32077.8 -186.415 -2.92599e-22 -7.12489e-28 -2.63211e-22 -1987.54
0.24 36841.4 161.517 -2.4635e-23 3.308e-24 1.32517e-23 2521.44 -36841.4 -161.517 2.4635e-23 -3.308e-24 2.61643e-23 -2263.01 32255.8 185.699 3.44897e-22 7.25977e-28 -2.24196e-22 2263.01 -32255.8 -185.699 -3.44897e-22 -7.25977e-28 -3.27639e-22 -1965.9
0.245 37052.4 170.391 -1.25722e-22 6.26058e-24 1.46098e-22 2495.63 -37052.4 -170.391 1.25722e-22 -6.26058e-24 5.50563e-23 -2223 32447.1 183.957 6.50401e-22 7.21853e-28 -4.96035e-22 2223 -32447.1 -183.957 -6.50401e-22 -7.21853e-28 -5.44606e-22 -1928.67
0.25 37263.4 179.537 -1.72917e-22 -1.70874e-23 2.04053e-22 2459.28 -37263.4 -179.537 1.72917e-22 1.70874e-23 7.26148e-23 -2172.02 32638.3 181.491 -1.88685e-22 7.63058e-28 2.18209e-22 2172.02 -32638.3 -181.491 1.88685e-22 -7.63058e-28 8.36863e-23 -1881.64
0.255 37461.9 188.834 -1.57615e-22 1.00069e-23 1.51643e-22 2416.56 -37461.9 -188.834 1.57615e-22 -1.00069e-23 1.0054e-22 -2114.43 32817.2 178.368 2.26034e-22 7.58885e-28 -1.20412e-22 2114.43 -32817.2 -178.368 -2.26034e-22 -7.58885e-28 -2.41243e-22 -1829.04
0.26 37636.5 198.537 3.72888e-22 2.90076e-23 -3.81486e-22 2370.79 -37636.5 -198.537 -3.72888e-22 -2.90076e-23 -2.15134e-22 -2053.14 32974.1 174.927 -9.01965e-22 7.88194e-28 7.8867e-22 2053.14 -32974.1 -174.927 9.01965e-22 -7.88194e-28 6.54474e-22 -1773.25
0.265 37777.5 208.944 7.37368e-23 -7.83586e-24 -6.48339e-23 2325.67 -37777.5 -208.944 -7.37368e-23 7.83586e-24 -5.31449e-23 -1991.36 33100.9 171.631 1.09175e-21 7.2328e-28 -8.90388e-22 1991.36 -33100.9 -171.631 -1.09175e-21 -7.2328e-28 -8.56418e-22 -1716.75
0.27 37877.4 219.96 2.74591e-22 -1.16329e-23 -2.95915e-22 2285.9 -37877.4 -219.96 -2.74591e-22 1.16329e-23 -1.4343e-22 -1933.97 33191.1 168.851 6.26871e-23 7.8629e-28 3.3712e-23 1933.97 -33191.1 -168.851 -6.26871e-23 -7.8629e-28 -1.34011e-22 -1663.81
0.275 37931.3 230.942 5.3957e-22 -4.97138e-23 -5.53486e-22 2257.06 -37931.3 -230.942 -5.3957e-22 4.97138e-23 -3.09826e-22 -1887.55 33240 166.932 3.7617e-22 7.87668e-28 -2.23536e-22 1887.55 -33240 -166.932 -3.7617e-22 -7.87668e-28 -3.78336e-22 -1620.46
0.28 37936.2 241.008 8.33023e-23 1.33757e-23 -1.12589e-22 2246.32 -37936.2 -241.008 -8.33023e-23 -1.33757e-23 -2.06949e-23 -1860.7 33245 166.42 -9.27018e-22 8.53227e-28 8.58562e-22 1860.7 -33245 -166.42 9.27018e-22 -8.53227e-28 6.24667e-22 -1594.43
0.285 37889.4 249.298 1.67534e-22 1.82785e-23 -1.65855e-22 2259.46 -37889.4 -249.298 -1.67534e-22 -1.82785e-23 -1.022e-22 -1860.59 33204.5 167.588 -1.33302e-22 8.28583e-28 1.56866e-22 1860.59 -33204.5 -167.588 1.33302e-22 -8.28583e-28 5.64165e-23 -1592.45
0.29 37791.2 255.344 2.8791e-22 -2.51649e-24 -2.94419e-22 2295.74 -37791.2 -255.344 -2.8791e-22 2.51649e-24 -1.66237e-22 -1887.19 33118.4 170.099 -3.25446e-22 8.77046e-28 3.46779e-22 1887.19 -33118.4 -170.099 3.25446e-22 -8.77046e-28 1.73934e-22 -1615.03
0.295 37650.1 259.724 -3.79649e-22 -1.51941e-23 4.06067e-22 2351.39 -37650.1 -259.724 3.79649e-22 1.51941e-23 2.01372e-22 -1935.84 32990.9 173.883 -3.68299e-23 8.78502e-28 3.65534e-23 1935.84 -32990.9 -173.883 3.68299e-23 -8.78502e-28 2.23744e-23 -1657.62
0.3 37479 263.545 -2.49115e-22 -4.29731e-24 2.55658e-22 2424.6 -37479 -263.545 2.49115e-22 4.29731e-24 1.42926e-22 -2002.93 32833.4 179.19 3.8913e-22 8.99078e-28 -2.9761e-22 2002.93 -32833.4 -179.19 -3.8913e-22 -8.99078e-28 -3.24998e-22 -1716.22
0.305 37290.5 267.232 -3.11769e-23 2.55348e-23 4.00865e-23 2514.5 -37290.5 -267.232 3.11769e-23 -2.55348e-23 9.7965e-24 -2086.93 32660.9 185.911 -1.25823e-22 1.00439e-27 2.12735e-22 2086.93 -32660.9 -185.911 1.25823e-22 -1.00439e-27 -1.14189e-23 -1789.47
0.31 37097.7 270.377 1.99205e-22 1.10548e-24 -1.92803e-22 2619.65 -37097.7 -270.377 -1.99205e-22 -1.10548e-24 -1.25925e-22 -2187.04 32486.7 193.716 2.21226e-22 1.00271e-27 -1.84821e-22 2187.04 -32486.7 -193.716 -2.21226e-22 -1.00271e-27 -1.6914e-22 -1877.1
0.315 36914.2 272.698 1.26168e-22 1.25448e-24 -1.41866e-22 2737.6 -36914.2 -272.698 -1.26168e-22 -1.25448e-24 -6.00023e-23 -2301.28 32321.7 202.345 1.0806e-21 1.04483e-27 -8.64279e-22 2301.28 -32321.7 -202.345 -1.0806e-21 -1.04483e-27 -8.6468e-22 -1977.53
0.32 36752.2 274.666 1.63239e-22 1.94478e-25 -1.52793e-22 2865.14 -36752.2 -274.666 -1.63239e-22 -1.94478e-25 -1.08389e-22 -2425.68 32175.4 211.602 -1.58392e-22 1.15255e-27 2.21761e-22 2425.68 -32175.4 -211.602 1.58392e-22 -1.15255e-27 3.1666e-23 -2087.11
0.325 36621.9 277.228 -3.51994e-22 -6.79111e-24 3.72447e-22 2998.48 -36621.9 -277.228 3.51994e-22 6.79111e-24 1.90743e-22 -2554.92 32057 221.27 -4.82706e-22 1.15653e-27 4.37814e-22 2554.92 -32057 -221.27 4.82706e-22 -1.15653e-27 3.34516e-22 -2200.89
0.33 36531.3 281.122 -4.84512e-23 4.3594e-24 5.53082e-23 3134.55 -36531.3 -281.122 4.84512e-23 -4.3594e-24 2.22138e-23 -2684.75 31974.4 231.231 -9.45297e-22 1.33184e-27 9.18399e-22 2684.75 -31974.4 -231.231 9.45297e-22 -1.33184e-27 5.94076e-22 -2314.78
0.335 36485.1 286.247 -2.4715e-22 -1.47046e-23 2.5692e-22 3271.44 -36485.1 -286.247 2.4715e-22 1.47046e-23 1.38521e-22 -2813.44 31932.6 241.393 -1.26066e-22 1.37391e-27 2.01791e-22 2813.44 -31932.6 -241.393 1.26066e-22 -1.37391e-27 -8.53786e-26 -2427.21
0.34 36483.6 291.63 -2.22724e-22 -2.85845e-23 2.327e-22 3407.09 -36483.6 -291.63 2.22724e-22 2.85845e-23 1.23659e-22 -2940.48 31932.3 251.49 -6.32213e-22 1.4548e-27 6.15951e-22 2940.48 -31932.3 -251.49 6.32213e-22 -1.4548e-27 3.9559e-22 -2538.09
0.345 36525.2 296.37 -3.50033e-23 -2.09299e-24 3.34466e-23 3539.85 -36525.2 -296.37 3.50033e-23 2.09299e-24 2.25586e-23 -3065.65 31970.8 261.325 1.89067e-22 1.49171e-27 -8.61334e-23 3065.65 -31970.8 -261.325 -1.89067e-22 -1.49171e-27 -2.16374e-22 -2647.53
0.35 36606.6 300.39 1.73397e-22 -6.54062e-24 -1.8169e-22 3668.52 -36606.6 -300.39 -1.73397e-22 6.54062e-24 -9.5745e-23 -3187.9 32044.1 270.783 5.17124e-22 1.46063e-27 -4.05696e-22 3187.9 -32044.1 -270.783 -5.17124e-22 -1.46063e-27 -4.21702e-22 -2754.64
0.355 36721.6 304.309 -4.2491e-22 1.26588e-23 4.47486e-22 3790.26 -36721.6 -304.309 4.2491e-22 -1.26588e-23 2.32369e-22 -3303.36 32147.3 279.597 -4.42974e-22 1.57972e-27 4.63733e-22 3303.36 -32147.3 -279.597 4.42974e-22 -1.57972e-27 2.45026e-22 -2856.01
0.36 36861.1 308.938 6.29829e-22 1.63444e-24 -6.83311e-22 3901.09 -36861.1 -308.938 -6.29829e-22 -1.63444e-24 -3.24417e-22 -3406.78 32273.5 287.57 1.23835e-21 1.46981e-27 -1.01538e-21 3406.78 -32273.5 -287.57 -1.23835e-21 -1.46981e-27 -9.6598e-22 -2946.67
0.365 37015.5 314.778 -5.00266e-23 -1.00601e-24 6.29065e-23 3998.83 -37015.5 -314.778 5.00266e-23 1.00601e-24 1.7136e-23 -3495.18 32413.5 294.752 -4.13948e-22 1.62566e-27 3.9418e-22 3495.18 -32413.5 -294.752 4.13948e-22 -1.62566e-27 2.68137e-22 -3023.58
0.37 37174.3 321.704 1.04961e-22 2.39049e-23 -1.02009e-22 4084.76 -37174.3 -321.704 -1.04961e-22 -2.39049e-23 -6.59285e-23 -3570.03 32557.5 301.279 1.12579e-21 1.52202e-27 -8.99122e-22 3570.03 -32557.5 -301.279 -1.12579e-21 -1.52202e-27 -9.02146e-22 -3087.98
0.375 37327.7 329.166 6.21313e-22 1.02333e-23 -6.61151e-22 4162.35 -37327.7 -329.166 -6.21313e-22 -1.02333e-23 -3.3295e-22 -3635.68 32695.9 307.229 6.12116e-22 1.56082e-27 -4.86177e-22 3635.68 -32695.9 -307.229 -6.12116e-22 -1.56082e-27 -4.93209e-22 -3144.11
0.38 37466.6 336.713 7.36541e-23 -9.39775e-24 -8.24111e-23 4233.98 -37466.6 -336.713 -7.36541e-23 9.39775e-24 -3.54355e-23 -3695.24 32820.8 312.566 1.96034e-22 1.5786e-27 -1.44538e-22 3695.24 -32820.8 -312.566 -1.96034e-22 -1.5786e-27 -1.69116e-22 -3195.14
0.385 37582.9 344.45 1.25401e-23 2.35219e-23 -3.21162e-23 4300.71 -37582.9 -344.45 -1.25401e-23 -2.35219e-23 1.2052e-23 -3749.59 32925.6 317.412 -5.95425e-22 1.60645e-27 4.89953e-22 3749.59 -32925.6 -317.412 5.95425e-22 -1.60645e-27 4.62728e-22 -3241.73
0.39 37670.1 352.795 -3.60252e-22 2.34148e-23 3.77864e-22 4363.62 -37670.1 -352.795 3.60252e-22 -2.34148e-23 1.9854e-22 -3799.15 33004.4 322.028 2.72197e-23 1.67075e-27 5.69777e-23 3799.15 -33004.4 -322.028 -2.72197e-23 -1.67075e-27 -1.00529e-22 -3283.9
0.395 37723.6 361.846 7.82704e-22 2.3884e-23 -8.41543e-22 4424.38 -37723.6 -361.846 -7.82704e-22 -2.3884e-23 -4.10783e-22 -3845.43 33052.9 326.595 2.95198e-22 1.73245e-27 -1.65556e-22 3845.43 -33052.9 -326.595 -2.95198e-22 -1.73245e-27 -3.06761e-22 -3322.88
0.4 37740.2 371.204 4.12629e-22 -1.58265e-23 -4.45453e-22 4487.16 -37740.2 -371.204 -4.12629e-22 1.58265e-23 -2.14754e-22 -3893.24 33068.3 331.456 1.22273e-21 1.61914e-27 -1.01175e-21 3893.24 -33068.3 -331.456 -1.22273e-21 -1.61914e-27 -9.44624e-22 -3362.91
0.405 37718.8 380.201 5.99334e-22 -6.40324e-24 -6.36228e-22 4557.32 -37718.8 -380.201 -5.99334e-22 6.40324e-24 -3.22707e-22 -3949 33049.5 336.892 -8.64381e-23 1.76973e-27 1.32038e-22 3949 -33049.5 -336.892 8.64381e-23 -1.76973e-27 6.26305e-24 -3409.97
0.41 37660.9 387.996 5.51301e-22 1.65966e-23 -5.92502e-22 4635.58 -37660.9 -387.996 -5.51301e-22 -1.65966e-23 -2.8958e-22 -4014.78 32997.7 342.663 -1.05238e-23 1.80606e-27 8.28735e-23 4014.78 -32997.7 -342.663 1.05238e-23 -1.80606e-27 -6.60353e-23 -3466.52
0.415 37570 394.026 -6.42496e-23 -3.42829e-24 7.49899e-23 4717.06 -37570 -394.026 6.42496e-23 3.42829e-24 2.78094e-23 -4086.61 32916 348.392 1.01598e-21 1.74149e-27 -7.95857e-22 4086.61 -32916 -348.392 -1.01598e-21 -1.74149e-27 -8.29717e-22 -3529.19
0.42 37452.1 398.489 -2.59351e-22 9.02665e-25 2.71165e-22 4798.68 -37452.1 -398.489 2.59351e-22 -9.02665e-25 1.43796e-22 -4161.1 32809.7 354.292 1.53941e-22 1.80047e-27 -9.18703e-23 4161.1 -32809.7 -354.292 -1.53941e-22 -1.80047e-27 -1.54435e-22 -3594.23
0.425 37316.4 401.726 -5.20249e-22 -9.22999e-24 5.51434e-22 4881.68 -37316.4 -401.726 5.20249e-22 9.22999e-24 2.80964e-22 -4238.92 32686.5 360.602 5.40475e-22 1.73477e-27 -4.50086e-22 4238.92 -32686.5 -360.602 -5.40475e-22 -1.73477e-27 -4.14674e-22 -3661.96
0.43 37173.5 403.665 9.33493e-23 5.16506e-24 -9.5616e-23 4966.52 -37173.5 -403.665 -9.33493e-23 -5.16506e-24 -5.3743e-23 -4320.66 32556.2 366.963 -3.36646e-22 1.8739e-27 3.55237e-22 4320.66 -32556.2 -366.963 3.36646e-22 -1.8739e-27 1.83397e-22 -3733.52
0.435 37033.1 404.165 -4.90429e-23 3.83463e-24 4.47538e-23 5051.26 -37033.1 -404.165 4.90429e-23 -3.83463e-24 3.37149e-23 -4404.6 32428.7 373.098 1.43422e-22 1.84327e-27 -8.9298e-23 4404.6 -32428.7 -373.098 -1.43422e-22 -1.84327e-27 -1.40178e-22 -3807.64
0.44 36904.5 403.427 2.81227e-22 6.58701e-24 -2.92944e-22 5133.53 -36904.5 -403.427 -2.81227e-22 -6.58701e-24 -1.57019e-22 -4488.04 32312.7 379.058 -2.94296e-22 1.92214e-27 3.02749e-22 4488.04 -32312.7 -379.058 2.94296e-22 -1.92214e-27 1.68125e-22 -3881.55
0.445 36796.2 401.926 -2.44694e-22 3.72142e-24 2.62084e-22 5211.05 -36796.2 -401.926 2.44694e-22 -3.72142e-24 1.29426e-22 -4567.97 32214.9 384.739 6.47634e-22 1.86241e-27 -4.92522e-22 4567.97 -32214.9 -384.739 -6.47634e-22 -1.86241e-27 -5.43692e-22 -3952.39
0.45 36714.9 400.115 -4.08626e-22 3.63482e-23 4.76737e-22 5281.18 -36714.9 -400.115 4.08626e-22 -3.63482e-23 1.77064e-22 -4640.99 32141.3 389.845 3.70722e-22 1.85159e-27 -2.99469e-22 4640.99 -32141.3 -389.845 -3.70722e-22 -1.85159e-27 -2.93686e-22 -4017.24
