0.005 -0.00351016 -0.00355669 -0.00360304 -0.00364921 -0.00369521 -0.00374103 -0.00378668 -0.00383216 -0.00387745 -0.00392258 -0.00396753 -0.0040123 -0.0040569 -0.00410132 -0.00414557 -0.00418964 -0.00423354 -0.00427726 -0.00432081 -0.00436418 -0.00440737 -0.00445039
0.01 -0.0035429 -0.00358982 -0.00363657 -0.00368314 -0.00372953 -0.00377575 -0.00382179 -0.00386766 -0.00391335 -0.00395886 -0.0040042 -0.00404936 -0.00409434 -0.00413915 -0.00418378 -0.00422824 -0.00427252 -0.00431662 -0.00436054 -0.00440429 -0.00444787 -0.00449126
0.015 -0.00357191 -0.00361918 -0.00366628 -0.00371319 -0.00375993 -0.00380649 -0.00385288 -0.00389908 -0.00394511 -0.00399096 -0.00403663 -0.00408213 -0.00412744 -0.00417258 -0.00421754 -0.00426232 -0.00430693 -0.00435135 -0.0043956 -0.00443967 -0.00448356 -0.00452728
0.02 -0.00359489 -0.00364248 -0.0036899 -0.00373713 -0.00378418 -0.00383106 -0.00387776 -0.00392427 -0.00397061 -0.00401677 -0.00406275 -0.00410855 -0.00415417 -0.00419961 -0.00424487 -0.00428995 -0.00433485 -0.00437958 -0.00442412 -0.00446849 -0.00451267 -0.00455668
0.025 -0.00361078 -0.00365863 -0.0037063 -0.00375379 -0.0038011 -0.00384823 -0.00389519 -0.00394196 -0.00398855 -0.00403497 -0.0040812 -0.00412726 -0.00417313 -0.00421883 -0.00426435 -0.00430968 -0.00435484 -0.00439981 -0.00444461 -0.00448923 -0.00453366 -0.00457792
0.03 -0.0036198 -0.00366778 -0.00371559 -0.00376322 -0.00381068 -0.00385795 -0.00390504 -0.00395196 -0.00399869 -0.00404524 -0.00409162 -0.00413781 -0.00418383 -0.00422967 -0.00427532 -0.0043208 -0.00436609 -0.0044112 -0.00445614 -0.00450089 -0.00454546 -0.00458986
0.035 -0.00362167 -0.00366968 -0.0037175 -0.00376515 -0.00381262 -0.00385991 -0.00390702 -0.00395395 -0.0040007 -0.00404727 -0.00409366 -0.00413986 -0.00418589 -0.00423174 -0.00427741 -0.00432289 -0.0043682 -0.00441333 -0.00445827 -0.00450303 -0.00454762 -0.00459202
0.04 -0.00361589 -0.00366382 -0.00371156 -0.00375913 -0.00380652 -0.00385373 -0.00390075 -0.0039476 -0.00399427 -0.00404076 -0.00408706 -0.00413319 -0.00417914 -0.00422491 -0.00427049 -0.0043159 -0.00436112 -0.00440617 -0.00445104 -0.00449572 -0.00454022 -0.00458455
0.045 -0.00360317 -0.00365091 -0.00369847 -0.00374585 -0.00379305 -0.00384008 -0.00388692 -0.00393359 -0.00398008 -0.00402639 -0.00407252 -0.00411847 -0.00416424 -0.00420983 -0.00425525 -0.00430048 -0.00434554 -0.00439041 -0.00443511 -0.00447962 -0.00452396 -0.00456811
0.05 -0.00358539 -0.00363281 -0.00368006 -0.00372712 -0.00377402 -0.00382073 -0.00386727 -0.00391363 -0.00395981 -0.00400581 -0.00405164 -0.00409729 -0.00414276 -0.00418805 -0.00423317 -0.0042781 -0.00432286 -0.00436744 -0.00441185 -0.00445607 -0.00450011 -0.00454398
0.055 -0.00356417 -0.00361117 -0.00365799 -0.00370463 -0.0037511 -0.0037974 -0.00384351 -0.00388946 -0.00393522 -0.00398081 -0.00402622 -0.00407145 -0.00411651 -0.00416139 -0.0042061 -0.00425062 -0.00429497 -0.00433915 -0.00438315 -0.00442696 -0.00447061 -0.00451407
0.06 -0.00354035 -0.00358689 -0.00363325 -0.00367944 -0.00372545 -0.00377128 -0.00381694 -0.00386242 -0.00390773 -0.00395286 -0.00399782 -0.0040426 -0.00408721 -0.00413164 -0.00417589 -0.00421997 -0.00426387 -0.0043076 -0.00435115 -0.00439453 -0.00443773 -0.00448076
0.065 -0.00351522 -0.0035613 -0.00360722 -0.00365296 -0.00369852 -0.00374391 -0.00378913 -0.00383417 -0.00387904 -0.00392374 -0.00396826 -0.0040126 -0.00405678 -0.00410078 -0.0041446 -0.00418825 -0.00423173 -0.00427503 -0.00431816 -0.00436112 -0.0044039 -0.00444651
0.07 -0.00349087 -0.00353653 -0.00358203 -0.00362735 -0.0036725 -0.00371747 -0.00376228 -0.00380691 -0.00385137 -0.00389565 -0.00393977 -0.00398371 -0.00402748 -0.00407108 -0.0041145 -0.00415776 -0.00420084 -0.00424374 -0.00428648 -0.00432904 -0.00437144 -0.00441366
0.075 -0.0034694 -0.00351468 -0.00355979 -0.00360473 -0.00364949 -0.00369409 -0.00373851 -0.00378277 -0.00382685 -0.00387076 -0.0039145 -0.00395807 -0.00400147 -0.0040447 -0.00408776 -0.00413064 -0.00417336 -0.0042159 -0.00425827 -0.00430048 -0.00434251 -0.00438437
0.08 -0.00345223 -0.00349719 -0.00354197 -0.00358659 -0.00363103 -0.00367531 -0.00371941 -0.00376335 -0.00380711 -0.0038507 -0.00389413 -0.00393738 -0.00398047 -0.00402338 -0.00406612 -0.0041087 -0.0041511 -0.00419333 -0.0042354 -0.00427729 -0.00431902 -0.00436058
0.085 -0.00344025 -0.00348497 -0.00352952 -0.00357391 -0.00361812 -0.00366216 -0.00370604 -0.00374974 -0.00379327 -0.00383664 -0.00387983 -0.00392286 -0.00396571 -0.0040084 -0.00405092 -0.00409327 -0.00413545 -0.00417746 -0.0042193 -0.00426097 -0.00430248 -0.00434382
0.09 -0.00343404 -0.00347864 -0.00352307 -0.00356733 -0.00361142 -0.00365534 -0.00369909 -0.00374268 -0.00378609 -0.00382933 -0.00387241 -0.00391532 -0.00395805 -0.00400062 -0.00404302 -0.00408525 -0.00412731 -0.00416921 -0.00421093 -0.00425249 -0.00429388 -0.0043351
0.095 -0.00343395 -0.00347854 -0.00352296 -0.00356721 -0.0036113 -0.00365521 -0.00369895 -0.00374253 -0.00378593 -0.00382917 -0.00387223 -0.00391513 -0.00395786 -0.00400042 -0.00404281 -0.00408504 -0.00412709 -0.00416898 -0.0042107 -0.00425224 -0.00429363 -0.00433484
0.1 -0.00344001 -0.0034847 -0.00352921 -0.00357356 -0.00361773 -0.00366174 -0.00370558 -0.00374925 -0.00379274 -0.00383607 -0.00387923 -0.00392222 -0.00396505 -0.0040077 -0.00405018 -0.0040925 -0.00413464 -0.00417662 -0.00421843 -0.00426007 -0.00430154 -0.00434285
0.105 -0.00345185 -0.00349672 -0.00354141 -0.00358594 -0.0036303 -0.00367449 -0.00371851 -0.00376235 -0.00380603 -0.00384954 -0.00389288 -0.00393605 -0.00397905 -0.00402187 -0.00406453 -0.00410702 -0.00414935 -0.0041915 -0.00423348 -0.00427529 -0.00431694 -0.00435841
0.11 -0.00346863 -0.00351375 -0.0035587 -0.00360349 -0.0036481 -0.00369254 -0.00373681 -0.00378091 -0.00382484 -0.00386859 -0.00391218 -0.0039556 -0.00399884 -0.00404192 -0.00408482 -0.00412756 -0.00417012 -0.00421252 -0.00425474 -0.00429679 -0.00433868 -0.00438039
0.115 -0.00348912 -0.00353456 -0.00357983 -0.00362492 -0.00366985 -0.0037146 -0.00375918 -0.00380359 -0.00384782 -0.00389189 -0.00393578 -0.0039795 -0.00402305 -0.00406643 -0.00410963 -0.00415267 -0.00419553 -0.00423823 -0.00428075 -0.00432309 -0.00436527 -0.00440728
0.12 -0.00351194 -0.00355774 -0.00360336 -0.0036488 -0.00369408 -0.00373918 -0.00378411 -0.00382887 -0.00387345 -0.00391786 -0.0039621 -0.00400616 -0.00405005 -0.00409377 -0.00413732 -0.00418069 -0.00422389 -0.00426692 -0.00430978 -0.00435246 -0.00439497 -0.00443731
0.125 -0.0035357 -0.00358186 -0.00362785 -0.00367366 -0.0037193 -0.00376476 -0.00381005 -0.00385517 -0.00390012 -0.00394488 -0.00398948 -0.0040339 -0.00407815 -0.00412222 -0.00416612 -0.00420985 -0.0042534 -0.00429677 -0.00433998 -0.00438301 -0.00442586 -0.00446854
0.13 -0.00355898 -0.00360549 -0.00365183 -0.003698 -0.00374399 -0.00378981 -0.00383545 -0.00388092 -0.00392621 -0.00397132 -0.00401626 -0.00406103 -0.00410562 -0.00415003 -0.00419427 -0.00423834 -0.00428223 -0.00432594 -0.00436948 -0.00441284 -0.00445603 -0.00449904
0.135 -0.00358036 -0.0036272 -0.00367387 -0.00372035 -0.00376666 -0.0038128 -0.00385876 -0.00390454 -0.00395015 -0.00399558 -0.00404083 -0.00408591 -0.00413081 -0.00417553 -0.00422008 -0.00426445 -0.00430865 -0.00435267 -0.00439651 -0.00444018 -0.00448367 -0.00452698
0.14 -0.00359855 -0.00364567 -0.0036926 -0.00373936 -0.00378595 -0.00383235 -0.00387858 -0.00392463 -0.00397051 -0.0040162 -0.00406172 -0.00410707 -0.00415223 -0.00419722 -0.00424203 -0.00428666 -0.00433112 -0.0043754 -0.0044195 -0.00446342 -0.00450717 -0.00455074
0.145 -0.00361248 -0.00365981 -0.00370696 -0.00375393 -0.00380072 -0.00384734 -0.00389378 -0.00394004 -0.00398612 -0.00403202 -0.00407775 -0.0041233 -0.00416867 -0.00421386 -0.00425887 -0.00430371 -0.00434837 -0.00439285 -0.00443715 -0.00448127 -0.00452522 -0.00456899
0.15 -0.0036214 -0.00366887 -0.00371616 -0.00376327 -0.0038102 -0.00385695 -0.00390353 -0.00394992 -0.00399614 -0.00404218 -0.00408805 -0.00413373 -0.00417924 -0.00422456 -0.00426971 -0.00431468 -0.00435947 -0.00440408 -0.00444852 -0.00449277 -0.00453685 -0.00458075
0.155 -0.0036249 -0.00367243 -0.00371978 -0.00376694 -0.00381393 -0.00386075 -0.00390738 -0.00395384 -0.00400011 -0.00404621 -0.00409213 -0.00413787 -0.00418344 -0.00422882 -0.00427403 -0.00431905 -0.0043639 -0.00440857 -0.00445306 -0.00449737 -0.00454151 -0.00458546
0.16 -0.00362296 -0.00367046 -0.00371778 -0.00376492 -0.00381189 -0.00385867 -0.00390528 -0.00395171 -0.00399796 -0.00404404 -0.00408993 -0.00413565 -0.00418119 -0.00422655 -0.00427173 -0.00431673 -0.00436155 -0.0044062 -0.00445067 -0.00449495 -0.00453906 -0.00458299
0.165 -0.00361596 -0.00366334 -0.00371055 -0.00375758 -0.00380443 -0.0038511 -0.0038976 -0.00394392 -0.00399006 -0.00403602 -0.00408181 -0.00412741 -0.00417284 -0.00421809 -0.00426316 -0.00430806 -0.00435277 -0.00439731 -0.00444167 -0.00448585 -0.00452985 -0.00457368
0.17 -0.0036046 -0.00365179 -0.0036988 -0.00374563 -0.00379229 -0.00383876 -0.00388507 -0.00393119 -0.00397714 -0.00402291 -0.0040685 -0.00411392 -0.00415916 -0.00420422 -0.0042491 -0.00429381 -0.00433834 -0.00438269 -0.00442686 -0.00447085 -0.00451467 -0.00455831
0.175 -0.00358982 -0.00363674 -0.00368348 -0.00373005 -0.00377644 -0.00382266 -0.0038687 -0.00391456 -0.00396025 -0.00400576 -0.00405109 -0.00409625 -0.00414123 -0.00418603 -0.00423066 -0.00427511 -0.00431938 -0.00436348 -0.0044074 -0.00445115 -0.00449471 -0.00453811
0.18 -0.00357267 -0.00361928 -0.00366571 -0.00371197 -0.00375805 -0.00380395 -0.00384968 -0.00389524 -0.00394062 -0.00398582 -0.00403085 -0.00407571 -0.00412039 -0.00416489 -0.00420922 -0.00425337 -0.00429734 -0.00434114 -0.00438477 -0.00442822 -0.00447149 -0.00451459
0.185 -0.00355433 -0.0036006 -0.00364671 -0.00369263 -0.00373838 -0.00378396 -0.00382936 -0.00387459 -0.00391965 -0.00396453 -0.00400923 -0.00405376 -0.00409812 -0.0041423 -0.00418631 -0.00423014 -0.0042738 -0.00431729 -0.0043606 -0.00440373 -0.00444669 -0.00448948
0.19 -0.00353607 -0.00358202 -0.00362779 -0.00367339 -0.00371882 -0.00376407 -0.00380915 -0.00385406 -0.00389879 -0.00394335 -0.00398774 -0.00403195 -0.00407599 -0.00411986 -0.00416355 -0.00420707 -0.00425042 -0.00429359 -0.00433659 -0.00437942 -0.00442208 -0.00446456
0.195 -0.00351918 -0.00356482 -0.00361029 -0.00365559 -0.00370072 -0.00374568 -0.00379046 -0.00383507 -0.00387951 -0.00392377 -0.00396786 -0.00401178 -0.00405553 -0.00409911 -0.00414251 -0.00418574 -0.0042288 -0.00427169 -0.0043144 -0.00435695 -0.00439932 -0.00444152
0.2 -0.00350482 -0.0035502 -0.00359542 -0.00364046 -0.00368533 -0.00373003 -0.00377455 -0.00381891 -0.00386309 -0.0039071 -0.00395094 -0.00399461 -0.00403811 -0.00408144 -0.00412459 -0.00416758 -0.00421039 -0.00425303 -0.0042955 -0.0043378 -0.00437992 -0.00442188
0.205 -0.00349392 -0.00353911 -0.00358412 -0.00362896 -0.00367363 -0.00371814 -0.00376247 -0.00380662 -0.00385061 -0.00389443 -0.00393807 -0.00398155 -0.00402485 -0.00406799 -0.00411095 -0.00415374 -0.00419636 -0.00423881 -0.00428109 -0.0043232 -0.00436514 -0.00440691
0.21 -0.00348714 -0.0035322 -0.00357709 -0.0036218 -0.00366635 -0.00371072 -0.00375492 -0.00379895 -0.00384282 -0.00388651 -0.00393003 -0.00397338 -0.00401656 -0.00405957 -0.00410241 -0.00414508 -0.00418758 -0.00422991 -0.00427207 -0.00431406 -0.00435588 -0.00439752
0.215 -0.00348485 -0.00352986 -0.00357469 -0.00361936 -0.00366386 -0.00370818 -0.00375233 -0.00379632 -0.00384013 -0.00388378 -0.00392725 -0.00397055 -0.00401368 -0.00405665 -0.00409944 -0.00414206 -0.00418451 -0.0042268 -0.00426891 -0.00431085 -0.00435262 -0.00439423
0.22 -0.00348713 -0.00353217 -0.00357704 -0.00362173 -0.00366626 -0.00371061 -0.00375479 -0.00379881 -0.00384265 -0.00388632 -0.00392982 -0.00397315 -0.00401632 -0.00405931 -0.00410213 -0.00414478 -0.00418726 -0.00422957 -0.00427171 -0.00431368 -0.00435548 -0.00439711
0.225 -0.00349381 -0.00353894 -0.00358391 -0.00362871 -0.00367333 -0.00371779 -0.00376207 -0.00380619 -0.00385013 -0.0038939 -0.0039375 -0.00398093 -0.00402419 -0.00406728 -0.0041102 -0.00415295 -0.00419552 -0.00423793 -0.00428017 -0.00432223 -0.00436413 -0.00440586
0.23 -0.00350438 -0.00354968 -0.00359482 -0.00363978 -0.00368457 -0.00372918 -0.00377363 -0.0038179 -0.00386201 -0.00390594 -0.0039497 -0.00399329 -0.00403671 -0.00407995 -0.00412303 -0.00416594 -0.00420867 -0.00425123 -0.00429363 -0.00433585 -0.0043779 -0.00441978
0.235 -0.0035181 -0.00356362 -0.00360897 -0.00365414 -0.00369914 -0.00374398 -0.00378863 -0.00383312 -0.00387743 -0.00392158 -0.00396555 -0.00400935 -0.00405297 -0.00409643 -0.00413971 -0.00418282 -0.00422576 -0.00426853 -0.00431112 -0.00435355 -0.0043958 -0.00443788
0.24 -0.00353403 -0.0035798 -0.0036254 -0.00367082 -0.00371607 -0.00376115 -0.00380606 -0.00385079 -0.00389535 -0.00393974 -0.00398396 -0.004028 -0.00407187 -0.00411557 -0.00415909 -0.00420244 -0.00424562 -0.00428863 -0.00433146 -0.00437413 -0.00441661 -0.00445893
0.245 -0.00355112 -0.00359716 -0.00364303 -0.00368873 -0.00373425 -0.00377959 -0.00382477 -0.00386977 -0.00391459 -0.00395925 -0.00400372 -0.00404803 -0.00409216 -0.00413612 -0.0041799 -0.00422351 -0.00426695 -0.00431021 -0.0043533 -0.00439622 -0.00443896 -0.00448153
0.25 -0.00356832 -0.00361464 -0.00366077 -0.00370674 -0.00375253 -0.00379814 -0.00384358 -0.00388885 -0.00393394 -0.00397885 -0.0040236 -0.00406816 -0.00411256 -0.00415677 -0.00420082 -0.00424469 -0.00428838 -0.0043319 -0.00437525 -0.00441842 -0.00446142 -0.00450424
0.255 -0.00358457 -0.00363114 -0.00367753 -0.00372374 -0.00376979 -0.00381565 -0.00386134 -0.00390685 -0.00395219 -0.00399736 -0.00404234 -0.00408716 -0.00413179 -0.00417626 -0.00422054 -0.00426465 -0.00430859 -0.00435235 -0.00439593 -0.00443934 -0.00448258 -0.00452564
0.26 -0.00359886 -0.00364565 -0.00369227 -0.0037387 -0.00378496 -0.00383105 -0.00387696 -0.00392269 -0.00396824 -0.00401362 -0.00405883 -0.00410385 -0.00414871 -0.00419338 -0.00423788 -0.0042822 -0.00432635 -0.00437032 -0.00441411 -0.00445773 -0.00450117 -0.00454444
0.265 -0.00361033 -0.0036573 -0.00370409 -0.00375071 -0.00379715 -0.00384341 -0.00388949 -0.0039354 -0.00398113 -0.00402669 -0.00407207 -0.00411727 -0.00416229 -0.00420714 -0.00425181 -0.0042963 -0.00434062 -0.00438476 -0.00442873 -0.00447251 -0.00451612 -0.00455955
0.27 -0.00361832 -0.00366542 -0.00371234 -0.00375908 -0.00380564 -0.00385203 -0.00389824 -0.00394428 -0.00399013 -0.00403581 -0.00408132 -0.00412664 -0.00417179 -0.00421676 -0.00426155 -0.00430617 -0.00435061 -0.00439487 -0.00443895 -0.00448286 -0.00452659 -0.00457014
0.275 -0.00362241 -0.00366958 -0.00371657 -0.00376338 -0.00381001 -0.00385647 -0.00390275 -0.00394885 -0.00399478 -0.00404052 -0.00408609 -0.00413148 -0.0041767 -0.00422174 -0.0042666 -0.00431128 -0.00435578 -0.00440011 -0.00444426 -0.00448823 -0.00453202 -0.00457564
0.28 -0.00362245 -0.00366963 -0.00371662 -0.00376344 -0.00381008 -0.00385655 -0.00390283 -0.00394894 -0.00399487 -0.00404063 -0.0040862 -0.0041316 -0.00417682 -0.00422187 -0.00426673 -0.00431142 -0.00435593 -0.00440027 -0.00444442 -0.0044884 -0.0045322 -0.00457583
0.285 -0.00361858 -0.0036657 -0.00371264 -0.0037594 -0.00380598 -0.00385239 -0.00389862 -0.00394467 -0.00399055 -0.00403625 -0.00408177 -0.00412711 -0.00417228 -0.00421727 -0.00426208 -0.00430672 -0.00435118 -0.00439546 -0.00443956 -0.00448349 -0.00452723 -0.0045708
0.29 -0.00361126 -0.00365825 -0.00370507 -0.00375171 -0.00379818 -0.00384446 -0.00389057 -0.00393651 -0.00398227 -0.00402785 -0.00407325 -0.00411848 -0.00416353 -0.0042084 -0.0042531 -0.00429762 -0.00434196 -0.00438612 -0.00443011 -0.00447392 -0.00451756 -0.00456102
0.295 -0.00360116 -0.00364797 -0.00369461 -0.00374107 -0.00378735 -0.00383346 -0.0038794 -0.00392515 -0.00397073 -0.00401614 -0.00406137 -0.00410642 -0.00415129 -0.00419599 -0.00424052 -0.00428487 -0.00432904 -0.00437303 -0.00441685 -0.00446049 -0.00450396 -0.00454725
0.3 -0.00358901 -0.0036356 -0.00368201 -0.00372825 -0.00377432 -0.00382021 -0.00386592 -0.00391146 -0.00395682 -0.004002 -0.00404702 -0.00409185 -0.00413651 -0.004181 -0.0042253 -0.00426944 -0.0043134 -0.00435718 -0.00440079 -0.00444422 -0.00448747 -0.00453055
0.305 -0.00357561 -0.00362196 -0.00366813 -0.00371413 -0.00375995 -0.00380559 -0.00385107 -0.00389636 -0.00394149 -0.00398643 -0.00403121 -0.00407581 -0.00412023 -0.00416448 -0.00420855 -0.00425245 -0.00429618 -0.00433973 -0.0043831 -0.0044263 -0.00446933 -0.00451218
0.31 -0.00356188 -0.00360798 -0.00365391 -0.00369966 -0.00374524 -0.00379064 -0.00383587 -0.00388093 -0.00392581 -0.00397052 -0.00401505 -0.00405941 -0.00410359 -0.00414761 -0.00419144 -0.00423511 -0.0042786 -0.00432192 -0.00436506 -0.00440803 -0.00445082 -0.00449344
0.315 -0.00354882 -0.00359468 -0.00364038 -0.0036859 -0.00373124 -0.00377641 -0.00382141 -0.00386624 -0.00391089 -0.00395537 -0.00399968 -0.00404381 -0.00408777 -0.00413156 -0.00417518 -0.00421862 -0.00426189 -0.00430498 -0.0043479 -0.00439065 -0.00443323 -0.00447563
0.32 -0.00353733 -0.00358299 -0.00362848 -0.00367379 -0.00371893 -0.0037639 -0.0038087 -0.00385332 -0.00389777 -0.00394205 -0.00398615 -0.00403009 -0.00407385 -0.00411744 -0.00416085 -0.0042041 -0.00424717 -0.00429007 -0.00433279 -0.00437535 -0.00441773 -0.00445994
0.325 -0.00352819 -0.00357368 -0.003619 -0.00366415 -0.00370912 -0.00375393 -0.00379856 -0.00384302 -0.0038873 -0.00393142 -0.00397536 -0.00401913 -0.00406273 -0.00410616 -0.00414941 -0.00419249 -0.00423541 -0.00427815 -0.00432072 -0.00436311 -0.00440534 -0.00444739
0.33 -0.00352194 -0.00356732 -0.00361252 -0.00365755 -0.00370241 -0.0037471 -0.00379161 -0.00383596 -0.00388013 -0.00392413 -0.00396796 -0.00401162 -0.0040551 -0.00409842 -0.00414156 -0.00418453 -0.00422733 -0.00426996 -0.00431242 -0.00435471 -0.00439682 -0.00443877
0.335 -0.00351894 -0.00356426 -0.0036094 -0.00365438 -0.00369918 -0.0037438 -0.00378826 -0.00383255 -0.00387666 -0.00392061 -0.00396438 -0.00400798 -0.00405141 -0.00409466 -0.00413775 -0.00418066 -0.00422341 -0.00426598 -0.00430838 -0.00435062 -0.00439268 -0.00443457
0.34 -0.00351935 -0.00356467 -0.00360981 -0.00365478 -0.00369958 -0.00374421 -0.00378867 -0.00383296 -0.00387707 -0.00392101 -0.00396478 -0.00400838 -0.00405181 -0.00409507 -0.00413816 -0.00418107 -0.00422382 -0.00426639 -0.00430879 -0.00435102 -0.00439309 -0.00443498
0.345 -0.00352314 -0.00356851 -0.0036137 -0.00365873 -0.00370359 -0.00374827 -0.00379278 -0.00383712 -0.00388129 -0.00392528 -0.00396911 -0.00401276 -0.00405624 -0.00409955 -0.00414269 -0.00418566 -0.00422846 -0.00427108 -0.00431354 -0.00435582 -0.00439793 -0.00443987
0.35 -0.00353001 -0.00357548 -0.00362079 -0.00366592 -0.00371087 -0.00375566 -0.00380027 -0.00384471 -0.00388898 -0.00393308 -0.00397701 -0.00402076 -0.00406434 -0.00410775 -0.00415099 -0.00419406 -0.00423695 -0.00427968 -0.00432223 -0.00436461 -0.00440682 -0.00444886
0.355 -0.00353946 -0.00358508 -0.00363053 -0.00367581 -0.00372091 -0.00376584 -0.0038106 -0.00385518 -0.00389959 -0.00394383 -0.0039879 -0.00403179 -0.00407552 -0.00411907 -0.00416245 -0.00420565 -0.00424869 -0.00429155 -0.00433424 -0.00437676 -0.0044191 -0.00446128
0.36 -0.00355083 -0.00359663 -0.00364226 -0.00368771 -0.00373299 -0.0037781 -0.00382303 -0.00386779 -0.00391238 -0.00395679 -0.00400103 -0.0040451 -0.004089 -0.00413272 -0.00417627 -0.00421965 -0.00426285 -0.00430588 -0.00434874 -0.00439143 -0.00443394 -0.00447628
0.365 -0.00356338 -0.00360938 -0.0036552 -0.00370085 -0.00374633 -0.00379163 -0.00383676 -0.00388172 -0.0039265 -0.0039711 -0.00401554 -0.0040598 -0.00410389 -0.0041478 -0.00419154 -0.00423511 -0.0042785 -0.00432172 -0.00436477 -0.00440764 -0.00445034 -0.00449287
0.37 -0.00357632 -0.00362253 -0.00366855 -0.00371441 -0.00376009 -0.00380559 -0.00385092 -0.00389608 -0.00394106 -0.00398586 -0.0040305 -0.00407496 -0.00411924 -0.00416335 -0.00420729 -0.00425105 -0.00429463 -0.00433805 -0.00438129 -0.00442435 -0.00446724 -0.00450996
0.375 -0.00358886 -0.00363526 -0.00368148 -0.00372753 -0.00377341 -0.0038191 -0.00386463 -0.00390998 -0.00395515 -0.00400015 -0.00404497 -0.00408962 -0.00413409 -0.00417839 -0.00422252 -0.00426646 -0.00431024 -0.00435384 -0.00439726 -0.00444051 -0.00448359 -0.00452649
0.38 -0.00360021 -0.00364679 -0.00369319 -0.00373942 -0.00378547 -0.00383134 -0.00387704 -0.00392256 -0.00396791 -0.00401308 -0.00405807 -0.00410289 -0.00414754 -0.00419201 -0.0042363 -0.00428042 -0.00432436 -0.00436813 -0.00441172 -0.00445513 -0.00449838 -0.00454144
0.385 -0.00360969 -0.00365642 -0.00370297 -0.00374934 -0.00379554 -0.00384156 -0.0038874 -0.00393307 -0.00397856 -0.00402388 -0.00406902 -0.00411398 -0.00415877 -0.00420338 -0.00424782 -0.00429208 -0.00433616 -0.00438007 -0.0044238 -0.00446735 -0.00451073 -0.00455394
0.39 -0.00361675 -0.00366358 -0.00371025 -0.00375673 -0.00380304 -0.00384917 -0.00389512 -0.0039409 -0.00398651 -0.00403193 -0.00407718 -0.00412225 -0.00416715 -0.00421187 -0.00425641 -0.00430078 -0.00434497 -0.00438898 -0.00443282 -0.00447648 -0.00451996 -0.00456327
0.395 -0.00362101 -0.00366791 -0.00371464 -0.0037612 -0.00380757 -0.00385377 -0.0038998 -0.00394564 -0.00399131 -0.0040368 -0.00408212 -0.00412726 -0.00417222 -0.00421701 -0.00426162 -0.00430605 -0.0043503 -0.00439438 -0.00443828 -0.00448201 -0.00452556 -0.00456893
0.4 -0.00362229 -0.00366922 -0.00371597 -0.00376254 -0.00380894 -0.00385516 -0.00390121 -0.00394708 -0.00399277 -0.00403828 -0.00408362 -0.00412878 -0.00417376 -0.00421857 -0.0042632 -0.00430765 -0.00435193 -0.00439603 -0.00443995 -0.0044837 -0.00452727 -0.00457066
0.405 -0.00362061 -0.00366751 -0.00371424 -0.00376079 -0.00380716 -0.00385336 -0.00389938 -0.00394522 -0.00399088 -0.00403637 -0.00408168 -0.00412682 -0.00417178 -0.00421656 -0.00426116 -0.00430559 -0.00434984 -0.00439392 -0.00443782 -0.00448154 -0.00452508 -0.00456845
0.41 -0.00361619 -0.00366302 -0.00370968 -0.00375615 -0.00380245 -0.00384857 -0.00389452 -0.00394029 -0.00398588 -0.0040313 -0.00407654 -0.00412161 -0.0041665 -0.00421121 -0.00425574 -0.0043001 -0.00434428 -0.00438829 -0.00443212 -0.00447577 -0.00451924 -0.00456254
0.415 -0.00360942 -0.00365614 -0.00370268 -0.00374904 -0.00379522 -0.00384123 -0.00388706 -0.00393272 -0.0039782 -0.00402351 -0.00406864 -0.00411359 -0.00415836 -0.00420296 -0.00424739 -0.00429164 -0.00433571 -0.00437961 -0.00442333 -0.00446687 -0.00451024 -0.00455343
0.42 -0.00360085 -0.00364741 -0.0036938 -0.00374001 -0.00378605 -0.00383191 -0.0038776 -0.00392311 -0.00396844 -0.0040136 -0.00405858 -0.00410339 -0.00414802 -0.00419247 -0.00423675 -0.00428086 -0.00432479 -0.00436854 -0.00441212 -0.00445552 -0.00449875 -0.0045418
0.425 -0.00359112 -0.0036375 -0.00368372 -0.00372976 -0.00377562 -0.00382131 -0.00386682 -0.00391216 -0.00395732 -0.00400231 -0.00404712 -0.00409176 -0.00413622 -0.00418051 -0.00422463 -0.00426856 -0.00431233 -0.00435591 -0.00439933 -0.00444257 -0.00448563 -0.00452852
0.43 -0.00358089 -0.00362709 -0.00367312 -0.00371898 -0.00376466 -0.00381016 -0.0038555 -0.00390065 -0.00394564 -0.00399044 -0.00403508 -0.00407954 -0.00412382 -0.00416793 -0.00421187 -0.00425563 -0.00429921 -0.00434263 -0.00438587 -0.00442893 -0.00447182 -0.00451454
0.435 -0.00357086 -0.00361688 -0.00366273 -0.00370841 -0.00375391 -0.00379924 -0.00384439 -0.00388937 -0.00393418 -0.00397881 -0.00402327 -0.00406755 -0.00411166 -0.0041556 -0.00419936 -0.00424295 -0.00428636 -0.00432961 -0.00437268 -0.00441557 -0.00445829 -0.00450084
0.44 -0.00356171 -0.00360757 -0.00365325 -0.00369877 -0.00374411 -0.00378927 -0.00383426 -0.00387908 -0.00392373 -0.0039682 -0.0040125 -0.00405662 -0.00410057 -0.00414435 -0.00418796 -0.00423139 -0.00427465 -0.00431774 -0.00436065 -0.00440339 -0.00444596 -0.00448835
0.445 -0.00355407 -0.00359979 -0.00364534 -0.00369071 -0.00373591 -0.00378094 -0.0038258 -0.00387048 -0.00391499 -0.00395933 -0.00400349 -0.00404748 -0.0040913 -0.00413495 -0.00417842 -0.00422172 -0.00426485 -0.0043078 -0.00435059 -0.0043932 -0.00443564 -0.0044779
0.45 -0.00354843 -0.00359405 -0.00363949 -0.00368477 -0.00372987 -0.00377479 -0.00381954 -0.00386413 -0.00390853 -0.00395277 -0.00399683 -0.00404072 -0.00408444 -0.00412799 -0.00417136 -0.00421456 -0.00425759 -0.00430044 -0.00434313 -0.00438564 -0.00442798 -0.00447015
