0.005 -2.74956e-07 -0.00445343 -7.76365e-11
0.01 -1.27917e-06 -0.00449432 -7.54152e-10
0.015 -3.00261e-06 -0.00453035 -3.19569e-09
0.02 -5.08069e-06 -0.00455978 -7.25049e-09
0.025 -7.15912e-06 -0.00458103 -6.63336e-09
0.03 -8.89112e-06 -0.00459298 1.3893e-08
0.035 -9.995e-06 -0.00459514 7.33154e-08
0.04 -1.0301e-05 -0.00458766 1.83422e-07
0.045 -9.751e-06 -0.00457121 3.39733e-07
0.05 -8.43083e-06 -0.00454705 5.17117e-07
0.055 -6.59684e-06 -0.00451711 6.78297e-07
0.06 -4.60381e-06 -0.00448377 7.96591e-07
0.065 -2.87668e-06 -0.00444949 8.6163e-07
0.07 -1.98229e-06 -0.00441661 8.67774e-07
0.075 -2.58878e-06 -0.0043873 8.16889e-07
0.08 -5.32327e-06 -0.00436349 7.19222e-07
0.085 -1.07039e-05 -0.00434671 5.83217e-07
0.09 -1.91536e-05 -0.00433799 4.17524e-07
0.095 -3.106e-05 -0.00433773 2.45029e-07
0.1 -4.67897e-05 -0.00434575 1.16296e-07
0.105 -6.66136e-05 -0.00436133 1.05146e-07
0.11 -9.06726e-05 -0.00438333 2.75401e-07
0.115 -0.000119011 -0.00441024 6.54964e-07
0.12 -0.000151575 -0.00444029 1.25762e-06
0.125 -0.00018816 -0.00447155 2.11693e-06
0.13 -0.00022841 -0.00450207 3.28189e-06
0.135 -0.000271939 -0.00453003 4.78966e-06
0.14 -0.000318375 -0.0045538 6.64921e-06
0.145 -0.000367326 -0.00457206 8.84916e-06
0.15 -0.000418343 -0.00458383 1.13797e-05
0.155 -0.000470919 -0.00458854 1.4243e-05
0.16 -0.000524551 -0.00458607 1.74474e-05
0.165 -0.000578821 -0.00457675 2.09847e-05
0.17 -0.000633349 -0.00456137 2.47854e-05
0.175 -0.000687745 -0.00454114 2.87205e-05
0.18 -0.000741701 -0.00451761 3.26775e-05
0.185 -0.000794995 -0.00449248 3.65964e-05
0.19 -0.000847417 -0.00446753 4.04275e-05
0.195 -0.00089876 -0.00444447 4.40965e-05
0.2 -0.000948819 -0.00442482 4.75154e-05
0.205 -0.000997374 -0.00440984 5.06052e-05
0.21 -0.00104422 -0.00440045 5.33128e-05
0.215 -0.00108915 -0.00439715 5.56209e-05
0.22 -0.00113203 -0.00440004 5.75394e-05
0.225 -0.00117281 -0.00440879 5.90816e-05
0.23 -0.00121156 -0.00442273 6.0258e-05
0.235 -0.00124851 -0.00444084 6.10894e-05
0.24 -0.00128404 -0.00446191 6.16119e-05
0.245 -0.0013186 -0.00448453 6.18781e-05
0.25 -0.00135261 -0.00450725 6.1957e-05
0.255 -0.00138639 -0.00452866 6.19197e-05
0.26 -0.00142018 -0.00454748 6.18309e-05
0.265 -0.00145413 -0.00456261 6.17567e-05
0.27 -0.00148825 -0.0045732 6.17724e-05
0.275 -0.00152245 -0.0045787 6.19577e-05
0.28 -0.00155656 -0.00457889 6.2389e-05
0.285 -0.00159051 -0.00457386 6.31285e-05
0.29 -0.00162468 -0.00456406 6.42067e-05
0.295 -0.00165973 -0.00455028 6.56165e-05
0.3 -0.00169635 -0.00453357 6.73362e-05
0.305 -0.00173497 -0.00451518 6.93485e-05
0.31 -0.00177571 -0.00449643 7.16345e-05
0.315 -0.00181854 -0.00447861 7.41618e-05
0.32 -0.00186333 -0.0044629 7.6883e-05
0.325 -0.00190982 -0.00445034 7.97439e-05
0.33 -0.00195777 -0.00444171 8.26944e-05
0.335 -0.00200713 -0.00443751 8.56971e-05
0.34 -0.00205792 -0.00443792 8.87256e-05
0.345 -0.00211012 -0.00444282 9.17535e-05
0.35 -0.00216373 -0.00445181 9.4749e-05
0.355 -0.0022187 -0.00446424 9.76737e-05
0.36 -0.00227486 -0.00447926 0.000100488
0.365 -0.00233186 -0.00449586 0.000103163
0.37 -0.00238931 -0.00451297 0.000105695
0.375 -0.0024468 -0.0045295 0.000108098
0.38 -0.00250397 -0.00454447 0.000110389
0.385 -0.00256053 -0.00455697 0.000112576
0.39 -0.00261619 -0.00456631 0.000114669
0.395 -0.00267056 -0.00457198 0.000116684
0.4 -0.00272315 -0.00457371 0.00011865
0.405 -0.00277343 -0.00457149 0.000120602
0.41 -0.00282085 -0.00456558 0.00012256
0.415 -0.00286485 -0.00455646 0.00012452
0.42 -0.00290488 -0.00454482 0.00012646
0.425 -0.00294046 -0.00453153 0.000128365
0.43 -0.00297123 -0.00451753 0.000130224
0.435 -0.00299696 -0.00450382 0.00013201
0.44 -0.00301752 -0.00449133 0.00013368
0.445 -0.00303297 -0.00448087 0.000135191
0.45 -0.00304343 -0.00447311 0.000136501
