0.005 5.90475e-05
0.01 0.000142184
0.015 0.000124463
0.02 -4.65536e-05
0.025 -0.000360272
0.03 -0.000681509
0.035 -0.000809242
0.04 -0.000603021
0.045 -4.69572e-05
0.05 0.000672235
0.055 0.00124182
0.06 0.00160374
0.065 0.00185646
0.07 0.0019321
0.075 0.00188606
0.08 0.00180066
0.085 0.00156974
0.09 0.00102438
0.095 8.22663e-05
0.1 -0.00103997
0.105 -0.00183838
0.11 -0.00205084
0.115 -0.0019988
0.12 -0.00197375
0.125 -0.00180107
0.13 -0.00113768
0.135 0.000188103
0.14 0.00205074
0.145 0.00419688
0.15 0.00660553
0.155 0.0095076
0.16 0.0133255
0.165 0.0184724
0.17 0.0244856
0.175 0.0302562
0.18 0.0354917
0.185 0.0406314
0.19 0.0458373
0.195 0.0508523
0.2 0.0553178
0.205 0.0589344
0.21 0.0615455
0.215 0.0632886
0.22 0.0644358
0.225 0.0650336
0.23 0.0649808
0.235 0.0642937
0.24 0.0630239
0.245 0.0612878
0.25 0.0593645
0.255 0.0573921
0.26 0.0553444
0.265 0.0532634
0.27 0.0513184
0.275 0.0497499
0.28 0.0488265
0.285 0.0488593
0.29 0.0498931
0.295 0.051605
0.3 0.0537835
0.305 0.0564432
0.31 0.0596112
0.315 0.0632093
0.32 0.0670366
0.325 0.0708769
0.33 0.0745913
0.335 0.0781947
0.34 0.0817652
0.345 0.085323
0.35 0.0888194
0.355 0.0920988
0.36 0.0949041
0.365 0.0971031
0.37 0.0988215
0.375 0.100297
0.38 0.10166
0.385 0.102854
0.39 0.103826
0.395 0.104626
0.4 0.105432
0.405 0.106511
0.41 0.107969
0.415 0.109599
0.42 0.111146
0.425 0.112724
0.43 0.114511
0.435 0.116405
0.44 0.11825
0.445 0.119976
0.45 0.121512
8 -0.00122223 -0.00128634 -0.00135071 -0.00141535 -0.00148025 -0.00154543 -0.00161086 -0.00167657 -0.00174253 -0.00180874 -0.00187521 -0.0019419 -0.00200882 -0.00207596 -0.0021433 -0.00221082 -0.00227851 -0.00234636 -0.00241434 -0.00248244 -0.00255063 -0.0026189 -0.00268722 -0.00275557 -0.00282392 -0.00289225 -0.00296054 -0.00302876 -0.00309687 -0.00316486 -0.0032327 -0.00330034 -0.0033678 -0.00343508 -0.00350217
0.025 -0.000909398 -0.000972614 -0.00103605 -0.00109971 -0.00116361 -0.00122775 -0.00129216 -0.00135682 -0.00142175 -0.00148695 -0.00155241 -0.00161814 -0.00168414 -0.00175039 -0.0018169 -0.00188365 -0.00195064 -0.00201785 -0.00208528 -0.00215291 -0.00222072 -0.00228871 -0.00235684 -0.00242512 -0.00249351 -0.002562 -0.00263056 -0.00269918 -0.00276782 -0.00283647 -0.0029051 -0.00297369 -0.00304221 -0.00311062 -0.00317891 -0.00324704 -0.00331499 -0.00338276 -0.00345033 -0.00351772
0.03 -0.000911203 -0.000974611 -0.00103824 -0.00110209 -0.00116618 -0.00123053 -0.00129513 -0.00135999 -0.00142511 -0.00149051 -0.00155617 -0.00162209 -0.00168828 -0.00175473 -0.00182142 -0.00188837 -0.00195554 -0.00202295 -0.00209056 -0.00215838 -0.00222638 -0.00229454 -0.00236286 -0.00243132 -0.00249989 -0.00256855 -0.00263729 -0.00270608 -0.0027749 -0.00284372 -0.00291253 -0.00298128 -0.00304997 -0.00311855 -0.00318701 -0.00325531 -0.00332343 -0.00339135 -0.0034591 -0.00352665
0.035 -0.000911019 -0.000974465 -0.00103813 -0.00110202 -0.00116616 -0.00123054 -0.00129518 -0.00136009 -0.00142526 -0.0014907 -0.0015564 -0.00162238 -0.00168861 -0.00175511 -0.00182186 -0.00188886 -0.00195609 -0.00202355 -0.00209122 -0.00215909 -0.00222715 -0.00229538 -0.00236376 -0.00243228 -0.00250091 -0.00256964 -0.00263844 -0.00270729 -0.00277617 -0.00284506 -0.00291393 -0.00298275 -0.0030515 -0.00312015 -0.00318867 -0.00325704 -0.00332521 -0.00339321 -0.00346101 -0.00352863
0.04 -0.000909179 -0.000972539 -0.00103611 -0.00109992 -0.00116397 -0.00122826 -0.00129281 -0.00135762 -0.0014227 -0.00148805 -0.00155366 -0.00161954 -0.00168569 -0.00175209 -0.00181875 -0.00188565 -0.00195279 -0.00202015 -0.00208773 -0.00215551 -0.00222347 -0.0022916 -0.00235989 -0.00242831 -0.00249685 -0.00256548 -0.00263419 -0.00270295 -0.00277173 -0.00284053 -0.0029093 -0.00297803 -0.00304668 -0.00311523 -0.00318366 -0.00325193 -0.00332001 -0.00338791 -0.00345562 -0.00352314
0.045 -0.000906042 -0.000969217 -0.00103261 -0.00109623 -0.00116008 -0.00122419 -0.00128854 -0.00135316 -0.00141804 -0.00148319 -0.00154861 -0.00161429 -0.00168023 -0.00174642 -0.00181287 -0.00187956 -0.00194648 -0.00201363 -0.00208099 -0.00214854 -0.00221628 -0.00228418 -0.00235223 -0.00242042 -0.00248871 -0.0025571 -0.00262556 -0.00269406 -0.00276259 -0.00283113 -0.00289963 -0.00296809 -0.00303646 -0.00310473 -0.00317287 -0.00324085 -0.00330864 -0.00337625 -0.00344367 -0.00351091
0.05 -0.000902334 -0.000965266 -0.00102841 -0.00109178 -0.00115539 -0.00121924 -0.00128335 -0.00134771 -0.00141233 -0.00147721 -0.00154236 -0.00160776 -0.00167342 -0.00173933 -0.00180549 -0.00187188 -0.0019385 -0.00200534 -0.00207238 -0.00213962 -0.00220702 -0.00227459 -0.0023423 -0.00241013 -0.00247807 -0.00254609 -0.00261417 -0.00268229 -0.00275042 -0.00281855 -0.00288664 -0.00295466 -0.00302261 -0.00309043 -0.00315811 -0.00322563 -0.00329295 -0.0033601 -0.00342706 -0.00349384
0.055 -0.000897965 -0.000960611 -0.00102347 -0.00108654 -0.00114985 -0.0012134 -0.0012772 -0.00134125 -0.00140555 -0.00147011 -0.00153492 -0.00159999 -0.00166531 -0.00173087 -0.00179668 -0.00186271 -0.00192896 -0.00199542 -0.00206208 -0.00212892 -0.00219593 -0.00226309 -0.00233039 -0.00239779 -0.0024653 -0.00253287 -0.0026005 -0.00266815 -0.00273582 -0.00280346 -0.00287105 -0.00293858 -0.003006 -0.0030733 -0.00314045 -0.00320742 -0.0032742 -0.0033408 -0.00340722 -0.00347345
0.06 -0.000892762 -0.00095507 -0.00101759 -0.00108032 -0.00114328 -0.00120648 -0.00126992 -0.00133361 -0.00139755 -0.00146174 -0.00152618 -0.00159087 -0.0016558 -0.00172098 -0.00178638 -0.00185201 -0.00191786 -0.0019839 -0.00205014 -0.00211655 -0.00218312 -0.00224983 -0.00231666 -0.00238361 -0.00245063 -0.00251772 -0.00258486 -0.00265201 -0.00271915 -0.00278627 -0.00285332 -0.0029203 -0.00298716 -0.00305389 -0.00312046 -0.00318684 -0.00325303 -0.00331905 -0.00338488 -0.00345053
0.065 -0.000887514 -0.000949457 -0.0010116 -0.00107397 -0.00113655 -0.00119937 -0.00126243 -0.00132573 -0.00138928 -0.00145307 -0.00151711 -0.00158139 -0.00164591 -0.00171066 -0.00177564 -0.00184084 -0.00190624 -0.00197184 -0.00203762 -0.00210356 -0.00216966 -0.00223589 -0.00230223 -0.00236867 -0.00243519 -0.00250176 -0.00256836 -0.00263496 -0.00270155 -0.0027681 -0.00283458 -0.00290097 -0.00296724 -0.00303336 -0.0030993 -0.00316506 -0.00323064 -0.00329604 -0.00336125 -0.00342629
0.07 -0.00088261 -0.000944203 -0.001006 -0.001068 -0.00113022 -0.00119268 -0.00125536 -0.00131829 -0.00138145 -0.00144485 -0.0015085 -0.00157238 -0.00163649 -0.00170083 -0.00176539 -0.00183016 -0.00189513 -0.00196028 -0.00202561 -0.00209109 -0.00215672 -0.00222247 -0.00228833 -0.00235428 -0.00242029 -0.00248634 -0.00255241 -0.00261848 -0.00268453 -0.00275052 -0.00281643 -0.00288224 -0.00294792 -0.00301344 -0.00307879 -0.00314394 -0.00320892 -0.00327371 -0.00333833 -0.00340276
0.075 -0.00087831 -0.000939589 -0.00100107 -0.00106275 -0.00112465 -0.00118678 -0.00124913 -0.00131172 -0.00137454 -0.00143761 -0.0015009 -0.00156443 -0.00162819 -0.00169216 -0.00175635 -0.00182074 -0.00188533 -0.00195009 -0.00201502 -0.0020801 -0.00214532 -0.00221065 -0.00227608 -0.00234158 -0.00240715 -0.00247274 -0.00253835 -0.00260395 -0.00266951 -0.00273501 -0.00280042 -0.00286572 -0.00293088 -0.00299587 -0.00306068 -0.0031253 -0.00318975 -0.00325401 -0.00331809 -0.003382
0.08 -0.000875069 -0.000936095 -0.000997315 -0.00105874 -0.00112038 -0.00118224 -0.00124433 -0.00130665 -0.0013692 -0.00143198 -0.00149499 -0.00155823 -0.0016217 -0.00168538 -0.00174926 -0.00181335 -0.00187762 -0.00194207 -0.00200667 -0.00207142 -0.0021363 -0.00220129 -0.00226637 -0.00233152 -0.00239672 -0.00246195 -0.00252718 -0.00259239 -0.00265756 -0.00272265 -0.00278766 -0.00285254 -0.00291727 -0.00298184 -0.00304622 -0.00311041 -0.00317442 -0.00323825 -0.0033019 -0.00336538
0.085 -0.000872985 -0.000933836 -0.000994879 -0.00105613 -0.00111758 -0.00117926 -0.00124116 -0.00130329 -0.00136565 -0.00142824 -0.00149105 -0.00155409 -0.00161735 -0.00168082 -0.0017445 -0.00180836 -0.00187242 -0.00193664 -0.00200101 -0.00206553 -0.00213017 -0.00219491 -0.00225974 -0.00232464 -0.00238958 -0.00245454 -0.0025195 -0.00258443 -0.00264931 -0.00271412 -0.00277883 -0.00284341 -0.00290784 -0.00297209 -0.00303616 -0.00310004 -0.00316374 -0.00322726 -0.0032906 -0.00335377
0.09 -0.000872078 -0.000932835 -0.000993784 -0.00105493 -0.0011163 -0.00117788 -0.00123968 -0.00130171 -0.00136397 -0.00142645 -0.00148916 -0.00155209 -0.00161525 -0.00167861 -0.00174217 -0.00180592 -0.00186986 -0.00193396 -0.00199821 -0.00206261 -0.00212712 -0.00219173 -0.00225643 -0.00232119 -0.00238599 -0.00245081 -0.00251562 -0.00258041 -0.00264514 -0.0027098 -0.00277434 -0.00283876 -0.00290303 -0.00296712 -0.00303103 -0.00309474 -0.00315827 -0.00322162 -0.0032848 -0.0033478
0.095 -0.000872514 -0.000933266 -0.00099421 -0.00105536 -0.00111671 -0.00117829 -0.00124008 -0.00130211 -0.00136436 -0.00142684 -0.00148955 -0.00155247 -0.00161562 -0.00167897 -0.00174253 -0.00180628 -0.00187021 -0.0019343 -0.00199855 -0.00206293 -0.00212744 -0.00219205 -0.00225674 -0.00232149 -0.00238628 -0.00245109 -0.00251589 -0.00258067 -0.00264539 -0.00271003 -0.00277456 -0.00283897 -0.00290322 -0.0029673 -0.00303119 -0.00309488 -0.0031584 -0.00322174 -0.00328491 -0.00334789
0.1 -0.000874434 -0.00093528 -0.000996318 -0.00105756 -0.00111901 -0.00118069 -0.00124258 -0.0013047 -0.00136705 -0.00142963 -0.00149244 -0.00155547 -0.00161872 -0.00168218 -0.00174584 -0.00180969 -0.00187372 -0.00193793 -0.00200228 -0.00206678 -0.00213139 -0.00219611 -0.00226091 -0.00232577 -0.00239067 -0.0024556 -0.00252052 -0.00258541 -0.00265025 -0.00271501 -0.00277966 -0.00284419 -0.00290857 -0.00297277 -0.00303679 -0.00310061 -0.00316426 -0.00322773 -0.00329102 -0.00335414
0.105 -0.000877795 -0.000938837 -0.00100007 -0.00106151 -0.00112316 -0.00118504 -0.00124713 -0.00130946 -0.00137201 -0.0014348 -0.00149781 -0.00156104 -0.0016245 -0.00168817 -0.00175204 -0.00181611 -0.00188035 -0.00194477 -0.00200934 -0.00207405 -0.00213888 -0.00220382 -0.00226884 -0.00233393 -0.00239906 -0.00246421 -0.00252936 -0.00259448 -0.00265955 -0.00272454 -0.00278944 -0.0028542 -0.00291882 -0.00298328 -0.00304755 -0.00311163 -0.00317553 -0.00323926 -0.00330281 -0.00336618
0.11 -0.00088229 -0.000943615 -0.00100513 -0.00106686 -0.0011288 -0.00119096 -0.00125335 -0.00131597 -0.00137881 -0.0014419 -0.00150521 -0.00156874 -0.0016325 -0.00169647 -0.00176065 -0.00182502 -0.00188957 -0.0019543 -0.00201919 -0.00208421 -0.00214936 -0.00221462 -0.00227996 -0.00234537 -0.00241082 -0.0024763 -0.00254178 -0.00260723 -0.00267264 -0.00273797 -0.00280321 -0.00286833 -0.0029333 -0.00299811 -0.00306274 -0.0031272 -0.00319147 -0.00325557 -0.00331949 -0.00338323
0.115 -0.000887608 -0.000949281 -0.00101115 -0.00107323 -0.00113552 -0.00119804 -0.00126079 -0.00132377 -0.00138698 -0.00145043 -0.00151411 -0.00157802 -0.00164215 -0.0017065 -0.00177105 -0.00183581 -0.00190075 -0.00196586 -0.00203114 -0.00209655 -0.0021621 -0.00222775 -0.0022935 -0.00235931 -0.00242517 -0.00249106 -0.00255695 -0.00262282 -0.00268865 -0.00275441 -0.00282008 -0.00288563 -0.00295105 -0.0030163 -0.00308139 -0.00314631 -0.00321104 -0.0032756 -0.00333997 -0.00340417
0.12 -0.000893535 -0.000955603 -0.00101787 -0.00108035 -0.00114305 -0.00120597 -0.00126913 -0.00133252 -0.00139614 -0.00146001 -0.00152411 -0.00158844 -0.00165299 -0.00171777 -0.00178276 -0.00184794 -0.00191332 -0.00197888 -0.00204459 -0.00211046 -0.00217645 -0.00224256 -0.00230876 -0.00237503 -0.00244135 -0.00250771 -0.00257407 -0.00264042 -0.00270672 -0.00277296 -0.00283912 -0.00290516 -0.00297108 -0.00303684 -0.00310244 -0.00316787 -0.00323312 -0.00329818 -0.00336307 -0.00342778
0.125 -0.000899751 -0.000962244 -0.00102494 -0.00108785 -0.00115097 -0.00121433 -0.00127793 -0.00134176 -0.00140583 -0.00147013 -0.00153468 -0.00159946 -0.00166447 -0.00172971 -0.00179515 -0.00186081 -0.00192665 -0.00199267 -0.00205886 -0.0021252 -0.00219167 -0.00225826 -0.00232494 -0.0023917 -0.00245852 -0.00252537 -0.00259223 -0.00265908 -0.00272589 -0.00279264 -0.00285931 -0.00292588 -0.00299231 -0.00305861 -0.00312474 -0.00319071 -0.0032565 -0.0033221 -0.00338753 -0.00345277
0.13 -0.000905876 -0.000968797 -0.00103192 -0.00109526 -0.00115883 -0.00122262 -0.00128666 -0.00135093 -0.00141545 -0.00148021 -0.00154521 -0.00161044 -0.00167591 -0.00174161 -0.00180752 -0.00187364 -0.00193995 -0.00200645 -0.00207311 -0.00213993 -0.00220689 -0.00227396 -0.00234113 -0.00240838 -0.00247569 -0.00254304 -0.0026104 -0.00267775 -0.00274507 -0.00281234 -0.00287953 -0.00294661 -0.00301358 -0.0030804 -0.00314707 -0.00321357 -0.00327989 -0.00334603 -0.00341199 -0.00347777
0.135 -0.000911577 -0.000974905 -0.00103844 -0.00110219 -0.00116617 -0.00123038 -0.00129484 -0.00135953 -0.00142448 -0.00148966 -0.00155509 -0.00162076 -0.00168667 -0.0017528 -0.00181916 -0.00188572 -0.00195248 -0.00201943 -0.00208655 -0.00215382 -0.00222124 -0.00228877 -0.00235641 -0.00242413 -0.00249191 -0.00255973 -0.00262756 -0.0026954 -0.0027632 -0.00283095 -0.00289863 -0.00296621 -0.00303367 -0.00310099 -0.00316816 -0.00323517 -0.003302 -0.00336864 -0.0034351 -0.00350138
0.14 -0.000916532 -0.000980228 -0.00104413 -0.00110826 -0.00117261 -0.0012372 -0.00130203 -0.00136711 -0.00143243 -0.001498 -0.00156382 -0.00162988 -0.00169618 -0.0017627 -0.00182945 -0.00189642 -0.00196358 -0.00203093 -0.00209846 -0.00216614 -0.00223397 -0.00230191 -0.00236997 -0.00243811 -0.00250631 -0.00257455 -0.00264281 -0.00271107 -0.00277931 -0.00284749 -0.0029156 -0.00298362 -0.00305153 -0.00311929 -0.00318691 -0.00325437 -0.00332164 -0.00338873 -0.00345564 -0.00352236
0.145 -0.000920508 -0.000984511 -0.00104872 -0.00111316 -0.00117783 -0.00124273 -0.00130788 -0.00137328 -0.00143892 -0.00150482 -0.00157096 -0.00163734 -0.00170397 -0.00177083 -0.00183791 -0.00190521 -0.00197271 -0.0020404 -0.00210826 -0.00217629 -0.00224446 -0.00231275 -0.00238115 -0.00244964 -0.0025182 -0.00258679 -0.00265541 -0.00272403 -0.00279262 -0.00286117 -0.00292964 -0.00299803 -0.0030663 -0.00313443 -0.00320242 -0.00327025 -0.00333789 -0.00340536 -0.00347264 -0.00353973
0.15 -0.000923375 -0.00098761 -0.00105206 -0.00111673 -0.00118163 -0.00124677 -0.00131216 -0.0013778 -0.00144369 -0.00150983 -0.00157622 -0.00164285 -0.00170973 -0.00177684 -0.00184417 -0.00191172 -0.00197948 -0.00204742 -0.00211555 -0.00218383 -0.00225226 -0.00232082 -0.00238949 -0.00245824 -0.00252706 -0.00259593 -0.00266482 -0.00273371 -0.00280258 -0.0028714 -0.00294015 -0.00300881 -0.00307735 -0.00314577 -0.00321404 -0.00328215 -0.00335008 -0.00341782 -0.00348538 -0.00355276
0.155 -0.000925034 -0.000989419 -0.00105402 -0.00111884 -0.00118389 -0.00124919 -0.00131473 -0.00138052 -0.00144657 -0.00151287 -0.00157941 -0.00164621 -0.00171324 -0.00178052 -0.00184801 -0.00191573 -0.00198365 -0.00205176 -0.00212005 -0.00218851 -0.00225711 -0.00232584 -0.00239467 -0.0024636 -0.0025326 -0.00260164 -0.0026707 -0.00273977 -0.00280881 -0.00287781 -0.00294674 -0.00301558 -0.00308431 -0.00315291 -0.00322136 -0.00328965 -0.00335776 -0.00342569 -0.00349344 -0.003561
0.16 -0.00092546 -0.000989907 -0.00105457 -0.00111945 -0.00118457 -0.00124993 -0.00131554 -0.0013814 -0.00144751 -0.00151387 -0.00158049 -0.00164735 -0.00171446 -0.0017818 -0.00184937 -0.00191715 -0.00198514 -0.00205333 -0.00212169 -0.00219022 -0.00225889 -0.00232769 -0.00239661 -0.00246561 -0.00253468 -0.0026038 -0.00267294 -0.00274209 -0.00281121 -0.00288029 -0.0029493 -0.00301822 -0.00308703 -0.0031557 -0.00322424 -0.00329261 -0.00336081 -0.00342881 -0.00349664 -0.00356428
0.165 -0.000924774 -0.000989202 -0.00105384 -0.00111871 -0.00118381 -0.00124915 -0.00131474 -0.00138058 -0.00144667 -0.00151302 -0.00157961 -0.00164646 -0.00171354 -0.00178086 -0.00184841 -0.00191618 -0.00198415 -0.00205232 -0.00212066 -0.00218917 -0.00225782 -0.00232661 -0.0023955 -0.00246448 -0.00253353 -0.00260263 -0.00267175 -0.00274088 -0.00280998 -0.00287904 -0.00294803 -0.00301693 -0.00308572 -0.00315438 -0.00322289 -0.00329125 -0.00335942 -0.00342741 -0.00349522 -0.00356284
0.17 -0.000923268 -0.000987613 -0.00105217 -0.00111695 -0.00118197 -0.00124722 -0.00131272 -0.00137847 -0.00144448 -0.00151073 -0.00157724 -0.00164399 -0.00171098 -0.00177821 -0.00184567 -0.00191334 -0.00198122 -0.00204928 -0.00211753 -0.00218594 -0.00225449 -0.00232317 -0.00239196 -0.00246084 -0.00252979 -0.00259878 -0.00266779 -0.00273681 -0.0028058 -0.00287474 -0.00294362 -0.0030124 -0.00308107 -0.00314961 -0.003218 -0.00328623 -0.00335428 -0.00342215 -0.00348983 -0.00355734
0.175 -0.000921243 -0.00098546 -0.00104989 -0.00111454 -0.00117942 -0.00124454 -0.00130991 -0.00137553 -0.00144139 -0.00150751 -0.00157387 -0.00164048 -0.00170733 -0.00177441 -0.00184172 -0.00190924 -0.00197696 -0.00204487 -0.00211296 -0.00218121 -0.00224959 -0.00231811 -0.00238673 -0.00245543 -0.0025242 -0.00259301 -0.00266185 -0.00273067 -0.00279948 -0.00286823 -0.00293691 -0.00300549 -0.00307396 -0.00314229 -0.00321047 -0.00327848 -0.00334631 -0.00341397 -0.00348144 -0.00354873
0.18 -0.000918852 -0.000982912 -0.00104718 -0.00111167 -0.00117639 -0.00124135 -0.00130655 -0.001372 -0.0014377 -0.00150364 -0.00156983 -0.00163626 -0.00170293 -0.00176983 -0.00183695 -0.00190428 -0.00197181 -0.00203952 -0.00210741 -0.00217545 -0.00224363 -0.00231193 -0.00238034 -0.00244882 -0.00251737 -0.00258595 -0.00265455 -0.00272314 -0.0027917 -0.0028602 -0.00292863 -0.00299696 -0.00306516 -0.00313322 -0.00320113 -0.00326886 -0.00333642 -0.0034038 -0.00347099 -0.00353801
0.185 -0.000916244 -0.000980128 -0.00104422 -0.00110853 -0.00117307 -0.00123785 -0.00130287 -0.00136813 -0.00143363 -0.00149938 -0.00156538 -0.00163161 -0.00169808 -0.00176477 -0.00183168 -0.0018988 -0.00196611 -0.00203361 -0.00210127 -0.00216909 -0.00223704 -0.00230511 -0.00237327 -0.00244151 -0.00250981 -0.00257814 -0.00264648 -0.0027148 -0.00278309 -0.00285132 -0.00291947 -0.00298751 -0.00305542 -0.00312318 -0.00319079 -0.00325822 -0.00332547 -0.00339254 -0.00345943 -0.00352614
0.19 -0.000913683 -0.000977388 -0.0010413 -0.00110543 -0.00116978 -0.00123437 -0.0012992 -0.00136427 -0.00142958 -0.00149514 -0.00156093 -0.00162696 -0.00169322 -0.00175971 -0.00182641 -0.00189331 -0.00196041 -0.00202768 -0.00209512 -0.00216271 -0.00223042 -0.00229825 -0.00236617 -0.00243416 -0.00250221 -0.00257028 -0.00263835 -0.00270641 -0.00277443 -0.00284238 -0.00291024 -0.00297798 -0.0030456 -0.00311306 -0.00318036 -0.00324748 -0.00331442 -0.00338118 -0.00344777 -0.00351417
0.195 -0.000911437 -0.000974978 -0.00103872 -0.00110268 -0.00116687 -0.00123129 -0.00129594 -0.00136083 -0.00142597 -0.00149134 -0.00155695 -0.0016228 -0.00168887 -0.00175516 -0.00182167 -0.00188837 -0.00195527 -0.00202234 -0.00208957 -0.00215694 -0.00222444 -0.00229205 -0.00235974 -0.0024275 -0.00249531 -0.00256314 -0.00263098 -0.00269878 -0.00276655 -0.00283424 -0.00290183 -0.00296931 -0.00303665 -0.00310384 -0.00317085 -0.00323769 -0.00330434 -0.00337082 -0.00343712 -0.00350324
0.2 -0.000909708 -0.000973115 -0.00103673 -0.00110055 -0.0011646 -0.00122888 -0.00129339 -0.00135814 -0.00142313 -0.00148835 -0.00155382 -0.00161951 -0.00168543 -0.00175157 -0.00181791 -0.00188446 -0.00195118 -0.00201809 -0.00208514 -0.00215234 -0.00221967 -0.00228709 -0.0023546 -0.00242218 -0.00248979 -0.00255743 -0.00262506 -0.00269267 -0.00276022 -0.0028277 -0.00289508 -0.00296233 -0.00302945 -0.00309641 -0.00316319 -0.00322979 -0.00329621 -0.00336246 -0.00342853 -0.00349442
0.205 -0.00090867 -0.000971986 -0.00103551 -0.00109924 -0.00116319 -0.00122738 -0.00129179 -0.00135645 -0.00142134 -0.00148646 -0.00155183 -0.00161742 -0.00168323 -0.00174926 -0.0018155 -0.00188194 -0.00194856 -0.00201534 -0.00208229 -0.00214937 -0.00221657 -0.00228387 -0.00235126 -0.00241871 -0.00248619 -0.00255369 -0.00262119 -0.00268866 -0.00275607 -0.0028234 -0.00289063 -0.00295774 -0.0030247 -0.0030915 -0.00315813 -0.00322457 -0.00329083 -0.00335692 -0.00342283 -0.00348857
0.21 -0.000908442 -0.000971722 -0.0010352 -0.0010989 -0.00116281 -0.00122696 -0.00129134 -0.00135595 -0.0014208 -0.00148589 -0.00155121 -0.00161676 -0.00168253 -0.00174852 -0.00181471 -0.0018811 -0.00194767 -0.00201441 -0.0020813 -0.00214833 -0.00221548 -0.00228274 -0.00235007 -0.00241746 -0.00248489 -0.00255234 -0.00261977 -0.00268718 -0.00275453 -0.0028218 -0.00288897 -0.00295601 -0.0030229 -0.00308964 -0.00315619 -0.00322256 -0.00328876 -0.00335478 -0.00342062 -0.00348629
0.215 -0.000909095 -0.000972397 -0.0010359 -0.00109962 -0.00116356 -0.00122772 -0.00129213 -0.00135676 -0.00142164 -0.00148675 -0.00155209 -0.00161766 -0.00168346 -0.00174947 -0.00181569 -0.0018821 -0.00194869 -0.00201546 -0.00208238 -0.00214943 -0.00221661 -0.00228388 -0.00235124 -0.00241866 -0.00248611 -0.00255358 -0.00262104 -0.00268847 -0.00275585 -0.00282314 -0.00289033 -0.0029574 -0.00302432 -0.00309108 -0.00315766 -0.00322406 -0.00329028 -0.00335632 -0.00342219 -0.00348788
0.22 -0.000910686 -0.000974073 -0.00103766 -0.00110147 -0.00116549 -0.00122975 -0.00129424 -0.00135897 -0.00142393 -0.00148913 -0.00155457 -0.00162023 -0.00168612 -0.00175222 -0.00181854 -0.00188504 -0.00195174 -0.0020186 -0.00208561 -0.00215277 -0.00222004 -0.00228742 -0.00235487 -0.00242239 -0.00248995 -0.00255752 -0.00262509 -0.00269263 -0.00276011 -0.00282751 -0.00289481 -0.00296199 -0.00302902 -0.00309589 -0.00316259 -0.00322911 -0.00329544 -0.00336161 -0.00342759 -0.0034934
0.225 -0.000913195 -0.000976732 -0.00104047 -0.00110443 -0.00116861 -0.00123302 -0.00129766 -0.00136255 -0.00142767 -0.00149302 -0.00155862 -0.00162444 -0.00169049 -0.00175676 -0.00182323 -0.00188991 -0.00195676 -0.00202379 -0.00209097 -0.0021583 -0.00222574 -0.00229329 -0.00236092 -0.00242861 -0.00249634 -0.00256409 -0.00263184 -0.00269955 -0.00276722 -0.0028348 -0.00290229 -0.00296966 -0.00303688 -0.00310394 -0.00317084 -0.00323756 -0.0033041 -0.00337046 -0.00343665 -0.00350266
0.23 -0.00091647 -0.000980215 -0.00104416 -0.00110833 -0.00117272 -0.00123734 -0.0013022 -0.0013673 -0.00143264 -0.00149821 -0.00156402 -0.00163007 -0.00169634 -0.00176283 -0.00182953 -0.00189643 -0.00196351 -0.00203077 -0.00209818 -0.00216574 -0.00223342 -0.0023012 -0.00236907 -0.002437 -0.00250497 -0.00257297 -0.00264096 -0.00270892 -0.00277683 -0.00284467 -0.00291242 -0.00298004 -0.00304753 -0.00311486 -0.00318202 -0.00324902 -0.00331583 -0.00338247 -0.00344893 -0.00351521
0.235 -0.000920321 -0.000984319 -0.00104852 -0.00111294 -0.00117759 -0.00124247 -0.00130759 -0.00137295 -0.00143855 -0.00150439 -0.00157047 -0.00163679 -0.00170333 -0.00177009 -0.00183707 -0.00190424 -0.00197161 -0.00203914 -0.00210684 -0.00217468 -0.00224264 -0.00231071 -0.00237887 -0.0024471 -0.00251537 -0.00258366 -0.00265195 -0.00272021 -0.00278843 -0.00285658 -0.00292464 -0.00299258 -0.00306038 -0.00312804 -0.00319554 -0.00326286 -0.00333001 -0.00339698 -0.00346377 -0.00353038
0.24 -0.000924559 -0.000988841 -0.00105333 -0.00111804 -0.00118298 -0.00124815 -0.00131356 -0.00137922 -0.00144511 -0.00151125 -0.00157764 -0.00164425 -0.0017111 -0.00177817 -0.00184545 -0.00191294 -0.00198062 -0.00204847 -0.00211648 -0.00218464 -0.00225293 -0.00232133 -0.00238981 -0.00245837 -0.00252697 -0.0025956 -0.00266423 -0.00273283 -0.0028014 -0.0028699 -0.0029383 -0.0030066 -0.00307476 -0.00314278 -0.00321064 -0.00327834 -0.00334586 -0.00341319 -0.00348035 -0.00354734
0.245 -0.00092893 -0.000993514 -0.00105831 -0.00112332 -0.00118857 -0.00125405 -0.00131977 -0.00138574 -0.00145196 -0.00151841 -0.00158511 -0.00165205 -0.00171922 -0.00178662 -0.00185423 -0.00192205 -0.00199006 -0.00205824 -0.0021266 -0.00219509 -0.00226372 -0.00233246 -0.0024013 -0.0024702 -0.00253915 -0.00260814 -0.00267712 -0.00274609 -0.00281502 -0.00288388 -0.00295266 -0.00302133 -0.00308987 -0.00315827 -0.00322651 -0.00329459 -0.00336249 -0.00343021 -0.00349776 -0.00356512
0.25 -0.000933177 -0.000998065 -0.00106317 -0.00112849 -0.00119404 -0.00125984 -0.00132587 -0.00139215 -0.00145868 -0.00152546 -0.00159248 -0.00165974 -0.00172724 -0.00179496 -0.0018629 -0.00193105 -0.00199939 -0.00206792 -0.0021366 -0.00220544 -0.00227441 -0.0023435 -0.00241268 -0.00248193 -0.00255123 -0.00262057 -0.00268991 -0.00275924 -0.00282853 -0.00289776 -0.0029669 -0.00303594 -0.00310486 -0.00317363 -0.00324225 -0.00331071 -0.003379 -0.0034471 -0.00351503 -0.00358277
0.255 -0.000937094 -0.00100227 -0.00106766 -0.00113327 -0.00119911 -0.0012652 -0.00133153 -0.00139811 -0.00146494 -0.00153202 -0.00159934 -0.00166691 -0.00173471 -0.00180274 -0.001871 -0.00193946 -0.00200811 -0.00207695 -0.00214596 -0.00221512 -0.00228441 -0.00235382 -0.00242333 -0.00249291 -0.00256254 -0.00263221 -0.00270189 -0.00277156 -0.00284119 -0.00291076 -0.00298025 -0.00304964 -0.00311891 -0.00318804 -0.00325702 -0.00332584 -0.00339448 -0.00346294 -0.00353122 -0.00359933
0.26 -0.000940481 -0.00100591 -0.00107155 -0.00113742 -0.00120352 -0.00126987 -0.00133646 -0.00140331 -0.0014704 -0.00153775 -0.00160534 -0.00167318 -0.00174125 -0.00180956 -0.00187808 -0.00194682 -0.00201576 -0.00208488 -0.00215417 -0.00222361 -0.00229319 -0.00236289 -0.00243269 -0.00250256 -0.00257249 -0.00264246 -0.00271244 -0.0027824 -0.00285233 -0.00292221 -0.00299201 -0.00306171 -0.00313129 -0.00320073 -0.00327003 -0.00333917 -0.00340812 -0.0034769 -0.0035455 -0.00361393
0.265 -0.000943165 -0.0010088 -0.00107465 -0.00114073 -0.00120705 -0.00127361 -0.00134042 -0.00140748 -0.00147479 -0.00154236 -0.00161017 -0.00167823 -0.00174653 -0.00181506 -0.00188382 -0.00195278 -0.00202195 -0.0020913 -0.00216082 -0.0022305 -0.00230032 -0.00237025 -0.00244029 -0.0025104 -0.00258058 -0.00265079 -0.00272101 -0.00279122 -0.0028614 -0.00293153 -0.00300158 -0.00307154 -0.00314137 -0.00321108 -0.00328064 -0.00335003 -0.00341925 -0.00348829 -0.00355715 -0.00362583
0.27 -0.000945025 -0.00101081 -0.00107682 -0.00114306 -0.00120953 -0.00127625 -0.00134321 -0.00141043 -0.00147791 -0.00154563 -0.00161361 -0.00168183 -0.0017503 -0.001819 -0.00188792 -0.00195705 -0.00202639 -0.00209591 -0.00216561 -0.00223546 -0.00230545 -0.00237556 -0.00244577 -0.00251607 -0.00258642 -0.00265681 -0.00272721 -0.00279761 -0.00286798 -0.00293829 -0.00300853 -0.00307867 -0.0031487 -0.00321859 -0.00328834 -0.00335793 -0.00342734 -0.00349657 -0.00356563 -0.0036345
0.275 -0.000945993 -0.00101187 -0.00107797 -0.0011443 -0.00121087 -0.00127768 -0.00134474 -0.00141206 -0.00147963 -0.00154745 -0.00161553 -0.00168385 -0.00175242 -0.00182121 -0.00189024 -0.00195947 -0.00202891 -0.00209854 -0.00216834 -0.00223829 -0.00230839 -0.00237861 -0.00244893 -0.00251933 -0.00258979 -0.00266029 -0.00273081 -0.00280132 -0.00287179 -0.00294222 -0.00301257 -0.00308283 -0.00315297 -0.00322299 -0.00329285 -0.00336256 -0.00343209 -0.00350144 -0.00357061 -0.0036396
0.28 -0.000946059 -0.00101197 -0.0010781 -0.00114446 -0.00121105 -0.00127789 -0.00134499 -0.00141233 -0.00147993 -0.00154778 -0.00161589 -0.00168424 -0.00175284 -0.00182167 -0.00189073 -0.00196 -0.00202947 -0.00209913 -0.00216896 -0.00223895 -0.00230908 -0.00237934 -0.00244969 -0.00252013 -0.00259063 -0.00266116 -0.00273172 -0.00280226 -0.00287278 -0.00294324 -0.00301363 -0.00308393 -0.00315411 -0.00322417 -0.00329407 -0.00336382 -0.00343339 -0.00350278 -0.003572 -0.00364103
0.285 -0.000945324 -0.0010112 -0.0010773 -0.00114363 -0.0012102 -0.00127701 -0.00134407 -0.00141138 -0.00147895 -0.00154677 -0.00161485 -0.00168317 -0.00175173 -0.00182053 -0.00188955 -0.00195879 -0.00202823 -0.00209785 -0.00216765 -0.00223761 -0.00230771 -0.00237792 -0.00244825 -0.00251865 -0.00258911 -0.00265961 -0.00273013 -0.00280064 -0.00287112 -0.00294155 -0.0030119 -0.00308216 -0.0031523 -0.00322232 -0.00329218 -0.00336189 -0.00343142 -0.00350078 -0.00356995 -0.00363895
0.29 -0.000944012 -0.00100982 -0.00107584 -0.00114209 -0.00120857 -0.0012753 -0.00134229 -0.00140952 -0.00147701 -0.00154475 -0.00161274 -0.00168097 -0.00174945 -0.00181816 -0.0018871 -0.00195625 -0.00202559 -0.00209513 -0.00216484 -0.0022347 -0.0023047 -0.00237483 -0.00244505 -0.00251535 -0.00258571 -0.00265611 -0.00272653 -0.00279693 -0.0028673 -0.00293762 -0.00300786 -0.00307801 -0.00314804 -0.00321794 -0.00328769 -0.00335727 -0.00342668 -0.00349592 -0.00356497 -0.00363385
0.295 -0.000942303 -0.001008 -0.00107391 -0.00114005 -0.00120642 -0.00127304 -0.00133991 -0.00140702 -0.00147439 -0.00154201 -0.00160988 -0.001678 -0.00174635 -0.00181494 -0.00188374 -0.00195276 -0.00202198 -0.00209138 -0.00216095 -0.00223067 -0.00230053 -0.00237051 -0.00244059 -0.00251074 -0.00258095 -0.0026512 -0.00272145 -0.0027917 -0.0028619 -0.00293205 -0.00300213 -0.0030721 -0.00314195 -0.00321167 -0.00328123 -0.00335063 -0.00341986 -0.0034889 -0.00355777 -0.00362647
0.3 -0.00094031 -0.00100587 -0.00107165 -0.00113766 -0.0012039 -0.00127038 -0.00133711 -0.00140408 -0.00147131 -0.00153879 -0.00160651 -0.00167448 -0.00174268 -0.00181111 -0.00187976 -0.00194862 -0.00201768 -0.00208692 -0.00215632 -0.00222588 -0.00229556 -0.00236537 -0.00243526 -0.00250523 -0.00257526 -0.00264531 -0.00271537 -0.00278542 -0.00285542 -0.00292537 -0.00299523 -0.00306499 -0.00313462 -0.00320412 -0.00327345 -0.00334262 -0.00341162 -0.00348043 -0.00354907 -0.00361754
0.305 -0.000938189 -0.00100361 -0.00106924 -0.0011351 -0.00120119 -0.00126752 -0.0013341 -0.00140092 -0.00146799 -0.00153531 -0.00160287 -0.00167068 -0.00173872 -0.00180698 -0.00187546 -0.00194415 -0.00201303 -0.00208208 -0.00215131 -0.00222068 -0.00229017 -0.00235978 -0.00242948 -0.00249925 -0.00256907 -0.00263892 -0.00270877 -0.00277859 -0.00284838 -0.0029181 -0.00298773 -0.00305725 -0.00312665 -0.00319589 -0.00326498 -0.0033339 -0.00340264 -0.00347121 -0.0035396 -0.00360781
0.31 -0.000936133 -0.00100141 -0.0010669 -0.00113261 -0.00119855 -0.00126473 -0.00133115 -0.00139782 -0.00146473 -0.00153189 -0.0015993 -0.00166694 -0.00173481 -0.0018029 -0.00187121 -0.00193973 -0.00200843 -0.0020773 -0.00214634 -0.00221552 -0.00228483 -0.00235425 -0.00242375 -0.00249332 -0.00256293 -0.00263257 -0.0027022 -0.00277181 -0.00284138 -0.00291087 -0.00298027 -0.00304955 -0.00311871 -0.00318771 -0.00325655 -0.00332522 -0.0033937 -0.00346202 -0.00353016 -0.00359812
0.315 -0.000934339 -0.000999482 -0.00106484 -0.00113041 -0.00119622 -0.00126226 -0.00132854 -0.00139507 -0.00146184 -0.00152886 -0.00159612 -0.00166361 -0.00173133 -0.00179927 -0.00186742 -0.00193578 -0.00200432 -0.00207303 -0.0021419 -0.00221091 -0.00228005 -0.00234929 -0.00241861 -0.00248799 -0.00255742 -0.00262686 -0.0026963 -0.00276572 -0.00283507 -0.00290436 -0.00297355 -0.00304262 -0.00311155 -0.00318033 -0.00324895 -0.00331738 -0.00338564 -0.00345373 -0.00352164 -0.00358938
0.32 -0.000932989 -0.000998027 -0.00106328 -0.00112874 -0.00119444 -0.00126037 -0.00132655 -0.00139296 -0.00145962 -0.00152652 -0.00159366 -0.00166103 -0.00172863 -0.00179645 -0.00186447 -0.0019327 -0.00200111 -0.00206969 -0.00213843 -0.0022073 -0.0022763 -0.00234539 -0.00241457 -0.00248381 -0.00255308 -0.00262237 -0.00269166 -0.00276091 -0.0028301 -0.00289922 -0.00296824 -0.00303713 -0.00310589 -0.00317449 -0.00324292 -0.00331117 -0.00337925 -0.00344715 -0.00351488 -0.00358244
0.325 -0.000932224 -0.000997193 -0.00106237 -0.00112777 -0.0011934 -0.00125926 -0.00132536 -0.0013917 -0.00145828 -0.00152511 -0.00159217 -0.00165946 -0.00172698 -0.00179472 -0.00186267 -0.00193081 -0.00199914 -0.00206763 -0.00213628 -0.00220506 -0.00227397 -0.00234297 -0.00241205 -0.00248119 -0.00255037 -0.00261956 -0.00268873 -0.00275788 -0.00282697 -0.00289597 -0.00296488 -0.00303366 -0.0031023 -0.00317078 -0.00323909 -0.00330722 -0.00337517 -0.00344295 -0.00351056 -0.003578
0.33 -0.000932131 -0.000997076 -0.00106223 -0.0011276 -0.00119321 -0.00125904 -0.00132512 -0.00139143 -0.00145799 -0.00152478 -0.00159182 -0.00165909 -0.00172658 -0.00179429 -0.00186221 -0.00193032 -0.00199861 -0.00206708 -0.00213569 -0.00220445 -0.00227332 -0.00234228 -0.00241133 -0.00248043 -0.00254957 -0.00261872 -0.00268786 -0.00275697 -0.00282601 -0.00289498 -0.00296384 -0.00303258 -0.00310118 -0.00316961 -0.00323788 -0.00330596 -0.00337387 -0.0034416 -0.00350916 -0.00357655
0.335 -0.000932785 -0.000997756 -0.00106294 -0.00112834 -0.00119396 -0.00125983 -0.00132593 -0.00139227 -0.00145886 -0.00152568 -0.00159274 -0.00166004 -0.00172756 -0.0017953 -0.00186324 -0.00193138 -0.00199971 -0.0020682 -0.00213685 -0.00220563 -0.00227453 -0.00234353 -0.00241261 -0.00248174 -0.00255091 -0.00262009 -0.00268926 -0.0027584 -0.00282748 -0.00289648 -0.00296537 -0.00303414 -0.00310277 -0.00317124 -0.00323954 -0.00330765 -0.0033756 -0.00344337 -0.00351096 -0.00357839
0.34 -0.000934269 -0.000999321 -0.00106458 -0.00113006 -0.00119578 -0.00126172 -0.00132791 -0.00139433 -0.001461 -0.00152791 -0.00159506 -0.00166245 -0.00173006 -0.00179788 -0.00186592 -0.00193415 -0.00200257 -0.00207115 -0.00213989 -0.00220876 -0.00227776 -0.00234685 -0.00241602 -0.00248526 -0.00255452 -0.0026238 -0.00269307 -0.00276231 -0.00283149 -0.00290059 -0.00296959 -0.00303847 -0.0031072 -0.00317578 -0.00324419 -0.00331242 -0.00338048 -0.00344836 -0.00351607 -0.0035836
0.345 -0.000936565 -0.00100176 -0.00106716 -0.00113278 -0.00119863 -0.00126472 -0.00133104 -0.00139762 -0.00146443 -0.00153148 -0.00159878 -0.00166631 -0.00173407 -0.00180204 -0.00187023 -0.00193861 -0.00200718 -0.00207592 -0.00214481 -0.00221384 -0.00228299 -0.00235224 -0.00242157 -0.00249096 -0.00256039 -0.00262983 -0.00269927 -0.00276867 -0.00283802 -0.00290729 -0.00297646 -0.00304551 -0.00311442 -0.00318318 -0.00325177 -0.00332018 -0.00338842 -0.00345649 -0.00352439 -0.00359211
0.35 -0.000939544 -0.00100492 -0.00107051 -0.00113633 -0.00120237 -0.00126865 -0.00133518 -0.00140194 -0.00146895 -0.00153621 -0.0016037 -0.00167143 -0.00173939 -0.00180757 -0.00187596 -0.00194455 -0.00201333 -0.00208227 -0.00215138 -0.00222062 -0.00228998 -0.00235945 -0.002429 -0.00249861 -0.00256826 -0.00263792 -0.00270758 -0.00277721 -0.00284679 -0.00291629 -0.0029857 -0.00305498 -0.00312414 -0.00319314 -0.00326198 -0.00333064 -0.00339913 -0.00346745 -0.0035356 -0.00360357
0.355 -0.000943064 -0.00100867 -0.0010745 -0.00114054 -0.00120682 -0.00127334 -0.0013401 -0.0014071 -0.00147436 -0.00154185 -0.00160959 -0.00167757 -0.00174578 -0.0018142 -0.00188285 -0.00195169 -0.00202072 -0.00208992 -0.00215928 -0.00222879 -0.00229841 -0.00236814 -0.00243796 -0.00250784 -0.00257776 -0.0026477 -0.00271763 -0.00278754 -0.0028574 -0.00292719 -0.00299688 -0.00306646 -0.0031359 -0.0032052 -0.00327434 -0.00334331 -0.00341211 -0.00348073 -0.00354918 -0.00361746
0.36 -0.000946981 -0.00101285 -0.00107894 -0.00114525 -0.00121179 -0.00127858 -0.00134561 -0.00141289 -0.00148041 -0.00154818 -0.0016162 -0.00168446 -0.00175294 -0.00182166 -0.00189058 -0.00195971 -0.00202903 -0.00209853 -0.00216818 -0.00223798 -0.00230791 -0.00237794 -0.00244806 -0.00251824 -0.00258847 -0.00265873 -0.00272898 -0.0027992 -0.00286938 -0.00293949 -0.00300951 -0.00307942 -0.00314919 -0.00321883 -0.00328831 -0.00335762 -0.00342676 -0.00349573 -0.00356452 -0.00363314
0.365 -0.000951091 -0.00101725 -0.00108362 -0.00115022 -0.00121705 -0.00128413 -0.00135145 -0.00141902 -0.00148684 -0.00155491 -0.00162323 -0.00169179 -0.00176058 -0.0018296 -0.00189883 -0.00196827 -0.00203791 -0.00210772 -0.00217769 -0.00224781 -0.00231805 -0.00238841 -0.00245886 -0.00252937 -0.00259993 -0.00267052 -0.0027411 -0.00281167 -0.00288219 -0.00295265 -0.00302301 -0.00309327 -0.00316341 -0.0032334 -0.00330324 -0.00337292 -0.00344242 -0.00351175 -0.0035809 -0.00364989
0.37 -0.000955206 -0.00102165 -0.00108832 -0.00115521 -0.00122234 -0.00128972 -0.00135734 -0.00142522 -0.00149335 -0.00156172 -0.00163035 -0.00169922 -0.00176832 -0.00183766 -0.00190721 -0.00197696 -0.00204692 -0.00211705 -0.00218735 -0.00225779 -0.00232837 -0.00239905 -0.00246983 -0.00254068 -0.00261158 -0.00268251 -0.00275344 -0.00282435 -0.00289522 -0.00296603 -0.00303675 -0.00310737 -0.00317787 -0.00324822 -0.00331843 -0.00338848 -0.00345835 -0.00352805 -0.00359757 -0.00366692
0.375 -0.000959147 -0.00102588 -0.00109283 -0.00116001 -0.00122743 -0.0012951 -0.00136301 -0.00143118 -0.0014996 -0.00156828 -0.00163721 -0.00170638 -0.00177578 -0.00184542 -0.00191528 -0.00198535 -0.00205561 -0.00212606 -0.00219667 -0.00226744 -0.00233833 -0.00240934 -0.00248044 -0.00255162 -0.00262285 -0.00269411 -0.00276537 -0.00283662 -0.00290783 -0.00297898 -0.00305005 -0.00312102 -0.00319187 -0.00326258 -0.00333315 -0.00340355 -0.00347378 -0.00354384 -0.00361372 -0.00368342
0.38 -0.000962711 -0.0010297 -0.00109692 -0.00116437 -0.00123205 -0.00129999 -0.00136817 -0.00143662 -0.00150531 -0.00157426 -0.00164347 -0.00171292 -0.00178261 -0.00185253 -0.00192268 -0.00199303 -0.00206358 -0.00213432 -0.00220523 -0.00227629 -0.00234748 -0.00241879 -0.00249019 -0.00256167 -0.0026332 -0.00270477 -0.00277634 -0.0028479 -0.00291943 -0.0029909 -0.00306228 -0.00313357 -0.00320475 -0.00327579 -0.00334669 -0.00341742 -0.00348798 -0.00355836 -0.00362857 -0.0036986
0.385 -0.000965752 -0.00103297 -0.00110042 -0.0011681 -0.00123602 -0.00130419 -0.00137261 -0.00144129 -0.00151023 -0.00157942 -0.00164887 -0.00171856 -0.0017885 -0.00185867 -0.00192906 -0.00199967 -0.00207048 -0.00214147 -0.00221263 -0.00228395 -0.0023554 -0.00242697 -0.00249864 -0.00257038 -0.00264218 -0.00271402 -0.00278586 -0.0028577 -0.0029295 -0.00300124 -0.00307291 -0.00314448 -0.00321594 -0.00328727 -0.00335845 -0.00342948 -0.00350032 -0.00357099 -0.00364148 -0.0037118
0.39 -0.00096816 -0.00103557 -0.0011032 -0.00117107 -0.00123918 -0.00130754 -0.00137616 -0.00144504 -0.00151417 -0.00158356 -0.0016532 -0.0017231 -0.00179324 -0.00186361 -0.00193421 -0.00200502 -0.00207603 -0.00214723 -0.00221861 -0.00229013 -0.0023618 -0.00243358 -0.00250547 -0.00257743 -0.00264945 -0.0027215 -0.00279357 -0.00286563 -0.00293765 -0.00300963 -0.00308152 -0.00315333 -0.00322502 -0.00329658 -0.003368 -0.00343926 -0.00351034 -0.00358124 -0.00365197 -0.00372252
0.395 -0.00096986 -0.00103741 -0.00110518 -0.00117319 -0.00124144 -0.00130995 -0.00137871 -0.00144773 -0.00151701 -0.00158654 -0.00165634 -0.00172638 -0.00179667 -0.00186719 -0.00193794 -0.00200891 -0.00208008 -0.00215143 -0.00222296 -0.00229465 -0.00236647 -0.00243841 -0.00251046 -0.00258258 -0.00265476 -0.00272698 -0.00279922 -0.00287144 -0.00294364 -0.00301578 -0.00308785 -0.00315982 -0.00323169 -0.00330343 -0.00337502 -0.00344645 -0.00351771 -0.00358879 -0.00365969 -0.00373042
0.4 -0.000970819 -0.00103846 -0.00110632 -0.00117441 -0.00124276 -0.00131135 -0.0013802 -0.00144931 -0.00151868 -0.00158831 -0.0016582 -0.00172834 -0.00179872 -0.00186934 -0.00194018 -0.00201125 -0.00208251 -0.00215397 -0.0022256 -0.00229738 -0.0023693 -0.00244135 -0.0025135 -0.00258572 -0.00265801 -0.00273034 -0.00280268 -0.00287501 -0.00294731 -0.00301956 -0.00309174 -0.00316382 -0.0032358 -0.00330765 -0.00337935 -0.0034509 -0.00352227 -0.00359346 -0.00366447 -0.00373532
0.405 -0.000971045 -0.00103872 -0.00110661 -0.00117475 -0.00124313 -0.00131176 -0.00138064 -0.00144979 -0.0015192 -0.00158887 -0.00165879 -0.00172897 -0.00179939 -0.00187005 -0.00194093 -0.00201204 -0.00208334 -0.00215484 -0.00222651 -0.00229834 -0.0023703 -0.00244239 -0.00251458 -0.00258685 -0.00265918 -0.00273155 -0.00280394 -0.00287632 -0.00294866 -0.00302096 -0.00309319 -0.00316532 -0.00323734 -0.00330924 -0.003381 -0.00345259 -0.00352401 -0.00359525 -0.00366632 -0.00373721
0.41 -0.000970622 -0.00103828 -0.00110617 -0.00117429 -0.00124265 -0.00131127 -0.00138015 -0.00144928 -0.00151868 -0.00158833 -0.00165824 -0.00172841 -0.00179881 -0.00186946 -0.00194033 -0.00201142 -0.00208272 -0.0021542 -0.00222586 -0.00229767 -0.00236963 -0.0024417 -0.00251388 -0.00258614 -0.00265846 -0.00273082 -0.00280319 -0.00287555 -0.00294789 -0.00302017 -0.00309239 -0.00316451 -0.00323652 -0.0033084 -0.00338014 -0.00345173 -0.00352313 -0.00359436 -0.00366541 -0.0037363
0.415 -0.000969728 -0.00103734 -0.00110517 -0.00117324 -0.00124156 -0.00131012 -0.00137895 -0.00144803 -0.00151737 -0.00158697 -0.00165683 -0.00172694 -0.00179729 -0.00186788 -0.0019387 -0.00200973 -0.00208097 -0.00215239 -0.00222399 -0.00229574 -0.00236764 -0.00243965 -0.00251177 -0.00258396 -0.00265622 -0.00272851 -0.00280082 -0.00287312 -0.00294539 -0.0030176 -0.00308975 -0.0031618 -0.00323374 -0.00330555 -0.00337722 -0.00344873 -0.00352006 -0.00359121 -0.00366219 -0.003733
0.42 -0.000968529 -0.00103606 -0.00110382 -0.00117181 -0.00124005 -0.00130854 -0.00137728 -0.00144628 -0.00151554 -0.00158506 -0.00165483 -0.00172486 -0.00179513 -0.00186563 -0.00193636 -0.0020073 -0.00207845 -0.00214978 -0.00222128 -0.00229294 -0.00236473 -0.00243665 -0.00250866 -0.00258076 -0.00265291 -0.00272509 -0.00279729 -0.00286948 -0.00294164 -0.00301374 -0.00308576 -0.0031577 -0.00322952 -0.0033012 -0.00337275 -0.00344413 -0.00351533 -0.00358635 -0.00365721 -0.00372789
0.425 -0.000967114 -0.00103455 -0.00110222 -0.00117012 -0.00123826 -0.00130665 -0.00137529 -0.0014442 -0.00151336 -0.00158277 -0.00165244 -0.00172236 -0.00179252 -0.00186292 -0.00193353 -0.00200437 -0.0020754 -0.00214661 -0.002218 -0.00228953 -0.00236121 -0.002433 -0.00250489 -0.00257685 -0.00264887 -0.00272092 -0.00279298 -0.00286503 -0.00293704 -0.003009 -0.00308087 -0.00315265 -0.00322432 -0.00329585 -0.00336723 -0.00343844 -0.00350948 -0.00358034 -0.00365103 -0.00372155
0.43 -0.000965586 -0.00103292 -0.00110048 -0.00116828 -0.00123631 -0.00130459 -0.00137313 -0.00144192 -0.00151097 -0.00158027 -0.00164983 -0.00171963 -0.00178967 -0.00185995 -0.00193044 -0.00200115 -0.00207205 -0.00214314 -0.0022144 -0.0022858 -0.00235734 -0.00242899 -0.00250074 -0.00257256 -0.00264443 -0.00271633 -0.00278824 -0.00286013 -0.00293199 -0.00300378 -0.00307549 -0.0031471 -0.0032186 -0.00328995 -0.00336115 -0.00343218 -0.00350304 -0.00357372 -0.00364423 -0.00371457
0.435 -0.000964098 -0.00103133 -0.00109878 -0.00116647 -0.0012344 -0.00130257 -0.001371 -0.00143968 -0.00150861 -0.0015778 -0.00164724 -0.00171692 -0.00178685 -0.001857 -0.00192737 -0.00199795 -0.00206873 -0.00213969 -0.00221081 -0.00228208 -0.00235348 -0.00242499 -0.0024966 -0.00256827 -0.00263999 -0.00271174 -0.0027835 -0.00285523 -0.00292693 -0.00299856 -0.0030701 -0.00314154 -0.00321286 -0.00328404 -0.00335506 -0.00342591 -0.00349658 -0.00356708 -0.00363741 -0.00370756
0.44 -0.000962789 -0.00102993 -0.00109728 -0.00116487 -0.0012327 -0.00130077 -0.0013691 -0.00143768 -0.00150651 -0.00157559 -0.00164492 -0.0017145 -0.00178431 -0.00185435 -0.00192461 -0.00199507 -0.00206573 -0.00213657 -0.00220757 -0.00227871 -0.00234999 -0.00242137 -0.00249284 -0.00256438 -0.00263597 -0.00270758 -0.00277919 -0.00285078 -0.00292233 -0.0029938 -0.00306519 -0.00313647 -0.00320763 -0.00327864 -0.0033495 -0.00342017 -0.00349068 -0.00356101 -0.00363117 -0.00370115
0.445 -0.000961762 -0.00102882 -0.0010961 -0.00116361 -0.00123135 -0.00129935 -0.00136759 -0.00143608 -0.00150483 -0.00157382 -0.00164307 -0.00171255 -0.00178227 -0.00185222 -0.00192239 -0.00199276 -0.00206332 -0.00213406 -0.00220495 -0.002276 -0.00234717 -0.00241844 -0.0024898 -0.00256123 -0.00263271 -0.0027042 -0.00277569 -0.00284716 -0.00291858 -0.00298993 -0.00306119 -0.00313234 -0.00320337 -0.00327424 -0.00334496 -0.00341549 -0.00348585 -0.00355604 -0.00362606 -0.00369591
0.45 -0.000961106 -0.00102811 -0.00109533 -0.00116278 -0.00123047 -0.00129841 -0.00136659 -0.00143502 -0.00150371 -0.00157264 -0.00164183 -0.00171125 -0.00178091 -0.00185079 -0.00192089 -0.00199119 -0.00206168 -0.00213235 -0.00220318 -0.00227415 -0.00234524 -0.00241644 -0.00248773 -0.00255908 -0.00263047 -0.00270188 -0.00277329 -0.00284467 -0.00291601 -0.00298727 -0.00305844 -0.00312949 -0.00320042 -0.0032712 -0.00334181 -0.00341225 -0.00348251 -0.0035526 -0.00362252 -0.00369227
