-89.0559 -245.798 -263.76 -141.245 -38.24
-152.703 -439.316 -527.254 -334.393 -101.758
-216.273 -632.724 -790.68 -527.562 -165.308
-279.767 -826.029 -1054.03 -720.726 -228.879
-343.169 -1019.23 -1317.3 -913.899 -292.471
-406.479 -1212.33 -1580.51 -1107.07 -356.081
-469.678 -1405.36 -1843.64 -1300.25 -419.706
-532.81 -1598.17 -2106.78 -1493.44 -483.349
-595.751 -1791.09 -2369.76 -1686.62 -547
-658.586 -1983.85 -2632.74 -1879.82 -610.665
-721.272 -2176.54 -2895.68 -2073.03 -674.341
-783.795 -2369.17 -3158.57 -2266.24 -738.028
-846.135 -2561.77 -3421.43 -2459.46 -801.72
-908.278 -2754.34 -3684.27 -2652.7 -865.423
-970.194 -2946.89 -3947.07 -2845.93 -929.126
-1031.87 -3139.45 -4209.85 -3039.18 -992.835
-1093.27 -3332.05 -4472.62 -3232.43 -1056.55
-1154.37 -3524.7 -4735.39 -3425.7 -1120.27
-1215.14 -3717.43 -4998.14 -3618.97 -1183.99
-1275.56 -3910.28 -5260.89 -3812.25 -1247.71
-1335.61 -4103.33 -5523.63 -4005.53 -1311.43
-1395.26 -4296.53 -5786.34 -4198.8 -1375.14
-1454.53 -4489.92 -6049.05 -4392.07 -1438.86
-1513.45 -4683.58 -6311.72 -4585.33 -1502.56
-1572.14 -4877.26 -6574.46 -4778.56 -1566.25
-1630.61 -5071.19 -6837.06 -4971.75 -1629.93
-1689.69 -5265 -7099.58 -5164.89 -1693.58
-1754.16 -5455.98 -7360.89 -5357.19 -1757
-1818.49 -5646.44 -7621.83 -5549.64 -1820.41
-1883.19 -5836.57 -7882.85 -5741.9 -1883.76
-1947.8 -6026.08 -8143.89 -5934.38 -1947.22
-2013.86 -6216.7 -8405.24 -6126.62 -2010.56
-2076.78 -6406.42 -8666.11 -6318.58 -2073.79
-2141.35 -6596.61 -8927.29 -6510.6 -2137.05
-2205.65 -6786.71 -9188.5 -6702.66 -2200.3
-2269.52 -6977.15 -9449.86 -6894.78 -2263.54
-2334.53 -7168.55 -9710.57 -7086.4 -2326.62
-2399.34 -7359.33 -9971.15 -7278.06 -2389.71
-2464.01 -7549.65 -10231.9 -7469.9 -2452.85
-2528.56 -7739.83 -10492.7 -7661.82 -2516.01
-2592.92 -7930.14 -10753.8 -7853.78 -2579.16
-2657.06 -8120.32 -11015 -8045.91 -2642.35
-2721.16 -8310.47 -11276.1 -8237.93 -2705.49
-2785.2 -8500.42 -11537.2 -8429.98 -2768.64
-2849.15 -8690.59 -11798.4 -8622.09 -2831.82
-2913.33 -8883.09 -12059.1 -8814 -2894.89
-2976.82 -9071.46 -12319.6 -9005.99 -2958.04
-3040.67 -9261 -12580.8 -9198.23 -3021.23
-3104.48 -9453.54 -12840.9 -9389.94 -3084.22
-3168.41 -9646.2 -13100.5 -9581.2 -3147.05
-3232.18 -9838.9 -13360 -9772.39 -3209.86
-3295.85 -10031.5 -13619.4 -9963.65 -3272.7
-3359.52 -10224.1 -13878.7 -10155.1 -3335.59
-3423.21 -10416.8 -14138 -10346.4 -3398.43
-3486.83 -10609.3 -14397.2 -10537.9 -3461.32
-3550.46 -10802 -14656.6 -10729.3 -3524.19
-3613.82 -10994.1 -14915.4 -10920.6 -3586.98
-3677.32 -11186.6 -15174.6 -11112 -3649.78
-3740.77 -11379 -15433.6 -11303.3 -3712.57
-3804.22 -11571.5 -15692.6 -11494.5 -3775.33
-3867.89 -11765 -15951.2 -11685.4 -3837.98
-3931.3 -11959 -16209.6 -11876 -3900.53
-3994.67 -12153 -16467.7 -12066.6 -3963.05
-4058.01 -12347.2 -16725.7 -12257 -4025.52
-4121.39 -12541.4 -16983.5 -12447.3 -4087.95
-4184.83 -12735.9 -17241.1 -12637.4 -4150.37
-4248.16 -12930.1 -17498.7 -12827.8 -4212.78
-4296.66 -13097.2 -17763.6 -13029.6 -4279.07
-4338.71 -13252.1 -18031 -13235.8 -4346.91
-4380.5 -13406.4 -18298.5 -13442.4 -4414.85
-4422.28 -13560.7 -18565.9 -13648.8 -4482.75
-4464.1 -13715.1 -18833.3 -13855.3 -4550.66
-4505.92 -13869.3 -19100.6 -14061.7 -4618.54
-4562.6 -13944.9 -19374.8 -14289.7 -4693.81
-4609.69 -14001.9 -19649 -14520.3 -4770.18
-4656.67 -14058.6 -19923.3 -14751.4 -4846.64
-4703.74 -14115.2 -20197.5 -14982.2 -4923.02
-4751.04 -14172.2 -20472.2 -15213.4 -4999.49
-4798.1 -14228.5 -20746.2 -15444 -5075.81
-4845.95 -14287.2 -21020.7 -15674.5 -5152.03
-4896.25 -14349.3 -21282.6 -15899.6 -5227.08
-4948.79 -14417.3 -21539.2 -16120.6 -5300.95
-5001.3 -14485.8 -21797.3 -16342.7 -5375.11
-5053.99 -14554.5 -22055.6 -16564.4 -5449.08
-5106.46 -14622.6 -22313.6 -16786.3 -5523.16
-5158.83 -14689.7 -22570.3 -17007.6 -5597.03
-5215.74 -14770.5 -22811.1 -17220.4 -5669.02
-5275.97 -14860.9 -23037.6 -17424.5 -5738.72
-5340.12 -14964.4 -23244.1 -17624.2 -5807.37
-5407.46 -15037.7 -23447.5 -17833.6 -5879.23
-5474.36 -15107.8 -23650.9 -18044.2 -5951.46
-5541.03 -15177 -23854.6 -18255.1 -6023.79
-5607.59 -15245.8 -24058.3 -18466.2 -6096.13
-5674.07 -15314.9 -24262.5 -18677.2 -6168.44
-5740.46 -15384.1 -24466.9 -18887.8 -6240.59
-5807.39 -15455.3 -24669.6 -19095 -6311.58
-5903.14 -15485.1 -24856.8 -19307.9 -6384.46
-5994.6 -15522.1 -25031.3 -19523.6 -6458.35
-6084.25 -15552 -25201.9 -19740.5 -6532.69
-6173.42 -15580.1 -25372.3 -19958.3 -6607.26
-6262.36 -15607.4 -25542.6 -20176.2 -6681.85
-6351.36 -15634.7 -25712.4 -20393.8 -6756.39
-6437.18 -15670.4 -25878.3 -20594.6 -6826.85
-6523.91 -15711.6 -26041.3 -20787.2 -6894.67
-6611.2 -15755.4 -26204.6 -20977.7 -6961.78
-6698.6 -15799.9 -26368 -21167.6 -7028.67
-6781.12 -15849.5 -26528.4 -21350.6 -7094.49
-6861.02 -15905.4 -26688.9 -21522.3 -7158.09
-6940.38 -15963.1 -26848.5 -21691.7 -7221.34
-7020.33 -16023.1 -27007.7 -21858.8 -7283.83
-7099.64 -16082.2 -27166.6 -22027.2 -7347.07
-7179.39 -16142.3 -27325.6 -22194.4 -7409.79
-7259 -16202.3 -27484.4 -22361.6 -7472.57
-7338.65 -16262.4 -27643.3 -22528.7 -7535.32
-7420.46 -16319.5 -27799.9 -22696.4 -7598.36
-7512.67 -16390.9 -27916.5 -22862.6 -7663.22
-7604.66 -16455 -28023.4 -23030.7 -7728.94
-7696.43 -16515.6 -28127.9 -23200.7 -7795.25
-7788.37 -16575.6 -28232.2 -23370 -7860.89
-7880.06 -16634.7 -28335.4 -23538.5 -7926.19
-7971.67 -16693.5 -28438.6 -23707.1 -7991.54
-8063.18 -16752.4 -28542.4 -23875.2 -8056.29
-8154.87 -16810.9 -28645.2 -24044.1 -8122.06
-8246.29 -16870 -28749 -24209.2 -8185.39
-8337.57 -16929.4 -28851.8 -24371.6 -8247.67
-8429.13 -16989.8 -28955.7 -24533.1 -8309.34
-8520.74 -17050.4 -29059.8 -24694.6 -8370.94
-8611.77 -17111.6 -29164.4 -24849.6 -8428.94
-8728.87 -17181.1 -29230 -25011.4 -8489.19
-8834.88 -17307.8 -29244.9 -25151.8 -8546.15
-8939.38 -17428.3 -29231.1 -25292.2 -8604.42
-9044.11 -17547.3 -29209.5 -25435.3 -8663.94
-9148.54 -17664.9 -29182 -25578.8 -8723.83
-9252.95 -17782 -29151.6 -25722.5 -8783.95
-9357.47 -17899.2 -29120.4 -25866 -8844.06
-9459.71 -18015.8 -29094.5 -26002.9 -8902.45
-9560.93 -18131.9 -29078.2 -26128.6 -8958.04
-9656.19 -18251.7 -29077.8 -26256.1 -9013.34
-9753.04 -18359.9 -29065.1 -26375.8 -9066.92
-9849.09 -18470.8 -29053.5 -26502.5 -9121.73
-9945.96 -18583.1 -29042.8 -26630.7 -9176.91
-10043.2 -18696.2 -29032.5 -26759.1 -9232.1
-10140.7 -18809.6 -29022.3 -26887.5 -9287.26
-10238.3 -18923.2 -29012.3 -27015.8 -9342.39
-10335.9 -19036.8 -29002.4 -27144.1 -9397.48
-10433.6 -19150.6 -28992.7 -27272.4 -9452.55
-10531.2 -19264.3 -28982.9 -27400.6 -9507.56
-10628.9 -19378.1 -28973.2 -27528.7 -9562.53
-10726.6 -19491.9 -28963.7 -27656.8 -9617.46
-10824.3 -19605.7 -28954.1 -27784.8 -9672.35
-10922 -19719.6 -28944.6 -27912.8 -9727.19
-11019.7 -19833.5 -28935.2 -28040.8 -9781.99
-11117.4 -19947.4 -28925.8 -28168.6 -9836.74
-11215.1 -20061.4 -28916.4 -28296.5 -9891.44
-11312.8 -20175.3 -28907.1 -28424.2 -9946.08
-11410.5 -20289.3 -28897.8 -28552 -10000.7
-11508.3 -20403.3 -28888.6 -28679.7 -10055.2
-11606 -20517.4 -28879.3 -28807.2 -10109.6
-11703.8 -20631.6 -28871.1 -28934.8 -10163.9
-11795.9 -20740 -28872 -29049 -10214
-11885.3 -20845.8 -28887.6 -29147.6 -10257.8
-11972.9 -20950.8 -28912.1 -29238.5 -10299
-12059.2 -21055.8 -28943.1 -29324.4 -10338.6
-12145 -21161.3 -28978.9 -29406.5 -10376.7
-12230 -21266.8 -29017.8 -29486.4 -10414.3
-12314.2 -21372 -29058.1 -29564.1 -10451.2
-12398.5 -21477.2 -29100.3 -29638.7 -10486.5
-12482.5 -21582.4 -29143 -29713.4 -10522.1
-12567.6 -21686.6 -29178.9 -29799.1 -10560
-12654.8 -21794.6 -29218.3 -29886.1 -10599
-12740.4 -21900.5 -29253.9 -29969.5 -10637.2
-12826.6 -22005.9 -29290.8 -30048.8 -10673.9
-12912.5 -22110.8 -29328.9 -30126.2 -10710.2
-12995.4 -22214.7 -29366.8 -30203.6 -10746
-13077.8 -22317.6 -29407 -30279.2 -10780.8
-13160.1 -22421.4 -29449.2 -30350.1 -10813
-13243.1 -22525.6 -29491.9 -30423.3 -10846.6
-13325.3 -22629.3 -29534.8 -30493 -10878.3
-13407.9 -22733.6 -29578.6 -30564.4 -10910.7
-13490.6 -22837.8 -29622.2 -30635.9 -10943.2
-13573.3 -22942 -29665.8 -30707.4 -10975.6
-13656 -23046.3 -29709.2 -30779 -11008.1
-13738.7 -23150.5 -29752.5 -30850.6 -11040.5
-13821.4 -23254.8 -29795.9 -30921.9 -11072.6
-13904.2 -23359.1 -29839.1 -30993.9 -11105.2
-13987 -23463.4 -29882.1 -31065.7 -11137.6
-14069.9 -23567.6 -29924.9 -31137.7 -11170
-14152.7 -23671.8 -29967.7 -31209.7 -11202.4
-14235.5 -23776 -30010.4 -31281.7 -11234.8
-14318.4 -23880.2 -30052.9 -31353.7 -11267.2
-14401.3 -23984.4 -30095.4 -31425.8 -11299.6
-14484.2 -24088.6 -30137.8 -31498 -11332
-14567 -24192.7 -30180.1 -31570.1 -11364.4
-14649.9 -24296.9 -30222.4 -31642.3 -11396.7
-14732.9 -24401 -30264.6 -31714.3 -11429.1
-14815.9 -24505.1 -30306.8 -31786.3 -11461.6
-14898.5 -24594.9 -30310.9 -31835.2 -11489.9
-14992.3 -24730.1 -30362.4 -31915.8 -11528.4
-15086.3 -24854 -30377.1 -31969.4 -11562.8
-15180.9 -24978.5 -30389 -32023.7 -11597.5
-15275.5 -25103 -30399.1 -32078.4 -11632.7
-15370.1 -25227.4 -30407.9 -32133.6 -11668.2
-15465.2 -25352.2 -30416.1 -32188.6 -11703.4
-15560.3 -25476.8 -30423.6 -32243.9 -11738.8
-15653.7 -25599.4 -30432 -32298 -11772.6
-15746.4 -25721.3 -30441.1 -32351.5 -11805
-15838.4 -25842.3 -30450.5 -32403.8 -11836.2
-15930.1 -25962.9 -30460.2 -32455.5 -11866.5
-16022.1 -26084.7 -30473.4 -32509.7 -11896.5
-16113.5 -26205 -30484 -32561.1 -11925.5
-16204.8 -26325.3 -30494.8 -32612.2 -11954.1
-16296.1 -26445.5 -30505.5 -32663.3 -11982.2
-16389 -26570.5 -30527.8 -32724.9 -12011.9
-16479.6 -26688.6 -30534.4 -32772 -12038.8
-16570.3 -26807.1 -30541.8 -32819.8 -12065.5
-16661.3 -26926.5 -30550.9 -32869.3 -12092.5
-16746.8 -27046.4 -30560.3 -32922.8 -12120.2
-16824.6 -27167.3 -30569.7 -32981.2 -12149
-16900.6 -27288.9 -30579.6 -33041.3 -12178.2
-16975.4 -27409.9 -30589.8 -33101 -12206.9
-17051.1 -27532.7 -30601.2 -33159.9 -12235.3
-17127.5 -27659.7 -30619.3 -33215.1 -12261.3
-17203.5 -27786.7 -30639.2 -33270.5 -12287.4
-17280.7 -27889 -30680.8 -33328.6 -12313.5
-17369.4 -27980.7 -30719.6 -33374.9 -12342.5
-17461.2 -28077.3 -30778.2 -33415.8 -12372.6
-17552.5 -28171.6 -30826.6 -33446.3 -12398.3
-17642.8 -28259.9 -30872 -33475.6 -12425.4
-17733.1 -28347.8 -30918.8 -33503.8 -12448.6
-17822.4 -28434.6 -30964.2 -33530.1 -12471.1
-17911.8 -28521.7 -31009.7 -33556.3 -12493.6
-18001 -28608.8 -31055.5 -33582.5 -12516
-18090.1 -28695.9 -31101.5 -33608.8 -12538.4
-18179.1 -28783.1 -31147.7 -33635.2 -12560.8
-18268 -28870.2 -31194.1 -33661.7 -12583.2
-18356.8 -28957.3 -31240.5 -33688.2 -12605.6
-18440.5 -29047.3 -31290 -33714 -12627.4
-18523.1 -29139.2 -31343.1 -33739.6 -12647.9
-18605.3 -29230.9 -31397.9 -33766.4 -12668.4
-18687.3 -29322.5 -31453.5 -33793.7 -12688.8
-18769.1 -29414 -31509.8 -33821.3 -12709.2
-18850.9 -29505.7 -31566.7 -33849.3 -12729.6
-18932.7 -29597.6 -31625.1 -33878.3 -12750.1
-19015.2 -29690.9 -31689.4 -33911.5 -12771.3
-19095 -29779.2 -31731.6 -33928.6 -12790.3
-19176.7 -29870.4 -31787.9 -33955.9 -12810.4
-19258.9 -29962 -31844.4 -33983.1 -12829.4
-19340.8 -30053.5 -31900.6 -34010.7 -12849.8
-19422.9 -30144.4 -31952.9 -34036.1 -12870.3
-19502 -30235 -32014.5 -34063.5 -12888.5
-19585.1 -30327.5 -32072.5 -34089.7 -12904.2
-19666.1 -30418.7 -32130 -34117.8 -12925.1
-19746.9 -30509.6 -32187 -34145.2 -12946.4
-19827.9 -30600.5 -32244.1 -34172.3 -12966.9
-19909.1 -30691.5 -32301.5 -34199.2 -12987
-19995.7 -30795.4 -32355.8 -34202.7 -13009.4
-20091.2 -30906.2 -32349.6 -34230.3 -13038.2
-20186.1 -31016.8 -32352.5 -34265.3 -13057.8
-20279.2 -31083.7 -32378.1 -34313.2 -13079.6
-20371.6 -31127.8 -32416.5 -34366.2 -13101.7
-20463.7 -31172.2 -32457.3 -34420.8 -13122.9
-20525.2 -31239.8 -32502.6 -34477.5 -13143.9
-20572.1 -31318.8 -32550.7 -34535.4 -13164.8
-20618.9 -31397.8 -32599 -34593 -13185.3
-20665.7 -31476.6 -32647.6 -34650.5 -13205.5
-20712.3 -31555.2 -32696.2 -34708 -13225.5
-20738.4 -31644.6 -32748.9 -34776.2 -13244.6
-20725.7 -31757.6 -32804.5 -34851.6 -13263.5
-20711.3 -31866.8 -32859.1 -34928.9 -13281.5
-20696.3 -31974 -32914.1 -35007 -13299.1
-20681 -32080.2 -32969 -35086.7 -13316
-20665.1 -32185.3 -33025.5 -35166.6 -13333
-20647 -32288.7 -33086.5 -35252.1 -13351.5
-20629 -32392.6 -33146.7 -35338.4 -13370.3
-20611.2 -32497 -33206.2 -35424.6 -13389.3
-20593.4 -32601.9 -33265.1 -35510.6 -13408.5
-20575.7 -32707.2 -33323.6 -35596.6 -13427.8
-20558 -32812.9 -33381.7 -35682.5 -13447.3
-20541.1 -32918.1 -33438.5 -35768.3 -13467.5
-20524.6 -33020.2 -33493.2 -35853.2 -13487.9
-20507.9 -33124.4 -33547.6 -35940.6 -13508.6
-20491.2 -33228.3 -33602 -36027.5 -13529.7
-20474.2 -33328.8 -33655.5 -36112.8 -13551.9
-20456.3 -33428.1 -33710.6 -36199.9 -13573
-20437.5 -33525.4 -33765.2 -36290.4 -13595.7
-20419.3 -33623.6 -33819.3 -36379.5 -13618
-20402 -33720.2 -33877 -36468.7 -13639.5
-20384.8 -33816.2 -33935 -36558.1 -13661
-20367.7 -33911.9 -33993.3 -36647.4 -13682.4
-20350.6 -34007.4 -34051.5 -36736.6 -13703.8
-20333.6 -34102.9 -34109.7 -36825.8 -13725.1
-20316.5 -34198.3 -34168 -36914.7 -13746.3
-20299.5 -34293.7 -34226.1 -37003.8 -13767.5
-20282.4 -34389 -34284.1 -37092.8 -13788.8
-20265.4 -34484.4 -34342.1 -37181.7 -13809.9
-20248.3 -34579.8 -34400.1 -37270.6 -13831.1
-20231.2 -34675.3 -34458.5 -37358.9 -13851.8
-20214 -34770.5 -34516.3 -37447.9 -13873.1
-20196.9 -34865.8 -34574.1 -37537 -13894.3
-20179.7 -34960.9 -34631.9 -37626 -13915.3
-20162.4 -35056.1 -34689.7 -37714.9 -13936.2
-20145.1 -35151 -34747.6 -37803.9 -13957.7
-20127.7 -35246 -34805.3 -37892.7 -13978.8
-20110.3 -35341 -34863.1 -37981.6 -13999.8
-20092.6 -35434.3 -34920.6 -38071.3 -14024.1
-20075.2 -35529.7 -34978.1 -38159.4 -14043.7
-20057.6 -35625 -35035.9 -38248.3 -14063.9
-20040 -35720 -35093.7 -38337.5 -14084.6
-20023.4 -35807.6 -35155.6 -38428 -14105.6
-20007.4 -35890.1 -35223.6 -38521.6 -14126.8
-19990.5 -35970.6 -35292.1 -38615.9 -14148.1
-19973.6 -36050.9 -35360.7 -38709.5 -14169.1
-19956.7 -36131.1 -35429.4 -38803 -14190
-19939.7 -36211.1 -35498.2 -38896.4 -14210.8
-19922.6 -36291.1 -35567 -38989.9 -14231.6
-19905.4 -36370.9 -35635.8 -39083.5 -14252.4
-19888.1 -36450.5 -35704.6 -39177.1 -14273.2
-19870.7 -36530 -35773.4 -39270.7 -14294
-19853.2 -36609.4 -35842.2 -39364.4 -14314.9
-19835.6 -36688.7 -35910.9 -39458.2 -14335.7
-19816.5 -36764.6 -35980.4 -39553.4 -14356.6
-19796.6 -36838.3 -36050.8 -39648.2 -14376.6
-19776.5 -36910 -36120 -39742.6 -14397.4
-19756.1 -36980.5 -36188.9 -39835.9 -14417.9
-19735.6 -37050.1 -36257.6 -39928.8 -14438.2
-19715.5 -37118.4 -36325.3 -40021.4 -14459
-19695.8 -37186.8 -36392.2 -40115.8 -14480.4
-19676.6 -37256.3 -36456.5 -40210.7 -14502.7
-19657.3 -37325.6 -36519.9 -40305.3 -14525.4
-19637.8 -37394.6 -36582.7 -40399.9 -14548.3
-19618 -37462.1 -36644.3 -40494 -14573.3
-19598.4 -37531.6 -36707.2 -40588.9 -14594.8
-19578.4 -37600.1 -36769.6 -40684.1 -14618
-19558.2 -37668.1 -36831.7 -40779.2 -14641.4
-19537.7 -37735.9 -36893.7 -40874.4 -14664.8
-19517 -37803.4 -36955.6 -40969.7 -14688.3
-19496.1 -37870.6 -37017.4 -41065.2 -14711.9
-19474.9 -37937.5 -37079.2 -41160.8 -14735.6
-19453.5 -38004.3 -37140.8 -41256.9 -14759.4
-19432 -38072.8 -37199.7 -41355 -14784.2
-19410.3 -38141.5 -37258 -41453.1 -14809.3
-19388.5 -38209.9 -37315.9 -41551.3 -14834.6
-19365.2 -38276.7 -37374.2 -41653.6 -14861.8
-19340.8 -38343 -37432.3 -41758.9 -14890.7
-19316 -38409.4 -37490.1 -41864 -14919.6
-19291 -38475.7 -37547.7 -41969.2 -14948.6
-19265.5 -38541.8 -37605.3 -42074.6 -14977.7
-19239.7 -38607.6 -37662.8 -42180.2 -15007
-19213.5 -38673.1 -37720.1 -42286.2 -15036.4
-19186.9 -38738.1 -37777.4 -42392.3 -15065.9
-19160.5 -38808.8 -37829.8 -42485 -15095.5
-19133.7 -38884.4 -37876.3 -42571.6 -15127.4
-19106.2 -38962.7 -37921.3 -42657.3 -15161.5
-19078.1 -39043 -37965.3 -42742.3 -15197.1
-19048.8 -39123.9 -38008.4 -42829 -15234.6
-19018.3 -39205 -38050.7 -42917.5 -15274.1
-18987.1 -39286.6 -38092.5 -43005.8 -15314.1
-18955.3 -39368.2 -38133.8 -43093.9 -15354.6
-18923 -39449.9 -38174.8 -43181.7 -15395.2
-18890.3 -39531.3 -38215.5 -43269.3 -15436
-18856.9 -39610.3 -38257.1 -43358.1 -15477.2
-18823.2 -39680.7 -38306.2 -43453.6 -15518.1
-18789.1 -39749.6 -38356.2 -43550.6 -15558.9
-18754.4 -39817.3 -38406.6 -43648.3 -15599.6
-18719.2 -39884.1 -38457 -43746.7 -15640.3
-18683.4 -39949.3 -38507.3 -43845.9 -15681.4
-18647.1 -40013.5 -38557 -43945 -15722.3
-18610.4 -40076.5 -38606.3 -44044.2 -15763.5
-18573.1 -40138.8 -38655.4 -44143.5 -15804.7
-18535.3 -40200 -38704.1 -44243.3 -15846.3
-18497 -40260.1 -38752.3 -44343.6 -15887.9
-18458.3 -40319.5 -38800.3 -44444.2 -15929.5
-18419 -40378.6 -38848.2 -44544.6 -15971.4
-18379.3 -40437.1 -38895.9 -44645.1 -16013.6
-18339.1 -40495.1 -38943.5 -44745.9 -16055.9
-18298.4 -40552.5 -38991 -44846.9 -16098.2
-18257.3 -40609.5 -39038.4 -44948.2 -16140.8
-18215.7 -40666 -39085.7 -45049.8 -16183.4
-18173.6 -40722 -39132.8 -45151.6 -16226.2
-18131.1 -40777.6 -39179.8 -45253.5 -16269.1
-18088.2 -40832.7 -39226.8 -45355.7 -16312.2
-18044.9 -40887.5 -39273.6 -45458.1 -16355.4
-18001.3 -40941.3 -39321.2 -45564 -16396.4
-17957.3 -40992.5 -39369.9 -45675.1 -16433.5
-17913 -41041.1 -39419.4 -45788.7 -16467.8
-17868.3 -41087.4 -39469.7 -45904.4 -16499.8
-17823.4 -41131.8 -39520.6 -46022.2 -16529.8
-17778.3 -41174.3 -39572.1 -46141.6 -16558.2
-17732.9 -41215.4 -39624 -46262.3 -16585.3
-17687.2 -41255.2 -39676.3 -46384.3 -16611.3
-17641.3 -41293.8 -39729 -46507.2 -16636.3
-17595.2 -41331.6 -39781.9 -46630.9 -16660.5
-17548.9 -41368.5 -39835 -46755.3 -16684.1
-17502.4 -41404.7 -39888.2 -46880.3 -16707.1
-17455.8 -41440.3 -39941.6 -47005.8 -16729.8
-17409 -41475.4 -39995.1 -47131.7 -16752.1
-17362 -41510.1 -40048.6 -47257.9 -16774
-17314.8 -41544.5 -40102.2 -47384.4 -16795.9
-17267.6 -41578.5 -40155.8 -47511.1 -16817.5
-17220.2 -41612.2 -40209.4 -47638 -16838.9
-17172.7 -41645.7 -40263 -47765 -16860.2
-17125.1 -41679 -40316.6 -47892.3 -16881.6
-17077.4 -41712.1 -40370.1 -48019.5 -16902.7
-17029.6 -41745.2 -40423.7 -48146.7 -16923.7
-16981.8 -41778.1 -40477.2 -48273.9 -16944.7
-16933.9 -41811 -40530.7 -48401.2 -16965.6
-16885.9 -41845.3 -40582.6 -48530.7 -16988.1
-16838.3 -41878.6 -40632.2 -48662.7 -17013.5
-16793 -41902.4 -40685.7 -48801.6 -17039.2
-16747.9 -41926.7 -40739.8 -48940.7 -17065.4
-16702.9 -41951 -40793.8 -49080.2 -17092.1
-16658 -41975.3 -40848 -49219.1 -17118.4
-16613.2 -41999.8 -40902.1 -49357.6 -17144.6
-16568.4 -42024.4 -40956.2 -49496 -17171
-16523.7 -42049.1 -41010.2 -49634.3 -17197.5
-16474.6 -42059.3 -41086.1 -49774.6 -17223.5
-16426.7 -42071.3 -41164.9 -49914.6 -17250
-16376.3 -42078.8 -41241.6 -50055.8 -17276.3
-16325.7 -42085.4 -41316.5 -50196.1 -17302.4
-16274.9 -42091.8 -41391.2 -50336.3 -17328.8
-16224.2 -42098.3 -41465.7 -50476 -17354.9
-16173.6 -42105 -41540.1 -50615.5 -17381
-16123 -42111.8 -41614.4 -50754.8 -17407
-16072.4 -42118.6 -41688.6 -50894 -17433
-16021.9 -42125.4 -41762.8 -51033 -17458.9
-15971.5 -42132.3 -41836.8 -51172 -17484.7
-15921.1 -42139.2 -41910.8 -51310.6 -17510.3
-15870.8 -42145.9 -41984.6 -51449.2 -17536
-15820.4 -42150.7 -42057.6 -51588.2 -17562.6
-15770.3 -42155.1 -42129.5 -51725.7 -17589
-15720.3 -42159.3 -42200.9 -51862.6 -17615.5
-15670.6 -42163.3 -42271.7 -51998.7 -17642
-15621.1 -42167.5 -42342.1 -52134.2 -17668.5
-15571.8 -42171.7 -42412.3 -52269.2 -17694.9
-15522.7 -42176.1 -42482.1 -52403.7 -17721.4
-15473.6 -42180.6 -42551.8 -52538 -17747.8
-15424.7 -42185.2 -42621.4 -52671.9 -17774.2
-15375.9 -42189.9 -42690.8 -52805.6 -17800.6
-15327.1 -42194.7 -42760 -52939.1 -17826.9
-15278.5 -42199.6 -42829.1 -53072.3 -17853.2
-15229.9 -42204.6 -42898.1 -53205.3 -17879.4
-15181.4 -42209.7 -42967 -53338.2 -17905.6
-15132.9 -42214.6 -43035.8 -53471.4 -17931.8
-15084.3 -42217.9 -43104.5 -53607.1 -17958.4
-15035.4 -42220.1 -43172.7 -53743.6 -17985.1
-14986.3 -42221.6 -43240.5 -53880.4 -18011.8
-14937 -42222.8 -43308.2 -54017.5 -18038.5
-14887.8 -42223.9 -43375.6 -54154.5 -18065.2
-14838.6 -42224.9 -43443 -54291.5 -18091.8
-14789.5 -42226 -43510.1 -54428.4 -18118.3
-14740.4 -42227.1 -43577.1 -54565.2 -18144.8
-14691.3 -42228.1 -43644 -54702 -18171.3
-14642.1 -42228.9 -43710.9 -54839.2 -18198
-14592.8 -42229.6 -43777.8 -54976.9 -18224.9
-14543.3 -42230.3 -43844.8 -55115 -18252
-14493.7 -42230.9 -43911.7 -55253.4 -18279.1
-14444.1 -42231.6 -43978.6 -55392 -18306.3
-14394.3 -42232.2 -44045.4 -55531 -18333.6
-14344.6 -42232.8 -44112.1 -55669.9 -18360.9
-14294.8 -42233.6 -44178.7 -55808.7 -18388.2
-14245.1 -42234.5 -44245.1 -55947.3 -18415.2
-14195.6 -42235.6 -44311.3 -56085.5 -18442.1
-14146.1 -42236.8 -44377.2 -56223.4 -18468.9
-14096.9 -42238.3 -44442.9 -56361 -18495.5
-14047.7 -42239.7 -44508.3 -56498.3 -18522.1
-13988.2 -42219.6 -44564.6 -56641.4 -18545.3
-13936.8 -42214.6 -44627.7 -56781.9 -18569.6
-13887.7 -42214.5 -44691.6 -56918.6 -18594.2
-13839.4 -42216.2 -44755.6 -57053.9 -18619.1
-13791 -42218.7 -44819.3 -57189.2 -18645
-13742.4 -42222.4 -44881.6 -57323.9 -18673.2
-13693.6 -42227.3 -44943.1 -57457.7 -18703
-13644.9 -42232.8 -45004.2 -57591 -18733.1
-13596.3 -42238.6 -45065 -57723.8 -18763.4
-13547.7 -42244.6 -45125.6 -57856.4 -18793.8
-13499.2 -42250.8 -45185.7 -57988.5 -18824.1
-13450.8 -42257.3 -45245.5 -58120.2 -18854.3
-13409.5 -42276.7 -45312.6 -58251.6 -18885.6
-13364.6 -42290.2 -45374.9 -58380.8 -18916.1
-13308.1 -42282.8 -45425.9 -58513.1 -18945.8
-13257.9 -42285.9 -45482.9 -58645.6 -18975.7
-13209.5 -42291.9 -45540.5 -58776.1 -19005.4
-13168.7 -42311.8 -45605.8 -58906.2 -19036.2
-13115.3 -42309.9 -45657.1 -59034.7 -19065.2
-13066.3 -42314.9 -45713.1 -59165.1 -19094.8
-13025.6 -42335 -45777.2 -59294.3 -19125.4
-12972.3 -42333.4 -45827.2 -59421.8 -19154.1
-12923.5 -42338.8 -45881.9 -59551.2 -19183.5
-12883.1 -42359.4 -45944.9 -59679.4 -19213.8
-12839.3 -42374.4 -46002.9 -59804.8 -19243.3
-12783.5 -42368.6 -46049.1 -59932.8 -19272
-12734.2 -42373.3 -46101.5 -60061.3 -19301.1
-12694.2 -42394.3 -46162.9 -60188.2 -19331.1
-12641.3 -42393.5 -46209.6 -60313.2 -19359.3
-12600.8 -42413.7 -46269.6 -60439.8 -19389.2
-12557.2 -42428.9 -46324.8 -60563.3 -19418.2
-12501.4 -42423.4 -46367.8 -60689.1 -19446.5
-12452.4 -42428.8 -46417.5 -60815.4 -19475.3
-12412.9 -42450.7 -46476.4 -60940.3 -19504.8
-12369.8 -42467.1 -46530.3 -61062.3 -19533.5
-12314.4 -42462.6 -46571.4 -61186 -19561.5
-12274 -42483.1 -46628.4 -61310.9 -19591
-12230.5 -42499.1 -46680.6 -61432.4 -19619.6
-12174.3 -42493.1 -46719.5 -61555.5 -19648.3
-12124.6 -42496.9 -46765.2 -61679.2 -19678.6
-12084.4 -42516.6 -46820.7 -61803.5 -19710.7
-12039.7 -42528.3 -46869.8 -61925.4 -19743.4
-11980.7 -42515.1 -46903.1 -62048.2 -19779.7
-11937.9 -42529.5 -46954.7 -62174.8 -19815.5
-11891.2 -42536.9 -47000.1 -62298.6 -19851.4
-11827.7 -42513.1 -47026.6 -62429.9 -19895.3
-11783.6 -42524.2 -47075.1 -62558.6 -19933.6
-11735.9 -42529.3 -47117.8 -62683.6 -19971.3
-11671.2 -42503.2 -47141.2 -62816.2 -20017.5
-11626.9 -42514.2 -47188.2 -62944.9 -20056.4
-11579 -42519.5 -47229.5 -63069.8 -20094.6
-11529.2 -42521.3 -47268.7 -63196.2 -20133.8
-11462.2 -42491.7 -47288.2 -63330.5 -20181.4
-11417.4 -42502.1 -47333.4 -63458.9 -20220.7
-11369.3 -42507 -47372.9 -63583.4 -20259
-11319.3 -42508.6 -47410.3 -63709 -20298.2
-11268.2 -42508.3 -47446.4 -63835.4 -20338
-11199.8 -42476.7 -47462.6 -63970 -20386.3
-11154.7 -42486.9 -47505.9 -64097.6 -20425.7
-11106.5 -42491.6 -47543.5 -64221.2 -20464
-11056.4 -42493.3 -47579.2 -64345.9 -20503.1
-11005.2 -42493.2 -47613.5 -64471.4 -20542.9
-10953.3 -42491.9 -47647 -64597.3 -20583
-10901.1 -42489.9 -47679.8 -64723.5 -20623.4
-10848.6 -42487.6 -47712 -64849.7 -20664
-10795.9 -42485.1 -47743.9 -64975.8 -20704.6
-10725.6 -42451.4 -47755.4 -65110 -20754
-10680.2 -42461.3 -47796 -65236.4 -20793.5
-10631.4 -42466 -47831 -65359.3 -20832.1
-10581 -42467.6 -47863.9 -65482.6 -20871.2
-10529.6 -42467.8 -47895.7 -65606.8 -20911.1
-10477.4 -42466.8 -47926.6 -65731.7 -20951.3
-10424.8 -42465.1 -47956.9 -65857.1 -20991.9
-10371.8 -42462.9 -47986.8 -65982.6 -21032.5
-10318.8 -42460.3 -48016.2 -66108.2 -21073.3
-10265.6 -42457.6 -48045.3 -66233.6 -21114
-10212.3 -42454.8 -48074.1 -66359 -21154.8
-10159 -42452 -48102.7 -66484.4 -21195.5
-10105.6 -42449.2 -48131.1 -66609.6 -21236.2
-10052.2 -42446.3 -48159.2 -66734.7 -21276.8
-9998.76 -42443.5 -48187.2 -66859.7 -21317.4
-9945.25 -42440.8 -48215 -66984.6 -21358
-9891.77 -42437.8 -48242.5 -67109.5 -21398.8
-9838.27 -42434.7 -48269.5 -67234.6 -21439.8
-9784.62 -42431.3 -48296.3 -67359.9 -21481
-9730.83 -42427.8 -48322.9 -67485.4 -21522.3
-9676.89 -42424.1 -48349.3 -67611.1 -21563.7
-9622.83 -42420.4 -48375.4 -67736.9 -21605.1
-9568.67 -42416.6 -48401.3 -67862.7 -21646.6
-9514.46 -42412.7 -48427 -67988.3 -21688
-9460.14 -42408.8 -48452.6 -68114 -21729.4
-9405.73 -42404.8 -48478 -68239.7 -21770.9
-9351.23 -42400.9 -48503.3 -68365.4 -21812.3
-9296.65 -42396.9 -48528.5 -68490.9 -21853.8
-9241.98 -42392.9 -48553.4 -68616.5 -21895.2
-9187.26 -42388.9 -48578.2 -68741.9 -21936.6
-9132.46 -42384.9 -48602.9 -68867.3 -21978.1
-9077.53 -42380.9 -48627.5 -68992.9 -22019.6
-9022.5 -42377.1 -48652 -69118.2 -22061.1
-8967.4 -42373.3 -48676.4 -69243.3 -22102.7
-8912.21 -42369.5 -48700.7 -69368.4 -22144.2
-8856.94 -42365.8 -48724.8 -69493.3 -22185.8
-8801.64 -42358.9 -48750.7 -69618.2 -22227.5
-8744.85 -42327.6 -48791.2 -69747.1 -22269.7
-8682.25 -42279.3 -48840 -69892.3 -22314.8
-8616.23 -42222 -48890.6 -70045.6 -22362.4
-8547.99 -42158.5 -48942 -70204 -22411.9
-8478.53 -42089.4 -48993.4 -70366.5 -22463.5
-8407.97 -42014.5 -49044.9 -70532.8 -22516.9
-8336.31 -41933.9 -49096.4 -70702.9 -22572
-8263.49 -41847.8 -49148.8 -70877.5 -22628.6
-8189.51 -41756.4 -49202.1 -71055.2 -22685.8
-8114.55 -41660.5 -49255.7 -71235.7 -22743.9
-8038.72 -41560.7 -49309.6 -71419.5 -22803
-7962.06 -41457.5 -49363.8 -71605.8 -22862.9
-7884.8 -41351 -49417.8 -71794.1 -22923.5
-7806.98 -41241.8 -49471.9 -71984.7 -22985
-7728.59 -41129.8 -49525.9 -72177.2 -23047.3
-7649.6 -41015 -49580.2 -72371.9 -23110.2
-7570.06 -40897.8 -49634.5 -72568.3 -23173.7
-7490 -40778.3 -49688.9 -72766.3 -23237.7
-7409.5 -40656.8 -49743.4 -72965.8 -23302.1
-7328.59 -40533.6 -49797.9 -73166.5 -23366.9
-7247.32 -40408.8 -49852.5 -73368.3 -23432
-7165.58 -40282.2 -49911 -73571.6 -23496
-7083.7 -40153.9 -49975.5 -73776.4 -23557.2
-7002.53 -40025.3 -50040.3 -73981.1 -23616.1
-6921.97 -39897.4 -50105 -74185.3 -23674.1
-6841.83 -39770.1 -50169.6 -74389 -23731.5
-6761.97 -39643.1 -50234 -74592.4 -23788.4
-6682.29 -39516.3 -50298.4 -74795.6 -23845
-6602.72 -39389.6 -50362.8 -74998.7 -23901.3
-6523.24 -39262.9 -50427.2 -75201.5 -23957.4
-6443.81 -39136.3 -50491.5 -75404.3 -24013.3
-6364.41 -39009.6 -50555.9 -75606.9 -24069
-6285.02 -38882.9 -50620.4 -75809.5 -24124.5
-6205.65 -38756.3 -50684.9 -76012 -24179.9
-6126.31 -38629.6 -50749.3 -76214.3 -24235.1
-6047.01 -38502.9 -50813.8 -76416.4 -24290.1
-5967.74 -38376.3 -50878.4 -76618.4 -24344.9
-5888.48 -38249.6 -50942.9 -76820.4 -24399.6
-5809.23 -38122.9 -51007.5 -77022.3 -24454.1
-5730 -37996.2 -51072.2 -77224.1 -24508.4
-5650.78 -37869.5 -51136.8 -77425.7 -24562.5
-5571.39 -37743.1 -51201.5 -77627.2 -24616.5
-5491.89 -37616.7 -51266.3 -77828.5 -24670.2
-5412.42 -37490.3 -51331.1 -78029.7 -24723.8
-5332.98 -37363.9 -51395.9 -78230.8 -24777.2
-5253.58 -37237.6 -51460.8 -78431.7 -24830.4
-5173.76 -37112 -51525.7 -78632.4 -24883.5
-5093.64 -36986.4 -51590.8 -78833 -24936.3
-5013.53 -36860.8 -51655.9 -79033.5 -24989
-4933.49 -36735.3 -51721 -79233.7 -25041.5
-4853.48 -36609.7 -51786.2 -79433.8 -25093.7
-4773.65 -36483.9 -51851 -79633.1 -25145.9
-4693.42 -36359 -51916 -79832.1 -25198.2
-4612.84 -36234.8 -51981.4 -80029.6 -25251.6
-4532.15 -36110.4 -52047.1 -80226.8 -25305.5
-4451.43 -35986.2 -52112.9 -80423.6 -25359.7
-4370.6 -35862.3 -52179 -80619.2 -25415.1
-4289.77 -35738.3 -52245.2 -80814.3 -25470.7
-4208.9 -35614.3 -52311.7 -81008.8 -25526.7
-4127.36 -35490.5 -52378.3 -81203.5 -25582.7
-4045.76 -35365.7 -52445 -81398.3 -25638.9
-3964.08 -35240.2 -52511.8 -81593.5 -25695.2
-3882.3 -35113.9 -52578.8 -81789.2 -25751.5
-3800.44 -34986.9 -52645.8 -81985.1 -25807.8
-3718.51 -34859.2 -52713 -82181.4 -25864.1
-3635.89 -34731.7 -52780.3 -82377.7 -25920.3
-3553.24 -34603.6 -52847.8 -82574.2 -25976.3
-3470.56 -34474 -52915.3 -82771.3 -26032.5
-3387.64 -34343.1 -52983 -82969.2 -26088.7
-3304.15 -34210.9 -53050.9 -83168 -26145.1
-3219.72 -34078 -53118.8 -83367.6 -26201.6
-3134.53 -33944.1 -53186.9 -83567.9 -26258.1
-3048.49 -33809.2 -53255.1 -83769 -26314.8
-2961.62 -33673.3 -53322.8 -83970.8 -26371.6
-2873.56 -33536.6 -53379.8 -84183.5 -26428.2
-2785.3 -33399.4 -53434.8 -84399.8 -26484.1
-2697.82 -33263.5 -53490.7 -84616.5 -26539.7
-2610.87 -33128.3 -53547 -84833.3 -26595
-2523.91 -32993.2 -53603.5 -85049.9 -26650.1
-2436.74 -32858.1 -53660.2 -85266.8 -26705
-2349.26 -32722.8 -53717.2 -85483.9 -26759.6
-2261.36 -32586.9 -53772.2 -85700.2 -26814.2
-2173.7 -32451.8 -53795.8 -85903 -26873.7
-2085.92 -32317.9 -53813.1 -86120.3 -26942.5
-1996.05 -32181.8 -53834.1 -86347.8 -27015.3
-1903.95 -32043.1 -53855.8 -86579.7 -27089.8
-1809.92 -31902.1 -53877.9 -86814.6 -27165.5
-1714.28 -31759.1 -53900 -87051.9 -27241.9
-1617.35 -31614.4 -53922.4 -87291 -27318.9
-1519.36 -31468 -53944.9 -87531.8 -27396.4
-1420.35 -31320.4 -53967.6 -87774.1 -27474.3
-1320.37 -31171.6 -53990.5 -88017.7 -27552.4
-1219.53 -31021.9 -54013.4 -88262.2 -27630.7
-1118.01 -30871.4 -54036.5 -88507.6 -27709.1
-1015.86 -30719.9 -54059.6 -88753.5 -27787.5
-913.174 -30567.9 -54082.8 -88999.8 -27865.9
-810.035 -30415.5 -54106.2 -89246.8 -27944.4
-624.117 -30146.4 -54122.3 -89602.9 -28064.7
-537.893 -30018 -54147 -89842.7 -28139.1
-445.501 -29879.1 -54166.1 -90079.4 -28213
-349.573 -29734.7 -54183.1 -90318.5 -28289.7
-250.695 -29586.4 -54199.5 -90560.6 -28369.3
-149.138 -29434.5 -54215.9 -90806.3 -28450.2
-45.2788 -29279.6 -54232.3 -91055.2 -28532.2
60.5481 -29122.3 -54248.7 -91306.6 -28615
168.176 -28962.7 -54265.1 -91560.5 -28698.6
277.423 -28801.2 -54281.6 -91816.3 -28782.7
388.262 -28637.7 -54298 -92074.3 -28867.4
500.668 -28472.3 -54314.4 -92334.1 -28952.7
614.667 -28304.9 -54330.8 -92596 -29038.4
730.077 -28135.9 -54347.1 -92859.5 -29124.5
846.986 -27965.1 -54363.4 -93124.6 -29211
965.419 -27792.3 -54379.5 -93391.6 -29297.8
1183.34 -27481.4 -54385.3 -93787.6 -29435.1
1377.17 -27207.9 -54399.2 -94163.5 -29560.5
1475.41 -27067.1 -54420.2 -94412.4 -29638.7
1582.81 -26911.4 -54437.9 -94664.8 -29717.7
1696.29 -26746.7 -54454.4 -94923.2 -29799.6
1911.8 -26440.3 -54459.6 -95311.8 -29932
2108.31 -26165 -54472.8 -95688.3 -30056.2
2209.24 -26021.1 -54493.7 -95940 -30134.4
2320 -25862.2 -54511.4 -96195.7 -30213.6
2532.32 -25560.7 -54518 -96579.4 -30341.6
2727.77 -25287.5 -54531.2 -96953.5 -30464.2
2913.15 -25026.9 -54544.9 -97313.7 -30581.4
3011.68 -24887.5 -54565.6 -97560.2 -30657.2
3121.1 -24731.6 -54583.5 -97812.5 -30734
3237.4 -24565 -54600.4 -98072.9 -30814.2
3456.67 -24255.1 -54606.1 -98464 -30944.7
3656.58 -23975.8 -54619.9 -98843 -31067
3760.7 -23828.9 -54640.9 -99097 -31144.2
3875.2 -23666.6 -54659.1 -99356.4 -31222.5
4092.18 -23361.4 -54665.8 -99744.2 -31349.8
4290.66 -23083.9 -54679.9 -100120 -31470
4480.92 -22820.8 -54695 -100485 -31586
4666.63 -22562.9 -54710 -100843 -31698.6
4852.2 -22304.1 -54723.8 -101198 -31810.7
5038.06 -22044.4 -54737.8 -101554 -31922.6
5138.5 -21903.6 -54758.9 -101802 -31995.2
5255.85 -21736.7 -54775.4 -102060 -32071.4
5476 -21422.7 -54778.7 -102448 -32196.7
5683.05 -21129.8 -54789.7 -102833 -32317.4
5889.93 -20842.7 -54803.8 -103216 -32435.7
6113.78 -20536.9 -54818.3 -103617 -32562.9
6305.42 -20270.3 -54836.2 -103968 -32666.8
6483.28 -20023.1 -54851.2 -104300 -32767.4
6571.01 -19897.1 -54870 -104522 -32830.1
6847.65 -19519.5 -54882.3 -104962 -32964.3
6929.23 -19402 -54898.8 -105175 -33027
7121.05 -19137.4 -54918.3 -105517 -33121.9
7307.17 -18880.9 -54934.1 -105858 -33225.2
7490.07 -18627 -54950.7 -106191 -33322
7671.88 -18374.5 -54965.3 -106524 -33421
7852.75 -18122.9 -54982 -106854 -33516.2
8022.31 -17889.4 -54999.4 -107168 -33607
8177.37 -17676.4 -55017.7 -107457 -33687.9
8326.76 -17472.7 -55038.6 -107744 -33768
8401.79 -17369.1 -55061.5 -107947 -33818.6
8489.55 -17249 -55082.7 -108158 -33872.2
8668.22 -17007.4 -55099.1 -108462 -33958.4
8828.43 -16790.5 -55120.8 -108756 -34039.2
8980.11 -16584.1 -55139.8 -109040 -34118.8
9125.09 -16387.7 -55160.7 -109315 -34193.2
9259.77 -16206.4 -55181.1 -109575 -34262.5
9325.94 -16115.6 -55201 -109760 -34309.4
9464.38 -15932.5 -55224 -110021 -34376.8
9586.7 -15770.1 -55244 -110260 -34439.7
9648.26 -15688.7 -55271.2 -110449 -34484.1
9719.09 -15596.1 -55293.9 -110636 -34528.4
9796.97 -15495.2 -55316.6 -110830 -34574.9
9885.22 -15377.9 -55338.5 -111030 -34625.1
9976.95 -15249.4 -55364.1 -111243 -34676.9
10065.1 -15126.9 -55386.3 -111446 -34727.5
10147.5 -15013.6 -55408.3 -111641 -34775.4
10229.3 -14901.7 -55429.6 -111834 -34822.7
10303.9 -14798.4 -55451.1 -112019 -34866.7
10414.5 -14645.4 -55462.7 -112223 -34920.5
10501.3 -14525.8 -55481.3 -112413 -34966.6
10578.2 -14420.1 -55497.5 -112580 -35002.2
10622.1 -14359.3 -55523.5 -112738 -35036.4
10672.2 -14289.4 -55546.7 -112892 -35068.5
10725.4 -14215.1 -55568.8 -113047 -35101.3
10780 -14138.5 -55589.7 -113202 -35134.5
10835.4 -14061 -55610.9 -113358 -35168
10891.3 -13982.9 -55632.4 -113515 -35201.5
10942.6 -13909.7 -55653.4 -113668 -35233.6
10988.3 -13842.9 -55674.2 -113815 -35263.6
11032.9 -13777.1 -55693 -113958 -35292.6
11076.3 -13713.1 -55711.8 -114100 -35321.2
11118.6 -13650.4 -55731.4 -114243 -35349
11160.2 -13588.3 -55750.2 -114384 -35376.4
11201.6 -13526.4 -55769 -114526 -35403.5
11242.8 -13464.4 -55787.6 -114668 -35430.5
11283.9 -13402.4 -55806.2 -114811 -35457.4
11324.9 -13340.4 -55825 -114954 -35484.2
11366 -13278.3 -55843.5 -115096 -35510.9
11406.9 -13216.3 -55862.1 -115239 -35537.5
11447.8 -13154.3 -55880.9 -115382 -35564.1
11488.6 -13092.4 -55899.5 -115524 -35590.5
11529.7 -13030.1 -55918.1 -115668 -35617.1
11570.8 -12967.7 -55936.4 -115810 -35643.6
11610.2 -12908.7 -55956.3 -115950 -35668.2
11648.8 -12850.8 -55975.9 -116089 -35692.6
11686.9 -12793.3 -55995.5 -116228 -35716.7
11724.8 -12736 -56014.9 -116366 -35740.7
11762.6 -12678.9 -56034.4 -116505 -35764.6
11799.8 -12622.4 -56053.9 -116642 -35788.2
11833.7 -12570.7 -56073.8 -116774 -35809.7
11866.2 -12520.6 -56093.7 -116904 -35830.4
11898.5 -12470.9 -56113.6 -117034 -35850.9
11930.7 -12421.2 -56133.4 -117163 -35871.4
11962.9 -12371.5 -56153.1 -117292 -35891.7
11994.9 -12321.7 -56172.8 -117421 -35912
12026.9 -12272 -56192.6 -117551 -35932.2
12058.7 -12222.2 -56212.2 -117680 -35952.3
12090.3 -12172.2 -56231.9 -117809 -35972.4
12121.9 -12122.2 -56251.6 -117938 -35992.3
12153.5 -12072.2 -56271.2 -118066 -36012.2
12184.9 -12022.1 -56290.8 -118195 -36032
12216.2 -11971.8 -56310.4 -118324 -36051.6
12247.3 -11921.5 -56330 -118452 -36071.2
12294.3 -11847.2 -56339.7 -118576 -36091.1
12328.8 -11792.6 -56356.5 -118701 -36109.1
12359.9 -11742.5 -56375.1 -118826 -36127
12379.7 -11709.3 -56402 -118958 -36146.1
12418.3 -11646.6 -56415.3 -119079 -36163.7
12450.7 -11593.8 -56433.5 -119206 -36182.4
12481.5 -11543.5 -56452.7 -119333 -36200.8
12501.4 -11509.8 -56479.7 -119466 -36219.9
12539.9 -11446.2 -56493.4 -119589 -36237.9
12572.2 -11392.5 -56511.9 -119717 -36256.8
12602.8 -11341.5 -56531.2 -119844 -36275.3
12622.5 -11307.5 -56558.3 -119977 -36294.2
12647.8 -11264.2 -56580.7 -120105 -36312
12690 -11193.6 -56592.8 -120230 -36330.6
12723.1 -11138.2 -56610.8 -120358 -36349.6
12753.6 -11086.9 -56630 -120485 -36367.5
12783.2 -11036.9 -56649.3 -120611 -36385
12812.7 -10987.1 -56668.7 -120736 -36402.4
12841.8 -10937.6 -56688.2 -120861 -36419.8
12871 -10888.1 -56707.6 -120986 -36437.2
12904.2 -10832.3 -56722.3 -121103 -36452.4
12932.4 -10784.6 -56741.8 -121227 -36470.6
12956.5 -10743 -56763.8 -121351 -36486.7
12988.2 -10689 -56780.8 -121474 -36504.5
13012.6 -10646.5 -56802.4 -121598 -36520.7
13040.4 -10598.5 -56822.6 -121724 -36538.2
13068.9 -10549.2 -56842.3 -121850 -36555.7
13097.6 -10499.7 -56862 -121976 -36573.2
13126.3 -10450.2 -56881.6 -122102 -36590.5
13154.9 -10401 -56901.2 -122227 -36607.8
13183.3 -10351.7 -56921.2 -122353 -36624.8
13211.4 -10301.8 -56942.3 -122481 -36640.5
13239 -10252.4 -56963.5 -122609 -36655.4
13266.7 -10202.8 -56984.7 -122738 -36670.5
13294.2 -10153.3 -57006 -122866 -36685.4
13321.6 -10104 -57027.3 -122994 -36699.6
13349.4 -10054.1 -57048.9 -123123 -36714.9
13377 -10004.3 -57070.4 -123252 -36729.6
13404.5 -9954.75 -57091.9 -123381 -36743.9
13432.1 -9905.05 -57113.4 -123509 -36758.5
13459.6 -9855.52 -57134.8 -123638 -36772.8
13487.2 -9805.98 -57156.5 -123766 -36787
13506.3 -9771.01 -57186.6 -123901 -36802.2
13542.9 -9707.72 -57203.2 -124024 -36816.8
13563.4 -9670.84 -57232.6 -124158 -36832
13601.1 -9606.45 -57249.1 -124281 -36846.9
13621.9 -9569.47 -57278.7 -124415 -36861.9
13647.2 -9524.82 -57303.6 -124543 -36876.2
13688 -9455.61 -57318.6 -124665 -36891.4
13709.2 -9417.92 -57347.8 -124799 -36906.3
13735 -9373.24 -57373 -124926 -36920.3
13763.2 -9325.52 -57398.3 -125053 -36934.6
13792.8 -9276.45 -57423.9 -125180 -36949.8
13837.6 -9204.92 -57443.6 -125306 -36967.2
13860.4 -9167.27 -57472.1 -125432 -36981.8
13887.2 -9123.21 -57499 -125557 -36996.1
13915.9 -9075.97 -57525.3 -125684 -37010.5
13959.9 -9005.68 -57543.2 -125804 -37026.3
13982.4 -8968.72 -57574.7 -125935 -37040
14008.9 -8924.94 -57601.9 -126061 -37053.1
14037.3 -8878.03 -57628.4 -126187 -37066.1
14080.5 -8809 -57646.2 -126306 -37079.7
14102.2 -8772.83 -57677.8 -126438 -37092.3
14128.1 -8729.67 -57705.1 -126564 -37104.3
14155.6 -8683.74 -57731.8 -126690 -37115.8
14183.8 -8636.39 -57758.2 -126818 -37126.6
14212.8 -8587.81 -57784.2 -126945 -37139
14241.6 -8539.18 -57813.5 -127071 -37150
14270.5 -8489.64 -57853.8 -127188 -37158.9
14299.2 -8440.27 -57894.1 -127305 -37167.5
14327.8 -8390.99 -57934.2 -127422 -37176
14356.3 -8341.81 -57974.4 -127538 -37184.3
14384.8 -8292.69 -58014.5 -127654 -37192.6
14413.2 -8243.66 -58054.5 -127771 -37200.7
14441.6 -8194.64 -58094.5 -127887 -37208.7
14469.9 -8145.73 -58134.5 -128003 -37216.6
14498.2 -8096.84 -58174.4 -128119 -37224.4
14526.5 -8048 -58214.3 -128235 -37232.1
14554.7 -7999.24 -58254.1 -128350 -37239.7
14582.9 -7950.42 -58293.9 -128466 -37247.3
14611 -7901.79 -58333.7 -128581 -37254.7
14639 -7853.24 -58373.4 -128696 -37262.1
14667.2 -7804.88 -58412.9 -128810 -37269.8
14695.4 -7756.86 -58452.7 -128924 -37278.2
14723.8 -7709.09 -58492.8 -129037 -37287.2
14752.3 -7661.32 -58532.8 -129149 -37296.4
14780.7 -7613.83 -58572.9 -129262 -37305.6
14809.1 -7566.21 -58612.9 -129374 -37314.9
14837.3 -7518.98 -58652.9 -129486 -37323.7
14865.7 -7471.52 -58692.8 -129598 -37332.9
14893.9 -7424.21 -58732.8 -129710 -37341.8
14922 -7377.08 -58772.7 -129822 -37350.5
14950.2 -7329.84 -58812.7 -129933 -37359.3
14978 -7283 -58852.5 -130045 -37367.2
15006.6 -7235.25 -58892.5 -130157 -37377
15034.7 -7188.05 -58932.6 -130269 -37385.6
15062.6 -7140.89 -58972.6 -130382 -37394
15090.8 -7093.38 -59012.6 -130494 -37403
15119.1 -7045.82 -59052.7 -130607 -37412.1
15147 -6998.65 -59092.8 -130720 -37420.4
15175.2 -6951.07 -59132.9 -130832 -37429.3
15203.2 -6903.7 -59173 -130945 -37437.7
15231.2 -6856.25 -59213 -131058 -37446.2
15259.1 -6808.84 -59253.2 -131171 -37454.6
15287.2 -6761.31 -59293.2 -131283 -37463.2
15315 -6714 -59333.2 -131396 -37471.4
15343 -6666.57 -59373.1 -131508 -37479.8
15370.8 -6619.3 -59413.1 -131621 -37488
15398.5 -6572.06 -59453.1 -131734 -37496
15426.1 -6524.94 -59493.1 -131846 -37504
15453.7 -6477.88 -59533.1 -131959 -37511.8
15481.6 -6430.44 -59573 -132071 -37520.4
15509 -6383.48 -59612.9 -132184 -37528.1
15536.5 -6336.39 -59652.8 -132296 -37536.1
15563.9 -6289.5 -59692.5 -132408 -37543.3
15591.6 -6242.21 -59732.3 -132520 -37551.6
15618.9 -6195.36 -59772 -132632 -37559.1
15646.2 -6148.5 -59811.7 -132744 -37566.6
15673.5 -6101.66 -59851.5 -132856 -37574
15700.8 -6054.82 -59891.2 -132967 -37581.4
15728 -6008.03 -59930.9 -133079 -37588.6
15755.2 -5961.28 -59970.6 -133191 -37595.8
15782.4 -5914.62 -60010.3 -133302 -37602.9
15809.5 -5867.95 -60049.9 -133413 -37609.9
15836.6 -5821.38 -60089.5 -133525 -37616.9
15863.6 -5774.82 -60129.1 -133636 -37623.7
15890.6 -5728.3 -60168.6 -133747 -37630.5
15917.6 -5681.82 -60208.2 -133858 -37637.2
15944.5 -5635.4 -60247.7 -133969 -37643.8
15971.4 -5589 -60287.1 -134080 -37650.4
15998.2 -5542.65 -60326.8 -134191 -37656.8
16025.1 -5496.28 -60366.4 -134302 -37663.2
16051.9 -5449.87 -60406.1 -134413 -37669.6
16078.8 -5403.45 -60445.9 -134525 -37675.9
16105.6 -5356.99 -60485.5 -134636 -37682.1
16132.5 -5310.47 -60525.2 -134748 -37688.4
16159.5 -5263.79 -60565.1 -134860 -37694.8
16186.5 -5217.13 -60604.9 -134972 -37700.9
16213.5 -5170.24 -60644.8 -135084 -37707.3
16240.6 -5123.33 -60684.8 -135197 -37713.5
16267.8 -5076.33 -60724.8 -135310 -37719.8
16294.9 -5029.27 -60764.8 -135423 -37726
16322.1 -4982.12 -60804.8 -135536 -37732.2
16349.2 -4934.98 -60844.8 -135649 -37738.3
16376.4 -4887.8 -60884.8 -135762 -37744.3
16403.6 -4840.58 -60924.8 -135875 -37750.4
16430.7 -4793.34 -60964.8 -135988 -37756.3
16457.9 -4746.09 -61004.8 -136101 -37762.2
16485.1 -4698.82 -61044.8 -136214 -37768.1
16512.2 -4651.56 -61084.8 -136328 -37773.9
16539.4 -4604.27 -61124.7 -136441 -37779.7
16566.5 -4557.01 -61164.6 -136554 -37785.4
16593.6 -4509.79 -61204.6 -136667 -37791
16620.7 -4462.57 -61244.5 -136780 -37796.6
16647.8 -4415.36 -61284.4 -136893 -37802.1
16674.9 -4368.13 -61324.3 -137006 -37807.6
16701.9 -4320.95 -61364.2 -137119 -37813
16729 -4273.76 -61404.1 -137232 -37818.3
16756 -4226.6 -61443.9 -137345 -37823.6
16783 -4179.43 -61483.8 -137458 -37828.9
16810 -4132.28 -61523.6 -137571 -37834.1
16837 -4085.17 -61563.5 -137684 -37839.2
16864 -4038.01 -61603.2 -137797 -37844.3
16890.9 -3990.93 -61643 -137909 -37849.3
16917.8 -3943.88 -61682.7 -138022 -37854.3
16944.7 -3896.84 -61722.4 -138135 -37859.2
16971.5 -3849.83 -61762.2 -138248 -37864.1
16998.4 -3802.79 -61801.9 -138360 -37868.9
17025.2 -3755.83 -61841.6 -138473 -37873.6
17052.1 -3708.86 -61881.3 -138586 -37878.3
17078.9 -3661.87 -61921 -138699 -37883
17105.7 -3614.92 -61960.7 -138811 -37887.6
17132.5 -3567.95 -62000.4 -138924 -37892.2
17159.3 -3520.98 -62040 -139037 -37896.7
17186 -3474.06 -62079.7 -139150 -37901.1
17212.8 -3427.05 -62119.5 -139263 -37905.6
17239.4 -3379.99 -62159.2 -139375 -37909.9
17266.1 -3332.76 -62198.9 -139488 -37914.3
17292.6 -3285.46 -62238.6 -139602 -37918.7
17319 -3238.02 -62278.3 -139715 -37923
17345.3 -3190.49 -62318 -139828 -37927.3
17371.5 -3142.83 -62357.7 -139941 -37931.5
17397.6 -3095.12 -62397.4 -140054 -37935.7
17423.7 -3047.25 -62437 -140168 -37939.9
17449.8 -2999.39 -62476.7 -140281 -37944.1
17475.9 -2951.52 -62516.4 -140395 -37948.2
17501.9 -2903.61 -62556.2 -140508 -37952.3
17528 -2855.66 -62595.9 -140622 -37956.3
17554.1 -2807.72 -62635.6 -140735 -37960.3
17580.1 -2759.76 -62675.3 -140849 -37964.3
17606.2 -2711.8 -62714.9 -140962 -37968.2
17632.2 -2663.88 -62754.6 -141076 -37972.1
17658.3 -2615.93 -62794.3 -141190 -37975.9
17684.3 -2567.99 -62834 -141303 -37979.7
17710.4 -2520.07 -62873.7 -141417 -37983.5
17736.4 -2472.14 -62913.4 -141530 -37987.3
17762.4 -2424.25 -62953.1 -141644 -37991
17788.4 -2376.35 -62992.9 -141758 -37994.7
17814.5 -2328.44 -63032.5 -141871 -37998.4
17840.4 -2280.63 -63072.3 -141984 -38002
17866.4 -2232.8 -63112 -142098 -38005.6
17892.4 -2184.92 -63151.8 -142212 -38009.1
17918.4 -2137.05 -63191.5 -142325 -38012.6
17944.4 -2089.18 -63231.3 -142439 -38016
17970.4 -2041.33 -63270.9 -142552 -38019.5
17996.3 -1993.51 -63310.5 -142666 -38022.8
18022.1 -1945.56 -63350.2 -142779 -38026.1
18047.7 -1897.26 -63390 -142892 -38029.5
18073.1 -1848.81 -63429.8 -143006 -38032.7
18098.1 -1799.9 -63469.6 -143119 -38036
18122.9 -1750.65 -63509.5 -143233 -38039.2
18147.3 -1700.87 -63549.5 -143347 -38042.3
18171.4 -1650.66 -63589.6 -143460 -38045.5
18195.3 -1599.93 -63629.7 -143574 -38048.7
18218.7 -1548.88 -63669.9 -143687 -38051.8
18241.8 -1497.38 -63710.2 -143801 -38054.8
18264.6 -1445.54 -63750.5 -143915 -38057.9
18287.3 -1393.54 -63790.8 -144028 -38060.8
18309.9 -1341.43 -63831.2 -144142 -38063.8
18332.4 -1289.23 -63871.6 -144256 -38066.7
18354.9 -1236.91 -63912.1 -144370 -38069.5
18377.5 -1184.42 -63952.6 -144483 -38072.4
18400 -1131.94 -63993 -144597 -38075.2
18422.5 -1079.41 -64033.4 -144711 -38078
18445 -1026.94 -64073.9 -144825 -38080.7
18467.5 -974.422 -64114.3 -144939 -38083.5
18489.9 -921.949 -64154.6 -145053 -38086.1
18512.4 -869.507 -64195 -145167 -38088.8
18534.7 -817.191 -64235.5 -145281 -38091.3
18557 -764.942 -64276 -145395 -38093.7
18579.4 -712.626 -64316.6 -145509 -38096.1
18601.7 -660.334 -64357.2 -145622 -38098.5
18624.2 -607.911 -64397.7 -145737 -38100.9
18646.7 -555.389 -64438.2 -145851 -38103.3
18669.2 -502.836 -64478.6 -145965 -38105.7
18691.6 -450.384 -64518.9 -146079 -38108
18714.4 -398.297 -64559.3 -146193 -38110.2
