0.005 -2.74949e-07 -2.75036e-07 -2.75108e-07 -2.75167e-07 -2.75213e-07 -2.75247e-07 -2.75272e-07 -2.75287e-07 -2.75293e-07 -2.75293e-07 -2.75285e-07 -2.75272e-07 -2.75253e-07 -2.75231e-07 -2.75204e-07 -2.75174e-07 -2.75142e-07 -2.75107e-07 -2.75071e-07 -2.75034e-07 -2.74995e-07 -2.74956e-07
0.01 -1.27804e-06 -1.27898e-06 -1.27978e-06 -1.28044e-06 -1.28099e-06 -1.28142e-06 -1.28174e-06 -1.28197e-06 -1.2821e-06 -1.28216e-06 -1.28215e-06 -1.28207e-06 -1.28194e-06 -1.28175e-06 -1.28152e-06 -1.28126e-06 -1.28096e-06 -1.28063e-06 -1.28029e-06 -1.27992e-06 -1.27955e-06 -1.27918e-06
0.015 -2.99036e-06 -2.99518e-06 -2.99935e-06 -3.00293e-06 -3.00593e-06 -3.00839e-06 -3.01036e-06 -3.01186e-06 -3.01293e-06 -3.01361e-06 -3.01392e-06 -3.01391e-06 -3.0136e-06 -3.01303e-06 -3.01222e-06 -3.01122e-06 -3.01005e-06 -3.00873e-06 -3.00731e-06 -3.0058e-06 -3.00423e-06 -3.00264e-06
0.02 -5.01478e-06 -5.03047e-06 -5.04434e-06 -5.05649e-06 -5.067e-06 -5.07594e-06 -5.0834e-06 -5.08948e-06 -5.09426e-06 -5.09784e-06 -5.10031e-06 -5.10175e-06 -5.10228e-06 -5.10197e-06 -5.10093e-06 -5.09924e-06 -5.097e-06 -5.0943e-06 -5.09124e-06 -5.0879e-06 -5.08439e-06 -5.08078e-06
0.025 -6.92526e-06 -6.9623e-06 -6.99575e-06 -7.02573e-06 -7.05239e-06 -7.07587e-06 -7.09631e-06 -7.11387e-06 -7.12873e-06 -7.14104e-06 -7.151e-06 -7.15878e-06 -7.16457e-06 -7.16856e-06 -7.17093e-06 -7.1719e-06 -7.17166e-06 -7.1704e-06 -7.16834e-06 -7.16566e-06 -7.16258e-06 -7.1593e-06
0.03 -8.27151e-06 -8.34042e-06 -8.40404e-06 -8.46252e-06 -8.51602e-06 -8.56471e-06 -8.60881e-06 -8.64851e-06 -8.68405e-06 -8.71566e-06 -8.74361e-06 -8.76816e-06 -8.78959e-06 -8.80817e-06 -8.82421e-06 -8.83801e-06 -8.84987e-06 -8.86012e-06 -8.86908e-06 -8.87705e-06 -8.88438e-06 -8.89138e-06
0.035 -8.67763e-06 -8.78496e-06 -8.88647e-06 -8.98227e-06 -9.07252e-06 -9.15737e-06 -9.23703e-06 -9.3117e-06 -9.38162e-06 -9.44704e-06 -9.50824e-06 -9.5655e-06 -9.61914e-06 -9.66946e-06 -9.71682e-06 -9.76154e-06 -9.804e-06 -9.84456e-06 -9.88358e-06 -9.92145e-06 -9.95856e-06 -9.99527e-06
0.04 -7.94453e-06 -8.09071e-06 -8.23265e-06 -8.37039e-06 -8.50398e-06 -8.63353e-06 -8.75913e-06 -8.88091e-06 -8.99902e-06 -9.11364e-06 -9.22495e-06 -9.33316e-06 -9.4385e-06 -9.5412e-06 -9.64153e-06 -9.73976e-06 -9.83616e-06 -9.93102e-06 -1.00246e-05 -1.01173e-05 -1.02094e-05 -1.03012e-05
0.045 -6.08896e-06 -6.26881e-06 -6.44836e-06 -6.6275e-06 -6.80616e-06 -6.98427e-06 -7.16176e-06 -7.33859e-06 -7.51473e-06 -7.69018e-06 -7.86492e-06 -8.03896e-06 -8.21234e-06 -8.38507e-06 -8.55722e-06 -8.72882e-06 -8.89994e-06 -9.07066e-06 -9.24104e-06 -9.41116e-06 -9.58111e-06 -9.75098e-06
0.05 -3.3751e-06 -3.58265e-06 -3.79506e-06 -4.01208e-06 -4.23347e-06 -4.45899e-06 -4.68841e-06 -4.92148e-06 -5.15795e-06 -5.39758e-06 -5.64012e-06 -5.88534e-06 -6.13297e-06 -6.38279e-06 -6.63455e-06 -6.88799e-06 -7.14288e-06 -7.39898e-06 -7.65604e-06 -7.91381e-06 -8.17207e-06 -8.43057e-06
0.055 -2.80214e-07 -5.12348e-07 -7.54045e-07 -1.00494e-06 -1.26467e-06 -1.53282e-06 -1.80899e-06 -2.09276e-06 -2.3837e-06 -2.68133e-06 -2.98521e-06 -3.29485e-06 -3.60977e-06 -3.92946e-06 -4.25342e-06 -4.58113e-06 -4.91206e-06 -5.24568e-06 -5.58147e-06 -5.91888e-06 -6.25737e-06 -6.5964e-06
0.06 2.65952e-06 2.40757e-06 2.14253e-06 1.86491e-06 1.5752e-06 1.27396e-06 9.61737e-07 6.39118e-07 3.06703e-07 -3.48861e-08 -3.85011e-07 -7.43016e-07 -1.10823e-06 -1.47997e-06 -1.85754e-06 -2.24022e-06 -2.62731e-06 -3.01808e-06 -3.41179e-06 -3.80772e-06 -4.20512e-06 -4.60326e-06
0.065 4.90408e-06 4.64165e-06 4.36418e-06 4.0722e-06 3.76633e-06 3.44717e-06 3.11538e-06 2.77161e-06 2.41657e-06 2.05097e-06 1.67555e-06 1.29106e-06 8.98275e-07 4.97986e-07 9.09959e-08 -3.21881e-07 -7.39819e-07 -1.16198e-06 -1.58754e-06 -2.01563e-06 -2.44542e-06 -2.87606e-06
0.07 5.83662e-06 5.5744e-06 5.29687e-06 5.0046e-06 4.69819e-06 4.37826e-06 4.04546e-06 3.70047e-06 3.34398e-06 2.97673e-06 2.59945e-06 2.21292e-06 1.81792e-06 1.41526e-06 1.00574e-06 5.90206e-07 1.69496e-07 -2.5554e-07 -6.84041e-07 -1.11514e-06 -1.54798e-06 -1.98169e-06
0.075 4.806e-06 4.555e-06 4.28988e-06 4.01117e-06 3.71943e-06 3.41525e-06 3.09925e-06 2.77206e-06 2.43432e-06 2.08672e-06 1.72994e-06 1.3647e-06 9.91725e-07 6.11744e-07 2.25511e-07 -1.66211e-07 -5.62652e-07 -9.63034e-07 -1.36657e-06 -1.77248e-06 -2.17997e-06 -2.58825e-06
0.08 1.25063e-06 1.02137e-06 7.80388e-07 5.28126e-07 2.65061e-07 -8.31504e-09 -2.91491e-07 -5.83939e-07 -8.85113e-07 -1.19445e-06 -1.51138e-06 -1.8353e-06 -2.16563e-06 -2.50174e-06 -2.84301e-06 -3.18882e-06 -3.53852e-06 -3.89148e-06 -4.24704e-06 -4.60456e-06 -4.96338e-06 -5.32285e-06
0.085 -5.24467e-06 -5.44821e-06 -5.65957e-06 -5.87846e-06 -6.1046e-06 -6.33765e-06 -6.5773e-06 -6.82319e-06 -7.07497e-06 -7.33228e-06 -7.59474e-06 -7.86195e-06 -8.13352e-06 -8.40903e-06 -8.68807e-06 -8.97021e-06 -9.25501e-06 -9.54205e-06 -9.83087e-06 -1.0121e-05 -1.04121e-05 -1.07036e-05
0.09 -1.49301e-05 -1.51184e-05 -1.53084e-05 -1.55e-05 -1.56931e-05 -1.58879e-05 -1.60841e-05 -1.62817e-05 -1.64807e-05 -1.66809e-05 -1.68824e-05 -1.70851e-05 -1.72888e-05 -1.74934e-05 -1.7699e-05 -1.79053e-05 -1.81123e-05 -1.83199e-05 -1.85279e-05 -1.87363e-05 -1.89449e-05 -1.91536e-05
0.095 -2.78899e-05 -2.80922e-05 -2.82874e-05 -2.84757e-05 -2.86573e-05 -2.88326e-05 -2.90019e-05 -2.91655e-05 -2.93237e-05 -2.94769e-05 -2.96254e-05 -2.97696e-05 -2.991e-05 -3.00467e-05 -3.01804e-05 -3.03112e-05 -3.04397e-05 -3.05662e-05 -3.06912e-05 -3.08149e-05 -3.09379e-05 -3.10605e-05
0.1 -4.40355e-05 -4.42954e-05 -4.45378e-05 -4.47633e-05 -4.49724e-05 -4.51658e-05 -4.53441e-05 -4.5508e-05 -4.56585e-05 -4.57961e-05 -4.59219e-05 -4.60367e-05 -4.61413e-05 -4.62368e-05 -4.63242e-05 -4.64043e-05 -4.64782e-05 -4.65469e-05 -4.66115e-05 -4.66729e-05 -4.67323e-05 -4.67906e-05
0.105 -6.31146e-05 -6.34802e-05 -6.38191e-05 -6.41321e-05 -6.44199e-05 -6.46836e-05 -6.49239e-05 -6.51421e-05 -6.53393e-05 -6.55167e-05 -6.56755e-05 -6.58171e-05 -6.59429e-05 -6.60544e-05 -6.6153e-05 -6.62403e-05 -6.63177e-05 -6.6387e-05 -6.64497e-05 -6.65075e-05 -6.6562e-05 -6.66149e-05
0.11 -8.48157e-05 -8.53407e-05 -8.58329e-05 -8.62929e-05 -8.67218e-05 -8.71208e-05 -8.74911e-05 -8.78339e-05 -8.81506e-05 -8.84429e-05 -8.87122e-05 -8.89602e-05 -8.91886e-05 -8.93993e-05 -8.9594e-05 -8.97746e-05 -8.99432e-05 -9.01016e-05 -9.02519e-05 -9.0396e-05 -9.05361e-05 -9.06741e-05
0.115 -0.00010884 -0.000109599 -0.000110321 -0.000111007 -0.000111658 -0.000112276 -0.000112861 -0.000113416 -0.000113943 -0.000114441 -0.000114915 -0.000115365 -0.000115792 -0.000116201 -0.000116591 -0.000116966 -0.000117328 -0.000117678 -0.00011802 -0.000118354 -0.000118684 -0.000119012
0.12 -0.000134825 -0.000135918 -0.00013697 -0.000137985 -0.000138962 -0.000139903 -0.00014081 -0.000141684 -0.000142527 -0.000143341 -0.000144127 -0.000144887 -0.000145624 -0.00014634 -0.000147037 -0.000147717 -0.000148383 -0.000149036 -0.00014968 -0.000150316 -0.000150948 -0.000151577
0.125 -0.000162226 -0.000163765 -0.000165265 -0.000166725 -0.000168147 -0.000169532 -0.000170881 -0.000172197 -0.00017348 -0.000174732 -0.000175956 -0.000177153 -0.000178326 -0.000179476 -0.000180606 -0.000181719 -0.000182816 -0.000183901 -0.000184975 -0.000186041 -0.000187103 -0.000188162
0.13 -0.000190352 -0.000192455 -0.000194521 -0.00019655 -0.000198542 -0.0002005 -0.000202424 -0.000204315 -0.000206176 -0.000208006 -0.000209809 -0.000211586 -0.000213339 -0.00021507 -0.000216781 -0.000218475 -0.000220155 -0.000221821 -0.000223478 -0.000225126 -0.00022677 -0.000228411
0.135 -0.000218573 -0.000221356 -0.00022411 -0.000226834 -0.000229528 -0.000232194 -0.000234831 -0.000237441 -0.000240024 -0.000242583 -0.000245118 -0.00024763 -0.000250122 -0.000252596 -0.000255052 -0.000257493 -0.000259921 -0.000262338 -0.000264747 -0.000267148 -0.000269546 -0.000271941
0.14 -0.000246411 -0.000249998 -0.000253567 -0.000257117 -0.00026065 -0.000264163 -0.000267658 -0.000271135 -0.000274593 -0.000278035 -0.00028146 -0.000284869 -0.000288264 -0.000291645 -0.000295014 -0.000298372 -0.000301721 -0.000305062 -0.000308396 -0.000311726 -0.000315052 -0.000318376
0.145 -0.000273475 -0.000277997 -0.000282517 -0.000287033 -0.000291545 -0.000296051 -0.000300552 -0.000305045 -0.000309532 -0.000314012 -0.000318485 -0.000322951 -0.00032741 -0.000331863 -0.00033631 -0.000340751 -0.000345188 -0.000349621 -0.00035405 -0.000358477 -0.000362902 -0.000367327
0.15 -0.000299362 -0.000304952 -0.000310559 -0.00031618 -0.000321814 -0.000327459 -0.000333112 -0.000338773 -0.000344441 -0.000350113 -0.00035579 -0.00036147 -0.000367152 -0.000372837 -0.000378523 -0.00038421 -0.000389898 -0.000395586 -0.000401275 -0.000406964 -0.000412654 -0.000418343
0.155 -0.000323634 -0.000330414 -0.000337234 -0.000344091 -0.000350982 -0.000357902 -0.000364851 -0.000371824 -0.000378819 -0.000385834 -0.000392868 -0.000399917 -0.00040698 -0.000414055 -0.000421141 -0.000428236 -0.000435339 -0.000442447 -0.000449561 -0.000456678 -0.000463797 -0.000470918
0.16 -0.000345928 -0.000353994 -0.000362131 -0.000370333 -0.000378596 -0.000386915 -0.000395285 -0.000403703 -0.000412165 -0.000420666 -0.000429203 -0.000437773 -0.000446371 -0.000454995 -0.000463641 -0.000472307 -0.000480989 -0.000489685 -0.000498392 -0.000507106 -0.000515826 -0.000524549
0.165 -0.000366151 -0.000375565 -0.00038509 -0.000394717 -0.000404441 -0.000414256 -0.000424154 -0.00043413 -0.000444177 -0.00045429 -0.000464462 -0.00047469 -0.000484966 -0.000495286 -0.000505644 -0.000516036 -0.000526457 -0.000536901 -0.000547363 -0.00055784 -0.000568326 -0.000578817
0.17 -0.000384537 -0.000395347 -0.000406312 -0.000417426 -0.000428678 -0.000440061 -0.000451565 -0.000463183 -0.000474907 -0.000486727 -0.000498637 -0.000510628 -0.000522692 -0.000534823 -0.000547012 -0.000559251 -0.000571534 -0.000583853 -0.000596201 -0.00060857 -0.000620953 -0.000633343
0.175 -0.000401523 -0.000413776 -0.000426234 -0.000438885 -0.000451719 -0.000464725 -0.000477892 -0.000491209 -0.000504667 -0.000518255 -0.000531962 -0.000545779 -0.000559694 -0.000573699 -0.000587782 -0.000601934 -0.000616145 -0.000630405 -0.000644704 -0.000659032 -0.00067338 -0.000687738
0.18 -0.000417617 -0.000431351 -0.000445335 -0.000459557 -0.000474004 -0.000488663 -0.000503521 -0.000518565 -0.000533782 -0.000549161 -0.000564687 -0.00058035 -0.000596135 -0.000612031 -0.000628025 -0.000644105 -0.000660258 -0.000676471 -0.000692734 -0.000709033 -0.000725356 -0.000741692
0.185 -0.000433304 -0.000448516 -0.000464024 -0.000479813 -0.000495868 -0.000512174 -0.000528715 -0.000545477 -0.000562445 -0.000579603 -0.000596937 -0.000614432 -0.000632073 -0.000649845 -0.000667734 -0.000685724 -0.000703802 -0.000721952 -0.00074016 -0.000758411 -0.00077669 -0.000794985
0.19 -0.00044904 -0.000465689 -0.000482679 -0.000499992 -0.000517611 -0.00053552 -0.0005537 -0.000572136 -0.000590809 -0.000609703 -0.000628799 -0.000648083 -0.000667535 -0.000687139 -0.000706878 -0.000726735 -0.000746693 -0.000766735 -0.000786844 -0.000807003 -0.000827195 -0.000847405
