0.005 -2.74956e-07 -0.00445343 -7.76365e-11
0.01 -1.27917e-06 -0.00449432 -7.54153e-10
0.015 -3.00261e-06 -0.00453035 -3.1957e-09
0.02 -5.08069e-06 -0.00455978 -7.2505e-09
0.025 -7.15912e-06 -0.00458103 -6.6334e-09
0.03 -8.89112e-06 -0.00459298 1.3893e-08
0.035 -9.995e-06 -0.00459514 7.33153e-08
0.04 -1.0301e-05 -0.00458766 1.83422e-07
0.045 -9.751e-06 -0.00457121 3.39733e-07
0.05 -8.43083e-06 -0.00454705 5.17117e-07
0.055 -6.59684e-06 -0.00451711 6.78297e-07
0.06 -4.60381e-06 -0.00448377 7.96591e-07
0.065 -2.87668e-06 -0.00444949 8.6163e-07
0.07 -1.98229e-06 -0.00441661 8.67774e-07
0.075 -2.58878e-06 -0.0043873 8.16889e-07
0.08 -5.32327e-06 -0.00436349 7.19222e-07
0.085 -1.07039e-05 -0.00434671 5.83217e-07
0.09 -1.91536e-05 -0.00433799 4.17524e-07
0.095 -3.106e-05 -0.00433773 2.4503e-07
0.1 -4.67897e-05 -0.00434575 1.16296e-07
0.105 -6.66136e-05 -0.00436133 1.05146e-07
0.11 -9.06726e-05 -0.00438333 2.75401e-07
0.115 -0.000119011 -0.00441024 6.54963e-07
0.12 -0.000151575 -0.00444029 1.25762e-06
0.125 -0.00018816 -0.00447155 2.11693e-06
0.13 -0.00022841 -0.00450207 3.28189e-06
0.135 -0.000271939 -0.00453003 4.78966e-06
0.14 -0.000318375 -0.0045538 6.64921e-06
0.145 -0.000367326 -0.00457206 8.84916e-06
0.15 -0.000418343 -0.00458383 1.13797e-05
0.155 -0.000470919 -0.00458854 1.4243e-05
0.16 -0.000524551 -0.00458607 1.74474e-05
0.165 -0.000578821 -0.00457675 2.09847e-05
0.17 -0.000633349 -0.00456137 2.47854e-05
0.175 -0.000687745 -0.00454114 2.87205e-05
0.18 -0.000741701 -0.00451761 3.26775e-05
0.185 -0.000794995 -0.00449248 3.65964e-05
0.19 -0.000847417 -0.00446753 4.04275e-05
0.195 -0.00089876 -0.00444447 4.40965e-05
0.2 -0.000948819 -0.00442482 4.75154e-05
0.205 -0.000997374 -0.00440984 5.06052e-05
0.21 -0.00104422 -0.00440045 5.33128e-05
0.215 -0.00108915 -0.00439715 5.56209e-05
0.22 -0.00113203 -0.00440004 5.75394e-05
0.225 -0.00117281 -0.00440879 5.90816e-05
0.23 -0.00121156 -0.00442273 6.0258e-05
0.235 -0.00124851 -0.00444084 6.10894e-05
0.24 -0.00128404 -0.00446191 6.16119e-05
0.245 -0.0013186 -0.00448453 6.18781e-05
0.25 -0.00135261 -0.00450725 6.1957e-05
0.255 -0.00138639 -0.00452866 6.19197e-05
0.26 -0.00142018 -0.00454748 6.18309e-05
0.265 -0.00145413 -0.00456261 6.17567e-05
0.27 -0.00148825 -0.0045732 6.17724e-05
0.275 -0.00152245 -0.0045787 6.19577e-05
0.28 -0.00155656 -0.00457889 6.2389e-05
0.285 -0.00159051 -0.00457386 6.31285e-05
0.29 -0.00162468 -0.00456406 6.42067e-05
0.295 -0.00165973 -0.00455028 6.56165e-05
0.3 -0.00169635 -0.00453357 6.73362e-05
0.305 -0.00173497 -0.00451518 6.93485e-05
0.31 -0.00177571 -0.00449643 7.16346e-05
0.315 -0.00181854 -0.00447861 7.41618e-05
0.32 -0.00186333 -0.0044629 7.6883e-05
0.325 -0.00190982 -0.00445034 7.97439e-05
0.33 -0.00195777 -0.00444171 8.26944e-05
0.335 -0.00200713 -0.00443751 8.56972e-05
0.34 -0.00205792 -0.00443792 8.87256e-05
0.345 -0.00211012 -0.00444282 9.17535e-05
0.35 -0.00216373 -0.00445181 9.4749e-05
0.355 -0.0022187 -0.00446424 9.76738e-05
0.36 -0.00227486 -0.00447926 0.000100488
0.365 -0.00233186 -0.00449586 0.000103163
0.37 -0.00238931 -0.00451297 0.000105695
0.375 -0.0024468 -0.0045295 0.000108098
0.38 -0.00250397 -0.00454447 0.000110389
0.385 -0.00256053 -0.00455697 0.000112576
0.39 -0.00261619 -0.00456631 0.000114669
0.395 -0.00267056 -0.00457198 0.000116684
0.4 -0.00272315 -0.00457371 0.00011865
0.405 -0.00277343 -0.00457149 0.000120602
0.41 -0.00282085 -0.00456558 0.00012256
0.415 -0.00286485 -0.00455646 0.00012452
0.42 -0.00290488 -0.00454482 0.00012646
0.425 -0.00294046 -0.00453153 0.000128365
0.43 -0.00297123 -0.00451753 0.000130224
0.435 -0.00299696 -0.00450382 0.00013201
0.44 -0.00301752 -0.00449133 0.00013368
0.445 -0.00303297 -0.00448087 0.000135191
0.45 -0.00304343 -0.00447311 0.000136501
0.455 -0.0030491 -0.00446852 0.00013757
0.46 -0.00305036 -0.00446735 0.000138363
0.465 -0.0030477 -0.0044696 0.000138851
0.47 -0.00304166 -0.00447504 0.000139007
0.475 -0.00303279 -0.00448326 0.000138804
0.48 -0.00302158 -0.00449366 0.000138234
0.485 -0.00300856 -0.00450553 0.000137296
0.49 -0.00299424 -0.00451806 0.000136
0.495 -0.0029791 -0.00453044 0.000134379
0.5 -0.00296368 -0.00454187 0.000132486
0.505 -0.00294846 -0.00455164 0.000130383
0.51 -0.00293405 -0.00455917 0.000128143
0.515 -0.00292121 -0.00456402 0.000125849
0.52 -0.00291041 -0.00456594 0.000123585
0.525 -0.00290185 -0.00456485 0.000121425
0.53 -0.00289566 -0.00456092 0.000119445
0.535 -0.00289201 -0.00455448 0.000117726
0.54 -0.00289087 -0.00454603 0.000116352
0.545 -0.00289197 -0.00453621 0.000115385
0.55 -0.0028949 -0.00452574 0.000114864
0.555 -0.00289905 -0.00451536 0.000114815
0.56 -0.00290368 -0.00450578 0.000115252
0.565 -0.00290818 -0.00449766 0.000116166
0.57 -0.00291196 -0.0044915 0.00011752
0.575 -0.00291443 -0.0044877 0.000119257
0.58 -0.00291498 -0.00448646 0.000121298
0.585 -0.00291296 -0.00448781 0.000123547
0.59 -0.00290766 -0.00449162 0.000125891
0.595 -0.00289825 -0.00449759 0.000128207
0.6 -0.00288381 -0.00450529 0.000130369
0.605 -0.00286346 -0.00451419 0.000132238
0.61 -0.00283645 -0.00452371 0.000133684
0.615 -0.00280213 -0.0045332 0.000134594
0.62 -0.00276002 -0.00454208 0.00013487
0.625 -0.00270988 -0.00454978 0.000134429
0.63 -0.00265148 -0.00455583 0.0001332
0.635 -0.00258457 -0.00455988 0.000131126
0.64 -0.00250891 -0.00456171 0.000128169
0.645 -0.00242463 -0.00456125 0.000124311
0.65 -0.0023323 -0.00455862 0.000119566
0.655 -0.00223276 -0.00455406 0.000113982
0.66 -0.00212697 -0.00454797 0.00010763
0.665 -0.00201598 -0.00454083 0.000100603
0.67 -0.00190108 -0.00453315 9.30169e-05
0.675 -0.00178376 -0.00452551 8.50051e-05
0.68 -0.00166562 -0.00451843 7.67116e-05
0.685 -0.00154809 -0.00451242 6.82879e-05
0.69 -0.00143219 -0.00450786 5.98932e-05
0.695 -0.00131864 -0.00450507 5.16888e-05
0.7 -0.00120792 -0.00450422 4.38297e-05
0.705 -0.0011003 -0.00450535 3.64561e-05
0.71 -0.000995909 -0.00450838 2.96876e-05
0.715 -0.000894872 -0.00451311 2.36194e-05
0.72 -0.000797371 -0.00451922 1.83228e-05
0.725 -0.000703657 -0.00452632 1.38459e-05
0.73 -0.000613969 -0.00453396 1.02106e-05
0.735 -0.000528463 -0.00454167 7.40596e-06
0.74 -0.000447055 -0.00454896 5.38519e-06
0.745 -0.000369407 -0.00455541 4.06814e-06
0.75 -0.000295011 -0.00456063 3.35205e-06
0.755 -0.000223132 -0.00456431 3.11926e-06
0.76 -0.000152841 -0.00456628 3.23645e-06
0.765 -8.32494e-05 -0.00456644 3.55792e-06
0.77 -1.35727e-05 -0.00456483 3.94264e-06
0.775 5.68447e-05 -0.00456158 4.25002e-06
0.78 0.000128422 -0.00455697 4.28031e-06
0.785 0.000201304 -0.00455132 3.76117e-06
0.79 0.00027536 -0.00454505 2.47203e-06
0.795 0.000350086 -0.0045386 3.606e-07
0.8 0.000424626 -0.00453242 -2.48271e-06
0.805 0.000498017 -0.0045269 -5.94032e-06
0.81 0.000569381 -0.00452241 -9.96893e-06
0.815 0.000637994 -0.00451922 -1.4592e-05
0.82 0.000703269 -0.00451755 -1.98029e-05
0.825 0.000764749 -0.00451748 -2.54975e-05
0.83 0.000822094 -0.00451901 -3.14892e-05
0.835 0.000875075 -0.00452202 -3.75739e-05
0.84 0.000923568 -0.00452633 -4.35945e-05
0.845 0.000967551 -0.00453164 -4.94473e-05
0.85 0.00100706 -0.00453764 -5.50087e-05
0.855 0.00104225 -0.00454394 -6.00439e-05
0.86 0.00107343 -0.00455018 -6.42269e-05
0.865 0.00110101 -0.00455596 -6.72994e-05
0.87 0.0011254 -0.00456096 -6.91966e-05
0.875 0.00114704 -0.00456487 -6.99985e-05
0.88 0.00116632 -0.00456749 -6.98046e-05
0.885 0.00118354 -0.00456867 -6.86939e-05
0.89 0.0011989 -0.00456836 -6.67612e-05
0.895 0.00121261 -0.00456662 -6.41368e-05
0.9 0.00122488 -0.00456359 -6.09734e-05
0.905 0.00123595 -0.00455953 -5.74347e-05
0.91 0.001246 -0.00455475 -5.36975e-05
0.915 0.0012552 -0.00454961 -4.99646e-05
0.92 0.00126366 -0.00454447 -4.64664e-05
0.925 0.0012715 -0.00453969 -4.34267e-05
0.93 0.00127879 -0.00453559 -4.10115e-05
0.935 0.00128559 -0.00453245 -3.9309e-05
0.94 0.00129193 -0.00453047 -3.83622e-05
0.945 0.00129778 -0.00452975 -3.82162e-05
0.95 0.00130301 -0.00453032 -3.89219e-05
0.955 0.00130749 -0.00453211 -4.04889e-05
0.96 0.001311 -0.00453497 -4.28439e-05
0.965 0.00131325 -0.00453872 -4.58445e-05
0.97 0.00131392 -0.0045431 -4.93183e-05
0.975 0.00131263 -0.00454782 -5.3083e-05
0.98 0.00130903 -0.00455257 -5.69546e-05
0.985 0.00130278 -0.00455707 -6.07447e-05
0.99 0.00129355 -0.00456103 -6.4251e-05
0.995 0.00128105 -0.00456424 -6.72691e-05
1 0.00126504 -0.0045665 -6.96279e-05
1.005 0.0012454 -0.00456771 -7.12145e-05
1.01 0.00122206 -0.00456781 -7.19631e-05
1.015 0.00119499 -0.00456682 -7.18119e-05
1.02 0.00116423 -0.00456483 -7.06743e-05
1.025 0.00112994 -0.004562 -6.84756e-05
1.03 0.00109244 -0.00455855 -6.52276e-05
1.035 0.00105225 -0.00455475 -6.10506e-05
1.04 0.00100997 -0.00455087 -5.61279e-05
1.045 0.000966287 -0.0045472 -5.06575e-05
1.05 0.000921877 -0.004544 -4.4838e-05
1.055 0.000877403 -0.00454147 -3.887e-05
1.06 0.000833424 -0.00453979 -3.29508e-05
1.065 0.00079041 -0.00453906 -2.72654e-05
1.07 0.000748778 -0.00453933 -2.19832e-05
1.075 0.000708906 -0.00454056 -1.72565e-05
1.08 0.000671141 -0.00454267 -1.32181e-05
1.085 0.000635788 -0.00454549 -9.97098e-06
1.09 0.000603069 -0.00454883 -7.57982e-06
1.095 0.000573091 -0.00455248 -6.07191e-06
1.1 0.00054586 -0.00455617 -5.44585e-06
1.105 0.000521307 -0.00455969 -5.67741e-06
1.11 0.000499268 -0.00456278 -6.71553e-06
1.115 0.000479411 -0.00456528 -8.47228e-06
1.12 0.000461231 -0.00456702 -1.08189e-05
1.125 0.000444064 -0.00456791 -1.35945e-05
1.13 0.000427159 -0.00456791 -1.6619e-05
1.135 0.000409798 -0.00456706 -1.97027e-05
1.14 0.000391347 -0.00456544 -2.26565e-05
1.145 0.000371268 -0.00456319 -2.53098e-05
1.15 0.000349088 -0.00456048 -2.75181e-05
1.155 0.000324382 -0.00455749 -2.91123e-05
1.16 0.000296779 -0.00455445 -2.98437e-05
1.165 0.000265987 -0.00455155 -2.95013e-05
1.17 0.000231839 -0.00454901 -2.8089e-05
1.175 0.000194422 -0.00454698 -2.57795e-05
1.18 0.000154148 -0.00454561 -2.27377e-05
1.185 0.000111644 -0.00454497 -1.90525e-05
1.19 6.76707e-05 -0.0045451 -1.47805e-05
1.195 2.30786e-05 -0.004546 -1.00039e-05
1.2 -2.13394e-05 -0.00454759 -4.83042e-06
1.205 -6.4874e-05 -0.00454977 6.25574e-07
1.21 -0.000106774 -0.00455241 6.22368e-06
1.215 -0.000146241 -0.00455532 1.1788e-05
1.22 -0.000182654 -0.00455833 1.71161e-05
1.225 -0.00021569 -0.00456126 2.19495e-05
1.23 -0.000245226 -0.00456392 2.5979e-05
1.235 -0.000271357 -0.00456616 2.89683e-05
1.24 -0.000294374 -0.00456784 3.08843e-05
1.245 -0.000314595 -0.00456888 3.18832e-05
1.25 -0.000332277 -0.00456923 3.21452e-05
1.255 -0.000347623 -0.00456888 3.17272e-05
1.26 -0.000360819 -0.00456788 3.05874e-05
1.265 -0.000372112 -0.00456629 2.86968e-05
1.27 -0.000381809 -0.00456426 2.61022e-05
1.275 -0.000390221 -0.00456194 2.29437e-05
1.28 -0.000397641 -0.0045595 1.94498e-05
1.285 -0.00040431 -0.00455712 1.58932e-05
1.29 -0.000410421 -0.00455497 1.25338e-05
1.295 -0.000416103 -0.00455318 9.61424e-06
1.3 -0.000421361 -0.00455187 7.34019e-06
1.305 -0.000426089 -0.00455114 5.7955e-06
1.31 -0.00043011 -0.00455101 4.9204e-06
1.315 -0.000433194 -0.00455148 4.6075e-06
1.32 -0.000435089 -0.00455251 4.81237e-06
1.325 -0.000435562 -0.00455403 5.56815e-06
1.33 -0.000434381 -0.00455591 6.91249e-06
1.335 -0.00043129 -0.00455803 8.82232e-06
1.34 -0.000426054 -0.00456025 1.12084e-05
1.345 -0.000418543 -0.00456243 1.39478e-05
1.35 -0.000408812 -0.00456442 1.69171e-05
1.355 -0.000397093 -0.00456611 2.00089e-05
1.36 -0.000383751 -0.00456741 2.31063e-05
1.365 -0.000369214 -0.00456824 2.59934e-05
1.37 -0.000354033 -0.00456856 2.82997e-05
1.375 -0.000338902 -0.00456836 2.96521e-05
1.38 -0.000324486 -0.00456768 2.9935e-05
1.385 -0.000311383 -0.00456655 2.93163e-05
1.39 -0.000300096 -0.00456508 2.80057e-05
1.395 -0.000290946 -0.00456336 2.60785e-05
1.4 -0.000284152 -0.00456154 2.35339e-05
1.405 -0.000279912 -0.00455974 2.0425e-05
1.41 -0.000278348 -0.00455809 1.68802e-05
1.415 -0.000279467 -0.00455672 1.30631e-05
1.42 -0.000283164 -0.00455572 9.17584e-06
1.425 -0.000289239 -0.00455515 5.47414e-06
1.43 -0.00029733 -0.00455505 2.23101e-06
1.435 -0.000306839 -0.00455542 -3.27679e-07
1.44 -0.000317029 -0.00455622 -2.06422e-06
1.445 -0.000327238 -0.00455741 -2.94103e-06
1.45 -0.000336941 -0.00455889 -2.98875e-06
1.455 -0.000345696 -0.00456055 -2.24275e-06
1.46 -0.000353155 -0.00456229 -7.23936e-07
1.465 -0.000359098 -0.00456399 1.527e-06
1.47 -0.000363412 -0.00456554 4.42075e-06
1.475 -0.000366013 -0.00456685 7.81876e-06
1.48 -0.000366813 -0.00456784 1.15635e-05
1.485 -0.000365665 -0.00456848 1.5513e-05
1.49 -0.000362318 -0.00456873 1.95327e-05
1.495 -0.000356455 -0.00456861 2.34658e-05
1.5 -0.000347768 -0.00456814 2.71021e-05
1.505 -0.000335985 -0.00456737 3.01169e-05
1.51 -0.000320884 -0.00456635 3.2103e-05
1.515 -0.000302279 -0.00456517 3.2818e-05
1.52 -0.000280009 -0.0045639 3.23608e-05
1.525 -0.000253883 -0.00456264 3.10017e-05
1.53 -0.000223641 -0.00456146 2.89004e-05
1.535 -0.000188967 -0.00456045 2.60512e-05
1.54 -0.000149431 -0.0045597 2.24348e-05
1.545 -0.000104584 -0.00455926 1.81212e-05
1.55 -5.42209e-05 -0.00455915 1.32298e-05
1.555 1.59914e-06 -0.00455941 7.87331e-06
1.56 6.24876e-05 -0.00456001 2.17313e-06
1.565 0.000127629 -0.00456094 -3.7111e-06
1.57 0.000195973 -0.00456214 -9.60034e-06
1.575 0.000266534 -0.00456354 -1.53462e-05
1.58 0.000338574 -0.00456507 -2.08587e-05
1.585 0.000411644 -0.00456664 -2.6059e-05
1.59 0.000485636 -0.00456816 -3.08031e-05
1.595 0.000560784 -0.00456956 -3.49139e-05
1.6 0.000637501 -0.00457076 -3.8311e-05
1.605 0.000716149 -0.00457169 -4.106e-05
1.61 0.00079692 -0.00457233 -4.32921e-05
1.615 0.000879797 -0.00457264 -4.51208e-05
1.62 0.000964462 -0.00457262 -4.66379e-05
1.625 0.00105026 -0.00457229 -4.79492e-05
1.63 0.00113624 -0.00457167 -4.91793e-05
1.635 0.00122092 -0.00457083 -5.04299e-05
1.64 0.00130255 -0.00456983 -5.17671e-05
1.645 0.00137952 -0.00456875 -5.32743e-05
1.65 0.00145054 -0.00456765 -5.50791e-05
1.655 0.0015146 -0.00456664 -5.73034e-05
1.66 0.00157087 -0.00456577 -5.99997e-05
1.665 0.00161865 -0.00456512 -6.31347e-05
1.67 0.00165731 -0.00456473 -6.66281e-05
1.675 0.0016862 -0.00456465 -7.04081e-05
1.68 0.00170473 -0.00456488 -7.44117e-05
1.685 0.00171231 -0.00456541 -7.85145e-05
1.69 0.00170832 -0.00456623 -8.24792e-05
1.695 0.00169208 -0.00456729 -8.60054e-05
1.7 0.00166279 -0.00456851 -8.88369e-05
1.705 0.00161956 -0.00456984 -9.08162e-05
1.71 0.0015615 -0.00457119 -9.18425e-05
1.715 0.0014881 -0.00457248 -9.17998e-05
1.72 0.00139943 -0.00457362 -9.05431e-05
1.725 0.00129636 -0.00457454 -8.79353e-05
1.73 0.00118084 -0.00457519 -8.38552e-05
1.735 0.00105571 -0.00457556 -7.81849e-05
1.74 0.00092403 -0.00457563 -7.0854e-05
1.745 0.000788753 -0.00457545 -6.19297e-05
1.75 0.00065293 -0.00457505 -5.16455e-05
1.755 0.000519428 -0.0045745 -4.03299e-05
1.76 0.000390408 -0.00457387 -2.83021e-05
1.765 0.000267701 -0.00457325 -1.58092e-05
1.77 0.000153028 -0.00457271 -3.05046e-06
1.775 4.78857e-05 -0.00457233 9.6629e-06
1.78 -4.62575e-05 -0.00457216 2.17446e-05
1.785 -0.000127892 -0.00457223 3.2496e-05
1.79 -0.000195796 -0.00457257 4.1519e-05
1.795 -0.00024917 -0.00457316 4.88148e-05
1.8 -0.000287512 -0.004574 5.44475e-05
1.805 -0.000310535 -0.00457503 5.82932e-05
1.81 -0.000318161 -0.00457621 6.01464e-05
1.815 -0.000310601 -0.00457745 5.9889e-05
1.82 -0.000288396 -0.00457867 5.74606e-05
1.825 -0.000252267 -0.00457978 5.28234e-05
1.83 -0.000203041 -0.00458073 4.6105e-05
1.835 -0.000141537 -0.00458148 3.76674e-05
1.84 -6.83362e-05 -0.00458201 2.79253e-05
1.845 1.60413e-05 -0.00458231 1.71952e-05
1.85 0.000110914 -0.00458241 5.75854e-06
1.855 0.000215522 -0.00458233 -6.05068e-06
1.86 0.000329092 -0.00458212 -1.7865e-05
1.865 0.00045074 -0.00458184 -2.93304e-05
1.87 0.000579354 -0.00458154 -4.0111e-05
1.875 0.000713556 -0.00458127 -4.99093e-05
1.88 0.000851738 -0.00458108 -5.85351e-05
1.885 0.000992114 -0.004581 -6.5914e-05
1.89 0.00113284 -0.00458107 -7.20333e-05
1.895 0.0012722 -0.0045813 -7.69449e-05
1.9 0.00140864 -0.00458169 -8.07865e-05
1.905 0.00154091 -0.00458223 -8.37241e-05
1.91 0.00166817 -0.00458289 -8.58964e-05
1.915 0.00178992 -0.00458364 -8.7467e-05
1.92 0.00190583 -0.00458445 -8.86779e-05
1.925 0.00201574 -0.00458526 -8.97575e-05
1.93 0.00211949 -0.00458604 -9.08167e-05
1.935 0.00221696 -0.00458675 -9.191e-05
1.94 0.00230798 -0.00458735 -9.31435e-05
1.945 0.00239235 -0.00458782 -9.46761e-05
1.95 0.00246981 -0.00458814 -9.6659e-05
1.955 0.00254008 -0.00458831 -9.91987e-05
1.96 0.00260298 -0.00458833 -0.000102337
1.965 0.00265858 -0.00458822 -0.000106016
1.97 0.00270718 -0.004588 -0.000110076
1.975 0.00274954 -0.00458771 -0.000114336
1.98 0.00278695 -0.00458737 -0.000118701
1.985 0.00282083 -0.00458704 -0.000123154
1.99 0.00285274 -0.00458674 -0.000127626
1.995 0.00288456 -0.00458651 -0.000131887
2 0.00291809 -0.00458638 -0.00013563
2.005 0.00295474 -0.00458636 -0.000138629
2.01 0.00299577 -0.00458646 -0.000140835
2.015 0.00304231 -0.00458668 -0.00014234
2.02 0.00309524 -0.00458702 -0.00014327
2.025 0.00315525 -0.00458746 -0.000143703
2.03 0.00322309 -0.00458797 -0.000143677
2.035 0.00329964 -0.00458853 -0.00014326
2.04 0.00338574 -0.00458909 -0.000142617
2.045 0.00348221 -0.00458963 -0.000142008
2.05 0.00358962 -0.00459013 -0.000141716
2.055 0.00370819 -0.00459056 -0.000141947
2.06 0.00383793 -0.0045909 -0.000142831
2.065 0.0039785 -0.00459114 -0.000144487
2.07 0.00412862 -0.0045913 -0.000147067
2.075 0.00428583 -0.00459137 -0.000150751
2.08 0.00444729 -0.00459138 -0.000155718
2.085 0.00461008 -0.00459137 -0.000162092
2.09 0.00477159 -0.00459136 -0.000169902
2.095 0.00492914 -0.0045914 -0.000179079
2.1 0.00507998 -0.00459152 -0.000189472
2.105 0.0052217 -0.00459176 -0.000200887
2.11 0.00535201 -0.00459215 -0.00021311
2.115 0.00546877 -0.00459271 -0.000225889
2.12 0.00557041 -0.00459345 -0.000238888
2.125 0.00565585 -0.00459439 -0.00025167
2.13 0.00572441 -0.00459549 -0.000263738
2.135 0.00577584 -0.00459674 -0.000274601
2.14 0.00581031 -0.0045981 -0.000283834
2.145 0.00582865 -0.00459952 -0.0002911
2.15 0.0058322 -0.00460093 -0.000296135
2.155 0.00582268 -0.00460227 -0.000298738
2.16 0.00580233 -0.00460347 -0.000298769
2.165 0.00577377 -0.00460444 -0.000296179
2.17 0.00573953 -0.00460513 -0.000291021
2.175 0.00570203 -0.00460549 -0.000283478
2.18 0.00566343 -0.00460551 -0.000273855
2.185 0.00562553 -0.00460523 -0.000262539
2.19 0.00558964 -0.00460468 -0.000249994
2.195 0.00555668 -0.00460393 -0.000236773
2.2 0.00552727 -0.00460305 -0.000223508
2.205 0.00550162 -0.00460212 -0.000210849
2.21 0.00547939 -0.00460122 -0.000199407
2.215 0.00545916 -0.00460044 -0.000189659
2.22 0.00543841 -0.00459983 -0.00018191
2.225 0.00541443 -0.00459946 -0.000176355
2.23 0.00538468 -0.00459934 -0.000173144
2.235 0.00534662 -0.00459949 -0.000172379
2.24 0.00529817 -0.00459989 -0.000174071
2.245 0.00523781 -0.00460051 -0.000178084
2.25 0.00516443 -0.0046013 -0.000184094
2.255 0.00507728 -0.00460224 -0.000191613
2.26 0.0049761 -0.00460326 -0.000200039
2.265 0.00486113 -0.00460432 -0.000208715
2.27 0.00473328 -0.00460536 -0.000216945
2.275 0.00459426 -0.00460633 -0.000224025
2.28 0.00444613 -0.00460718 -0.000229292
2.285 0.00429095 -0.00460786 -0.0002322
2.29 0.00413055 -0.00460834 -0.000232358
2.295 0.00396643 -0.00460858 -0.000229528
2.3 0.0037997 -0.00460858 -0.000223608
2.305 0.00363114 -0.00460836 -0.000214608
2.31 0.00346157 -0.00460797 -0.000202646
2.315 0.00329209 -0.00460746 -0.000187963
2.32 0.00312435 -0.00460689 -0.000170947
2.325 0.0029604 -0.00460634 -0.000152117
2.33 0.0028025 -0.00460588 -0.000132067
2.335 0.00265304 -0.00460557 -0.000111423
2.34 0.00251429 -0.00460547 -9.08366e-05
2.345 0.00238812 -0.00460563 -7.09716e-05
2.35 0.00227596 -0.00460605 -5.2476e-05
2.355 0.00217851 -0.00460674 -3.59448e-05
2.36 0.00209528 -0.00460769 -2.18921e-05
2.365 0.00202396 -0.00460886 -1.07433e-05
2.37 0.00196119 -0.00461018 -2.83252e-06
2.375 0.00190373 -0.00461159 1.60955e-06
2.38 0.0018485 -0.00461301 2.47741e-06
2.385 0.00179281 -0.00461435 -1.89762e-07
2.39 0.00173448 -0.00461553 -6.20129e-06
2.395 0.00167169 -0.00461647 -1.52004e-05
2.4 0.00160283 -0.00461714 -2.66556e-05
2.405 0.00152631 -0.0046175 -3.98895e-05
2.41 0.0014404 -0.00461759 -5.41188e-05
2.415 0.00134308 -0.00461742 -6.8489e-05
2.42 0.00123218 -0.00461703 -8.21341e-05
2.425 0.00110557 -0.00461647 -9.4278e-05
2.43 0.00096128 -0.00461581 -0.000104242
2.435 0.000797692 -0.00461509 -0.000111227
2.44 0.000613581 -0.00461437 -0.000114251
2.445 0.000408336 -0.00461368 -0.000112569
2.45 0.000182706 -0.00461307 -0.000106053
2.455 -6.11631e-05 -0.00461259 -9.50839e-05
2.46 -0.000319662 -0.00461229 -8.01897e-05
2.465 -0.000587765 -0.00461222 -6.17671e-05
2.47 -0.000860877 -0.00461241 -4.00682e-05
2.475 -0.0011355 -0.0046129 -1.53264e-05
2.48 -0.00140863 -0.00461371 1.21315e-05
2.485 -0.0016778 -0.00461485 4.17831e-05
2.49 -0.00194114 -0.00461632 7.28659e-05
2.495 -0.00219717 -0.00461808 0.000104444
2.5 -0.00244476 -0.00462011 0.000135567
2.505 -0.00268331 -0.00462235 0.000165295
2.51 -0.00291275 -0.00462474 0.000192394
2.515 -0.00313286 -0.00462719 0.000215294
2.52 -0.00334341 -0.00462963 0.000232881
2.525 -0.00354441 -0.00463194 0.000245196
2.53 -0.0037361 -0.00463405 0.000252994
2.535 -0.00391885 -0.00463587 0.000256841
2.54 -0.00409321 -0.00463732 0.000256831
2.545 -0.00425988 -0.00463833 0.000252946
2.55 -0.00441985 -0.00463881 0.000245497
2.555 -0.00457448 -0.00463875 0.000235233
2.56 -0.00472532 -0.00463817 0.000223117
2.565 -0.00487413 -0.00463713 0.000210138
2.57 -0.0050228 -0.00463574 0.000197263
2.575 -0.00517302 -0.00463412 0.000185365
2.58 -0.00532595 -0.0046324 0.000175227
2.585 -0.00548191 -0.00463071 0.000167569
2.59 -0.00563994 -0.00462917 0.000162977
2.595 -0.00579795 -0.00462789 0.00016177
2.6 -0.00595346 -0.00462696 0.000163991
2.605 -0.00610413 -0.00462644 0.000169544
2.61 -0.00624805 -0.00462636 0.000178371
2.615 -0.00638401 -0.00462674 0.000190491
2.62 -0.00651135 -0.00462759 0.00020584
2.625 -0.00662977 -0.00462888 0.000224045
2.63 -0.00673909 -0.00463056 0.00024438
2.635 -0.00683885 -0.00463255 0.000265925
2.64 -0.00692852 -0.00463479 0.000287781
2.645 -0.00700766 -0.00463718 0.000309132
2.65 -0.00707577 -0.00463962 0.00032916
2.655 -0.00713224 -0.00464202 0.00034698
2.66 -0.00717648 -0.00464428 0.000361712
2.665 -0.00720805 -0.00464629 0.000372685
2.67 -0.00722677 -0.00464796 0.000379564
2.675 -0.00723275 -0.00464923 0.000382308
2.68 -0.00722654 -0.00465003 0.000381007
2.685 -0.00720921 -0.00465032 0.000375761
2.69 -0.00718238 -0.00465009 0.000366697
2.695 -0.00714801 -0.00464936 0.000354116
2.7 -0.00710766 -0.0046482 0.000338574
2.705 -0.00706226 -0.00464673 0.000320804
2.71 -0.00701238 -0.00464506 0.00030162
2.715 -0.00695841 -0.00464331 0.000281884
2.72 -0.00690057 -0.00464162 0.000262486
2.725 -0.00683901 -0.00464011 0.000244268
2.73 -0.00677397 -0.0046389 0.000227976
2.735 -0.00670579 -0.00463806 0.000214252
2.74 -0.00663519 -0.00463766 0.000203618
2.745 -0.00656332 -0.00463771 0.000196409
2.75 -0.00649163 -0.00463822 0.000192738
2.755 -0.00642193 -0.00463913 0.00019252
2.76 -0.00635652 -0.00464039 0.000195546
2.765 -0.00629739 -0.0046419 0.000201516
2.77 -0.0062457 -0.00464356 0.000210002
2.775 -0.00620212 -0.00464527 0.000220408
2.78 -0.00616671 -0.00464692 0.000232023
2.785 -0.00613894 -0.00464843 0.000244112
2.79 -0.0061178 -0.00464973 0.00025601
2.795 -0.00610183 -0.00465076 0.000267155
2.8 -0.00608912 -0.00465147 0.000277073
2.805 -0.00607708 -0.00465186 0.000285341
2.81 -0.00606267 -0.00465191 0.000291589
2.815 -0.00604263 -0.00465164 0.000295558
2.82 -0.00601329 -0.00465109 0.000297125
2.825 -0.00597095 -0.0046503 0.000296242
2.83 -0.00591271 -0.00464931 0.000292906
2.835 -0.00583663 -0.00464821 0.000287164
2.84 -0.00574174 -0.00464708 0.000279147
2.845 -0.00562809 -0.00464601 0.000269077
2.85 -0.00549663 -0.00464507 0.000257254
2.855 -0.00534903 -0.00464434 0.000244028
2.86 -0.00518806 -0.00464387 0.000229767
2.865 -0.00501758 -0.00464369 0.000214822
2.87 -0.00484139 -0.00464383 0.000199513
2.875 -0.00466283 -0.00464428 0.000184148
2.88 -0.00448495 -0.00464502 0.000169036
2.885 -0.00431021 -0.00464601 0.000154493
2.89 -0.00414013 -0.00464719 0.000140821
2.895 -0.00397544 -0.0046485 0.000128295
2.9 -0.00381601 -0.00464986 0.00011715
2.905 -0.00366096 -0.0046512 0.000107581
2.91 -0.00350908 -0.00465245 9.97384e-05
2.915 -0.00335899 -0.00465354 9.37296e-05
2.92 -0.00320892 -0.00465441 8.95909e-05
2.925 -0.00305691 -0.00465503 8.72547e-05
2.93 -0.00290079 -0.00465535 8.6541e-05
2.935 -0.00273828 -0.00465538 8.71749e-05
2.94 -0.00256722 -0.00465511 8.88105e-05
2.945 -0.00238577 -0.00465458 9.10572e-05
2.95 -0.00219258 -0.00465382 9.35004e-05
2.955 -0.00198673 -0.00465289 9.57112e-05
2.96 -0.00176767 -0.00465185 9.72626e-05
2.965 -0.0015354 -0.00465078 9.7755e-05
2.97 -0.00129062 -0.00464973 9.68551e-05
2.975 -0.00103507 -0.00464879 9.43055e-05
2.98 -0.000771486 -0.00464802 8.97929e-05
2.985 -0.000502789 -0.00464747 8.27899e-05
2.99 -0.000231832 -0.00464718 7.27363e-05
2.995 3.82122e-05 -0.00464718 5.95236e-05
3 0.000304311 -0.00464748 4.36972e-05
3.005 0.000563894 -0.00464808 2.60743e-05
3.01 0.000814941 -0.00464896 7.23882e-06
3.015 0.00105618 -0.00465008 -1.25371e-05
3.02 0.00128709 -0.0046514 -3.30792e-05
3.025 0.00150759 -0.00465288 -5.41994e-05
3.03 0.00171775 -0.00465445 -7.56647e-05
3.035 0.00191829 -0.00465606 -9.70731e-05
3.04 0.00211081 -0.00465764 -0.000117774
3.045 0.0022974 -0.00465912 -0.000137002
3.05 0.00248081 -0.00466043 -0.000154
3.055 0.00266369 -0.00466153 -0.000168018
3.06 0.0028479 -0.00466237 -0.000178502
3.065 0.00303472 -0.00466293 -0.000185401
3.07 0.00322512 -0.00466318 -0.000189126
3.075 0.0034198 -0.00466313 -0.000190211
3.08 0.00361899 -0.0046628 -0.000189102
3.085 0.00382226 -0.00466221 -0.000186198
3.09 0.00402849 -0.00466141 -0.000181968
3.095 0.00423569 -0.00466044 -0.000177001
3.1 0.00444121 -0.00465938 -0.000171928
3.105 0.00464219 -0.0046583 -0.000167364
3.11 0.00483611 -0.00465728 -0.000163905
3.115 0.00502085 -0.00465639 -0.000162128
3.12 0.00519463 -0.00465567 -0.0001625
3.125 0.00535618 -0.00465517 -0.000165286
3.13 0.00550462 -0.00465492 -0.000170594
3.135 0.00563934 -0.00465496 -0.000178481
3.14 0.00575978 -0.00465529 -0.000188949
3.145 0.00586521 -0.0046559 -0.00020183
3.15 0.00595473 -0.00465676 -0.000216682
3.155 0.00602733 -0.00465785 -0.000232848
3.16 0.00608197 -0.0046591 -0.000249609
3.165 0.00611766 -0.00466047 -0.000266299
3.17 0.00613357 -0.00466189 -0.000282238
3.175 0.00612925 -0.00466331 -0.000296644
3.18 0.00610466 -0.00466466 -0.000308653
3.185 0.00606002 -0.00466588 -0.00031751
3.19 0.00599719 -0.00466692 -0.000322745
3.195 0.00592035 -0.00466772 -0.000324218
3.2 0.00583378 -0.00466826 -0.000321984
3.205 0.00574061 -0.00466849 -0.000316093
3.21 0.00564279 -0.00466841 -0.000306531
3.215 0.00554169 -0.00466803 -0.000293359
3.22 0.00543856 -0.00466739 -0.000276876
3.225 0.00533442 -0.00466655 -0.000257686
3.23 0.00523038 -0.00466558 -0.000236637
3.235 0.00512788 -0.00466456 -0.000214685
3.24 0.0050284 -0.00466358 -0.000192783
3.245 0.00493348 -0.0046627 -0.000171808
3.25 0.00484477 -0.00466199 -0.000152546
3.255 0.00476394 -0.00466151 -0.000135712
3.26 0.00469248 -0.00466129 -0.000121937
3.265 0.00463153 -0.00466134 -0.000111693
3.27 0.00458154 -0.00466167 -0.000105224
3.275 0.0045422 -0.00466225 -0.00010259
3.28 0.00451266 -0.00466303 -0.000103738
3.285 0.00449131 -0.00466397 -0.00010853
3.29 0.00447508 -0.00466499 -0.000116722
3.295 0.00446036 -0.00466603 -0.000127926
3.3 0.00444432 -0.00466704 -0.000141597
3.305 0.00442496 -0.00466798 -0.000157049
3.31 0.00440091 -0.0046688 -0.000173477
3.315 0.00437122 -0.00466948 -0.000189999
3.32 0.00433521 -0.00467 -0.000205729
3.325 0.00429248 -0.00467035 -0.000219875
3.33 0.00424289 -0.00467053 -0.000231766
3.335 0.00418643 -0.00467053 -0.00024082
3.34 0.00412296 -0.00467039 -0.000246497
3.345 0.00405226 -0.00467009 -0.000248357
3.35 0.00397422 -0.00466968 -0.00024619
3.355 0.00388886 -0.00466918 -0.000240086
3.36 0.00379632 -0.00466862 -0.000230359
3.365 0.00369694 -0.00466807 -0.000217371
3.37 0.00359123 -0.00466757 -0.000201449
3.375 0.00347987 -0.00466715 -0.000183082
3.38 0.00336361 -0.00466686 -0.000163089
3.385 0.00324331 -0.00466671 -0.000142375
3.39 0.00311988 -0.00466673 -0.000121631
3.395 0.00299431 -0.00466693 -0.000101361
3.4 0.00286764 -0.00466729 -8.20869e-05
3.405 0.00274079 -0.00466782 -6.4431e-05
3.41 0.00261451 -0.00466847 -4.90172e-05
3.415 0.00248948 -0.00466923 -3.63487e-05
3.42 0.00236633 -0.00467004 -2.67852e-05
3.425 0.00224555 -0.00467086 -2.05416e-05
3.43 0.0021274 -0.00467165 -1.76404e-05
3.435 0.00201172 -0.00467236 -1.7882e-05
3.44 0.00189789 -0.00467296 -2.08898e-05
3.445 0.00178502 -0.00467339 -2.61942e-05
3.45 0.00167226 -0.00467365 -3.33008e-05
3.455 0.00155861 -0.00467372 -4.17149e-05
3.46 0.00144291 -0.00467361 -5.0934e-05
3.465 0.00132426 -0.00467334 -6.04347e-05
3.47 0.00120205 -0.00467295 -6.9657e-05
3.475 0.00107588 -0.00467246 -7.80124e-05
3.48 0.000945443 -0.00467193 -8.49489e-05
3.485 0.000810541 -0.00467138 -8.99165e-05
3.49 0.000671088 -0.00467086 -9.21879e-05
3.495 0.000527208 -0.0046704 -9.10292e-05
3.5 0.000379318 -0.00467002 -8.62932e-05
3.505 0.000228215 -0.00466975 -7.85629e-05
3.51 7.48611e-05 -0.00466961 -6.86051e-05
3.515 -7.99987e-05 -0.0046696 -5.68678e-05
3.52 -0.000235787 -0.00466975 -4.34275e-05
3.525 -0.000391923 -0.00467006 -2.82138e-05
3.53 -0.000547887 -0.0046705 -1.12671e-05
3.535 -0.00070328 -0.00467108 7.09019e-06
3.54 -0.000857839 -0.00467177 2.62448e-05
3.545 -0.00101151 -0.00467255 4.54651e-05
3.55 -0.00116446 -0.00467338 6.41181e-05
3.555 -0.00131678 -0.00467423 8.17634e-05
3.56 -0.00146809 -0.00467506 9.80077e-05
3.565 -0.00161739 -0.00467585 0.000112235
3.57 -0.00176355 -0.00467655 0.000123715
3.575 -0.00190551 -0.00467713 0.000132156
3.58 -0.00204232 -0.00467757 0.000137885
3.585 -0.00217313 -0.00467785 0.00014134
3.59 -0.00229718 -0.00467797 0.000142689
3.595 -0.00241392 -0.00467793 0.000141961
3.6 -0.00252315 -0.00467773 0.000139282
3.605 -0.00262503 -0.00467739 0.000134896
3.61 -0.00271989 -0.00467693 0.000129036
3.615 -0.00280819 -0.00467639 0.00012195
3.62 -0.00289034 -0.00467582 0.000114111
3.625 -0.00296657 -0.00467525 0.000106233
3.63 -0.00303699 -0.00467472 9.89815e-05
3.635 -0.00310152 -0.00467427 9.276e-05
3.64 -0.00315999 -0.00467393 8.7853e-05
3.645 -0.00321216 -0.00467373 8.46419e-05
3.65 -0.0032579 -0.00467367 8.34812e-05
3.655 -0.00329714 -0.00467376 8.44119e-05
3.66 -0.00332999 -0.00467399 8.71557e-05
3.665 -0.00335676 -0.00467433 9.14181e-05
3.67 -0.00337809 -0.00467477 9.71339e-05
3.675 -0.00339507 -0.00467528 0.000104387
3.68 -0.00340927 -0.00467584 0.000113088
3.685 -0.00342208 -0.00467643 0.000122762
3.69 -0.00343423 -0.004677 0.000132665
3.695 -0.00344598 -0.00467753 0.0001421
3.7 -0.00345735 -0.00467801 0.000150656
3.705 -0.00346829 -0.0046784 0.000158223
3.71 -0.00347857 -0.0046787 0.000164787
3.715 -0.0034877 -0.00467889 0.000170196
3.72 -0.00349494 -0.00467898 0.00017412
3.725 -0.00349952 -0.00467895 0.000176215
3.73 -0.00350086 -0.00467882 0.000176312
3.735 -0.00349863 -0.00467859 0.000174492
3.74 -0.00349259 -0.00467829 0.000170977
3.745 -0.0034826 -0.00467794 0.000165987
3.75 -0.0034685 -0.00467756 0.000159704
3.755 -0.00345007 -0.00467719 0.000152353
3.76 -0.00342694 -0.00467685 0.000144258
3.765 -0.00339855 -0.00467656 0.000135817
3.77 -0.00336433 -0.00467636 0.000127414
3.775 -0.0033237 -0.00467625 0.000119348
3.78 -0.00327601 -0.00467624 0.000111826
3.785 -0.00322056 -0.00467634 0.000105009
3.79 -0.00315672 -0.00467654 9.90728e-05
3.795 -0.00308409 -0.00467682 9.42275e-05
3.8 -0.00300241 -0.00467717 9.06648e-05
3.805 -0.00291154 -0.00467756 8.84561e-05
3.81 -0.00281143 -0.00467797 8.74883e-05
3.815 -0.00270217 -0.00467838 8.75036e-05
3.82 -0.00258402 -0.00467875 8.82066e-05
3.825 -0.00245757 -0.00467907 8.93404e-05
3.83 -0.00232379 -0.00467932 9.06839e-05
3.835 -0.00218383 -0.00467947 9.20082e-05
3.84 -0.00203879 -0.00467953 9.30396e-05
3.845 -0.00188961 -0.0046795 9.34562e-05
3.85 -0.00173699 -0.00467937 9.29398e-05
3.855 -0.00158139 -0.00467917 9.12473e-05
3.86 -0.00142318 -0.00467891 8.82306e-05
3.865 -0.00126264 -0.00467861 8.38122e-05
3.87 -0.00109995 -0.0046783 7.79615e-05
3.875 -0.000935121 -0.00467801 7.06575e-05
3.88 -0.00076813 -0.00467776 6.18618e-05
3.885 -0.000598961 -0.00467756 5.16069e-05
3.89 -0.000427764 -0.00467745 4.0125e-05
3.895 -0.000254984 -0.00467743 2.78061e-05
3.9 -8.13832e-05 -0.0046775 1.50158e-05
3.905 9.20365e-05 -0.00467769 1.98765e-06
3.91 0.000264023 -0.00467798 -1.11195e-05
3.915 0.00043317 -0.00467836 -2.41e-05
3.92 0.000598234 -0.00467882 -3.66845e-05
3.925 0.000758324 -0.00467933 -4.8627e-05
3.93 0.000912924 -0.00467989 -5.97586e-05
3.935 0.00106182 -0.00468045 -6.99419e-05
3.94 0.00120498 -0.004681 -7.89612e-05
3.945 0.00134261 -0.00468151 -8.6505e-05
3.95 0.00147493 -0.00468195 -9.23446e-05
3.955 0.00160193 -0.0046823 -9.6514e-05
3.96 0.00172349 -0.00468254 -9.92513e-05
3.965 0.00183931 -0.00468268 -0.000100794
3.97 0.00194896 -0.00468271 -0.000101293
3.975 0.00205189 -0.00468262 -0.000100873
3.98 0.00214752 -0.00468242 -9.97019e-05
3.985 0.00223544 -0.00468213 -9.79762e-05
3.99 0.00231559 -0.00468177 -9.58988e-05
3.995 0.00238825 -0.00468136 -9.36734e-05
4 0.00245418 -0.00468093 -9.15104e-05
4.005 0.00251497 -0.00468052 -8.96134e-05
4.01 0.00257327 -0.00468015 -8.81753e-05
4.015 0.00263222 -0.00467984 -8.73948e-05
4.02 0.00269453 -0.00467962 -8.74463e-05
4.025 0.00276227 -0.00467949 -8.84049e-05
4.03 0.00283676 -0.00467947 -9.02393e-05
4.035 0.00291857 -0.00467956 -9.2906e-05
4.04 0.00300755 -0.00467973 -9.64331e-05
4.045 0.00310289 -0.00468 -0.000100899
4.05 0.00320337 -0.00468034 -0.000106333
4.055 0.00330756 -0.00468073 -0.000112649
4.06 0.0034136 -0.00468115 -0.000119674
4.065 0.00351939 -0.00468159 -0.000127237
4.07 0.00362327 -0.00468202 -0.000135229
4.075 0.00372458 -0.00468243 -0.000143587
4.08 0.00382341 -0.0046828 -0.000152223
4.085 0.00391991 -0.00468311 -0.000160958
4.09 0.00401422 -0.00468336 -0.000169528
4.095 0.00410666 -0.00468354 -0.000177634
4.1 0.00419758 -0.00468364 -0.000185007
4.105 0.0042872 -0.00468367 -0.000191447
4.11 0.00437557 -0.00468364 -0.000196833
4.115 0.00446251 -0.00468355 -0.000201117
4.12 0.0045477 -0.00468341 -0.000204313
4.125 0.00463063 -0.00468324 -0.000206479
4.13 0.00471069 -0.00468305 -0.000207702
4.135 0.00478745 -0.00468286 -0.000208104
4.14 0.00486081 -0.00468268 -0.000207854
4.145 0.004931 -0.00468252 -0.000207166
4.15 0.00499847 -0.0046824 -0.00020625
4.155 0.00506371 -0.00468231 -0.000205266
4.16 0.00512723 -0.00468226 -0.000204332
4.165 0.00518941 -0.00468226 -0.000203562
4.17 0.00525036 -0.0046823 -0.000203095
4.175 0.00531003 -0.00468237 -0.000203084
4.18 0.00536786 -0.00468248 -0.000203673
4.185 0.00542267 -0.00468261 -0.000204977
4.19 0.00547254 -0.00468276 -0.000207065
4.195 0.00551485 -0.00468293 -0.000209948
4.2 0.0055474 -0.0046831 -0.000213588
4.205 0.00556863 -0.00468328 -0.000217901
4.21 0.00557727 -0.00468345 -0.000222755
4.215 0.00557229 -0.00468361 -0.000227957
4.22 0.00555353 -0.00468376 -0.000233246
4.225 0.0055221 -0.00468388 -0.000238291
4.23 0.00547951 -0.00468399 -0.000242712
4.235 0.0054271 -0.00468406 -0.000246139
4.24 0.00536642 -0.00468411 -0.000248258
4.245 0.00529938 -0.00468412 -0.000248842
4.25 0.0052279 -0.00468411 -0.00024775
4.255 0.00515328 -0.00468406 -0.00024492
4.26 0.00507635 -0.00468399 -0.000240369
4.265 0.00499775 -0.0046839 -0.000234199
4.27 0.00491788 -0.00468381 -0.000226575
4.275 0.00483694 -0.00468372 -0.00021772
4.28 0.00475506 -0.00468364 -0.000207923
4.285 0.00467229 -0.00468358 -0.00019752
4.29 0.00458869 -0.00468355 -0.000186842
4.295 0.00450435 -0.00468355 -0.000176196
4.3 0.00441938 -0.00468358 -0.000165904
4.305 0.00433391 -0.00468365 -0.000156306
4.31 0.00424805 -0.00468376 -0.000147725
4.315 0.00416185 -0.00468389 -0.000140415
4.32 0.00407531 -0.00468404 -0.000134544
4.325 0.00398836 -0.0046842 -0.000130191
4.33 0.00390087 -0.00468438 -0.000127356
4.335 0.00381275 -0.00468455 -0.000125966
4.34 0.00372404 -0.00468471 -0.000125883
4.345 0.00363491 -0.00468484 -0.000126904
4.35 0.00354556 -0.00468495 -0.000128776
4.355 0.00345606 -0.00468503 -0.000131207
4.36 0.0033664 -0.00468506 -0.000133896
4.365 0.00327648 -0.00468506 -0.000136548
4.37 0.00318607 -0.00468503 -0.000138885
4.375 0.00309479 -0.00468496 -0.000140647
4.38 0.00300212 -0.00468487 -0.000141611
4.385 0.00290739 -0.00468476 -0.000141594
4.39 0.00280978 -0.00468464 -0.000140461
4.395 0.00270838 -0.00468453 -0.000138099
4.4 0.00260215 -0.00468443 -0.00013441
4.405 0.00248999 -0.00468435 -0.00012939
4.41 0.00237109 -0.0046843 -0.000123186
4.415 0.00224507 -0.00468429 -0.000115975
4.42 0.00211195 -0.00468432 -0.000107842
4.425 0.00197209 -0.00468439 -9.88192e-05
4.43 0.00182609 -0.0046845 -8.90078e-05
4.435 0.00167468 -0.00468465 -7.86123e-05
4.44 0.00151867 -0.00468484 -6.78787e-05
4.445 0.00135883 -0.00468505 -5.70354e-05
4.45 0.00119573 -0.00468529 -4.62878e-05
4.455 0.00102964 -0.00468554 -3.58202e-05
4.46 0.000860547 -0.0046858 -2.57829e-05
4.465 0.000688165 -0.00468605 -1.62969e-05
4.47 0.000512069 -0.00468629 -7.46832e-06
4.475 0.000331813 -0.0046865 6.29194e-07
4.48 0.000147037 -0.00468669 7.97973e-06
4.485 -4.24028e-05 -0.00468685 1.46121e-05
4.49 -0.00023643 -0.00468697 2.05611e-05
4.495 -0.000434788 -0.00468706 2.58477e-05
4.5 -0.000637074 -0.00468712 3.04979e-05
4.505 -0.000842802 -0.00468715 3.46055e-05
4.51 -0.00105146 -0.00468714 3.84339e-05
4.515 -0.00126246 -0.00468711 4.24051e-05
4.52 -0.00147514 -0.00468707 4.68566e-05
4.525 -0.00168888 -0.00468701 5.18398e-05
4.53 -0.00190322 -0.00468695 5.72291e-05
4.535 -0.00211785 -0.00468689 6.29485e-05
4.54 -0.00233274 -0.00468685 6.90472e-05
4.545 -0.00254796 -0.00468682 7.56648e-05
4.55 -0.00276365 -0.00468684 8.30252e-05
4.555 -0.00298005 -0.00468689 9.14197e-05
4.56 -0.00319737 -0.00468699 0.000101056
4.565 -0.00341551 -0.00468713 0.000111858
4.57 -0.00363388 -0.00468733 0.000123482
4.575 -0.00385147 -0.00468757 0.000135556
4.58 -0.00406719 -0.00468785 0.000147908
4.585 -0.00428001 -0.00468817 0.000160557
4.59 -0.00448883 -0.00468852 0.000173514
4.595 -0.0046926 -0.00468889 0.000186603
4.6 -0.00489039 -0.00468928 0.000199478
4.605 -0.00508155 -0.00468966 0.000211794
4.61 -0.00526568 -0.00469004 0.000223354
4.615 -0.00544278 -0.00469039 0.000234127
4.62 -0.00561303 -0.00469072 0.000244142
4.625 -0.00577663 -0.00469102 0.000253338
4.63 -0.00593362 -0.00469128 0.000261519
4.635 -0.00608397 -0.00469148 0.000268462
4.64 -0.00622762 -0.00469163 0.000274076
4.645 -0.00636448 -0.00469173 0.000278452
4.65 -0.00649438 -0.00469177 0.000281774
4.655 -0.00661689 -0.00469176 0.000284201
4.66 -0.00673143 -0.0046917 0.000285823
4.665 -0.00683715 -0.0046916 0.000286728
4.67 -0.00693277 -0.00469147 0.000287072
4.675 -0.00701677 -0.00469132 0.000287115
4.68 -0.00708772 -0.00469116 0.000287164
4.685 -0.00714435 -0.004691 0.000287474
4.69 -0.00718555 -0.00469086 0.00028816
4.695 -0.00721042 -0.00469074 0.000289189
4.7 -0.00721855 -0.00469066 0.000290457
4.705 -0.00721002 -0.00469061 0.00029187
4.71 -0.00718561 -0.0046906 0.000293355
4.715 -0.00714681 -0.00469062 0.000294824
4.72 -0.00709562 -0.00469069 0.00029612
4.725 -0.00703411 -0.00469079 0.000297029
4.73 -0.00696412 -0.00469092 0.000297324
4.735 -0.00688735 -0.00469106 0.000296826
4.74 -0.00680508 -0.00469121 0.000295424
4.745 -0.00671804 -0.00469136 0.000293046
4.75 -0.00662662 -0.00469149 0.00028963
4.755 -0.00653092 -0.0046916 0.000285126
4.76 -0.00643079 -0.00469169 0.000279536
4.765 -0.00632591 -0.00469175 0.000272939
4.77 -0.00621587 -0.00469177 0.000265494
4.775 -0.00610028 -0.00469177 0.000257399
4.78 -0.00597875 -0.00469173 0.00024885
4.785 -0.00585093 -0.00469168 0.000240016
4.79 -0.00571656 -0.00469161 0.000231042
4.795 -0.00557546 -0.00469153 0.000222075
4.8 -0.00542757 -0.00469146 0.000213271
4.805 -0.0052729 -0.0046914 0.000204777
4.81 -0.00511144 -0.00469135 0.000196701
4.815 -0.00494321 -0.00469133 0.00018909
4.82 -0.0047683 -0.00469133 0.000181936
4.825 -0.00458695 -0.00469137 0.000175199
4.83 -0.0043997 -0.00469143 0.000168821
4.835 -0.0042075 -0.00469153 0.000162744
4.84 -0.00401179 -0.00469165 0.000156898
4.845 -0.00381407 -0.00469179 0.000151189
4.85 -0.00361556 -0.00469194 0.000145505
4.855 -0.0034172 -0.00469211 0.000139722
4.86 -0.00321982 -0.00469227 0.000133726
4.865 -0.00302409 -0.00469244 0.00012743
4.87 -0.00283036 -0.00469259 0.000120768
4.875 -0.00263859 -0.00469272 0.0001137
4.88 -0.00244835 -0.00469283 0.000106211
4.885 -0.00225872 -0.00469293 9.83211e-05
4.89 -0.00206828 -0.004693 9.0067e-05
4.895 -0.00187587 -0.00469305 8.151e-05
4.9 -0.00168074 -0.00469308 7.27316e-05
4.905 -0.00148243 -0.0046931 6.38213e-05
4.91 -0.00128057 -0.00469311 5.48566e-05
4.915 -0.00107491 -0.00469312 4.58921e-05
4.92 -0.000865598 -0.00469314 3.69579e-05
4.925 -0.000653503 -0.00469317 2.80609e-05
4.93 -0.000440291 -0.00469321 1.91903e-05
4.935 -0.00022801 -0.00469326 1.03364e-05
4.94 -1.86972e-05 -0.00469334 1.51067e-06
4.945 0.000186029 -0.00469344 -7.25098e-06
4.95 0.000385128 -0.00469357 -1.5912e-05
4.955 0.000578064 -0.00469371 -2.44807e-05
4.96 0.000764788 -0.00469388 -3.29995e-05
4.965 0.000945625 -0.00469405 -4.14353e-05
4.97 0.00112131 -0.00469423 -4.96301e-05
4.975 0.00129308 -0.00469442 -5.74202e-05
4.98 0.00146244 -0.0046946 -6.47411e-05
4.985 0.0016307 -0.00469477 -7.15837e-05
4.99 0.00179873 -0.00469492 -7.79428e-05
4.995 0.00196698 -0.00469506 -8.38585e-05
5 0.00213552 -0.00469517 -8.94358e-05
5.005 0.00230403 -0.00469527 -9.47704e-05
5.01 0.0024718 -0.00469533 -9.98916e-05
5.015 0.00263771 -0.00469538 -0.0001048
5.02 0.00280028 -0.0046954 -0.000109537
5.025 0.00295833 -0.0046954 -0.000114227
5.03 0.00311124 -0.00469538 -0.000119055
5.035 0.0032588 -0.00469537 -0.000124176
5.04 0.00340113 -0.00469535 -0.000129613
5.045 0.00353864 -0.00469533 -0.000135269
5.05 0.00367196 -0.00469533 -0.000141045
5.055 0.00380178 -0.00469533 -0.000146942
5.06 0.00392859 -0.00469536 -0.000153047
5.065 0.0040526 -0.00469541 -0.00015942
5.07 0.00417367 -0.00469549 -0.000165981
5.075 0.00429124 -0.00469559 -0.000172533
5.08 0.00440455 -0.00469571 -0.000178894
5.085 0.00451281 -0.00469585 -0.000184993
5.09 0.00461537 -0.00469601 -0.000190879
5.095 0.00471182 -0.00469619 -0.000196621
5.1 0.00480198 -0.00469637 -0.0002022
5.105 0.0048859 -0.00469656 -0.000207484
5.11 0.00496384 -0.00469674 -0.000212293
5.115 0.00503621 -0.00469692 -0.000216508
5.12 0.00510345 -0.00469707 -0.000220099
5.125 0.00516595 -0.0046972 -0.000223094
5.13 0.00522405 -0.00469731 -0.000225498
5.135 0.00527799 -0.00469738 -0.000227284
5.14 0.00532792 -0.00469741 -0.00022843
5.145 0.00537393 -0.00469741 -0.000228972
5.15 0.00541609 -0.00469737 -0.000229023
5.155 0.00545445 -0.00469731 -0.00022874
5.16 0.00548915 -0.00469722 -0.000228264
5.165 0.00552035 -0.00469711 -0.000227686
5.17 0.00554826 -0.00469699 -0.000227049
5.175 0.00557306 -0.00469686 -0.000226396
5.18 0.00559503 -0.00469675 -0.000225801
5.185 0.00561442 -0.00469664 -0.000225365
5.19 0.00563146 -0.00469656 -0.000225167
5.195 0.00564624 -0.0046965 -0.000225238
5.2 0.0056587 -0.00469647 -0.000225568
5.205 0.00566864 -0.00469646 -0.000226135
5.21 0.00567567 -0.00469649 -0.000226932
5.215 0.00567917 -0.00469654 -0.000227972
5.22 0.00567844 -0.00469662 -0.000229261
5.225 0.0056728 -0.00469672 -0.000230763
5.23 0.00566173 -0.00469683 -0.000232391
5.235 0.00564496 -0.00469696 -0.00023401
5.24 0.00562243 -0.00469709 -0.000235475
5.245 0.00559434 -0.00469721 -0.000236654
5.25 0.00556105 -0.00469732 -0.000237435
5.255 0.00552284 -0.00469742 -0.000237709
5.26 0.00547985 -0.00469749 -0.000237372
5.265 0.00543198 -0.00469752 -0.000236339
5.27 0.00537883 -0.00469753 -0.000234566
5.275 0.00531974 -0.0046975 -0.00023206
5.28 0.00525386 -0.00469745 -0.000228864
5.285 0.00518018 -0.00469738 -0.000225038
5.29 0.00509804 -0.00469729 -0.000220645
5.295 0.00500744 -0.00469719 -0.000215741
5.3 0.0049089 -0.0046971 -0.000210373
5.305 0.00480324 -0.00469702 -0.000204589
5.31 0.00469166 -0.00469695 -0.000198445
5.315 0.00457553 -0.00469691 -0.000191999
5.32 0.00445584 -0.00469689 -0.000185302
5.325 0.00433324 -0.0046969 -0.000178402
5.33 0.00420813 -0.00469694 -0.000171366
5.335 0.00408074 -0.00469701 -0.000164285
5.34 0.00395117 -0.00469709 -0.000157274
5.345 0.00381948 -0.0046972 -0.000150445
5.35 0.00368569 -0.00469733 -0.00014389
5.355 0.00355 -0.00469746 -0.000137666
5.36 0.0034128 -0.0046976 -0.000131781
5.365 0.00327452 -0.00469774 -0.000126204
5.37 0.00313536 -0.00469787 -0.000120904
5.375 0.00299521 -0.00469798 -0.00011587
5.38 0.00285363 -0.00469808 -0.000111073
5.385 0.00271 -0.00469815 -0.000106445
5.39 0.00256361 -0.0046982 -0.000101906
5.395 0.00241382 -0.00469823 -9.73982e-05
5.4 0.00226011 -0.00469823 -9.28902e-05
5.405 0.00210221 -0.00469821 -8.83573e-05
5.41 0.00194 -0.00469818 -8.37652e-05
5.415 0.00177353 -0.00469815 -7.90497e-05
5.42 0.00160308 -0.00469811 -7.40966e-05
5.425 0.00142915 -0.00469807 -6.87674e-05
5.43 0.00125235 -0.00469805 -6.29882e-05
5.435 0.00107338 -0.00469804 -5.67833e-05
5.44 0.000892991 -0.00469805 -5.01742e-05
5.445 0.000711959 -0.00469808 -4.3092e-05
5.45 0.000531148 -0.00469814 -3.54404e-05
5.455 0.000351506 -0.00469822 -2.72221e-05
5.46 0.000173976 -0.00469833 -1.85608e-05
5.465 -5.88995e-07 -0.00469846 -9.55758e-06
5.47 -0.000171424 -0.00469861 -1.70465e-07
5.475 -0.000337848 -0.00469878 9.61538e-06
5.48 -0.00049931 -0.00469895 1.95409e-05
5.485 -0.000655491 -0.00469913 2.91929e-05
5.49 -0.000806419 -0.0046993 3.83149e-05
5.495 -0.000952527 -0.00469947 4.68417e-05
5.5 -0.00109457 -0.00469962 5.4721e-05
5.505 -0.00123345 -0.00469975 6.18526e-05
5.51 -0.00137024 -0.00469987 6.82155e-05
5.515 -0.0015059 -0.00469997 7.39679e-05
5.52 -0.00164099 -0.00470005 7.92858e-05
5.525 -0.00177582 -0.0047001 8.40947e-05
5.53 -0.0019105 -0.00470013 8.81332e-05
5.535 -0.00204512 -0.00470014 9.12797e-05
5.54 -0.00217974 -0.00470012 9.36422e-05
5.545 -0.00231423 -0.00470008 9.53856e-05
5.55 -0.00244823 -0.00470003 9.66724e-05
5.555 -0.00258124 -0.00469997 9.77573e-05
5.56 -0.00271268 -0.00469991 9.89865e-05
5.565 -0.00284195 -0.00469985 0.000100625
5.57 -0.00296851 -0.00469979 0.00010273
5.575 -0.0030918 -0.00469975 0.000105251
5.58 -0.00321143 -0.00469973 0.000108233
5.585 -0.0033272 -0.00469972 0.000111888
5.59 -0.0034391 -0.00469975 0.000116444
5.595 -0.00354719 -0.00469979 0.000121932
5.6 -0.00365153 -0.00469987 0.000128135
5.605 -0.00375225 -0.00469997 0.000134735
5.61 -0.00384963 -0.00470009 0.000141506
5.615 -0.00394404 -0.00470023 0.000148401
5.62 -0.00403597 -0.00470038 0.000155485
5.625 -0.00412589 -0.00470056 0.000162772
5.63 -0.00421424 -0.00470074 0.000170089
5.635 -0.00430131 -0.00470092 0.000177115
5.64 -0.00438708 -0.0047011 0.000183551
5.645 -0.00447129 -0.00470127 0.000189257
5.65 -0.0045535 -0.00470143 0.000194264
5.655 -0.00463308 -0.00470156 0.000198636
5.66 -0.00470934 -0.00470167 0.000202346
5.665 -0.00478157 -0.00470175 0.00020527
5.67 -0.00484897 -0.0047018 0.000207299
5.675 -0.00491087 -0.00470182 0.000208455
5.68 -0.00496678 -0.0047018 0.0002089
5.685 -0.00501641 -0.00470176 0.000208854
5.69 -0.00505962 -0.0047017 0.000208492
5.695 -0.00509652 -0.00470162 0.000207888
5.7 -0.00512752 -0.00470152 0.000207049
5.705 -0.00515337 -0.00470142 0.000206005
5.71 -0.00517529 -0.00470131 0.000204858
5.715 -0.00519469 -0.00470122 0.000203752
5.72 -0.00521279 -0.00470113 0.000202796
5.725 -0.0052305 -0.00470107 0.000202021
5.73 -0.00524844 -0.00470102 0.00020142
5.735 -0.00526668 -0.004701 0.000201008
5.74 -0.0052848 -0.00470101 0.000200858
5.745 -0.00530205 -0.00470103 0.000201076
5.75 -0.00531756 -0.00470109 0.000201758
5.755 -0.00533047 -0.00470116 0.000202931
5.76 -0.00534015 -0.00470125 0.000204548
5.765 -0.00534617 -0.00470135 0.000206503
5.77 -0.00534847 -0.00470146 0.000208689
5.775 -0.00534734 -0.00470157 0.000211014
5.78 -0.0053434 -0.00470167 0.000213384
5.785 -0.00533742 -0.00470177 0.000215679
5.79 -0.00533007 -0.00470185 0.000217743
5.795 -0.00532178 -0.00470191 0.00021942
5.8 -0.00531256 -0.00470194 0.00022059
5.805 -0.00530224 -0.00470196 0.00022119
5.81 -0.00529048 -0.00470195 0.000221214
5.815 -0.00527688 -0.00470192 0.00022068
5.82 -0.00526089 -0.00470187 0.000219614
5.825 -0.00524189 -0.00470181 0.000218043
5.83 -0.00521916 -0.00470173 0.000216009
5.835 -0.00519204 -0.00470166 0.000213575
5.84 -0.00515987 -0.00470158 0.000210821
5.845 -0.00512212 -0.00470152 0.000207825
5.85 -0.00507844 -0.00470146 0.000204655
5.855 -0.00502868 -0.00470143 0.000201362
5.86 -0.00497267 -0.00470141 0.000197989
5.865 -0.00491022 -0.00470141 0.000194584
5.87 -0.00484088 -0.00470143 0.000191204
5.875 -0.00476388 -0.00470147 0.000187895
5.88 -0.0046782 -0.00470152 0.000184682
5.885 -0.00458277 -0.00470159 0.000181558
5.89 -0.00447664 -0.00470167 0.000178487
5.895 -0.00435914 -0.00470176 0.000175411
5.9 -0.00422987 -0.00470184 0.000172261
5.905 -0.00408879 -0.00470192 0.000168956
5.91 -0.00393638 -0.004702 0.000165396
5.915 -0.00377396 -0.00470206 0.000161454
5.92 -0.00360378 -0.00470211 0.00015699
5.925 -0.00342843 -0.00470215 0.000151876
5.93 -0.00325041 -0.00470217 0.000146012
5.935 -0.00307153 -0.00470218 0.000139334
5.94 -0.00289282 -0.00470217 0.000131824
5.945 -0.00271487 -0.00470216 0.00012351
5.95 -0.002538 -0.00470215 0.000114464
5.955 -0.00236212 -0.00470213 0.0001048
5.96 -0.00218667 -0.00470212 9.46585e-05
5.965 -0.00201066 -0.00470212 8.41861e-05
5.97 -0.00183293 -0.00470213 7.35542e-05
5.975 -0.00165246 -0.00470216 6.29787e-05
5.98 -0.00146852 -0.00470221 5.26627e-05
5.985 -0.00128075 -0.00470228 4.27282e-05
5.99 -0.0010891 -0.00470237 3.32386e-05
5.995 -0.000893856 -0.00470248 2.42607e-05
6 -0.000695495 -0.00470261 1.58687e-05
6.005 -0.000494659 -0.00470274 8.09661e-06
6.01 -0.000292018 -0.00470289 9.13112e-07
6.015 -8.81276e-05 -0.00470303 -5.75484e-06
6.02 0.000116543 -0.00470318 -1.19857e-05
6.025 0.000321553 -0.00470331 -1.78542e-05
6.03 0.000526501 -0.00470344 -2.34312e-05
6.035 0.000731038 -0.00470355 -2.87812e-05
6.04 0.000934815 -0.00470364 -3.40107e-05
6.045 0.00113738 -0.00470371 -3.93171e-05
6.05 0.00133802 -0.00470376 -4.49105e-05
6.055 0.00153527 -0.00470378 -5.08906e-05
6.06 0.00172691 -0.00470378 -5.7229e-05
6.065 0.00191074 -0.00470377 -6.38834e-05
6.07 0.00208518 -0.00470374 -7.09192e-05
6.075 0.00224913 -0.00470371 -7.84479e-05
6.08 0.00240188 -0.00470368 -8.64584e-05
6.085 0.0025431 -0.00470366 -9.47823e-05
6.09 0.0026729 -0.00470366 -0.000103229
6.095 0.002792 -0.00470367 -0.000111725
6.1 0.0029017 -0.00470372 -0.000120291
6.105 0.00300369 -0.00470379 -0.000128844
6.11 0.00309945 -0.00470389 -0.000137059
6.115 0.00319009 -0.00470401 -0.00014448
6.12 0.00327639 -0.00470415 -0.00015078
6.125 0.00335863 -0.00470431 -0.000155889
6.13 0.00343668 -0.00470448 -0.000159921
6.135 0.00351011 -0.00470465 -0.000162992
6.14 0.00357835 -0.00470481 -0.000165111
6.145 0.00364086 -0.00470496 -0.000166222
6.15 0.0036972 -0.00470508 -0.000166316
6.155 0.00374714 -0.00470517 -0.000165526
6.16 0.0037908 -0.00470523 -0.000164101
6.165 0.00382859 -0.00470526 -0.000162288
6.17 0.0038611 -0.00470524 -0.00016022
6.175 0.00388901 -0.00470518 -0.00015794
6.18 0.00391295 -0.00470509 -0.000155513
6.185 0.00393345 -0.00470497 -0.000153096
6.19 0.00395091 -0.00470483 -0.000150899
6.195 0.00396548 -0.00470469 -0.000149109
6.2 0.00397713 -0.00470454 -0.000147828
6.205 0.00398554 -0.0047044 -0.00014708
6.21 0.0039901 -0.00470428 -0.000146874
6.215 0.00399001 -0.00470419 -0.000147246
6.22 0.00398437 -0.00470414 -0.000148249
6.225 0.00397231 -0.00470413 -0.000149905
6.23 0.00395326 -0.00470415 -0.00015213
6.235 0.00392698 -0.00470421 -0.000154724
6.24 0.0038935 -0.00470431 -0.000157418
6.245 0.00385315 -0.00470444 -0.000159957
6.25 0.00380645 -0.00470458 -0.000162139
6.255 0.00375394 -0.00470474 -0.000163814
6.26 0.00369632 -0.0047049 -0.000164845
6.265 0.0036346 -0.00470506 -0.000165077
6.27 0.00356977 -0.00470519 -0.000164359
6.275 0.00350265 -0.0047053 -0.000162596
6.28 0.00343383 -0.00470537 -0.000159767
6.285 0.00336363 -0.00470541 -0.000155917
6.29 0.00329214 -0.00470541 -0.000151121
6.295 0.00321927 -0.00470538 -0.000145467
6.3 0.00314482 -0.00470531 -0.00013906
6.305 0.00306847 -0.00470522 -0.000132045
6.31 0.00298988 -0.00470512 -0.000124616
6.315 0.00290879 -0.004705 -0.000117007
6.32 0.00282509 -0.00470489 -0.000109453
6.325 0.00273871 -0.00470479 -0.000102153
6.33 0.00264965 -0.00470471 -9.52643e-05
6.335 0.00255805 -0.00470466 -8.89116e-05
6.34 0.00246417 -0.00470463 -8.32072e-05
6.345 0.00236832 -0.00470464 -7.82464e-05
6.35 0.00227083 -0.00470468 -7.40871e-05
6.355 0.00217202 -0.00470476 -7.07267e-05
6.36 0.00207226 -0.00470486 -6.80976e-05
6.365 0.00197194 -0.00470498 -6.60871e-05
6.37 0.00187137 -0.00470512 -6.45708e-05
6.375 0.00177086 -0.00470527 -6.34357e-05
6.38 0.00167069 -0.00470541 -6.25741e-05
6.385 0.00157112 -0.00470554 -6.18669e-05
6.39 0.00147224 -0.00470566 -6.118e-05
6.395 0.00137407 -0.00470575 -6.0378e-05
6.4 0.00127649 -0.00470582 -5.93365e-05
6.405 0.00117932 -0.00470585 -5.7945e-05
6.41 0.00108226 -0.00470586 -5.61074e-05
6.415 0.000984871 -0.00470584 -5.37431e-05
6.42 0.000886617 -0.00470579 -5.079e-05
6.425 0.000786832 -0.00470573 -4.72164e-05
6.43 0.000684906 -0.00470565 -4.30337e-05
6.435 0.000580358 -0.00470557 -3.82834e-05
6.44 0.000472834 -0.00470549 -3.3004e-05
6.445 0.000362202 -0.00470542 -2.7223e-05
6.45 0.000248606 -0.00470536 -2.0988e-05
6.455 0.000132474 -0.00470533 -1.43939e-05
6.46 1.45687e-05 -0.00470532 -7.56547e-06
6.465 -0.000103998 -0.00470534 -6.14157e-07
6.47 -0.000221881 -0.0047054 6.38576e-06
6.475 -0.000337845 -0.00470548 1.33869e-05
6.48 -0.000451022 -0.00470559 2.03248e-05
6.485 -0.000560904 -0.00470572 2.70796e-05
6.49 -0.000667258 -0.00470587 3.34983e-05
6.495 -0.000770176 -0.00470603 3.94594e-05
6.5 -0.000870115 -0.00470619 4.49085e-05
6.505 -0.000967993 -0.00470635 4.98265e-05
6.51 -0.00106514 -0.0047065 5.41707e-05
6.515 -0.00116277 -0.00470663 5.7867e-05
6.52 -0.00126153 -0.00470673 6.08683e-05
6.525 -0.00136167 -0.00470681 6.3203e-05
6.53 -0.00146325 -0.00470685 6.49672e-05
6.535 -0.00156609 -0.00470685 6.62933e-05
6.54 -0.0016698 -0.00470683 6.73283e-05
6.545 -0.00177371 -0.00470677 6.82157e-05
6.55 -0.00187693 -0.00470669 6.90724e-05
6.555 -0.0019783 -0.00470659 6.99922e-05
6.56 -0.00207645 -0.00470647 7.10842e-05
6.565 -0.00217011 -0.00470636 7.24972e-05
6.57 -0.00225833 -0.00470625 7.43886e-05
6.575 -0.00234034 -0.00470615 7.68662e-05
6.58 -0.00241555 -0.00470607 7.99578e-05
6.585 -0.0024835 -0.00470603 8.36261e-05
6.59 -0.00254392 -0.00470601 8.78006e-05
6.595 -0.00259673 -0.00470603 9.23969e-05
6.6 -0.00264203 -0.00470608 9.73104e-05
6.605 -0.0026801 -0.00470616 0.000102402
6.61 -0.00271137 -0.00470628 0.000107494
6.615 -0.00273664 -0.00470642 0.000112395
6.62 -0.00275701 -0.00470658 0.000116926
6.625 -0.00277379 -0.00470675 0.000120941
6.63 -0.00278823 -0.00470693 0.000124316
6.635 -0.00280136 -0.0047071 0.000126941
6.64 -0.00281377 -0.00470725 0.000128714
6.645 -0.00282573 -0.00470738 0.000129553
6.65 -0.00283715 -0.00470748 0.000129428
6.655 -0.00284763 -0.00470754 0.000128373
6.66 -0.00285655 -0.00470755 0.000126484
6.665 -0.00286293 -0.00470753 0.000123901
6.67 -0.00286542 -0.00470747 0.000120788
6.675 -0.00286262 -0.00470737 0.000117307
6.68 -0.00285335 -0.00470725 0.000113606
6.685 -0.00283686 -0.00470711 0.000109832
6.69 -0.00281277 -0.00470697 0.000106135
6.695 -0.00278095 -0.00470683 0.000102655
6.7 -0.00274138 -0.00470671 9.94987e-05
6.705 -0.00269407 -0.00470662 9.67243e-05
6.71 -0.002639 -0.00470655 9.43444e-05
6.715 -0.00257629 -0.00470652 9.23374e-05
6.72 -0.00250629 -0.00470652 9.0663e-05
6.725 -0.0024296 -0.00470656 8.92707e-05
6.73 -0.00234688 -0.00470664 8.80972e-05
6.735 -0.00225869 -0.00470674 8.70591e-05
6.74 -0.00216536 -0.00470686 8.60503e-05
6.745 -0.002067 -0.004707 8.49491e-05
6.75 -0.00196359 -0.00470714 8.36304e-05
6.755 -0.0018551 -0.00470728 8.198e-05
6.76 -0.00174157 -0.00470741 7.99039e-05
6.765 -0.00162321 -0.00470752 7.73239e-05
6.77 -0.0015004 -0.00470761 7.41636e-05
6.775 -0.00137363 -0.00470767 7.03489e-05
6.78 -0.00124345 -0.0047077 6.58237e-05
6.785 -0.00111056 -0.0047077 6.05659e-05
6.79 -0.000975818 -0.00470768 5.45931e-05
6.795 -0.000840163 -0.00470764 4.7959e-05
6.8 -0.000704533 -0.00470758 4.07413e-05
6.805 -0.000569814 -0.00470751 3.3023e-05
6.81 -0.000436883 -0.00470744 2.48849e-05
6.815 -0.000306532 -0.00470738 1.64337e-05
6.82 -0.000179492 -0.00470733 7.83814e-06
6.825 -5.64504e-05 -0.00470731 -7.00065e-07
6.83 6.21578e-05 -0.0047073 -9.00557e-06
6.835 0.000176223 -0.00470733 -1.69427e-05
6.84 0.000285689 -0.00470738 -2.44037e-05
6.845 0.000390425 -0.00470746 -3.12952e-05
6.85 0.000490264 -0.00470756 -3.75151e-05
6.855 0.000584975 -0.00470768 -4.29393e-05
6.86 0.000674244 -0.00470782 -4.74474e-05
6.865 0.000757793 -0.00470796 -5.09833e-05
6.87 0.000835471 -0.0047081 -5.3595e-05
6.875 0.000907257 -0.00470824 -5.5378e-05
6.88 0.000973276 -0.00470836 -5.63852e-05
6.885 0.00103379 -0.00470846 -5.66395e-05
6.89 0.00108909 -0.00470853 -5.62066e-05
6.895 0.0011393 -0.00470857 -5.52092e-05
6.9 0.00118447 -0.00470858 -5.37936e-05
6.905 0.00122459 -0.00470855 -5.21093e-05
6.91 0.00125968 -0.00470848 -5.03037e-05
6.915 0.00128991 -0.00470839 -4.85121e-05
6.92 0.00131563 -0.00470828 -4.68394e-05
6.925 0.00133748 -0.00470815 -4.53812e-05
6.93 0.00135636 -0.00470803 -4.42672e-05
6.935 0.00137314 -0.0047079 -4.36257e-05
6.94 0.00138853 -0.00470779 -4.34915e-05
6.945 0.00140305 -0.0047077 -4.37929e-05
6.95 0.00141704 -0.00470764 -4.44459e-05
6.955 0.0014307 -0.0047076 -4.54502e-05
6.96 0.00144415 -0.0047076 -4.68856e-05
6.965 0.00145746 -0.00470762 -4.87983e-05
6.97 0.00147049 -0.00470768 -5.11e-05
6.975 0.00148301 -0.00470777 -5.36001e-05
6.98 0.00149461 -0.00470787 -5.61267e-05
6.985 0.00150474 -0.00470799 -5.86118e-05
6.99 0.00151263 -0.00470813 -6.10752e-05
6.995 0.00151741 -0.00470826 -6.3531e-05
7 0.00151812 -0.00470839 -6.58972e-05
7.005 0.00151374 -0.0047085 -6.79938e-05
7.01 0.00150341 -0.0047086 -6.96329e-05
7.015 0.00148646 -0.00470867 -7.0712e-05
7.02 0.0014625 -0.00470871 -7.12279e-05
7.025 0.00143142 -0.00470872 -7.12055e-05
7.03 0.00139335 -0.0047087 -7.0615e-05
7.035 0.00134862 -0.00470866 -6.93695e-05
7.04 0.00129782 -0.00470859 -6.7403e-05
7.045 0.00124174 -0.0047085 -6.47297e-05
7.05 0.00118113 -0.00470841 -6.14202e-05
7.055 0.00111673 -0.00470831 -5.75339e-05
7.06 0.00104924 -0.00470822 -5.30962e-05
7.065 0.000979183 -0.00470814 -4.81398e-05
7.07 0.000907063 -0.00470808 -4.27552e-05
7.075 0.000833322 -0.00470804 -3.70942e-05
7.08 0.000758318 -0.00470803 -3.13287e-05
7.085 0.000682265 -0.00470806 -2.56078e-05
7.09 0.000605232 -0.0047081 -2.00415e-05
7.095 0.000527184 -0.00470818 -1.47087e-05
7.1 0.000448035 -0.00470828 -9.67373e-06
7.105 0.000367652 -0.00470839 -5.00309e-06
7.11 0.000285888 -0.00470852 -7.75804e-07
7.115 0.000202686 -0.00470865 2.93152e-06
7.12 0.000118136 -0.00470877 6.0831e-06
7.125 3.25301e-05 -0.00470889 8.70713e-06
7.13 -5.36135e-05 -0.00470899 1.08758e-05
7.135 -0.00013965 -0.00470907 1.26644e-05
7.14 -0.000225019 -0.00470912 1.41274e-05
7.145 -0.000309394 -0.00470915 1.53049e-05
7.15 -0.000392699 -0.00470916 1.62633e-05
7.155 -0.000475023 -0.00470914 1.71549e-05
7.16 -0.000556581 -0.00470909 1.82003e-05
7.165 -0.000637687 -0.00470903 1.95459e-05
7.17 -0.000718731 -0.00470895 2.11792e-05
7.175 -0.000800151 -0.00470886 2.30217e-05
7.18 -0.000882339 -0.00470877 2.50484e-05
7.185 -0.000965616 -0.00470868 2.72924e-05
7.19 -0.00105024 -0.0047086 2.98012e-05
7.195 -0.00113641 -0.00470853 3.2641e-05
7.2 -0.00122437 -0.00470849 3.59075e-05
7.205 -0.00131441 -0.00470847 3.96663e-05
7.21 -0.00140694 -0.00470848 4.38846e-05
7.215 -0.00150235 -0.00470852 4.84546e-05
7.22 -0.00160102 -0.00470858 5.32792e-05
7.225 -0.00170316 -0.00470867 5.83248e-05
7.23 -0.00180887 -0.00470878 6.3594e-05
7.235 -0.00191805 -0.00470891 6.90592e-05
7.24 -0.00203047 -0.00470905 7.46389e-05
7.245 -0.00214577 -0.00470919 8.02322e-05
7.25 -0.00226345 -0.00470933 8.57662e-05
7.255 -0.00238282 -0.00470946 9.12174e-05
7.26 -0.00250294 -0.00470957 9.66021e-05
7.265 -0.00262272 -0.00470967 0.000101943
7.27 -0.00274105 -0.00470974 0.000107236
7.275 -0.00285702 -0.0047098 0.000112444
7.28 -0.00297001 -0.00470983 0.000117529
7.285 -0.00307968 -0.00470985 0.000122478
7.29 -0.0031859 -0.00470985 0.000127303
7.295 -0.00328883 -0.00470983 0.000132008
7.3 -0.00338888 -0.0047098 0.000136558
7.305 -0.00348671 -0.00470977 0.000140872
7.31 -0.00358319 -0.00470973 0.000144862
7.315 -0.00367905 -0.00470969 0.000148483
7.32 -0.00377475 -0.00470967 0.000151765
7.325 -0.00387033 -0.00470965 0.000154789
7.33 -0.00396543 -0.00470964 0.000157647
7.335 -0.00405941 -0.00470965 0.000160403
7.34 -0.0041514 -0.00470968 0.000163086
7.345 -0.0042404 -0.00470972 0.000165722
7.35 -0.0043254 -0.00470977 0.000168355
7.355 -0.00440557 -0.00470984 0.000171053
7.36 -0.00448047 -0.00470992 0.000173877
7.365 -0.00454998 -0.00471001 0.000176855
7.37 -0.00461426 -0.0047101 0.000179965
7.375 -0.00467372 -0.0047102 0.000183151
7.38 -0.00472884 -0.00471028 0.00018635
7.385 -0.00478012 -0.00471036 0.000189513
7.39 -0.00482799 -0.00471043 0.000192599
7.395 -0.0048728 -0.00471049 0.000195569
7.4 -0.00491477 -0.00471053 0.000198368
7.405 -0.00495388 -0.00471056 0.000200938
7.41 -0.00498998 -0.00471057 0.000203233
7.415 -0.00502289 -0.00471057 0.00020523
7.42 -0.00505247 -0.00471056 0.000206928
7.425 -0.00507869 -0.00471054 0.000208323
7.43 -0.00510164 -0.00471051 0.0002094
7.435 -0.00512154 -0.00471047 0.000210136
7.44 -0.00513874 -0.00471044 0.000210514
7.445 -0.00515372 -0.0047104 0.000210546
7.45 -0.00516691 -0.00471037 0.000210268
7.455 -0.00517861 -0.00471034 0.000209729
7.46 -0.00518901 -0.00471032 0.000208981
7.465 -0.00519812 -0.0047103 0.000208073
7.47 -0.00520589 -0.00471029 0.000207059
7.475 -0.00521228 -0.00471029 0.000206004
7.48 -0.00521729 -0.0047103 0.000204977
7.485 -0.00522095 -0.00471032 0.000204053
7.49 -0.00522345 -0.00471034 0.000203293
7.495 -0.00522502 -0.00471037 0.000202737
7.5 -0.00522605 -0.0047104 0.000202398
7.505 -0.00522715 -0.00471043 0.000202276
7.51 -0.00522914 -0.00471046 0.000202361
7.515 -0.00523302 -0.00471048 0.000202641
7.52 -0.00523986 -0.0047105 0.000203101
7.525 -0.00525067 -0.00471052 0.000203721
7.53 -0.00526609 -0.00471052 0.000204483
7.535 -0.00528644 -0.00471052 0.000205373
7.54 -0.00531173 -0.00471051 0.000206383
7.545 -0.00534163 -0.0047105 0.000207517
7.55 -0.00537542 -0.00471048 0.000208791
7.555 -0.00541204 -0.00471047 0.000210228
7.56 -0.00545006 -0.00471045 0.000211844
7.565 -0.00548764 -0.00471044 0.00021365
7.57 -0.00552259 -0.00471043 0.000215649
7.575 -0.00555243 -0.00471044 0.000217831
7.58 -0.00557482 -0.00471045 0.000220178
7.585 -0.00558774 -0.00471047 0.000222646
7.59 -0.00558954 -0.0047105 0.000225169
7.595 -0.00557889 -0.00471054 0.000227648
7.6 -0.0055547 -0.00471059 0.000229952
7.605 -0.00551621 -0.00471065 0.000231923
7.61 -0.00546281 -0.00471071 0.000233389
7.615 -0.00539412 -0.00471076 0.000234169
7.62 -0.00531004 -0.00471082 0.000234082
7.625 -0.00521074 -0.00471086 0.000232969
7.63 -0.00509668 -0.0047109 0.000230707
7.635 -0.00496857 -0.00471093 0.0002272
7.64 -0.00482739 -0.00471094 0.000222387
7.645 -0.00467444 -0.00471094 0.000216239
7.65 -0.00451133 -0.00471093 0.000208764
7.655 -0.00434006 -0.00471091 0.000200012
7.66 -0.00416281 -0.00471088 0.000190077
7.665 -0.00398144 -0.00471085 0.000179093
7.67 -0.00379763 -0.00471082 0.000167225
7.675 -0.00361302 -0.00471079 0.000154671
7.68 -0.00342914 -0.00471077 0.00014166
7.685 -0.00324735 -0.00471076 0.000128446
7.69 -0.00306873 -0.00471077 0.000115287
7.695 -0.00289389 -0.00471079 0.000102442
7.7 -0.00272305 -0.00471083 9.01567e-05
7.705 -0.00255616 -0.00471088 7.86609e-05
7.71 -0.00239288 -0.00471095 6.81566e-05
7.715 -0.00223246 -0.00471103 5.88147e-05
7.72 -0.00207402 -0.00471112 5.07682e-05
7.725 -0.00191673 -0.00471122 4.41014e-05
7.73 -0.0017597 -0.00471132 3.88372e-05
7.735 -0.00160208 -0.00471143 3.49302e-05
7.74 -0.00144299 -0.00471152 3.22712e-05
7.745 -0.00128165 -0.00471161 3.06923e-05
7.75 -0.00111749 -0.00471168 2.99715e-05
7.755 -0.00095009 -0.00471174 2.98484e-05
7.76 -0.000778976 -0.00471178 3.00486e-05
7.765 -0.000603691 -0.0047118 3.02962e-05
7.77 -0.00042384 -0.00471181 3.03146e-05
7.775 -0.00023913 -0.0047118 2.9854e-05
7.78 -4.93569e-05 -0.00471178 2.86967e-05
7.785 0.00014566 -0.00471174 2.65344e-05
7.79 0.00034605 -0.00471169 2.29228e-05
7.795 0.000551551 -0.00471164 1.75315e-05
7.8 0.000761293 -0.00471158 1.03653e-05
7.805 0.000974138 -0.00471152 1.64748e-06
7.81 0.00118907 -0.00471148 -8.42925e-06
