0.005 0.000112361
0.01 0.00066641
0.015 0.00235602
0.02 0.00567958
0.025 0.00990584
0.03 0.0132464
0.035 0.0137562
0.04 0.0101126
0.045 0.00279421
0.05 -0.00526873
0.055 -0.0123407
0.06 -0.0174355
0.065 -0.0191767
0.07 -0.0182397
0.075 -0.0156533
0.08 -0.0111898
0.085 -0.00319063
0.09 0.0106772
0.095 0.0309863
0.1 0.0525165
0.105 0.0698589
0.11 0.0852968
0.115 0.101311
0.12 0.116913
0.125 0.131223
0.13 0.142026
0.135 0.147895
0.14 0.150551
0.145 0.151156
0.15 0.149681
0.155 0.144386
0.16 0.13106
0.165 0.109044
0.17 0.081697
0.175 0.0525879
0.18 0.0248491
0.185 -0.00130851
0.19 -0.0284125
0.195 -0.0558445
0.2 -0.0790063
0.205 -0.0937398
0.21 -0.0997015
0.215 -0.0994871
0.22 -0.0956031
0.225 -0.0886435
0.23 -0.0777353
0.235 -0.0615245
0.24 -0.0405498
0.245 -0.0169383
0.25 0.00857636
0.255 0.0356388
0.26 0.0641712
0.265 0.0935642
0.27 0.122573
0.275 0.148497
0.28 0.168201
0.285 0.179911
0.29 0.184457
0.295 0.183448
0.3 0.178853
0.305 0.171112
0.31 0.159725
0.315 0.145062
0.32 0.129218
0.325 0.114758
0.33 0.102924
0.335 0.0929175
0.34 0.0829106
0.345 0.0717335
0.35 0.0603235
0.355 0.0510531
0.36 0.0457269
0.365 0.0446983
0.37 0.0468427
0.375 0.0507831
0.38 0.056031
0.385 0.0627857
0.39 0.0714222
0.395 0.081305
0.4 0.0902365
0.405 0.0964898
0.41 0.0990618
0.415 0.0979615
0.42 0.0930487
0.425 0.0848706
0.43 0.0740511
0.435 0.0606598
0.44 0.0453013
0.445 0.0296476
0.45 0.0151441
0.455 0.00226678
0.46 -0.00921892
0.465 -0.018981
0.47 -0.0264254
0.475 -0.0311395
0.48 -0.0310746
0.485 -0.0249906
0.49 -0.0132637
0.495 0.0044339
0.5 0.0272931
0.505 0.0542615
0.51 0.084118
0.515 0.115076
0.52 0.146011
0.525 0.176679
0.53 0.205632
0.535 0.231581
0.54 0.253372
0.545 0.269839
0.55 0.279709
0.555 0.282173
0.56 0.276844
0.565 0.262997
0.57 0.240723
0.575 0.211119
0.58 0.174838
0.585 0.132651
0.59 0.085502
0.595 0.0353368
0.6 -0.0153198
0.605 -0.0642787
0.61 -0.109866
0.615 -0.150973
0.62 -0.18681
0.625 -0.216733
0.63 -0.239986
0.635 -0.255405
0.64 -0.262061
0.645 -0.259611
0.65 -0.247409
0.655 -0.225271
0.66 -0.194043
0.665 -0.15528
0.67 -0.110283
0.675 -0.0600524
0.68 -0.00616553
0.685 0.0496639
0.69 0.105441
0.695 0.158577
0.7 0.206793
0.705 0.247954
0.71 0.281079
0.715 0.305432
0.72 0.320096
0.725 0.323879
0.73 0.31573
0.735 0.29568
0.74 0.265148
0.745 0.225963
0.75 0.179048
0.755 0.126125
0.76 0.0693664
0.765 0.00980101
0.77 -0.0614876
0.775 -0.145655
0.78 -0.219913
0.785 -0.270471
0.79 -0.291504
0.795 -0.28804
0.8 -0.279252
0.805 -0.273049
0.81 -0.262922
0.815 -0.2395
0.82 -0.197886
0.825 -0.141997
0.83 -0.0826188
0.835 -0.0273743
0.84 0.0286987
0.845 0.0999609
0.85 0.188213
0.855 0.2719
0.86 0.328273
0.865 0.352874
0.87 0.352233
0.875 0.332691
0.88 0.299302
0.885 0.256513
0.89 0.206213
0.895 0.149033
0.9 0.0852882
0.905 0.0139915
0.91 -0.0638052
0.915 -0.142602
0.92 -0.213382
0.925 -0.268622
0.93 -0.308431
0.935 -0.33773
0.94 -0.358863
0.945 -0.368186
0.95 -0.359732
0.955 -0.330863
0.96 -0.283991
0.965 -0.225057
0.97 -0.15948
0.975 -0.0889413
0.98 -0.0141596
0.985 0.0611728
0.99 0.131355
0.995 0.190795
1 0.237293
1.005 0.274196
1.01 0.30669
1.015 0.332356
1.02 0.341666
1.025 0.327698
1.03 0.290811
1.035 0.236326
1.04 0.170547
1.045 0.0991112
1.05 0.0263964
1.055 -0.0450098
1.06 -0.113231
1.065 -0.176484
1.07 -0.232946
1.075 -0.280341
1.08 -0.316397
1.085 -0.340012
1.09 -0.351593
1.095 -0.351977
1.1 -0.340966
1.105 -0.3174
1.11 -0.280578
1.115 -0.231377
1.12 -0.172006
1.125 -0.105485
1.13 -0.0354104
1.135 0.0344416
1.14 0.100468
1.145 0.166506
1.15 0.244375
1.155 0.313846
1.16 0.345291
1.165 0.345658
1.17 0.324098
1.175 0.292312
1.18 0.259564
1.185 0.225961
1.19 0.191263
1.195 0.151861
1.2 0.102559
1.205 0.0429099
1.21 -0.0238941
1.215 -0.105803
1.22 -0.198785
1.225 -0.2805
1.23 -0.330135
1.235 -0.337723
1.24 -0.319366
1.245 -0.299084
1.25 -0.283813
1.255 -0.272861
1.26 -0.257877
1.265 -0.225499
1.27 -0.167133
1.275 -0.08824
1.28 -0.00359745
1.285 0.0855127
1.29 0.167344
1.295 0.221803
1.3 0.244758
1.305 0.245047
1.31 0.23935
1.315 0.235899
1.32 0.235115
1.325 0.229165
1.33 0.210956
1.335 0.180184
1.34 0.140295
1.345 0.0954292
1.35 0.0463055
1.355 -0.0192481
1.36 -0.115202
1.365 -0.220694
1.37 -0.290916
1.375 -0.311449
1.38 -0.29986
1.385 -0.276633
1.39 -0.251347
1.395 -0.222398
1.4 -0.18725
1.405 -0.139332
1.41 -0.0743634
1.415 0.00603023
1.42 0.0928283
1.425 0.175644
1.43 0.245487
1.435 0.29115
1.44 0.312366
1.445 0.319456
1.45 0.316802
1.455 0.30345
1.46 0.278938
1.465 0.241846
1.47 0.194687
1.475 0.142296
1.48 0.0859871
1.485 0.0240102
1.49 -0.04683
1.495 -0.140454
1.5 -0.255628
1.505 -0.347103
1.51 -0.382819
1.515 -0.374423
1.52 -0.349124
1.525 -0.325706
1.53 -0.305081
1.535 -0.283691
1.54 -0.25788
1.545 -0.224603
1.55 -0.182378
1.555 -0.132617
1.56 -0.0784677
1.565 -0.0241806
1.57 0.022523
1.575 0.0635601
1.58 0.110087
1.585 0.158124
1.59 0.1899
1.595 0.196756
1.6 0.182316
1.605 0.152704
1.61 0.11477
1.615 0.0724164
1.62 0.0271913
1.625 -0.0151791
1.63 -0.0534152
1.635 -0.0932281
1.64 -0.136146
1.645 -0.175939
1.65 -0.205244
1.655 -0.217136
1.66 -0.210972
1.665 -0.193603
1.67 -0.168096
1.675 -0.127008
1.68 -0.0629516
1.685 0.0200946
1.69 0.108118
1.695 0.188187
1.7 0.25674
1.705 0.318359
1.71 0.37661
1.715 0.431328
1.72 0.484338
1.725 0.534878
1.73 0.570621
1.735 0.575101
1.74 0.540566
1.745 0.47106
1.75 0.379243
1.755 0.279898
1.76 0.181529
1.765 0.068131
1.77 -0.092117
1.775 -0.282434
1.78 -0.440156
1.785 -0.542436
1.79 -0.612087
1.795 -0.669909
1.8 -0.718609
1.805 -0.75867
1.81 -0.796022
1.815 -0.81944
1.82 -0.799011
1.825 -0.728891
1.83 -0.63384
1.835 -0.525233
1.84 -0.405118
1.845 -0.280277
1.85 -0.154478
1.855 -0.0278408
1.86 0.0982029
1.865 0.214358
1.87 0.303001
1.875 0.362722
1.88 0.397828
1.885 0.401536
1.89 0.375867
1.895 0.332818
1.9 0.282796
1.905 0.219498
1.91 0.139181
1.915 0.060923
1.92 -0.00213453
1.925 -0.056975
1.93 -0.109681
1.935 -0.160738
1.94 -0.210677
1.945 -0.256374
1.95 -0.288619
1.955 -0.294613
1.96 -0.272052
1.965 -0.232786
1.97 -0.194489
1.975 -0.163196
1.98 -0.125932
1.985 -0.0685372
1.99 0.00480987
1.995 0.0757218
2 0.123882
2.005 0.138946
2.01 0.127185
2.015 0.10333
2.02 0.0758366
2.025 0.0417012
2.03 -0.00791826
2.035 -0.079832
2.04 -0.166749
2.045 -0.252067
2.05 -0.329557
2.055 -0.399803
2.06 -0.466111
2.065 -0.533392
2.07 -0.599684
2.075 -0.65631
2.08 -0.692263
2.085 -0.700531
2.09 -0.679867
2.095 -0.633761
2.1 -0.568281
2.105 -0.483718
2.11 -0.374553
2.115 -0.238091
2.12 -0.0786696
2.125 0.0923757
2.13 0.260169
2.135 0.412447
2.14 0.542397
2.145 0.647762
2.15 0.726039
2.155 0.772287
2.16 0.781421
2.165 0.750434
2.17 0.680095
2.175 0.572042
2.18 0.426485
2.185 0.246553
2.19 0.0389071
2.195 -0.185506
2.2 -0.412365
2.205 -0.615531
2.21 -0.777567
2.215 -0.903618
2.22 -0.99464
2.225 -1.05285
2.23 -1.07799
2.235 -1.05912
2.24 -0.985571
2.245 -0.855302
2.25 -0.675634
2.255 -0.456617
2.26 -0.210789
2.265 0.0492615
2.27 0.305911
2.275 0.540122
2.28 0.736019
2.285 0.884605
2.29 0.983095
2.295 1.03331
2.3 1.03895
2.305 0.996811
2.31 0.903854
2.315 0.764195
2.32 0.585134
2.325 0.376299
2.33 0.146321
2.335 -0.0946758
2.34 -0.338441
2.345 -0.574111
2.35 -0.791759
2.355 -0.983938
2.36 -1.14448
2.365 -1.26722
2.37 -1.34585
2.375 -1.37302
2.38 -1.34421
2.385 -1.25577
2.39 -1.1087
2.395 -0.907412
2.4 -0.656871
2.405 -0.368004
2.41 -0.0573168
2.415 0.253496
2.42 0.549025
2.425 0.858786
2.43 1.19163
2.435 1.46996
2.44 1.64706
2.445 1.70716
2.45 1.66666
2.455 1.57749
2.46 1.46951
2.465 1.36258
2.47 1.24065
2.475 1.0765
2.48 0.852372
2.485 0.567365
2.49 0.242517
2.495 -0.105054
2.5 -0.512028
2.505 -0.98212
2.51 -1.37742
2.515 -1.57958
2.52 -1.61874
2.525 -1.56775
2.53 -1.48209
2.535 -1.39185
2.54 -1.26721
2.545 -1.07104
2.55 -0.806239
2.555 -0.482493
2.56 -0.128356
2.565 0.216164
2.57 0.542848
2.575 0.845273
2.58 1.10504
2.585 1.29861
2.59 1.41738
2.595 1.47463
2.6 1.49558
2.605 1.49785
2.61 1.47071
2.615 1.38232
2.62 1.20991
2.625 0.962343
2.63 0.669565
2.635 0.356839
2.64 0.0349775
2.645 -0.295103
2.65 -0.618281
2.655 -0.901209
2.66 -1.11302
2.665 -1.24416
2.67 -1.30158
2.675 -1.30558
2.68 -1.26754
2.685 -1.1823
2.69 -1.04017
2.695 -0.838704
2.7 -0.584133
2.705 -0.2898
2.71 0.025927
2.715 0.341998
2.72 0.64335
2.725 0.91829
2.73 1.15311
2.735 1.33225
2.74 1.44453
2.745 1.4882
2.75 1.4709
2.755 1.40073
2.76 1.27816
2.765 1.10477
2.77 0.888576
2.775 0.64445
2.78 0.39322
2.785 0.153796
2.79 -0.0622937
2.795 -0.254958
2.8 -0.422613
2.805 -0.555059
2.81 -0.649807
2.815 -0.711795
2.82 -0.742393
2.825 -0.745743
2.83 -0.724145
2.835 -0.675663
2.84 -0.599347
2.845 -0.498608
2.85 -0.382987
2.855 -0.2613
2.86 -0.139596
2.865 -0.0201224
2.87 0.0974514
2.875 0.214498
2.88 0.328623
2.885 0.4368
2.89 0.535183
2.895 0.620099
2.9 0.688857
2.905 0.739266
2.91 0.766011
2.915 0.761583
2.92 0.722343
2.925 0.64856
2.93 0.542025
2.935 0.410695
2.94 0.261494
2.945 0.100372
2.95 -0.0651677
2.955 -0.228851
2.96 -0.382497
2.965 -0.519379
2.97 -0.655537
2.975 -0.819089
2.98 -0.98311
2.985 -1.07381
2.99 -1.04437
2.995 -0.920255
3 -0.764562
3.005 -0.61202
3.01 -0.481402
3.015 -0.377919
3.02 -0.280378
3.025 -0.148929
3.03 0.0376473
3.035 0.258352
3.04 0.499368
3.045 0.757898
3.05 0.976476
3.055 1.08698
3.06 1.08704
3.065 1.00716
3.07 0.87399
3.075 0.711127
3.08 0.528723
3.085 0.322989
3.09 0.0979647
3.095 -0.135675
3.1 -0.371976
3.105 -0.602745
3.11 -0.806441
3.115 -0.963291
3.12 -1.07126
3.125 -1.1396
3.13 -1.16581
3.135 -1.13953
3.14 -1.04536
3.145 -0.882203
3.15 -0.668135
3.155 -0.425471
3.16 -0.162794
3.165 0.122321
3.17 0.42131
3.175 0.706738
3.18 0.941677
3.185 1.10151
3.19 1.18657
3.195 1.2202
3.2 1.22631
3.205 1.20621
3.21 1.13683
3.215 0.992636
3.22 0.770232
3.225 0.485009
3.23 0.16286
3.235 -0.168178
3.24 -0.486579
3.245 -0.783415
3.25 -1.05185
3.255 -1.27398
3.26 -1.43575
3.265 -1.53658
3.27 -1.58021
3.275 -1.57051
3.28 -1.51227
3.285 -1.40513
3.29 -1.24641
3.295 -1.03567
3.3 -0.77493
3.305 -0.47523
3.31 -0.156794
3.315 0.156792
3.32 0.447994
3.325 0.710479
3.33 0.944153
3.335 1.13775
3.34 1.27026
3.345 1.32461
3.35 1.30229
3.355 1.22937
3.36 1.12723
3.365 0.972245
3.37 0.747815
3.375 0.49043
3.38 0.233393
3.385 -0.0136953
3.39 -0.249258
3.395 -0.480429
3.4 -0.703354
3.405 -0.906553
3.41 -1.07789
3.415 -1.20069
3.42 -1.26213
3.425 -1.25534
3.43 -1.18495
3.435 -1.0609
3.44 -0.899816
3.445 -0.719318
3.45 -0.527458
3.455 -0.327146
3.46 -0.116529
3.465 0.10435
3.47 0.324393
3.475 0.539285
3.48 0.78141
3.485 1.01989
3.49 1.14726
3.495 1.14118
3.5 1.04695
3.505 0.92072
3.51 0.816712
3.515 0.753944
3.52 0.708782
3.525 0.627095
3.53 0.481857
3.535 0.286762
3.54 0.0736466
3.545 -0.127326
3.55 -0.311445
3.555 -0.514704
3.56 -0.730494
3.565 -0.869439
3.57 -0.902286
3.575 -0.881247
3.58 -0.8332
3.585 -0.772885
3.59 -0.706593
3.595 -0.630389
3.6 -0.548053
3.605 -0.446656
3.61 -0.299989
3.615 -0.10629
3.62 0.101132
3.625 0.286487
3.63 0.452488
3.635 0.61012
3.64 0.738594
3.645 0.807156
3.65 0.811468
3.655 0.777368
3.66 0.738247
3.665 0.708543
3.67 0.6601
3.675 0.554809
3.68 0.386994
3.685 0.187592
3.69 0.00523057
3.695 -0.126338
3.7 -0.214441
3.705 -0.291597
3.71 -0.379885
3.715 -0.474222
3.72 -0.548888
3.725 -0.578952
3.73 -0.561334
3.735 -0.51321
3.74 -0.449125
3.745 -0.369155
3.75 -0.269272
3.755 -0.151337
3.76 -0.0240173
3.765 0.0976552
3.77 0.202397
3.775 0.289042
3.78 0.36499
3.785 0.436602
3.79 0.49974
3.795 0.538813
3.8 0.538215
3.805 0.494975
3.81 0.420791
3.815 0.330741
3.82 0.235487
3.825 0.137722
3.83 0.0343243
3.835 -0.0785106
3.84 -0.194237
3.845 -0.29917
3.85 -0.385845
3.855 -0.450676
3.86 -0.49306
3.865 -0.51929
3.87 -0.538677
3.875 -0.538248
3.88 -0.495423
3.885 -0.416127
3.89 -0.319037
3.895 -0.223695
3.9 -0.137611
3.905 -0.0523708
3.91 0.0340298
3.915 0.118378
3.92 0.196198
3.925 0.265603
3.93 0.33921
3.935 0.424152
3.94 0.495397
3.945 0.524492
3.95 0.508311
3.955 0.464098
3.96 0.406319
3.965 0.341307
3.97 0.275304
3.975 0.205912
3.98 0.131634
3.985 0.0530839
3.99 -0.0276929
3.995 -0.106538
4 -0.184211
4.005 -0.261762
4.01 -0.332892
4.015 -0.38384
4.02 -0.411793
4.025 -0.42665
4.03 -0.439783
4.035 -0.455653
4.04 -0.465646
4.045 -0.458124
4.05 -0.430086
4.055 -0.388784
4.06 -0.345311
4.065 -0.305957
4.07 -0.264667
4.075 -0.211147
4.08 -0.139739
4.085 -0.053764
4.09 0.0364758
4.095 0.118582
4.1 0.182737
4.105 0.223986
4.11 0.242269
4.115 0.240231
4.12 0.221225
4.125 0.18691
4.13 0.136397
4.135 0.0712941
4.14 -0.000186659
4.145 -0.0691642
4.15 -0.132234
4.155 -0.190977
4.16 -0.248235
4.165 -0.30571
4.17 -0.36178
4.175 -0.412096
4.18 -0.450303
4.185 -0.4718
4.19 -0.474815
4.195 -0.458647
4.2 -0.422061
4.205 -0.364314
4.21 -0.283897
4.215 -0.179812
4.22 -0.0572327
4.225 0.0730999
4.23 0.198269
4.235 0.306238
4.24 0.388606
4.245 0.442864
4.25 0.468217
4.255 0.464069
4.26 0.433384
4.265 0.377519
4.27 0.296026
4.275 0.194162
4.28 0.0830012
4.285 -0.0334367
4.29 -0.155307
4.295 -0.278417
4.3 -0.39724
4.305 -0.503327
4.31 -0.588015
4.315 -0.645425
4.32 -0.672762
4.325 -0.670778
4.33 -0.640897
4.335 -0.585431
4.34 -0.507571
4.345 -0.411949
4.35 -0.305215
4.355 -0.193873
4.36 -0.0830429
4.365 0.0232392
4.37 0.120571
4.375 0.206655
4.38 0.277919
4.385 0.337174
4.39 0.386731
4.395 0.411807
4.4 0.403232
4.405 0.377635
4.41 0.35108
4.415 0.322389
4.42 0.285356
4.425 0.234708
4.43 0.170939
4.435 0.0984082
4.44 0.0234467
4.445 -0.0465593
4.45 -0.106417
4.455 -0.157608
4.46 -0.201066
4.465 -0.232332
4.47 -0.248672
4.475 -0.25124
4.48 -0.244024
4.485 -0.230071
4.49 -0.208132
4.495 -0.172855
4.5 -0.10505
4.505 0.00149076
4.51 0.107204
4.515 0.177417
4.52 0.214632
4.525 0.234652
4.53 0.252343
4.535 0.284002
4.54 0.342293
4.545 0.422769
4.55 0.494589
4.555 0.518885
4.56 0.487451
4.565 0.423091
4.57 0.35922
4.575 0.316589
4.58 0.285317
4.585 0.239199
4.59 0.16635
4.595 0.0778095
4.6 -0.00312616
4.605 -0.0579791
4.61 -0.0887284
4.615 -0.116146
4.62 -0.156948
4.625 -0.205304
4.63 -0.240389
4.635 -0.246218
4.64 -0.222104
4.645 -0.180175
4.65 -0.133543
4.655 -0.0844855
4.66 -0.0257506
4.665 0.0492348
4.67 0.138556
4.675 0.226678
4.68 0.293368
4.685 0.327054
4.69 0.330266
4.695 0.314209
4.7 0.28746
4.705 0.251014
4.71 0.201298
4.715 0.1375
4.72 0.065049
4.725 -0.00593766
4.73 -0.0672452
4.735 -0.116215
4.74 -0.154328
4.745 -0.181672
4.75 -0.195191
4.755 -0.189663
4.76 -0.162024
4.765 -0.115758
4.77 -0.0589317
4.775 0.00038829
4.78 0.0576885
4.785 0.1127
4.79 0.165919
4.795 0.215567
4.8 0.256586
4.805 0.283763
4.81 0.294726
4.815 0.290322
4.82 0.274188
4.825 0.25068
4.83 0.220704
4.835 0.183988
4.84 0.141895
4.845 0.0948679
4.85 0.0473359
4.855 0.00409408
4.86 -0.0339031
4.865 -0.0637121
4.87 -0.0833254
4.875 -0.0937366
4.88 -0.0951022
4.885 -0.0875848
4.89 -0.0724169
4.895 -0.0524625
4.9 -0.0322078
4.905 -0.0146514
4.91 -0.00270014
4.915 0.00231656
4.92 0.000804292
4.925 -0.00333295
4.93 -0.00572785
4.935 -0.00489594
4.94 -0.00153704
4.945 -0.00283474
4.95 -0.0101141
4.955 -0.00507402
4.96 0.0207486
4.965 0.0517658
4.97 0.0763416
4.975 0.0951714
4.98 0.103963
4.985 0.0935909
4.99 0.0677474
4.995 0.0396608
5 0.0157459
5.005 -0.00654407
5.01 -0.0309211
5.015 -0.0649015
5.02 -0.113359
5.025 -0.164199
5.03 -0.196532
5.035 -0.204925
5.04 -0.201082
5.045 -0.198987
5.05 -0.207517
5.055 -0.217541
5.06 -0.211136
5.065 -0.18278
5.07 -0.143606
5.075 -0.110793
5.08 -0.0952732
5.085 -0.0928349
5.09 -0.0870099
5.095 -0.0651345
5.1 -0.0289859
5.105 0.00842384
5.11 0.0351205
5.115 0.0483842
5.12 0.053998
5.125 0.0573978
5.13 0.0576515
5.135 0.048685
5.14 0.0250698
5.145 -0.0128687
5.15 -0.0571867
5.155 -0.0983085
5.16 -0.131722
5.165 -0.159796
5.17 -0.187888
5.175 -0.217969
5.18 -0.246659
5.185 -0.26878
5.19 -0.281319
5.195 -0.285884
5.2 -0.286761
5.205 -0.286827
5.21 -0.284645
5.215 -0.27491
5.22 -0.252793
5.225 -0.217477
5.23 -0.172468
5.235 -0.123757
5.24 -0.0756164
5.245 -0.0297336
5.25 0.012651
5.255 0.049105
5.26 0.0762152
5.265 0.0913254
5.27 0.0940872
5.275 0.0868955
5.28 0.0738755
5.285 0.0592326
5.29 0.0449221
5.295 0.0302791
5.3 0.0146392
5.305 -0.00169068
5.31 -0.0182192
5.315 -0.0356123
5.32 -0.0562179
5.325 -0.0820602
5.33 -0.112668
5.335 -0.145463
5.34 -0.176118
5.345 -0.199348
5.35 -0.210809
5.355 -0.209512
5.36 -0.201574
5.365 -0.191937
5.37 -0.176284
5.375 -0.154025
5.38 -0.129106
5.385 -0.103505
5.39 -0.0795795
5.395 -0.0580919
5.4 -0.0365031
5.405 -0.0103354
5.41 0.0259621
5.415 0.0705677
5.42 0.108121
5.425 0.129629
5.43 0.146867
5.435 0.168817
5.44 0.190273
5.445 0.200871
5.45 0.192513
5.455 0.177503
5.46 0.175208
5.465 0.164236
5.47 0.109397
5.475 0.0285317
5.48 -0.0462748
5.485 -0.109857
5.49 -0.161781
5.495 -0.197848
5.5 -0.210811
5.505 -0.192684
5.51 -0.163164
5.515 -0.162672
5.52 -0.188286
5.525 -0.203989
5.53 -0.200695
5.535 -0.17999
5.54 -0.131842
5.545 -0.0519202
5.55 0.0477733
5.555 0.139302
5.56 0.204039
5.565 0.24599
5.57 0.28304
5.575 0.331568
5.58 0.385495
5.585 0.416372
5.59 0.404111
5.595 0.355535
5.6 0.294229
5.605 0.246712
5.61 0.22284
5.615 0.205368
5.62 0.167627
5.625 0.102047
5.63 0.0241673
5.635 -0.0414607
5.64 -0.0789712
5.645 -0.0942034
5.65 -0.106374
5.655 -0.125919
5.66 -0.145685
5.665 -0.1506
5.67 -0.129421
5.675 -0.0842735
5.68 -0.0306658
5.685 0.0147222
5.69 0.0469653
5.695 0.0736209
5.7 0.104459
5.705 0.141967
5.71 0.179427
5.715 0.208305
5.72 0.227505
5.725 0.242813
5.73 0.262218
5.735 0.288506
5.74 0.316074
5.745 0.334672
5.75 0.336365
5.755 0.32083
5.76 0.293481
5.765 0.260151
5.77 0.222816
5.775 0.180046
5.78 0.13144
5.785 0.0799365
5.79 0.0321282
5.795 -0.00482147
5.8 -0.0274515
5.805 -0.0371435
5.81 -0.0375935
5.815 -0.031909
5.82 -0.0213286
5.825 -0.00538496
5.83 0.0158167
5.835 0.040065
5.84 0.0641692
5.845 0.0857884
5.85 0.10486
5.855 0.122559
5.86 0.139341
5.865 0.153851
5.87 0.163271
5.875 0.164573
5.88 0.156263
5.885 0.138574
5.89 0.112965
5.895 0.0809104
5.9 0.0420855
5.905 -0.00433305
5.91 -0.0556598
5.915 -0.106824
5.92 -0.154166
5.925 -0.192569
5.93 -0.217112
5.935 -0.227187
5.94 -0.222122
5.945 -0.201003
5.95 -0.167145
5.955 -0.125692
5.96 -0.0744472
5.965 -0.0119174
5.97 0.0505767
5.975 0.101846
5.98 0.142176
5.985 0.174833
5.99 0.198687
5.995 0.211148
6 0.210164
6.005 0.196018
6.01 0.17175
6.015 0.140765
6.02 0.105145
6.025 0.0704606
6.03 0.0281909
6.035 -0.0319469
6.04 -0.0944671
6.045 -0.146672
6.05 -0.178254
6.055 -0.196467
6.06 -0.220098
6.065 -0.242837
6.07 -0.248361
6.075 -0.229996
6.08 -0.195675
6.085 -0.162468
6.09 -0.137367
6.095 -0.099959
6.1 -0.0277007
6.105 0.0737755
6.11 0.174538
6.115 0.245194
6.12 0.274313
6.125 0.27512
6.13 0.268998
6.135 0.265288
6.14 0.257515
6.145 0.230614
6.15 0.176719
6.155 0.10859
6.16 0.0465593
6.165 -0.00286056
6.17 -0.0466186
6.175 -0.0955049
6.18 -0.154238
6.185 -0.216086
6.19 -0.268228
6.195 -0.304411
6.2 -0.327255
6.205 -0.343389
6.21 -0.356318
6.215 -0.361057
6.22 -0.345661
6.225 -0.302403
6.23 -0.234795
6.235 -0.153836
6.24 -0.0718322
6.245 0.00281676
6.25 0.0697264
6.255 0.132951
6.26 0.190642
6.265 0.236759
6.27 0.266768
6.275 0.277734
6.28 0.271067
6.285 0.251455
6.29 0.221216
6.295 0.179011
6.3 0.122836
6.305 0.0540767
6.31 -0.0216516
6.315 -0.096397
6.32 -0.163937
6.325 -0.221958
6.33 -0.27067
6.335 -0.309956
6.34 -0.337336
6.345 -0.348673
6.35 -0.341402
6.355 -0.316859
6.36 -0.280427
6.365 -0.23836
6.37 -0.193125
6.375 -0.145197
6.38 -0.0946931
6.385 -0.0428749
6.39 0.00839419
6.395 0.057537
6.4 0.102079
6.405 0.141158
6.41 0.173832
6.415 0.197924
6.42 0.210292
6.425 0.212189
6.43 0.208609
6.435 0.201241
6.44 0.188069
6.445 0.165674
6.45 0.135938
6.455 0.103348
6.46 0.0723103
6.465 0.046102
6.47 0.0197533
6.475 -0.0141553
6.48 -0.0546128
6.485 -0.094119
6.49 -0.125481
6.495 -0.147573
6.5 -0.166536
6.505 -0.184442
6.51 -0.195769
6.515 -0.194309
6.52 -0.17684
6.525 -0.143513
6.53 -0.0975593
6.535 -0.0456263
6.54 0.00481181
6.545 0.0517043
6.55 0.0997524
6.555 0.151661
6.56 0.204218
6.565 0.24956
6.57 0.279871
6.575 0.29171
6.58 0.286119
6.585 0.266905
6.59 0.236238
6.595 0.194056
6.6 0.140471
6.605 0.0786704
6.61 0.0142776
6.615 -0.0473404
6.62 -0.103098
6.625 -0.152459
6.63 -0.195375
6.635 -0.229793
6.64 -0.251266
6.645 -0.2552
6.65 -0.239657
6.655 -0.206425
6.66 -0.160399
6.665 -0.10756
6.67 -0.0522352
6.675 0.00348482
6.68 0.0582858
6.685 0.109694
6.69 0.153914
6.695 0.186741
6.7 0.205698
6.705 0.21109
6.71 0.205279
6.715 0.190888
6.72 0.169267
6.725 0.140458
6.73 0.104372
6.735 0.0619179
6.74 0.0154189
6.745 -0.0317582
6.75 -0.075991
6.755 -0.116223
6.76 -0.153581
6.765 -0.187456
6.77 -0.215775
6.775 -0.235952
6.78 -0.245355
6.785 -0.242669
6.79 -0.229377
6.795 -0.208552
6.8 -0.183269
6.805 -0.150658
6.81 -0.103908
6.815 -0.0480206
6.82 0.00949445
6.825 0.0663563
6.83 0.116653
6.835 0.159344
6.84 0.199226
6.845 0.23931
6.85 0.277645
6.855 0.304984
6.86 0.311359
6.865 0.301556
6.87 0.287678
6.875 0.268658
6.88 0.241334
6.885 0.206768
6.89 0.163619
6.895 0.112985
6.9 0.0587163
6.905 0.0055418
6.91 -0.0417791
6.915 -0.0856607
6.92 -0.132499
6.925 -0.175599
6.93 -0.201926
6.935 -0.208845
6.94 -0.203706
6.945 -0.200156
6.95 -0.205681
6.955 -0.210233
6.96 -0.197908
6.965 -0.165273
6.97 -0.122775
6.975 -0.0853967
6.98 -0.0618964
6.985 -0.0462112
6.99 -0.0228099
6.995 0.0166896
7 0.065687
7.005 0.110139
7.01 0.139843
7.015 0.156906
7.02 0.172168
7.025 0.191534
7.03 0.209974
7.035 0.219142
7.04 0.216616
7.045 0.207154
7.05 0.195467
7.055 0.18015
7.06 0.15601
7.065 0.119698
7.07 0.0733781
7.075 0.0237901
7.08 -0.0223447
7.085 -0.0613085
7.09 -0.093067
7.095 -0.120477
7.1 -0.146708
7.105 -0.170796
7.11 -0.186648
7.115 -0.189158
7.12 -0.178585
7.125 -0.159108
7.13 -0.136036
7.135 -0.111549
7.14 -0.0833906
7.145 -0.0411358
7.15 0.0170273
7.155 0.0676139
7.16 0.0963446
7.165 0.109508
7.17 0.116064
7.175 0.12237
7.18 0.132472
7.185 0.152685
7.19 0.180885
7.195 0.203489
7.2 0.210728
7.205 0.202423
7.21 0.18594
7.215 0.170782
7.22 0.160008
7.225 0.149028
7.23 0.132499
7.235 0.11105
7.24 0.0895408
7.245 0.074333
7.25 0.0689537
7.255 0.0702401
7.26 0.071542
7.265 0.0690795
7.27 0.0639012
7.275 0.0596559
7.28 0.0584186
7.285 0.0578561
7.29 0.0524795
7.295 0.0392577
7.3 0.021513
7.305 0.00776698
7.31 0.00600357
7.315 0.0185882
7.32 0.0412842
7.325 0.066246
7.33 0.0884713
7.335 0.108135
7.34 0.127497
7.345 0.148647
7.35 0.169753
7.355 0.18531
7.36 0.191213
7.365 0.186515
7.37 0.174364
7.375 0.159264
7.38 0.143838
7.385 0.128058
7.39 0.110998
7.395 0.0929388
7.4 0.0760723
7.405 0.0629651
7.41 0.0543669
7.415 0.0486408
7.42 0.0434215
7.425 0.0379288
7.43 0.0338472
7.435 0.0341003
7.44 0.0406192
7.445 0.0530785
7.45 0.069678
7.455 0.0887184
7.46 0.109263
7.465 0.131544
7.47 0.155857
7.475 0.181019
7.48 0.204507
7.485 0.223641
7.49 0.23676
7.495 0.243845
7.5 0.246207
7.505 0.245442
7.51 0.242679
7.515 0.238665
7.52 0.234154
7.525 0.230106
7.53 0.227554
7.535 0.227512
7.54 0.230664
7.545 0.236258
7.55 0.242392
7.555 0.247664
7.56 0.250892
7.565 0.250657
7.57 0.245512
7.575 0.233969
7.58 0.214047
7.585 0.183828
7.59 0.14245
7.595 0.090691
7.6 0.0304593
7.605 -0.036053
7.61 -0.104936
7.615 -0.170928
7.62 -0.231089
7.625 -0.283199
7.63 -0.323939
7.635 -0.35261
7.64 -0.368588
7.645 -0.369843
7.65 -0.355439
7.655 -0.326089
7.66 -0.282547
7.665 -0.225417
7.67 -0.155898
7.675 -0.0762122
7.68 0.0102918
7.685 0.100548
7.69 0.190773
7.695 0.27729
7.7 0.357044
7.705 0.427207
7.71 0.484782
7.715 0.52653
7.72 0.548745
7.725 0.548641
7.73 0.525585
7.735 0.479304
7.74 0.411101
7.745 0.325027
7.75 0.226787
7.755 0.121338
7.76 0.0109714
7.765 -0.0985663
7.77 -0.200064
7.775 -0.314246
7.78 -0.45128
7.785 -0.566372
7.79 -0.631202
7.795 -0.648316
7.8 -0.634654
7.805 -0.608198
7.81 -0.570653
