0.005 37437 0.00565299 3.1615e-22 -1.3065e-25 -3.36933e-22 -0.060248 -37437 -0.00565299 -3.1615e-22 1.3065e-25 -1.68908e-22 0.0692927 32795.8 -0.00826605 -4.08444e-22 -7.9609e-34 2.89814e-22 -0.0692937 -32795.8 0.00826605 4.08444e-22 7.9609e-34 3.63697e-22 0.056068
0.01 37738.4 0.0828411 -4.46198e-22 -2.80983e-26 4.77135e-22 -0.504362 -37738.4 -0.0828411 4.46198e-22 2.80983e-26 2.36782e-22 0.636908 33074.9 -0.0652421 6.05177e-22 -2.93989e-32 -5.37782e-22 -0.63691 -33074.9 0.0652421 -6.05177e-22 2.93989e-32 -4.30501e-22 0.532523
0.015 38032.7 0.4553 1.17385e-22 1.27499e-24 -1.24407e-22 -2.02024 -38032.7 -0.4553 -1.17385e-22 -1.27499e-24 -6.34089e-23 2.74872 33320.5 -0.235468 1.61943e-22 -1.16114e-31 -1.38993e-22 -2.74873 -33320.5 0.235468 -1.61943e-22 1.16114e-31 -1.20117e-22 2.37198
0.02 38299.7 1.42378 -2.76281e-23 1.24036e-24 3.04652e-23 -5.17524 -38299.7 -1.42378 2.76281e-23 -1.24036e-24 1.37397e-23 7.45329 33545.7 -0.520377 -7.95191e-22 7.3243e-32 6.2227e-22 -7.45329 -33545.7 0.520377 7.95191e-22 -7.3243e-32 6.50036e-22 6.62069
0.025 38470 3.00696 -1.97535e-22 -1.65213e-24 2.1027e-22 -9.48743 -38470 -3.00696 1.97535e-22 1.65213e-24 1.05785e-22 14.2986 33725.6 -0.797115 -1.22347e-21 2.62164e-31 1.00346e-21 -14.2986 -33725.6 0.797115 1.22347e-21 -2.62164e-31 9.54101e-22 13.0232
0.03 38562.7 4.71374 6.5065e-22 -1.21223e-23 -6.95194e-22 -12.966 -38562.7 -4.71374 -6.5065e-22 1.21223e-23 -3.45846e-22 20.508 33823.4 -0.894913 7.92014e-22 2.63184e-31 -6.59358e-22 -20.5079 -33823.4 0.894913 -7.92014e-22 -2.63184e-31 -6.07864e-22 19.076
0.035 38595.8 5.74723 2.93486e-22 -1.55112e-24 -3.08593e-22 -12.7878 -38595.8 -5.74723 -2.93486e-22 1.55112e-24 -1.60984e-22 21.9834 33836.9 -0.696104 -2.03177e-22 -1.24935e-31 1.63757e-22 -21.9833 -33836.9 0.696104 2.03177e-22 1.24935e-31 1.61327e-22 20.8695
0.04 38540.3 5.42859 1.53757e-22 -1.85895e-23 -1.56588e-22 -6.50275 -38540.3 -5.42859 -1.53757e-22 1.85895e-23 -8.94233e-23 15.1885 33779.8 -0.120584 8.61592e-22 -7.95752e-31 -7.27331e-22 -15.1886 -33779.8 0.120584 -8.61592e-22 7.95752e-31 -6.51217e-22 14.9956
0.045 38373.6 3.59452 -4.02045e-22 4.07403e-25 4.26662e-22 6.45792 -38373.6 -3.59452 4.02045e-22 -4.07403e-25 2.16611e-22 -0.706699 33647.3 0.799511 5.74029e-22 -1.32385e-31 -4.73801e-22 0.706643 -33647.3 -0.799511 -5.74029e-22 1.32385e-31 -4.44645e-22 0.572575
0.05 38106.5 0.775724 2.03776e-22 1.43936e-24 -2.20185e-22 22.079 -38106.5 -0.775724 -2.03776e-22 -1.43936e-24 -1.05857e-22 -20.8378 33422.8 1.67312 9.94643e-23 -5.95518e-31 -9.66882e-23 20.8379 -33422.8 -1.67312 -9.94643e-23 5.95518e-31 -6.24547e-23 -18.1609
0.055 37793.1 -1.96417 2.05054e-23 -5.97965e-24 -2.32452e-23 36.0283 -37793.1 1.96417 -2.05054e-23 5.97965e-24 -9.56353e-24 -39.171 33123.8 2.45284 3.46726e-22 2.73892e-31 -2.49738e-22 39.171 -33123.8 -2.45284 -3.46726e-22 -2.73892e-31 -3.05023e-22 -35.2465
0.06 37455.4 -3.8837 -7.31757e-23 -1.01759e-24 7.92076e-23 47.2344 -37455.4 3.8837 7.31757e-23 1.01759e-24 3.78736e-23 -53.4484 32797.9 3.31159 -3.96138e-22 1.99557e-30 3.87165e-22 53.4484 -32797.9 -3.31159 3.96138e-22 -1.99557e-30 2.46655e-22 -48.1498
0.065 37100.4 -4.89813 -4.34535e-22 -1.35069e-24 4.69866e-22 53.5849 -37100.4 4.89813 4.34535e-22 1.35069e-24 2.2539e-22 -61.4219 32480.3 3.78099 -1.09663e-21 2.81356e-30 9.57922e-22 61.4219 -32480.3 -3.78099 1.09663e-21 -2.81356e-30 7.96678e-22 -55.3723
0.07 36756.6 -4.96145 1.07737e-22 -1.99951e-24 -1.12156e-22 54.407 -36756.6 4.96145 -1.07737e-22 1.99951e-24 -6.0223e-23 -62.3453 32182.3 3.80153 -1.38234e-22 1.48363e-30 1.34601e-22 62.3453 -32182.3 -3.80153 1.38234e-22 -1.48363e-30 8.65732e-23 -56.2629
0.075 36452.2 -4.29119 -2.27553e-23 3.18604e-24 2.0292e-23 50.9488 -36452.2 4.29119 2.27553e-23 -3.18604e-24 1.61165e-23 -57.8147 31910.1 3.63088 -2.80812e-22 1.37211e-30 2.13778e-22 57.8147 -31910.1 -3.63088 2.80812e-22 -1.37211e-30 2.35521e-22 -52.0053
0.08 36205.4 -3.2352 -1.52636e-22 4.98456e-24 1.59463e-22 42.9514 -36205.4 3.2352 1.52636e-22 -4.98456e-24 8.47548e-23 -48.1277 31680.9 3.0632 9.80588e-22 6.05201e-31 -8.28078e-22 48.1277 -31680.9 -3.0632 -9.80588e-22 -6.05201e-31 -7.40862e-22 -43.2266
0.085 36027.5 -1.4032 8.62536e-23 -4.05581e-24 -7.88169e-23 29.7185 -36027.5 1.4032 -8.62536e-23 4.05581e-24 -5.91889e-23 -31.9637 31515.8 1.95138 -8.80105e-22 1.94367e-30 7.58295e-22 31.9637 -31515.8 -1.95138 8.80105e-22 -1.94367e-30 6.49872e-22 -28.8415
0.09 35931.9 2.25324 4.34665e-22 -3.64468e-23 -4.43809e-22 10.3855 -35931.9 -2.25324 -4.34665e-22 3.64468e-23 -2.51654e-22 -6.78033 31428.7 0.335969 -7.03824e-22 1.22143e-30 6.3196e-22 6.78035 -31428.7 -0.335969 7.03824e-22 -1.22143e-30 4.94159e-22 -6.2428
0.095 35921.7 8.59305 5.85541e-22 2.74538e-24 -6.06464e-22 -14.748 -35921.7 -8.59305 -5.85541e-22 -2.74538e-24 -3.30402e-22 28.4968 31422.2 -1.57212 -1.91986e-22 1.56502e-30 1.48869e-22 -28.4968 -31422.2 1.57212 1.91986e-22 -1.56502e-30 1.58308e-22 25.9815
0.1 35991.7 16.7898 1.17379e-22 3.45064e-24 -1.30569e-22 -41.8115 -35991.7 -16.7898 -1.17379e-22 -3.45064e-24 -5.72372e-23 68.6752 31489.1 -3.26649 -5.26137e-22 2.82569e-30 4.95016e-22 -68.6753 -31489.1 3.26649 5.26137e-22 -2.82569e-30 3.46803e-22 63.4489
0.105 36132.8 24.4654 1.14483e-23 -1.72154e-23 -2.14504e-23 -64.6302 -36132.8 -24.4654 -1.14483e-23 1.72154e-23 3.1331e-24 103.775 31618.4 -4.46558 -7.49955e-22 4.05758e-30 6.59362e-22 -103.775 -31618.4 4.46558 7.49955e-22 -4.05758e-30 5.40566e-22 96.6299
0.11 36334.8 30.8691 -5.62672e-22 3.4904e-24 5.79756e-22 -78.817 -36334.8 -30.8691 5.62672e-22 -3.4904e-24 3.2052e-22 128.208 31799.4 -5.46345 -1.23371e-21 1.71972e-29 1.04574e-21 -128.208 -31799.4 5.46345 1.23371e-21 -1.71972e-29 9.28187e-22 119.466
0.115 36583.6 37.376 7.32113e-23 -1.66151e-23 -9.014e-23 -83.9046 -36583.6 -37.376 -7.32113e-23 1.66151e-23 -2.6998e-23 143.706 32022.2 -6.23378 5.49256e-22 1.64858e-29 -4.32407e-22 -143.706 -32022.2 6.23378 -5.49256e-22 -1.64858e-29 -4.46403e-22 133.732
0.12 36859.9 44.8036 2.87279e-22 -2.56664e-23 -2.91316e-22 -80.8331 -36859.9 -44.8036 -2.87279e-22 2.56664e-23 -1.6833e-22 152.519 32272.5 -6.17269 1.70034e-22 1.5617e-29 -1.63087e-22 -152.519 -32272.5 6.17269 -1.70034e-22 -1.5617e-29 -1.08968e-22 142.643
0.125 37145.2 52.948 2.47879e-22 2.15933e-23 -2.39865e-22 -67.7566 -37145.2 -52.948 -2.47879e-22 -2.15933e-23 -1.56741e-22 152.473 32532.2 -4.95961 -1.76603e-22 6.23791e-30 1.28129e-22 -152.473 -32532.2 4.95961 1.76603e-22 -6.23791e-30 1.54435e-22 144.538
0.13 37423.1 61.0377 -2.51132e-22 9.87487e-24 2.76652e-22 -40.1599 -37423.1 -61.0377 2.51132e-22 -9.87487e-24 1.25159e-22 137.82 32783.2 -2.61525 1.03855e-21 -1.66069e-30 -8.93981e-22 -137.82 -32783.2 2.61525 -1.03855e-21 1.66069e-30 -7.67699e-22 133.636
0.135 37677.2 68.1217 -6.62557e-22 -5.17132e-24 7.07445e-22 4.86428 -37677.2 -68.1217 6.62557e-22 5.17132e-24 3.52646e-22 104.13 33011.2 0.785036 9.6423e-22 -2.43981e-29 -8.62511e-22 -104.131 -33011.2 -0.785036 -9.6423e-22 2.43981e-29 -6.80257e-22 105.387
0.14 37893.2 74.2911 8.18576e-22 -1.32573e-23 -8.76001e-22 66.5585 -37893.2 -74.2911 -8.18576e-22 1.32573e-23 -4.33721e-22 52.3072 33204.9 5.13592 -3.17541e-22 -4.81511e-29 2.41036e-22 -52.3072 -33204.9 -5.13592 3.17541e-22 4.81511e-29 2.67029e-22 60.5247
0.145 38059.9 80.4652 1.05195e-22 -1.4492e-23 -1.05395e-22 143.343 -38059.9 -80.4652 -1.05195e-22 1.4492e-23 -6.29181e-23 -14.5985 33355 10.6144 1.11119e-22 -7.21158e-29 -1.27228e-22 14.5986 -33355 -10.6144 -1.11119e-22 7.21158e-29 -5.05615e-23 2.38446
0.15 38169.1 87.1135 1.89597e-22 -2.47458e-24 -1.78517e-22 235.484 -38169.1 -87.1135 -1.89597e-22 2.47458e-24 -1.24838e-22 -96.1021 33453.8 17.4921 -3.30184e-22 -6.34542e-29 2.33399e-22 96.1022 -33453.8 -17.4921 3.30184e-22 6.34542e-29 2.94896e-22 -68.1149
0.155 38214.6 94.0116 -1.34146e-22 -1.40106e-24 1.48677e-22 347.057 -38214.6 -94.0116 1.34146e-22 1.40106e-24 6.59572e-23 -196.639 33495.7 26.049 9.53214e-22 -5.66249e-29 -8.28442e-22 196.639 -33495.7 -26.049 -9.53214e-22 5.66249e-29 -6.96701e-22 -154.96
0.16 38191.8 100.383 5.04713e-23 1.47643e-23 -6.18497e-23 488.282 -38191.8 -100.383 -5.04713e-23 -1.47643e-23 -1.89044e-23 -327.669 33477.1 37.0446 -6.99813e-22 3.232e-30 6.3405e-22 327.67 -33477.1 -37.0446 6.99813e-22 -3.232e-30 4.8565e-22 -268.398
0.165 38099.6 104.855 -7.11979e-22 7.44571e-24 7.41112e-22 663.594 -38099.6 -104.855 7.11979e-22 -7.44571e-24 3.98055e-22 -495.826 33396.3 50.2144 -2.52894e-23 3.73403e-30 1.18873e-23 495.826 -33396.3 -50.2144 2.52894e-23 -3.73403e-30 2.85757e-23 -415.483
0.17 37943.8 106.597 -3.15446e-22 -2.00667e-23 3.30679e-22 859.023 -37943.8 -106.597 3.15446e-22 2.00667e-23 1.74036e-22 -688.467 33256.8 63.8588 1.7548e-22 -1.09416e-29 -1.52615e-22 688.468 -33256.8 -63.8588 -1.7548e-22 1.09416e-29 -1.28153e-22 -586.293
0.175 37736.7 107.022 -6.27641e-23 -8.33971e-25 7.12403e-23 1057.82 -37736.7 -107.022 6.27641e-23 8.33971e-25 2.91823e-23 -886.582 33068.4 77.659 2.66229e-22 -3.12783e-29 -2.40489e-22 886.582 -33068.4 -77.659 -2.66229e-22 3.12783e-29 -1.85477e-22 -762.328
0.18 37494.9 108.34 -2.83762e-22 5.60428e-24 3.10168e-22 1255.07 -37494.9 -108.34 2.83762e-22 -5.60428e-24 1.43851e-22 -1081.73 32847.5 92.279 5.80402e-22 -8.51746e-29 -5.15015e-22 1081.73 -32847.5 -92.279 -5.80402e-22 8.51746e-29 -4.13628e-22 -934.084
0.185 37236.9 110.654 -1.54811e-22 1.14194e-23 1.74141e-22 1450.44 -37236.9 -110.654 1.54811e-22 -1.14194e-23 7.35561e-23 -1273.4 32612.5 107.148 1.38046e-21 -1.86759e-28 -1.21839e-21 1273.4 -32612.5 -107.148 -1.38046e-21 1.86759e-28 -9.90341e-22 -1101.96
0.19 36980.7 112.273 6.66524e-23 3.95199e-24 -6.92659e-23 1640.99 -36980.7 -112.273 -6.66524e-23 -3.95199e-24 -3.7378e-23 -1461.36 32380.8 121.293 1.3461e-22 -1.32105e-28 -8.84781e-23 1461.36 -32380.8 -121.293 -1.3461e-22 1.32105e-28 -1.26897e-22 -1267.29
0.195 36743.4 112.494 -7.97474e-23 -6.8744e-24 8.66489e-23 1822.08 -36743.4 -112.494 7.97474e-23 6.8744e-24 4.09469e-23 -1642.09 32167 134.423 -1.52509e-22 -6.31896e-29 1.93481e-22 1642.09 -32167 -134.423 1.52509e-22 6.31896e-29 5.05327e-23 -1427.01
0.2 36540.5 112.683 3.66642e-22 -1.5529e-23 -3.93347e-22 1988.83 -36540.5 -112.683 -3.66642e-22 1.5529e-23 -1.9328e-22 -1808.54 31983.7 146.442 4.28068e-22 -1.28361e-28 -4.20007e-22 1808.54 -31983.7 -146.442 -4.28068e-22 1.28361e-28 -2.64902e-22 -1574.23
0.205 36384.8 114.682 -1.59724e-22 -4.13436e-24 1.66394e-22 2135.78 -36384.8 -114.682 1.59724e-22 4.13436e-24 8.91646e-23 -1952.29 31842.2 157.038 -1.10288e-21 -2.71912e-29 9.7493e-22 1952.29 -31842.2 -157.038 1.10288e-21 2.71912e-29 7.89672e-22 -1701.03
0.21 36285.2 119.291 1.575e-23 3.07059e-25 -1.42043e-23 2259.23 -36285.2 -119.291 -1.575e-23 -3.07059e-25 -1.09958e-23 -2068.37 31751.6 166.096 -2.67271e-22 -6.39339e-29 2.48834e-22 2068.37 -31751.6 -166.096 2.67271e-22 6.39339e-29 1.788e-22 -1802.61
0.215 36246.3 125.859 7.73327e-23 -4.53587e-25 -8.03951e-23 2359.17 -36246.3 -125.859 -7.73327e-23 4.53587e-25 -4.33372e-23 -2157.8 31716.6 173.689 -3.83192e-22 -7.87178e-29 3.0823e-22 2157.8 -31716.6 -173.689 3.83192e-22 7.87178e-29 3.04877e-22 -1879.9
0.22 36268.1 132.868 -4.82291e-24 6.81131e-25 -1.11988e-24 2436.06 -36268.1 -132.868 4.82291e-24 -6.81131e-25 8.83654e-24 -2223.47 31737.2 179.56 2.30451e-22 -5.04137e-29 -1.51358e-22 2223.47 -31737.2 -179.56 -2.30451e-22 5.04137e-29 -2.17363e-22 -1936.18
0.225 36346.7 139.405 -2.46248e-22 -5.73595e-24 2.60105e-22 2489.39 -36346.7 -139.405 2.46248e-22 5.73595e-24 1.33891e-22 -2266.34 31809.1 183.45 -4.01833e-22 -3.96128e-29 3.36657e-22 2266.34 -31809.1 -183.45 4.01833e-22 3.96128e-29 3.06275e-22 -1972.82
0.23 36475.4 145.945 1.64934e-22 -1.82082e-24 -1.80379e-22 2520.53 -36475.4 -145.945 -1.64934e-22 1.82082e-24 -8.35146e-23 -2287.02 31925.4 185.665 -4.56169e-22 -8.00861e-30 3.97616e-22 2287.02 -31925.4 -185.665 4.56169e-22 8.00861e-30 3.32254e-22 -1989.96
0.235 36644.4 153.271 -8.48258e-23 7.0726e-24 9.18043e-23 2531.04 -36644.4 -153.271 8.48258e-23 -7.0726e-24 4.39169e-23 -2285.8 32077.8 186.415 4.73215e-22 -6.1817e-29 -3.97616e-22 2285.8 -32077.8 -186.415 -4.73215e-22 6.1817e-29 -3.59527e-22 -1987.54
0.24 36841.4 161.517 2.1168e-22 -5.33897e-24 -2.15245e-22 2521.44 -36841.4 -161.517 -2.1168e-22 5.33897e-24 -1.23443e-22 -2263.01 32255.8 185.699 -2.90719e-22 3.74599e-30 3.38695e-22 2263.01 -32255.8 -185.699 2.90719e-22 -3.74599e-30 1.26455e-22 -1965.9
0.245 37052.4 170.391 1.90877e-22 1.34825e-23 -1.81642e-22 2495.63 -37052.4 -170.391 -1.90877e-22 -1.34825e-23 -1.23761e-22 -2223 32447.1 183.957 9.45975e-22 -8.10888e-29 -7.9315e-22 2223 -32447.1 -183.957 -9.45975e-22 8.10888e-29 -7.2041e-22 -1928.67
0.25 37263.4 179.537 1.06945e-23 -1.55133e-23 -3.99019e-23 2459.28 -37263.4 -179.537 -1.06945e-23 1.55133e-23 2.27907e-23 -2172.02 32638.3 181.491 2.4814e-22 -7.96132e-29 -2.66088e-22 2172.02 -32638.3 -181.491 -2.4814e-22 7.96132e-29 -1.30937e-22 -1881.64
0.255 37461.9 188.833 -2.84515e-22 1.28425e-23 3.20529e-22 2416.56 -37461.9 -188.833 2.84515e-22 -1.28425e-23 1.34696e-22 -2114.43 32817.2 178.368 -1.77124e-22 -6.98506e-29 8.71534e-23 2114.43 -32817.2 -178.368 1.77124e-22 6.98506e-29 1.96244e-22 -1829.04
0.26 37636.5 198.537 1.24298e-22 7.11013e-24 -1.35422e-22 2370.79 -37636.5 -198.537 -1.24298e-22 -7.11013e-24 -6.34547e-23 -2053.14 32974.1 174.927 1.58209e-22 -7.19115e-29 -1.60393e-22 2053.14 -32974.1 -174.927 -1.58209e-22 7.19115e-29 -9.27412e-23 -1773.25
0.265 37777.5 208.944 1.18795e-22 4.39124e-24 -1.0663e-22 2325.67 -37777.5 -208.944 -1.18795e-22 -4.39124e-24 -8.34419e-23 -1991.36 33100.9 171.631 -1.06797e-21 2.76508e-30 9.63693e-22 1991.36 -33100.9 -171.631 1.06797e-21 -2.76508e-30 7.45053e-22 -1716.75
0.27 37877.4 219.96 1.53379e-23 -1.44728e-23 -2.90396e-23 2285.91 -37877.4 -219.96 -1.53379e-23 1.44728e-23 4.49893e-24 -1933.97 33191.1 168.851 -6.18964e-22 -3.51726e-29 5.17021e-22 1933.97 -33191.1 -168.851 6.18964e-22 3.51726e-29 4.7332e-22 -1663.81
0.275 37931.3 230.942 -5.16319e-22 -1.26179e-23 5.32544e-22 2257.06 -37931.3 -230.942 5.16319e-22 1.26179e-23 2.93567e-22 -1887.55 33240 166.932 6.68714e-23 -7.6232e-29 -7.92137e-23 1887.55 -33240 -166.932 -6.68714e-23 7.6232e-29 -2.77805e-23 -1620.46
0.28 37936.2 241.008 4.98796e-24 -3.19217e-24 7.72428e-24 2246.32 -37936.2 -241.008 -4.98796e-24 3.19217e-24 -1.5705e-23 -1860.7 33245 166.42 5.80269e-22 -8.0748e-29 -4.69481e-22 1860.7 -33245 -166.42 -5.80269e-22 8.0748e-29 -4.5895e-22 -1594.43
0.285 37889.4 249.298 3.43794e-22 -1.96421e-23 -3.53614e-22 2259.46 -37889.4 -249.298 -3.43794e-22 1.96421e-23 -1.96456e-22 -1860.59 33204.5 167.588 4.67652e-22 -6.53951e-29 -3.49107e-22 1860.59 -33204.5 -167.588 -4.67652e-22 6.53951e-29 -3.99136e-22 -1592.45
0.29 37791.2 255.344 2.06975e-22 1.00859e-23 -2.27968e-22 2295.74 -37791.2 -255.344 -2.06975e-22 -1.00859e-23 -1.03192e-22 -1887.19 33118.4 170.099 -3.41742e-22 -3.13653e-29 2.67716e-22 1887.19 -33118.4 -170.099 3.41742e-22 3.13653e-29 2.7907e-22 -1615.03
