0.005 5.90475e-05
0.01 0.000142184
0.015 0.000124463
0.02 -4.65535e-05
0.025 -0.000360272
0.03 -0.000681509
0.035 -0.000809242
0.04 -0.000603021
0.045 -4.69575e-05
0.05 0.000672235
0.055 0.00124182
0.06 0.00160374
0.065 0.00185646
0.07 0.0019321
0.075 0.00188606
0.08 0.00180066
0.085 0.00156974
0.09 0.00102438
0.095 8.22672e-05
0.1 -0.00103997
0.105 -0.00183838
0.11 -0.00205084
0.115 -0.0019988
0.12 -0.00197375
0.125 -0.00180107
0.13 -0.00113768
0.135 0.000188103
0.14 0.00205074
0.145 0.00419688
0.15 0.00660553
0.155 0.0095076
0.16 0.0133255
0.165 0.0184723
0.17 0.0244856
0.175 0.0302561
0.18 0.0354917
0.185 0.0406314
0.19 0.0458373
03 -0.0019147 -0.00198059 -0.0020467 -0.002113 -0.00217949 -0.00224614 -0.00231296 -0.0023799 -0.00244696 -0.00251412 -0.00258136 -0.00264865 -0.00271597 -0.0027833 -0.00285061 -0.00291787 -0.00298507 -0.00305217 -0.00311915 -0.00318597 -0.00325261 -0.00331907 -0.00338534 -0.00345143
0.015 -0.000900519 -0.000963058 -0.00102581 -0.00108878 -0.00115199 -0.00121545 -0.00127916 -0.00134312 -0.00140734 -0.00147183 -0.00153657 -0.00160158 -0.00166685 -0.00173237 -0.00179815 -0.00186416 -0.0019304 -0.00199687 -0.00206355 -0.00213042 -0.00219748 -0.0022647 -0.00233208 -0.00239959 -0.00246721 -0.00253493 -0.00260272 -0.00267056 -0.00273843 -0.0028063 -0.00287416 -0.00294196 -0.0030097 -0.00307734 -0.00314485 -0.0032122 -0.00327937 -0.00334635 -0.00341315 -0.00347976
0.02 -0.000905374 -0.000968288 -0.00103142 -0.00109478 -0.00115838 -0.00122223 -0.00128634 -0.00135071 -0.00141535 -0.00148025 -0.00154543 -0.00161086 -0.00167657 -0.00174253 -0.00180874 -0.00187521 -0.0019419 -0.00200882 -0.00207596 -0.0021433 -0.00221082 -0.00227851 -0.00234636 -0.00241434 -0.00248244 -0.00255063 -0.0026189 -0.00268722 -0.00275557 -0.00282392 -0.00289225 -0.00296054 -0.00302876 -0.00309687 -0.00316486 -0.0032327 -0.00330034 -0.0033678 -0.00343508 -0.00350217
0.025 -0.000909398 -0.000972614 -0.00103605 -0.00109971 -0.00116361 -0.00122775 -0.00129216 -0.00135682 -0.00142175 -0.00148695 -0.00155241 -0.00161814 -0.00168414 -0.00175039 -0.0018169 -0.00188365 -0.00195064 -0.00201785 -0.00208528 -0.00215291 -0.00222072 -0.00228871 -0.00235684 -0.00242512 -0.00249351 -0.002562 -0.00263056 -0.00269918 -0.00276782 -0.00283647 -0.0029051 -0.00297369 -0.00304221 -0.00311062 -0.00317891 -0.00324704 -0.00331499 -0.00338276 -0.00345033 -0.00351772
0.03 -0.000911203 -0.000974611 -0.00103824 -0.00110209 -0.00116618 -0.00123053 -0.00129513 -0.00135999 -0.00142511 -0.00149051 -0.00155617 -0.00162209 -0.00168828 -0.00175473 -0.00182142 -0.00188837 -0.00195554 -0.00202295 -0.00209056 -0.00215838 -0.00222638 -0.00229454 -0.00236286 -0.00243132 -0.00249989 -0.00256855 -0.00263729 -0.00270608 -0.0027749 -0.00284372 -0.00291253 -0.00298128 -0.00304997 -0.00311855 -0.00318701 -0.00325531 -0.00332343 -0.00339135 -0.0034591 -0.00352665
0.035 -0.000911019 -0.000974465 -0.00103813 -0.00110202 -0.00116616 -0.00123054 -0.00129518 -0.00136009 -0.00142526 -0.0014907 -0.0015564 -0.00162238 -0.00168861 -0.00175511 -0.00182186 -0.00188886 -0.00195609 -0.00202355 -0.00209122 -0.00215909 -0.00222715 -0.00229538 -0.00236376 -0.00243228 -0.00250091 -0.00256964 -0.00263844 -0.00270729 -0.00277617 -0.00284506 -0.00291393 -0.00298275 -0.0030515 -0.00312015 -0.00318867 -0.00325704 -0.00332521 -0.00339321 -0.00346101 -0.00352863
0.04 -0.000909179 -0.000972539 -0.00103611 -0.00109992 -0.00116397 -0.00122826 -0.00129281 -0.00135762 -0.0014227 -0.00148805 -0.00155366 -0.00161954 -0.00168569 -0.00175209 -0.00181875 -0.00188565 -0.00195279 -0.00202015 -0.00208773 -0.00215551 -0.00222347 -0.0022916 -0.00235989 -0.00242831 -0.00249685 -0.00256548 -0.00263419 -0.00270295 -0.00277173 -0.00284053 -0.0029093 -0.00297803 -0.00304668 -0.00311523 -0.00318366 -0.00325193 -0.00332001 -0.00338791 -0.00345562 -0.00352314
0.045 -0.000906042 -0.000969217 -0.00103261 -0.00109623 -0.00116008 -0.00122419 -0.00128854 -0.00135316 -0.00141804 -0.00148319 -0.00154861 -0.00161429 -0.00168023 -0.00174642 -0.00181287 -0.00187956 -0.00194648 -0.00201363 -0.00208099 -0.00214854 -0.00221628 -0.00228418 -0.00235223 -0.00242042 -0.00248871 -0.0025571 -0.00262556 -0.00269406 -0.00276259 -0.00283113 -0.00289963 -0.00296809 -0.00303646 -0.00310473 -0.00317287 -0.00324085 -0.00330864 -0.00337625 -0.00344367 -0.00351091
0.05 -0.000902334 -0.000965266 -0.00102841 -0.00109178 -0.00115539 -0.00121924 -0.00128335 -0.00134771 -0.00141233 -0.00147721 -0.00154236 -0.00160776 -0.00167342 -0.00173933 -0.00180549 -0.00187188 -0.0019385 -0.00200534 -0.00207238 -0.00213962 -0.00220702 -0.00227459 -0.0023423 -0.00241013 -0.00247807 -0.00254609 -0.00261417 -0.00268229 -0.00275042 -0.00281855 -0.00288664 -0.00295466 -0.00302261 -0.00309043 -0.00315811 -0.00322563 -0.00329295 -0.0033601 -0.00342706 -0.00349384
0.055 -0.000897965 -0.000960611 -0.00102347 -0.00108654 -0.00114985 -0.0012134 -0.0012772 -0.00134125 -0.00140555 -0.00147011 -0.00153492 -0.00159999 -0.00166531 -0.00173087 -0.00179668 -0.00186271 -0.00192896 -0.00199542 -0.00206208 -0.00212892 -0.00219593 -0.00226309 -0.00233039 -0.00239779 -0.0024653 -0.00253287 -0.0026005 -0.00266815 -0.00273582 -0.00280346 -0.00287105 -0.00293858 -0.003006 -0.0030733 -0.00314045 -0.00320742 -0.0032742 -0.0033408 -0.00340722 -0.00347345
0.06 -0.000892762 -0.00095507 -0.00101759 -0.00108032 -0.00114328 -0.00120648 -0.00126992 -0.00133361 -0.00139755 -0.00146174 -0.00152618 -0.00159087 -0.0016558 -0.00172098 -0.00178638 -0.00185201 -0.00191786 -0.0019839 -0.00205014 -0.00211655 -0.00218312 -0.00224983 -0.00231666 -0.00238361 -0.00245063 -0.00251772 -0.00258486 -0.00265201 -0.00271915 -0.00278627 -0.00285332 -0.0029203 -0.00298716 -0.00305389 -0.00312046 -0.00318684 -0.00325303 -0.00331905 -0.00338488 -0.00345053
0.065 -0.000887514 -0.000949457 -0.0010116 -0.00107397 -0.00113655 -0.00119937 -0.00126243 -0.00132573 -0.00138928 -0.00145307 -0.00151711 -0.00158139 -0.00164591 -0.00171066 -0.00177564 -0.00184084 -0.00190624 -0.00197184 -0.00203762 -0.00210356 -0.00216966 -0.00223589 -0.00230223 -0.00236867 -0.00243519 -0.00250176 -0.00256836 -0.00263496 -0.00270155 -0.0027681 -0.00283458 -0.00290097 -0.00296724 -0.00303336 -0.0030993 -0.00316506 -0.00323064 -0.00329604 -0.00336125 -0.00342629
0.07 -0.00088261 -0.000944203 -0.001006 -0.001068 -0.00113022 -0.00119268 -0.00125536 -0.00131829 -0.00138145 -0.00144485 -0.0015085 -0.00157238 -0.00163649 -0.00170083 -0.00176539 -0.00183016 -0.00189513 -0.00196028 -0.00202561 -0.00209109 -0.00215672 -0.00222247 -0.00228833 -0.00235428 -0.00242029 -0.00248634 -0.00255241 -0.00261848 -0.00268453 -0.00275052 -0.00281643 -0.00288224 -0.00294792 -0.00301344 -0.00307879 -0.00314394 -0.00320892 -0.00327371 -0.00333833 -0.00340276
0.075 -0.00087831 -0.000939589 -0.00100107 -0.00106275 -0.00112465 -0.00118678 -0.00124913 -0.00131172 -0.00137455 -0.00143761 -0.0015009 -0.00156443 -0.00162819 -0.00169216 -0.00175635 -0.00182074 -0.00188533 -0.00195009 -0.00201502 -0.0020801 -0.00214532 -0.00221065 -0.00227608 -0.00234158 -0.00240715 -0.00247274 -0.00253835 -0.00260395 -0.00266951 -0.00273501 -0.00280042 -0.00286572 -0.00293088 -0.00299587 -0.00306068 -0.0031253 -0.00318975 -0.00325401 -0.00331809 -0.003382
0.08 -0.000875069 -0.000936095 -0.000997315 -0.00105874 -0.00112038 -0.00118224 -0.00124433 -0.00130665 -0.0013692 -0.00143198 -0.00149499 -0.00155823 -0.0016217 -0.00168538 -0.00174926 -0.00181335 -0.00187762 -0.00194207 -0.00200667 -0.00207142 -0.0021363 -0.00220129 -0.00226637 -0.00233152 -0.00239672 -0.00246195 -0.00252718 -0.00259239 -0.00265756 -0.00272265 -0.00278766 -0.00285254 -0.00291727 -0.00298184 -0.00304622 -0.00311041 -0.00317442 -0.00323825 -0.0033019 -0.00336538
0.085 -0.000872985 -0.000933836 -0.000994879 -0.00105613 -0.00111758 -0.00117926 -0.00124116 -0.00130329 -0.00136565 -0.00142824 -0.00149105 -0.00155409 -0.00161735 -0.00168082 -0.0017445 -0.00180836 -0.00187242 -0.00193664 -0.00200101 -0.00206553 -0.00213017 -0.00219491 -0.00225974 -0.00232464 -0.00238958 -0.00245454 -0.0025195 -0.00258443 -0.00264931 -0.00271412 -0.00277883 -0.00284341 -0.00290784 -0.00297209 -0.00303616 -0.00310004 -0.00316374 -0.00322726 -0.0032906 -0.00335377
0.09 -0.000872078 -0.000932835 -0.000993784 -0.00105493 -0.0011163 -0.00117788 -0.00123968 -0.00130171 -0.00136397 -0.00142645 -0.00148916 -0.00155209 -0.00161525 -0.00167861 -0.00174217 -0.00180592 -0.00186986 -0.00193396 -0.00199821 -0.00206261 -0.00212712 -0.00219173 -0.00225643 -0.00232119 -0.00238599 -0.00245081 -0.00251562 -0.00258041 -0.00264514 -0.0027098 -0.00277434 -0.00283876 -0.00290303 -0.00296712 -0.00303103 -0.00309474 -0.00315827 -0.00322162 -0.0032848 -0.0033478
0.095 -0.000872514 -0.000933266 -0.00099421 -0.00105536 -0.00111671 -0.00117829 -0.00124008 -0.00130211 -0.00136436 -0.00142684 -0.00148955 -0.00155247 -0.00161562 -0.00167897 -0.00174253 -0.00180628 -0.00187021 -0.0019343 -0.00199855 -0.00206293 -0.00212744 -0.00219205 -0.00225674 -0.00232149 -0.00238628 -0.00245109 -0.00251589 -0.00258067 -0.00264539 -0.00271003 -0.00277456 -0.00283897 -0.00290322 -0.0029673 -0.00303119 -0.00309488 -0.0031584 -0.00322174 -0.00328491 -0.00334789
0.1 -0.000874434 -0.00093528 -0.000996318 -0.00105756 -0.00111901 -0.00118069 -0.00124258 -0.0013047 -0.00136705 -0.00142963 -0.00149244 -0.00155547 -0.00161872 -0.00168218 -0.00174584 -0.00180969 -0.00187372 -0.00193793 -0.00200228 -0.00206678 -0.00213139 -0.00219611 -0.00226091 -0.00232577 -0.00239067 -0.0024556 -0.00252052 -0.00258541 -0.00265025 -0.00271501 -0.00277966 -0.00284419 -0.00290857 -0.00297277 -0.00303679 -0.00310061 -0.00316426 -0.00322773 -0.00329102 -0.00335414
0.105 -0.000877795 -0.000938837 -0.00100007 -0.00106151 -0.00112316 -0.00118504 -0.00124713 -0.00130946 -0.00137201 -0.0014348 -0.00149781 -0.00156104 -0.0016245 -0.00168817 -0.00175204 -0.00181611 -0.00188035 -0.00194477 -0.00200934 -0.00207405 -0.00213888 -0.00220382 -0.00226884 -0.00233393 -0.00239906 -0.00246421 -0.00252936 -0.00259448 -0.00265955 -0.00272454 -0.00278944 -0.0028542 -0.00291882 -0.00298328 -0.00304755 -0.00311163 -0.00317553 -0.00323926 -0.00330281 -0.00336618
0.11 -0.00088229 -0.000943615 -0.00100513 -0.00106686 -0.0011288 -0.00119096 -0.00125335 -0.00131597 -0.00137881 -0.0014419 -0.00150521 -0.00156874 -0.0016325 -0.00169647 -0.00176065 -0.00182502 -0.00188957 -0.0019543 -0.00201919 -0.00208421 -0.00214936 -0.00221462 -0.00227996 -0.00234537 -0.00241082 -0.0024763 -0.00254178 -0.00260723 -0.00267264 -0.00273797 -0.00280321 -0.00286833 -0.0029333 -0.00299811 -0.00306274 -0.0031272 -0.00319147 -0.00325557 -0.00331949 -0.00338323
0.115 -0.000887608 -0.000949281 -0.00101115 -0.00107323 -0.00113552 -0.00119804 -0.00126079 -0.00132377 -0.00138698 -0.00145043 -0.00151411 -0.00157802 -0.00164215 -0.0017065 -0.00177105 -0.00183581 -0.00190075 -0.00196586 -0.00203114 -0.00209655 -0.0021621 -0.00222775 -0.0022935 -0.00235931 -0.00242517 -0.00249106 -0.00255695 -0.00262282 -0.00268865 -0.00275441 -0.00282008 -0.00288563 -0.00295105 -0.0030163 -0.00308139 -0.00314631 -0.00321104 -0.0032756 -0.00333997 -0.00340417
0.12 -0.000893535 -0.000955603 -0.00101787 -0.00108035 -0.00114305 -0.00120597 -0.00126913 -0.00133252 -0.00139614 -0.00146001 -0.00152411 -0.00158844 -0.00165299 -0.00171777 -0.00178276 -0.00184794 -0.00191332 -0.00197888 -0.00204459 -0.00211046 -0.00217645 -0.00224256 -0.00230876 -0.00237503 -0.00244135 -0.00250771 -0.00257407 -0.00264042 -0.00270672 -0.00277296 -0.00283912 -0.00290516 -0.00297108 -0.00303684 -0.00310244 -0.00316787 -0.00323312 -0.00329818 -0.00336307 -0.00342778
0.125 -0.000899751 -0.000962244 -0.00102494 -0.00108785 -0.00115097 -0.00121433 -0.00127793 -0.00134176 -0.00140583 -0.00147013 -0.00153468 -0.00159946 -0.00166447 -0.00172971 -0.00179515 -0.00186081 -0.00192665 -0.00199267 -0.00205886 -0.0021252 -0.00219167 -0.00225826 -0.00232494 -0.0023917 -0.00245852 -0.00252537 -0.00259223 -0.00265908 -0.00272589 -0.00279264 -0.00285931 -0.00292588 -0.00299231 -0.00305861 -0.00312474 -0.00319071 -0.0032565 -0.0033221 -0.00338753 -0.00345277
0.13 -0.000905876 -0.000968797 -0.00103192 -0.00109526 -0.00115883 -0.00122262 -0.00128666 -0.00135093 -0.00141545 -0.00148021 -0.00154521 -0.00161044 -0.00167591 -0.00174161 -0.00180752 -0.00187364 -0.00193995 -0.00200645 -0.00207311 -0.00213993 -0.00220689 -0.00227396 -0.00234113 -0.00240838 -0.00247569 -0.00254304 -0.0026104 -0.00267775 -0.00274507 -0.00281234 -0.00287953 -0.00294661 -0.00301358 -0.0030804 -0.00314707 -0.00321357 -0.00327989 -0.00334603 -0.00341199 -0.00347777
0.135 -0.000911577 -0.000974905 -0.00103844 -0.00110219 -0.00116617 -0.00123038 -0.00129484 -0.00135953 -0.00142448 -0.00148966 -0.00155509 -0.00162076 -0.00168667 -0.0017528 -0.00181916 -0.00188572 -0.00195248 -0.00201943 -0.00208655 -0.00215382 -0.00222124 -0.00228877 -0.00235641 -0.00242413 -0.00249191 -0.00255973 -0.00262756 -0.0026954 -0.0027632 -0.00283095 -0.00289863 -0.00296621 -0.00303367 -0.00310099 -0.00316816 -0.00323517 -0.003302 -0.00336864 -0.0034351 -0.00350138
0.14 -0.000916532 -0.000980228 -0.00104413 -0.00110826 -0.00117261 -0.0012372 -0.00130203 -0.00136711 -0.00143243 -0.001498 -0.00156382 -0.00162988 -0.00169618 -0.0017627 -0.00182945 -0.00189642 -0.00196358 -0.00203093 -0.00209846 -0.00216614 -0.00223397 -0.00230191 -0.00236997 -0.00243811 -0.00250631 -0.00257455 -0.00264281 -0.00271107 -0.00277931 -0.00284749 -0.0029156 -0.00298362 -0.00305153 -0.00311929 -0.00318691 -0.00325437 -0.00332164 -0.00338873 -0.00345564 -0.00352236
0.145 -0.000920508 -0.000984511 -0.00104872 -0.00111316 -0.00117783 -0.00124273 -0.00130788 -0.00137328 -0.00143892 -0.00150482 -0.00157096 -0.00163734 -0.00170397 -0.00177083 -0.00183791 -0.00190521 -0.00197271 -0.0020404 -0.00210826 -0.00217629 -0.00224446 -0.00231275 -0.00238115 -0.00244964 -0.0025182 -0.00258679 -0.00265541 -0.00272403 -0.00279262 -0.00286117 -0.00292964 -0.00299803 -0.0030663 -0.00313443 -0.00320242 -0.00327025 -0.00333789 -0.00340536 -0.00347264 -0.00353973
0.15 -0.000923375 -0.00098761 -0.00105206 -0.00111673 -0.00118163 -0.00124677 -0.00131216 -0.0013778 -0.00144369 -0.00150983 -0.00157622 -0.00164285 -0.00170973 -0.00177684 -0.00184417 -0.00191172 -0.00197948 -0.00204742 -0.00211555 -0.00218383 -0.00225226 -0.00232082 -0.00238949 -0.00245824 -0.00252706 -0.00259593 -0.00266482 -0.00273371 -0.00280258 -0.0028714 -0.00294015 -0.00300881 -0.00307735 -0.00314577 -0.00321404 -0.00328215 -0.00335008 -0.00341782 -0.00348538 -0.00355276
0.155 -0.000925034 -0.000989419 -0.00105402 -0.00111884 -0.00118389 -0.00124919 -0.00131473 -0.00138052 -0.00144657 -0.00151287 -0.00157941 -0.00164621 -0.00171324 -0.00178052 -0.00184801 -0.00191573 -0.00198365 -0.00205176 -0.00212005 -0.00218851 -0.00225711 -0.00232584 -0.00239467 -0.0024636 -0.0025326 -0.00260164 -0.0026707 -0.00273977 -0.00280881 -0.00287781 -0.00294674 -0.00301558 -0.00308431 -0.00315291 -0.00322136 -0.00328965 -0.00335776 -0.00342569 -0.00349344 -0.003561
0.16 -0.00092546 -0.000989907 -0.00105457 -0.00111945 -0.00118457 -0.00124993 -0.00131554 -0.0013814 -0.00144751 -0.00151387 -0.00158049 -0.00164735 -0.00171446 -0.0017818 -0.00184937 -0.00191715 -0.00198514 -0.00205333 -0.00212169 -0.00219022 -0.00225889 -0.00232769 -0.00239661 -0.00246561 -0.00253468 -0.0026038 -0.00267294 -0.00274209 -0.00281121 -0.00288029 -0.0029493 -0.00301822 -0.00308703 -0.0031557 -0.00322424 -0.00329261 -0.00336081 -0.00342881 -0.00349664 -0.00356428
0.165 -0.000924774 -0.000989202 -0.00105384 -0.00111871 -0.00118381 -0.00124915 -0.00131474 -0.00138058 -0.00144667 -0.00151302 -0.00157961 -0.00164646 -0.00171354 -0.00178086 -0.00184841 -0.00191618 -0.00198415 -0.00205232 -0.00212066 -0.00218917 -0.00225782 -0.00232661 -0.0023955 -0.00246448 -0.00253353 -0.00260263 -0.00267175 -0.00274088 -0.00280998 -0.00287904 -0.00294803 -0.00301693 -0.00308572 -0.00315438 -0.00322289 -0.00329125 -0.00335942 -0.00342741 -0.00349522 -0.00356284
0.17 -0.000923268 -0.000987613 -0.00105217 -0.00111695 -0.00118197 -0.00124722 -0.00131272 -0.00137847 -0.00144448 -0.00151073 -0.00157724 -0.00164399 -0.00171098 -0.00177821 -0.00184567 -0.00191334 -0.00198122 -0.00204928 -0.00211753 -0.00218594 -0.00225449 -0.00232317 -0.00239196 -0.00246084 -0.00252979 -0.00259878 -0.00266779 -0.00273681 -0.0028058 -0.00287474 -0.00294362 -0.0030124 -0.00308107 -0.00314961 -0.003218 -0.00328623 -0.00335428 -0.00342215 -0.00348983 -0.00355734
0.175 -0.000921243 -0.00098546 -0.00104989 -0.00111454 -0.00117942 -0.00124454 -0.00130991 -0.00137553 -0.00144139 -0.00150751 -0.00157387 -0.00164048 -0.00170733 -0.00177441 -0.00184172 -0.00190924 -0.00197696 -0.00204487 -0.00211296 -0.00218121 -0.00224959 -0.00231811 -0.00238673 -0.00245543 -0.0025242 -0.00259301 -0.00266185 -0.00273067 -0.00279948 -0.00286823 -0.00293691 -0.00300549 -0.00307396 -0.00314229 -0.00321047 -0.00327848 -0.00334631 -0.00341397 -0.00348144 -0.00354873
0.18 -0.000918852 -0.000982912 -0.00104718 -0.00111167 -0.00117639 -0.00124135 -0.00130655 -0.001372 -0.0014377 -0.00150364 -0.00156983 -0.00163626 -0.00170293 -0.00176983 -0.00183695 -0.00190428 -0.00197181 -0.00203952 -0.00210741 -0.00217545 -0.00224363 -0.00231193 -0.00238034 -0.00244882 -0.00251737 -0.00258595 -0.00265455 -0.00272314 -0.0027917 -0.0028602 -0.00292863 -0.00299696 -0.00306516 -0.00313322 -0.00320113 -0.00326886 -0.00333642 -0.0034038 -0.00347099 -0.00353801
0.185 -0.000916244 -0.000980128 -0.00104422 -0.00110853 -0.00117307 -0.00123785 -0.00130287 -0.00136813 -0.00143363 -0.00149938 -0.00156538 -0.00163161 -0.00169808 -0.00176477 -0.00183168 -0.0018988 -0.00196611 -0.00203361 -0.00210127 -0.00216909 -0.00223704 -0.00230511 -0.00237327 -0.00244151 -0.00250981 -0.00257814 -0.00264648 -0.0027148 -0.00278309 -0.00285132 -0.00291947 -0.00298751 -0.00305542 -0.00312318 -0.00319079 -0.00325822 -0.00332547 -0.00339254 -0.00345943 -0.00352614
0.19 -0.000913683 -0.000977388 -0.0010413 -0.00110543 -0.00116978 -0.00123437 -0.0012992 -0.00136427 -0.00142958 -0.00149514 -0.00156093 -0.00162696 -0.00169322 -0.00175971 -0.00182641 -0.00189331 -0.00196041 -0.00202768 -0.00209512 -0.00216271 -0.00223042 -0.00229825 -0.00236617 -0.00243416 -0.00250221 -0.00257028 -0.00263835 -0.00270641 -0.00277443 -0.00284238 -0.00291024 -0.00297798 -0.0030456 -0.00311306 -0.00318036 -0.00324748 -0.00331442 -0.00338118 -0.00344777 -0.00351417
