0.005 -2.74623e-07 -0.00347787 2.20073e-10
0.01 -1.27456e-06 -0.00351033 2.31912e-09
0.015 -2.97289e-06 -0.0035391 1.15623e-08
0.02 -4.9589e-06 -0.00356186 3.66931e-08
0.025 -6.79558e-06 -0.00357757 8.44673e-08
0.03 -8.03466e-06 -0.00358649 1.52964e-07
0.035 -8.31632e-06 -0.00358835 2.3114e-07
0.04 -7.46399e-06 -0.00358263 3.04071e-07
0.045 -5.51297e-06 -0.00357004 3.59932e-07
0.05 -2.7264e-06 -0.00355248 4.00539e-07
0.055 4.32596e-07 -0.00353155 4.36195e-07
0.06 3.42472e-06 -0.00350806 4.6554e-07
0.065 5.69662e-06 -0.00348323 4.80727e-07
0.07 6.62778e-06 -0.00345918 4.79635e-07
0.075 5.56484e-06 -0.00343798 4.60533e-07
0.08 1.94739e-06 -0.00342104 4.24043e-07
0.085 -4.61791e-06 -0.00340922 3.84124e-07
0.09 -1.43327e-05 -0.0034031 3.71719e-07
0.095 -2.72202e-05 -0.00340301 4.25396e-07
0.1 -4.31495e-05 -0.00340901 5.7022e-07
0.105 -6.18623e-05 -0.00342072 8.07681e-07
0.11 -8.30334e-05 -0.00343732 1.14476e-06
0.115 -0.000106298 -0.00345759 1.62345e-06
0.12 -0.000131209 -0.00348017 2.29728e-06
0.125 -0.000157176 -0.00350366 3.19307e-06
0.13 -0.000183508 -0.0035267 4.31097e-06
0.135 -0.000209576 -0.00354786 5.64888e-06
0.14 -0.000234881 -0.00356586 7.21967e-06
0.145 -0.000259003 -0.00357964 9.04301e-06
0.15 -0.000281532 -0.00358846 1.11226e-05
0.155 -0.000302069 -0.00359192 1.34329e-05
0.16 -0.000320347 -0.00359 1.59128e-05
0.165 -0.000336382 -0.00358307 1.84909e-05
0.17 -0.000350449 -0.00357185 2.11445e-05
0.175 -0.000362964 -0.00355726 2.38919e-05
0.18 -0.000374468 -0.00354033 2.67146e-05
0.185 -0.000385567 -0.00352222 2.95368e-05
0.19 -0.000396847 -0.00350419 3.22774e-05
0.195 -0.000408906 -0.0034875 3.48822e-05
0.2 -0.000422318 -0.00347332 3.73186e-05
0.205 -0.000437526 -0.00346257 3.95662e-05
0.21 -0.000454778 -0.00345588 4.1609e-05
0.215 -0.000474111 -0.00345362 4.34244e-05
0.22 -0.000495428 -0.00345588 4.499e-05
0.225 -0.00051862 -0.00346248 4.63025e-05
0.23 -0.000543606 -0.00347294 4.73775e-05
0.235 -0.00057032 -0.00348652 4.82404e-05
0.24 -0.000598717 -0.00350227 4.89241e-05
0.245 -0.000628722 -0.00351917 4.94599e-05
0.25 -0.000660117 -0.00353619 4.9875e-05
0.255 -0.000692541 -0.00355226 5.0206e-05
0.26 -0.000725512 -0.00356639 5.05049e-05
0.265 -0.000758413 -0.00357774 5.08272e-05
0.27 -0.000790488 -0.00358564 5.12205e-05
0.275 -0.00082088 -0.00358968 5.17218e-05
0.28 -0.000848745 -0.00358972 5.23544e-05
0.285 -0.000873536 -0.00358589 5.31301e-05
0.29 -0.000895311 -0.00357865 5.40679e-05
0.295 -0.000914647 -0.00356867 5.51971e-05
0.3 -0.000932283 -0.00355668 5.65343e-05
0.305 -0.000948813 -0.00354345 5.80712e-05
0.31 -0.00096462 -0.00352989 5.97843e-05
0.315 -0.000980042 -0.00351699 6.1649e-05
0.32 -0.000995386 -0.00350565 6.36442e-05
0.325 -0.00101086 -0.00349662 6.57523e-05
0.33 -0.00102669 -0.00349046 6.79542e-05
0.335 -0.00104321 -0.0034875 7.02243e-05
0.34 -0.00106077 -0.00348791 7.25316e-05
0.345 -0.00107974 -0.00349165 7.48452e-05
0.35 -0.00110046 -0.00349845 7.71386e-05
0.355 -0.00112324 -0.0035078 7.93958e-05
0.36 -0.00114819 -0.00351905 8.16133e-05
0.365 -0.0011752 -0.00353146 8.3789e-05
0.37 -0.00120393 -0.00354426 8.59109e-05
0.375 -0.001234 -0.00355666 8.79601e-05
0.38 -0.00126497 -0.00356789 8.99263e-05
0.385 -0.00129646 -0.00357727 9.18158e-05
0.39 -0.00132805 -0.00358424 9.36429e-05
0.395 -0.00135914 -0.00358845 9.54191e-05
0.4 -0.00138904 -0.00358972 9.71448e-05
0.405 -0.00141704 -0.00358806 9.88099e-05
0.41 -0.00144244 -0.0035837 0.000100411
0.415 -0.00146467 -0.00357701 0.000101962
0.42 -0.00148325 -0.00356854 0.000103477
0.425 -0.00149785 -0.00355892 0.000104945
0.43 -0.00150836 -0.00354882 0.000106336
0.435 -0.00151485 -0.00353892 0.000107628
0.44 -0.00151758 -0.00352988 0.000108804
0.445 -0.00151702 -0.00352234 0.000109841
0.45 -0.00151372 -0.00351678 0.000110716
0.455 -0.00150829 -0.00351353 0.000111407
0.46 -0.00150144 -0.00351276 0.000111892
0.465 -0.00149398 -0.00351448 0.00011215
0.47 -0.00148671 -0.00351856 0.000112174
0.475 -0.00148035 -0.0035247 0.000111961
0.48 -0.0014755 -0.00353244 0.000111505
0.485 -0.00147266 -0.00354125 0.000110815
0.49 -0.00147214 -0.00355052 0.000109914
0.495 -0.00147407 -0.00355969 0.000108823
0.5 -0.00147847 -0.00356816 0.000107571
0.505 -0.00148518 -0.00357538 0.000106197
0.51 -0.00149407 -0.00358093 0.000104749
0.515 -0.00150504 -0.00358446 0.000103272
0.52 -0.00151771 -0.00358581 0.000101823
0.525 -0.00153141 -0.00358496 0.000100467
0.53 -0.00154543 -0.00358207 9.92661e-05
0.535 -0.00155912 -0.00357739 9.82598e-05
0.54 -0.00157175 -0.00357128 9.74754e-05
0.545 -0.00158245 -0.0035642 9.6945e-05
0.55 -0.00159035 -0.00355666 9.66998e-05
0.555 -0.00159459 -0.00354919 9.67527e-05
0.56 -0.00159437 -0.0035423 9.70973e-05
0.565 -0.00158922 -0.00353647 9.77171e-05
0.57 -0.00157896 -0.00353207 9.85848e-05
0.575 -0.00156361 -0.00352937 9.96595e-05
0.58 -0.00154338 -0.00352854 0.000100889
0.585 -0.00151862 -0.00352961 0.000102213
0.59 -0.00148979 -0.0035325 0.00010356
0.595 -0.00145733 -0.00353698 0.000104848
0.6 -0.00142168 -0.00354273 0.000105991
0.605 -0.00138332 -0.00354935 0.000106912
0.61 -0.00134282 -0.00355641 0.000107535
0.615 -0.00130073 -0.00356345 0.00010778
0.62 -0.00125766 -0.00357003 0.00010757
0.625 -0.00121428 -0.00357571 0.000106843
0.63 -0.00117113 -0.00358015 0.000105549
0.635 -0.0011285 -0.00358309 0.000103657
0.64 -0.00108647 -0.00358441 0.000101161
0.645 -0.00104526 -0.0035841 9.80691e-05
0.65 -0.00100523 -0.00358227 9.43986e-05
0.655 -0.000966773 -0.00357907 9.01755e-05
0.66 -0.000930092 -0.00357474 8.54466e-05
0.665 -0.00089526 -0.00356964 8.0277e-05
0.67 -0.000862343 -0.00356415 7.47415e-05
0.675 -0.00083146 -0.0035587 6.89254e-05
0.68 -0.00080269 -0.00355367 6.29268e-05
0.685 -0.000775843 -0.00354942 5.68512e-05
0.69 -0.000750286 -0.00354624 5.08033e-05
0.695 -0.000725066 -0.00354435 4.48831e-05
0.7 -0.000699093 -0.0035439 3.91843e-05
0.705 -0.000671199 -0.00354491 3.37938e-05
0.71 -0.000640276 -0.00354733 2.87893e-05
0.715 -0.000605425 -0.00355098 2.42371e-05
0.72 -0.000566067 -0.00355566 2.01874e-05
0.725 -0.000521968 -0.00356105 1.66678e-05
0.73 -0.000473192 -0.00356683 1.36829e-05
0.735 -0.000420047 -0.00357264 1.1218e-05
0.74 -0.000362933 -0.00357812 9.24463e-06
0.745 -0.000302282 -0.00358295 7.72218e-06
0.75 -0.000238614 -0.00358684 6.59203e-06
0.755 -0.000172427 -0.00358958 5.77627e-06
0.76 -0.000104191 -0.00359103 5.1874e-06
0.765 -3.4531e-05 -0.00359112 4.73042e-06
0.77 3.56883e-05 -0.0035899 4.27277e-06
0.775 0.000105219 -0.00358749 3.63886e-06
0.78 0.000172396 -0.00358411 2.7123e-06
0.785 0.000235478 -0.00357999 1.50232e-06
0.79 0.000293039 -0.00357544 4.73628e-08
0.795 0.000344019 -0.00357076 -1.69189e-06
0.8 0.000387592 -0.00356626 -3.83164e-06
0.805 0.000423055 -0.00356225 -6.47613e-06
0.81 0.000449823 -0.003559 -9.62312e-06
0.815 0.000467586 -0.00355675 -1.31651e-05
0.82 0.000476507 -0.00355564 -1.69718e-05
0.825 0.00047732 -0.00355571 -2.09557e-05
0.83 0.000471222 -0.00355696 -2.50722e-05
0.835 0.00045964 -0.00355932 -2.92749e-05
0.84 0.000444081 -0.00356264 -3.34575e-05
0.845 0.000426226 -0.00356673 -3.74299e-05
0.85 0.00040813 -0.00357131 -4.09783e-05
0.855 0.000392251 -0.0035761 -4.39884e-05
0.86 0.000381086 -0.0035808 -4.64831e-05
0.865 0.000376598 -0.00358516 -4.85016e-05
0.87 0.000379945 -0.00358891 -4.99846e-05
0.875 0.000391603 -0.00359184 -5.08253e-05
0.88 0.000411481 -0.00359377 -5.09871e-05
0.885 0.000438994 -0.0035946 -5.05254e-05
0.89 0.000473196 -0.00359431 -4.95309e-05
0.895 0.000512895 -0.003593 -4.80964e-05
0.9 0.000556727 -0.00359083 -4.63228e-05
0.905 0.000603131 -0.00358794 -4.4333e-05
0.91 0.000650321 -0.00358452 -4.22678e-05
0.915 0.000696332 -0.00358082 -4.0258e-05
0.92 0.000739161 -0.00357712 -3.83986e-05
0.925 0.000776988 -0.0035737 -3.67573e-05
0.93 0.000808348 -0.00357078 -3.54092e-05
0.935 0.000832153 -0.00356856 -3.4456e-05
0.94 0.00084761 -0.00356716 -3.39957e-05
0.945 0.000854126 -0.00356667 -3.40705e-05
0.95 0.000851376 -0.00356711 -3.46523e-05
0.955 0.000839462 -0.00356845 -3.5683e-05
0.96 0.000818969 -0.00357061 -3.71111e-05
0.965 0.000790879 -0.00357345 -3.88832e-05
0.97 0.00075645 -0.00357674 -4.09246e-05
0.975 0.000717127 -0.00358026 -4.31353e-05
0.98 0.000674504 -0.00358381 -4.53885e-05
0.985 0.000630283 -0.00358718 -4.75483e-05
0.99 0.000586182 -0.00359016 -4.94983e-05
0.995 0.000543801 -0.00359257 -5.11494e-05
1 0.000504529 -0.00359426 -5.24185e-05
1.005 0.000469539 -0.00359515 -5.32066e-05
1.01 0.000439804 -0.00359521 -5.34047e-05
1.015 0.000416131 -0.00359445 -5.29385e-05
1.02 0.000399157 -0.00359298 -5.18151e-05
1.025 0.000389206 -0.00359094 -5.01012e-05
1.03 0.00038617 -0.0035885 -4.78607e-05
1.035 0.000389515 -0.0035858 -4.51325e-05
1.04 0.000398334 -0.00358304 -4.19645e-05
1.045 0.000411454 -0.00358043 -3.84416e-05
1.05 0.000427556 -0.00357816 -3.46785e-05
1.055 0.000445239 -0.00357639 -3.07984e-05
1.06 0.000463038 -0.00357525 -2.69247e-05
1.065 0.000479481 -0.00357479 -2.31799e-05
1.07 0.000493186 -0.00357504 -1.9681e-05
1.075 0.000502929 -0.00357601 -1.65293e-05
1.08 0.000507711 -0.0035776 -1.38045e-05
1.085 0.0005068 -0.00357972 -1.15671e-05
1.09 0.000499724 -0.00358221 -9.8637e-06
1.095 0.000486236 -0.0035849 -8.72561e-06
1.1 0.000466308 -0.00358763 -8.15979e-06
1.105 0.000440173 -0.00359021 -8.14102e-06
1.11 0.000408312 -0.00359249 -8.61377e-06
1.115 0.000371402 -0.00359432 -9.50372e-06
1.12 0.00033028 -0.00359558 -1.07267e-05
1.125 0.000285903 -0.00359623 -1.2188e-05
1.13 0.000239334 -0.00359625 -1.37829e-05
1.135 0.000191765 -0.00359566 -1.54017e-05
1.14 0.000144466 -0.0035945 -1.69337e-05
1.145 9.87439e-05 -0.00359287 -1.82508e-05
1.15 5.60122e-05 -0.00359089 -1.91828e-05
1.155 1.7817e-05 -0.00358872 -1.95936e-05
1.16 -1.45301e-05 -0.00358651 -1.95094e-05
1.165 -4.04216e-05 -0.00358443 -1.90242e-05
1.17 -5.99771e-05 -0.00358262 -1.81124e-05
1.175 -7.36694e-05 -0.00358118 -1.66606e-05
1.18 -8.19467e-05 -0.00358022 -1.46153e-05
1.185 -8.51354e-05 -0.00357981 -1.20358e-05
1.19 -8.34597e-05 -0.00357998 -9.02907e-06
1.195 -7.71246e-05 -0.0035807 -5.6852e-06
1.2 -6.65362e-05 -0.00358194 -2.09645e-06
1.205 -5.24193e-05 -0.00358361 1.61413e-06
1.21 -3.57113e-05 -0.00358562 5.31418e-06
1.215 -1.75664e-05 -0.00358783 8.86058e-06
1.22 3.65455e-07 -0.0035901 1.20913e-05
1.225 1.59734e-05 -0.0035923 1.49025e-05
1.23 2.72379e-05 -0.00359429 1.73058e-05
1.235 3.27211e-05 -0.00359596 1.93545e-05
1.24 3.17668e-05 -0.00359722 2.10135e-05
1.245 2.43713e-05 -0.003598 2.21294e-05
1.25 1.0773e-05 -0.00359826 2.25644e-05
1.255 -8.8139e-06 -0.00359799 2.23247e-05
1.26 -3.42158e-05 -0.00359724 2.15291e-05
1.265 -6.51626e-05 -0.00359609 2.03166e-05
1.27 -0.000100991 -0.00359465 1.88145e-05
1.275 -0.000140428 -0.003593 1.71387e-05
1.28 -0.000181684 -0.00359127 1.53774e-05
1.285 -0.000222666 -0.00358956 1.36134e-05
1.29 -0.000261187 -0.00358801 1.19495e-05
1.295 -0.000295251 -0.00358674 1.04529e-05
1.3 -0.000323369 -0.00358582 9.13543e-06
1.305 -0.000344709 -0.00358531 8.03332e-06
1.31 -0.000358946 -0.00358524 7.25809e-06
1.315 -0.000365937 -0.00358561 6.93387e-06
1.32 -0.000365517 -0.00358638 7.10074e-06
1.325 -0.000357524 -0.00358749 7.70291e-06
1.33 -0.000341942 -0.00358888 8.65192e-06
1.335 -0.00031903 -0.00359046 9.88002e-06
1.34 -0.00028939 -0.00359212 1.13437e-05
1.345 -0.00025398 -0.00359374 1.29979e-05
1.35 -0.000214106 -0.00359522 1.47659e-05
1.355 -0.000171455 -0.00359649 1.65081e-05
1.36 -0.000128291 -0.00359747 1.80173e-05
1.365 -8.75154e-05 -0.00359809 1.91273e-05
1.37 -5.22587e-05 -0.00359832 1.986e-05
1.375 -2.50537e-05 -0.00359816 2.03525e-05
1.38 -7.26058e-06 -0.00359764 2.0607e-05
1.385 7.06399e-07 -0.00359681 2.04398e-05
1.39 -1.06928e-06 -0.00359574 1.96973e-05
1.395 -1.21968e-05 -0.00359451 1.84142e-05
1.4 -3.20765e-05 -0.00359322 1.67359e-05
1.405 -5.98736e-05 -0.00359196 1.47854e-05
1.41 -9.43382e-05 -0.00359081 1.26623e-05
1.415 -0.000133681 -0.00358985 1.0494e-05
1.42 -0.000175637 -0.00358916 8.41676e-06
1.425 -0.000217679 -0.00358878 6.52698e-06
1.43 -0.000257217 -0.00358874 4.88365e-06
1.435 -0.000291794 -0.00358903 3.53682e-06
1.44 -0.000319408 -0.00358965 2.54404e-06
1.445 -0.00033873 -0.00359053 1.98612e-06
1.45 -0.000349007 -0.00359162 1.94644e-06
1.455 -0.00034988 -0.00359285 2.45386e-06
1.46 -0.000341373 -0.00359412 3.46737e-06
1.465 -0.000323962 -0.00359537 4.91061e-06
1.47 -0.000298553 -0.00359653 6.70876e-06
1.475 -0.000266353 -0.00359752 8.80179e-06
1.48 -0.000228739 -0.0035983 1.11167e-05
1.485 -0.000187161 -0.0035988 1.35354e-05
1.49 -0.000143124 -0.00359903 1.59031e-05
1.495 -9.83748e-05 -0.00359898 1.80315e-05
1.5 -5.51649e-05 -0.00359867 1.97157e-05
1.505 -1.60576e-05 -0.00359811 2.08735e-05
1.51 1.68775e-05 -0.00359737 2.16189e-05
1.515 4.27515e-05 -0.00359649 2.2046e-05
1.52 6.17789e-05 -0.00359556 2.20227e-05
1.525 7.47494e-05 -0.00359465 2.13164e-05
1.53 8.25982e-05 -0.00359382 1.98518e-05
1.535 8.62714e-05 -0.00359314 1.77466e-05
1.54 8.68687e-05 -0.00359264 1.51422e-05
1.545 8.56499e-05 -0.00359238 1.21027e-05
1.55 8.38423e-05 -0.00359237 8.67316e-06
1.555 8.26333e-05 -0.00359263 4.94262e-06
1.56 8.30785e-05 -0.00359316 1.01877e-06
1.565 8.5924e-05 -0.00359392 -3.01682e-06
1.57 9.16625e-05 -0.00359488 -7.10777e-06
1.575 0.000100711 -0.00359599 -1.11802e-05
1.58 0.00011363 -0.00359718 -1.5102e-05
1.585 0.000131305 -0.00359841 -1.87317e-05
1.59 0.000154906 -0.0035996 -2.20285e-05
1.595 0.000185575 -0.00360069 -2.50525e-05
1.6 0.000224031 -0.00360162 -2.78433e-05
1.605 0.000270369 -0.00360236 -3.03658e-05
1.61 0.000324098 -0.00360287 -3.25806e-05
1.615 0.00038427 -0.00360313 -3.45127e-05
1.62 0.000449501 -0.00360314 -3.62386e-05
1.625 0.00051801 -0.00360291 -3.78263e-05
1.63 0.000587747 -0.00360248 -3.93185e-05
1.635 0.000656218 -0.00360188 -4.07831e-05
1.64 0.000720608 -0.00360116 -4.23291e-05
1.645 0.000778254 -0.00360039 -4.40433e-05
1.65 0.000826864 -0.00359961 -4.59426e-05
1.655 0.000864703 -0.00359891 -4.80021e-05
1.66 0.000890672 -0.00359832 -5.02072e-05
1.665 0.000904228 -0.00359789 -5.25719e-05
1.67 0.000905221 -0.00359767 -5.51056e-05
1.675 0.000893804 -0.00359767 -5.77483e-05
1.68 0.000870571 -0.0035979 -6.03561e-05
1.685 0.000836661 -0.00359837 -6.2772e-05
1.69 0.00079364 -0.00359903 -6.49031e-05
1.695 0.000743142 -0.00359986 -6.67074e-05
1.7 0.000686519 -0.00360081 -6.81124e-05
1.705 0.00062474 -0.00360183 -6.89704e-05
1.71 0.000558583 -0.00360285 -6.91045e-05
1.715 0.000489052 -0.0036038 -6.83829e-05
1.72 0.000417624 -0.00360462 -6.67255e-05
1.725 0.000346498 -0.0036053 -6.4061e-05
1.73 0.00027877 -0.00360583 -6.03397e-05
1.735 0.000217976 -0.00360618 -5.5594e-05
1.74 0.000167099 -0.00360633 -4.99362e-05
1.745 0.000127992 -0.0036063 -4.3478e-05
1.75 0.000101714 -0.00360613 -3.62855e-05
1.755 8.85347e-05 -0.00360586 -2.84165e-05
1.76 8.77664e-05 -0.00360556 -1.99917e-05
1.765 9.82482e-05 -0.00360527 -1.12614e-05
1.77 0.000118217 -0.00360503 -2.6333e-06
1.775 0.000144765 -0.00360489 5.489e-06
1.78 0.000174448 -0.00360489 1.29827e-05
1.785 0.000204463 -0.00360505 1.99439e-05
1.79 0.00023295 -0.00360541 2.62821e-05
1.795 0.000258589 -0.00360595 3.1598e-05
1.8 0.00028024 -0.00360667 3.55176e-05
1.805 0.000296814 -0.0036075 3.79408e-05
1.81 0.000307239 -0.00360838 3.89e-05
1.815 0.000310397 -0.00360929 3.83818e-05
1.82 0.000305386 -0.00361016 3.64248e-05
1.825 0.000292167 -0.003611 3.32134e-05
1.83 0.000271769 -0.00361177 2.89068e-05
1.835 0.000246046 -0.00361243 2.35298e-05
1.84 0.000217546 -0.00361292 1.71437e-05
1.845 0.000189167 -0.00361326 9.97408e-06
1.85 0.000163801 -0.00361346 2.31443e-06
1.855 0.000144328 -0.00361354 -5.58726e-06
1.86 0.000133638 -0.00361354 -1.35175e-05
1.865 0.000134435 -0.00361347 -2.12661e-05
1.87 0.000148864 -0.00361338 -2.867e-05
1.875 0.000178162 -0.0036133 -3.56268e-05
1.88 0.000222568 -0.00361327 -4.20311e-05
1.885 0.000281382 -0.00361332 -4.77822e-05
1.89 0.000353033 -0.00361347 -5.28473e-05
1.895 0.000435329 -0.00361372 -5.72362e-05
1.9 0.000525736 -0.00361407 -6.09483e-05
1.905 0.000621692 -0.00361453 -6.40183e-05
1.91 0.000720713 -0.00361508 -6.65782e-05
1.915 0.000820305 -0.00361568 -6.8771e-05
1.92 0.000918179 -0.00361632 -7.06461e-05
1.925 0.00101244 -0.00361696 -7.22424e-05
1.93 0.00110143 -0.00361758 -7.37007e-05
1.935 0.00118365 -0.00361814 -7.52042e-05
1.94 0.00125757 -0.00361862 -7.68667e-05
1.945 0.00132169 -0.003619 -7.87278e-05
1.95 0.0013746 -0.00361929 -8.08031e-05
1.955 0.00141528 -0.00361947 -8.30875e-05
1.96 0.00144344 -0.00361953 -8.55452e-05
1.965 0.0014597 -0.00361949 -8.81513e-05
1.97 0.00146538 -0.00361938 -9.09359e-05
1.975 0.00146229 -0.00361922 -9.39334e-05
1.98 0.00145272 -0.00361903 -9.70696e-05
1.985 0.00143925 -0.00361885 -0.000100144
1.99 0.00142503 -0.00361869 -0.000102962
1.995 0.00141386 -0.00361856 -0.00010547
2 0.0014094 -0.0036185 -0.000107723
2.005 0.00141437 -0.00361852 -0.000109769
2.01 0.00143055 -0.00361863 -0.000111574
2.015 0.0014589 -0.00361884 -0.000113048
2.02 0.00149977 -0.00361913 -0.00011413
2.025 0.00155313 -0.00361948 -0.000114853
2.03 0.0016188 -0.00361987 -0.000115346
2.035 0.00169629 -0.0036203 -0.000115769
2.04 0.00178463 -0.00362074 -0.000116254
2.045 0.00188242 -0.00362117 -0.000116866
2.05 0.001988 -0.00362157 -0.000117658
2.055 0.00209958 -0.00362192 -0.000118748
2.06 0.00221528 -0.00362221 -0.000120313
2.065 0.00233306 -0.00362244 -0.000122524
2.07 0.00244989 -0.00362262 -0.000125507
2.075 0.00256171 -0.00362276 -0.000129325
2.08 0.00266431 -0.00362288 -0.000133997
2.085 0.002754 -0.00362299 -0.000139507
2.09 0.00282807 -0.00362311 -0.000145827
2.095 0.00288456 -0.00362328 -0.000152917
2.1 0.00292206 -0.00362353 -0.000160715
2.105 0.00294014 -0.00362387 -0.000169107
2.11 0.00293899 -0.00362433 -0.000177896
2.115 0.00291963 -0.00362492 -0.000186817
2.12 0.00288434 -0.00362564 -0.000195591
2.125 0.0028364 -0.0036265 -0.000203963
2.13 0.00277985 -0.00362747 -0.000211708
2.135 0.00271901 -0.00362854 -0.000218605
2.14 0.00265825 -0.00362968 -0.000224425
2.145 0.00260197 -0.00363084 -0.000228936
2.15 0.00255439 -0.00363197 -0.000231943
2.155 0.00251935 -0.00363301 -0.000233318
2.16 0.00250029 -0.00363391 -0.000233014
2.165 0.0025 -0.0036346 -0.000231072
2.17 0.00252012 -0.00363507 -0.000227595
2.175 0.00256102 -0.00363537 -0.00022272
2.18 0.00262183 -0.00363549 -0.00021663
2.185 0.00270024 -0.00363539 -0.000209592
2.19 0.00279253 -0.00363509 -0.000201941
2.195 0.00289389 -0.00363463 -0.000194026
2.2 0.00299876 -0.00363408 -0.000186182
2.205 0.00310118 -0.00363351 -0.000178708
2.21 0.00319523 -0.00363297 -0.000171849
2.215 0.00327489 -0.00363249 -0.00016585
2.22 0.00333404 -0.00363212 -0.000160987
2.225 0.00336739 -0.0036319 -0.000157491
2.23 0.00337069 -0.00363186 -0.000155481
2.235 0.00334074 -0.00363198 -0.000154948
2.24 0.00327599 -0.00363228 -0.000155773
2.245 0.00317688 -0.00363274 -0.00015776
2.25 0.0030458 -0.00363336 -0.000160676
2.255 0.00288684 -0.0036341 -0.000164254
2.26 0.00270561 -0.00363492 -0.000168173
2.265 0.00250895 -0.00363575 -0.000172056
2.27 0.00230477 -0.00363656 -0.000175509
2.275 0.00210161 -0.00363731 -0.000178172
2.28 0.0019078 -0.00363796 -0.000179739
2.285 0.00173065 -0.00363847 -0.000179943
2.29 0.00157596 -0.00363881 -0.00017855
2.295 0.00144783 -0.00363899 -0.000175381
2.3 0.00134865 -0.00363904 -0.000170334
2.305 0.00127917 -0.00363899 -0.0001634
2.31 0.00123881 -0.00363883 -0.000154689
2.315 0.00122595 -0.00363859 -0.000144398
2.32 0.00123819 -0.00363832 -0.000132771
2.325 0.00127249 -0.00363809 -0.00012009
2.33 0.00132517 -0.00363793 -0.000106696
2.335 0.00139212 -0.00363789 -9.29874e-05
2.34 0.00146881 -0.003638 -7.93901e-05
2.345 0.00155027 -0.00363828 -6.6322e-05
2.35 0.0016313 -0.00363875 -5.41782e-05
2.355 0.0017065 -0.00363941 -4.333e-05
2.36 0.00176999 -0.00364025 -3.41184e-05
2.365 0.00181496 -0.00364122 -2.68306e-05
2.37 0.00183465 -0.00364229 -2.16723e-05
2.375 0.0018236 -0.00364339 -1.87494e-05
2.38 0.00177799 -0.00364447 -1.80649e-05
2.385 0.0016959 -0.00364547 -1.95146e-05
2.39 0.00157758 -0.00364633 -2.28852e-05
2.395 0.00142524 -0.00364704 -2.78842e-05
2.4 0.00124282 -0.0036476 -3.4165e-05
2.405 0.00103559 -0.00364798 -4.13226e-05
2.41 0.000809701 -0.00364814 -4.89042e-05
2.415 0.000571588 -0.0036481 -5.64474e-05
2.42 0.00032757 -0.00364788 -6.34908e-05
2.425 8.38577e-05 -0.00364754 -6.94612e-05
2.43 -0.000153006 -0.00364709 -7.36446e-05
2.435 -0.000376153 -0.00364657 -7.55416e-05
2.44 -0.000579606 -0.00364602 -7.51027e-05
2.445 -0.000759359 -0.00364549 -7.24076e-05
2.45 -0.000913092 -0.00364507 -6.73185e-05
2.455 -0.00103966 -0.00364481 -5.95146e-05
2.46 -0.00113798 -0.00364472 -4.87766e-05
2.465 -0.00120618 -0.00364483 -3.51712e-05
2.47 -0.00124307 -0.00364517 -1.90009e-05
2.475 -0.00124907 -0.00364577 -7.12845e-07
2.48 -0.00122622 -0.00364664 1.91575e-05
2.485 -0.00117865 -0.00364779 4.00483e-05
2.49 -0.00111255 -0.00364917 6.1433e-05
2.495 -0.00103569 -0.00365078 8.27959e-05
2.5 -0.000957072 -0.00365258 0.000103436
2.505 -0.000887606 -0.00365452 0.000122435
2.51 -0.00083938 -0.00365653 0.000139206
2.515 -0.000822526 -0.00365856 0.000153909
2.52 -0.000842873 -0.00366055 0.000166792
2.525 -0.000902264 -0.00366246 0.000177413
2.53 -0.00100008 -0.00366422 0.000184971
2.535 -0.00113468 -0.00366571 0.000189115
2.54 -0.00130408 -0.00366684 0.000190191
2.545 -0.0015054 -0.00366754 0.000188891
2.55 -0.00173431 -0.00366783 0.0001858
2.555 -0.00198498 -0.00366779 0.000181308
2.56 -0.00225026 -0.00366744 0.000175806
2.565 -0.00252243 -0.00366681 0.000169758
2.57 -0.00279395 -0.0036659 0.00016367
2.575 -0.00305754 -0.00366479 0.000158084
2.58 -0.00330616 -0.0036636 0.000153503
2.585 -0.00353316 -0.00366243 0.000150288
2.59 -0.00373228 -0.00366137 0.00014867
2.595 -0.00389809 -0.00366047 0.000148873
2.6 -0.0040264 -0.0036598 0.000151174
2.605 -0.00411426 -0.00365945 0.000155814
2.61 -0.00415991 -0.00365946 0.000162832
2.615 -0.00416325 -0.00365987 0.00017198
2.62 -0.00412636 -0.00366063 0.000182826
2.625 -0.00405382 -0.00366171 0.000194948
2.63 -0.00395221 -0.0036631 0.000208025
2.635 -0.00382917 -0.00366474 0.000221737
2.64 -0.00369284 -0.00366659 0.00023562
2.645 -0.00355181 -0.00366855 0.000249053
2.65 -0.00341467 -0.00367054 0.000261406
2.655 -0.00328958 -0.00367246 0.000272202
2.66 -0.00318361 -0.00367424 0.000281155
2.665 -0.00310219 -0.00367581 0.000288038
2.67 -0.00304882 -0.00367712 0.000292586
2.675 -0.00302538 -0.00367812 0.000294521
2.68 -0.00303257 -0.00367873 0.000293697
2.685 -0.00307032 -0.00367892 0.000290208
2.69 -0.00313778 -0.00367874 0.00028436
2.695 -0.00323283 -0.00367827 0.000276514
2.7 -0.00335137 -0.00367755 0.000267009
2.705 -0.00348724 -0.0036766 0.000256223
2.71 -0.00363285 -0.00367547 0.000244626
2.715 -0.00377987 -0.00367428 0.000232716
2.72 -0.00391971 -0.00367314 0.000220979
2.725 -0.00404415 -0.00367215 0.000209892
2.73 -0.00414575 -0.00367136 0.000199916
2.735 -0.00421836 -0.00367083 0.000191424
2.74 -0.00425766 -0.00367059 0.000184676
2.745 -0.00426164 -0.00367067 0.000179836
2.75 -0.00423034 -0.00367108 0.00017702
2.755 -0.00416594 -0.00367178 0.000176271
2.76 -0.00407264 -0.0036727 0.000177503
2.765 -0.00395576 -0.0036738 0.000180477
2.77 -0.00382122 -0.00367503 0.000184875
2.775 -0.00367557 -0.00367632 0.000190372
2.78 -0.00352549 -0.00367759 0.000196659
2.785 -0.00337732 -0.00367876 0.000203409
2.79 -0.00323665 -0.00367977 0.000210258
2.795 -0.00310804 -0.00368058 0.000216804
2.8 -0.00299494 -0.00368116 0.000222659
2.805 -0.00289939 -0.00368149 0.000227511
2.81 -0.00282201 -0.00368156 0.000231149
2.815 -0.00276224 -0.00368138 0.000233398
2.82 -0.00271809 -0.00368097 0.000234102
2.825 -0.00268671 -0.00368037 0.000233165
2.83 -0.00266524 -0.00367966 0.000230589
2.835 -0.00265099 -0.0036789 0.000226448
2.84 -0.0026415 -0.00367814 0.00022085
2.845 -0.00263455 -0.00367743 0.000213932
2.85 -0.00262817 -0.00367681 0.000205848
2.855 -0.00262068 -0.00367635 0.000196768
2.86 -0.00261127 -0.00367609 0.00018688
2.865 -0.00260021 -0.00367605 0.000176402
2.87 -0.00258774 -0.00367624 0.000165584
2.875 -0.00257371 -0.00367667 0.000154685
2.88 -0.0025577 -0.0036773 0.00014395
2.885 -0.00253883 -0.00367811 0.000133599
2.89 -0.00251544 -0.00367907 0.000123834
2.895 -0.0024854 -0.00368011 0.000114838
2.9 -0.00244607 -0.0036812 0.000106774
2.905 -0.00239452 -0.00368225 9.97715e-05
2.91 -0.00232805 -0.00368323 9.39115e-05
2.915 -0.00224444 -0.00368409 8.92048e-05
2.92 -0.00214196 -0.00368477 8.55982e-05
2.925 -0.0020196 -0.00368525 8.29993e-05
2.93 -0.00187708 -0.0036855 8.12838e-05
2.935 -0.00171489 -0.00368553 8.02915e-05
2.94 -0.00153432 -0.00368533 7.98261e-05
2.945 -0.0013375 -0.00368493 7.96547e-05
2.95 -0.00112734 -0.00368436 7.9519e-05
2.955 -0.000907317 -0.00368367 7.91546e-05
2.96 -0.000681222 -0.0036829 7.83071e-05
2.965 -0.000453102 -0.00368211 7.67358e-05
2.97 -0.000227404 -0.00368135 7.41617e-05
2.975 -9.60859e-06 -0.00368068 7.02033e-05
2.98 0.000193458 -0.00368014 6.45285e-05
2.985 0.000375123 -0.00367978 5.71647e-05
2.99 0.000530566 -0.00367964 4.84801e-05
2.995 0.00065744 -0.00367972 3.87382e-05
3 0.000755912 -0.00368004 2.78052e-05
3.005 0.000827708 -0.00368058 1.54306e-05
3.01 0.00087512 -0.00368135 1.666e-06
3.015 0.000900693 -0.00368232 -1.31468e-05
3.02 0.000907194 -0.00368346 -2.86167e-05
3.025 0.000897825 -0.00368472 -4.43442e-05
3.03 0.000876712 -0.00368604 -5.98503e-05
3.035 0.000849836 -0.00368737 -7.46803e-05
3.04 0.000825022 -0.00368866 -8.85167e-05
3.045 0.00081121 -0.00368986 -0.000101069
3.05 0.000818026 -0.00369092 -0.000112062
3.055 0.000853853 -0.00369181 -0.000121443
3.06 0.000923778 -0.00369249 -0.00012932
3.065 0.0010295 -0.00369295 -0.000135658
3.07 0.00117015 -0.00369318 -0.00014027
3.075 0.00134307 -0.00369317 -0.000143087
3.08 0.00154423 -0.00369293 -0.00014432
3.085 0.00176832 -0.00369248 -0.000144361
3.09 0.00200869 -0.00369186 -0.000143626
3.095 0.00225733 -0.00369115 -0.000142481
3.1 0.00250529 -0.0036904 -0.000141289
3.105 0.00274336 -0.00368964 -0.000140443
3.11 0.00296291 -0.0036889 -0.000140299
3.115 0.00315642 -0.00368822 -0.000141108
3.12 0.00331788 -0.00368768 -0.000143062
3.125 0.00344309 -0.00368734 -0.000146374
3.13 0.00352939 -0.00368721 -0.000151223
3.135 0.00357566 -0.0036873 -0.000157624
3.14 0.00358226 -0.0036876 -0.000165393
3.145 0.00355117 -0.00368811 -0.000174246
3.15 0.00348598 -0.00368881 -0.000183928
3.155 0.00339151 -0.00368968 -0.000194199
3.16 0.00327344 -0.0036907 -0.000204727
3.165 0.00313809 -0.0036918 -0.000215008
3.17 0.00299247 -0.00369294 -0.000224465
3.175 0.00284417 -0.00369406 -0.000232627
3.18 0.00270074 -0.00369513 -0.000239199
3.185 0.00256871 -0.00369608 -0.000243991
3.19 0.00245431 -0.00369688 -0.000246789
3.195 0.00236418 -0.00369751 -0.000247302
3.2 0.00230362 -0.00369791 -0.000245272
3.205 0.00227583 -0.00369807 -0.000240633
3.21 0.0022819 -0.00369803 -0.000233572
3.215 0.00232093 -0.0036978 -0.000224438
3.22 0.00238996 -0.00369742 -0.000213631
3.225 0.00248378 -0.00369691 -0.000201531
3.23 0.00259562 -0.00369629 -0.000188513
3.235 0.002718 -0.00369563 -0.00017499
3.24 0.00284323 -0.00369499 -0.000161436
3.245 0.00296394 -0.00369443 -0.000148374
3.25 0.00307346 -0.00369399 -0.000136336
3.255 0.00316603 -0.0036937 -0.000125776
3.26 0.00323698 -0.00369359 -0.000117024
3.265 0.00328288 -0.00369368 -0.000110333
3.27 0.00330129 -0.00369395 -0.000105927
3.275 0.00329064 -0.00369439 -0.000103967
3.28 0.0032503 -0.00369497 -0.00010448
3.285 0.00318027 -0.00369565 -0.000107341
3.29 0.00308052 -0.0036964 -0.000112299
3.295 0.00295185 -0.0036972 -0.000119024
3.3 0.00279731 -0.00369801 -0.000127124
3.305 0.00262209 -0.00369877 -0.000136147
3.31 0.00243299 -0.00369944 -0.000145608
3.315 0.00223775 -0.0037 -0.000155039
3.32 0.00204427 -0.00370043 -0.000163981
3.325 0.00186021 -0.00370074 -0.000171958
3.33 0.00169271 -0.0037009 -0.000178477
3.335 0.00154813 -0.00370092 -0.000183109
3.34 0.00143151 -0.00370081 -0.000185597
3.345 0.00134617 -0.00370059 -0.000185857
3.35 0.00129347 -0.00370028 -0.000183883
3.355 0.00127291 -0.00369994 -0.00017965
3.36 0.00128262 -0.00369959 -0.000173118
3.365 0.00131978 -0.00369927 -0.00016443
3.37 0.00138033 -0.00369897 -0.000154024
3.375 0.0014588 -0.00369873 -0.000142373
3.38 0.00154885 -0.00369858 -0.000129728
3.385 0.00164405 -0.00369855 -0.000116296
3.39 0.00173824 -0.00369865 -0.000102509
3.395 0.00182563 -0.00369888 -8.89773e-05
3.4 0.00190068 -0.00369923 -7.62482e-05
3.405 0.00195802 -0.00369968 -6.46924e-05
3.41 0.00199268 -0.00370022 -5.45776e-05
3.415 0.00200055 -0.00370082 -4.61407e-05
3.42 0.00197882 -0.00370147 -3.95472e-05
3.425 0.00192619 -0.00370211 -3.48469e-05
3.43 0.00184295 -0.00370272 -3.20089e-05
3.435 0.00173072 -0.00370326 -3.09659e-05
3.44 0.00159209 -0.00370371 -3.16073e-05
3.445 0.00143046 -0.00370402 -3.37477e-05
3.45 0.00124984 -0.00370421 -3.71151e-05
3.455 0.00105452 -0.00370428 -4.13666e-05
3.46 0.00084889 -0.00370424 -4.61142e-05
3.465 0.00063787 -0.00370408 -5.09434e-05
3.47 0.000426895 -0.00370381 -5.54545e-05
3.475 0.000221601 -0.00370348 -5.92767e-05
3.48 2.78122e-05 -0.0037031 -6.19631e-05
3.485 -0.000148302 -0.0037027 -6.30584e-05
3.49 -0.000301093 -0.00370231 -6.2502e-05
3.495 -0.000427121 -0.00370196 -6.06242e-05
3.5 -0.000525863 -0.00370168 -5.75405e-05
3.505 -0.000598824 -0.00370151 -5.29129e-05
3.51 -0.000648284 -0.00370144 -4.63545e-05
3.515 -0.0006764 -0.00370149 -3.78166e-05
3.52 -0.000684697 -0.00370166 -2.75909e-05
3.525 -0.000674459 -0.00370196 -1.61306e-05
3.53 -0.000647864 -0.00370237 -3.90339e-06
3.535 -0.000608676 -0.00370287 8.72946e-06
3.54 -0.000562042 -0.00370346 2.1556e-05
3.545 -0.000513835 -0.00370412 3.44198e-05
3.55 -0.000469978 -0.00370481 4.70593e-05
3.555 -0.000436123 -0.00370551 5.89947e-05
3.56 -0.000417596 -0.00370619 6.96829e-05
3.565 -0.000418913 -0.00370682 7.89495e-05
3.57 -0.000442776 -0.00370737 8.70244e-05
3.575 -0.000489596 -0.00370783 9.39533e-05
3.58 -0.000558151 -0.00370819 9.936e-05
3.585 -0.000646476 -0.00370843 0.000102912
3.59 -0.000752273 -0.00370854 0.000104664
3.595 -0.000873213 -0.00370851 0.000104896
3.6 -0.00100706 -0.00370835 0.000103823
3.605 -0.00115156 -0.0037081 0.000101595
3.61 -0.00130406 -0.00370778 9.85024e-05
3.615 -0.00146092 -0.00370742 9.49812e-05
3.62 -0.00161741 -0.00370702 9.13492e-05
3.625 -0.00176827 -0.00370661 8.77032e-05
3.63 -0.00190841 -0.00370623 8.41655e-05
3.635 -0.00203309 -0.00370592 8.10924e-05
3.64 -0.00213791 -0.0037057 7.88701e-05
3.645 -0.00221932 -0.00370557 7.76089e-05
3.65 -0.00227526 -0.00370553 7.72211e-05
3.655 -0.00230536 -0.00370559 7.77423e-05
3.66 -0.00231043 -0.00370575 7.94063e-05
3.665 -0.0022918 -0.00370601 8.23928e-05
3.67 -0.00225117 -0.00370636 8.65681e-05
3.675 -0.0021913 -0.00370677 9.15081e-05
3.68 -0.00211673 -0.00370722 9.67804e-05
3.685 -0.00203333 -0.00370767 0.000102181
3.69 -0.00194705 -0.00370811 0.000107706
3.695 -0.00186303 -0.00370853 0.000113355
3.7 -0.00178505 -0.00370891 0.00011895
3.705 -0.00171581 -0.00370923 0.000124112
3.71 -0.00165742 -0.00370948 0.000128419
3.715 -0.00161184 -0.00370963 0.000131614
3.72 -0.00158078 -0.0037097 0.000133669
3.725 -0.00156539 -0.00370968 0.000134677
3.73 -0.0015659 -0.00370958 0.000134702
3.735 -0.0015816 -0.00370942 0.000133708
3.74 -0.00161101 -0.00370921 0.000131648
3.745 -0.00165214 -0.00370897 0.00012858
3.75 -0.00170257 -0.00370872 0.000124692
3.755 -0.00175926 -0.00370847 0.000120213
3.76 -0.00181852 -0.00370824 0.000115331
3.765 -0.00187634 -0.00370806 0.000110183
3.77 -0.00192872 -0.00370794 0.000104904
3.775 -0.00197209 -0.00370789 9.96671e-05
3.78 -0.00200324 -0.0037079 9.46873e-05
3.785 -0.00201921 -0.003708 9.01788e-05
3.79 -0.00201732 -0.00370816 8.62945e-05
3.795 -0.00199541 -0.00370838 8.30793e-05
3.8 -0.00195217 -0.00370865 8.04805e-05
3.805 -0.00188736 -0.00370895 7.84202e-05
3.81 -0.00180195 -0.00370926 7.68621e-05
3.815 -0.00169788 -0.00370956 7.57993e-05
3.82 -0.00157772 -0.00370984 7.51827e-05
3.825 -0.00144457 -0.00371007 7.48762e-05
3.83 -0.00130204 -0.00371025 7.46752e-05
3.835 -0.00115408 -0.00371037 7.43537e-05
3.84 -0.00100476 -0.00371041 7.37124e-05
3.845 -0.000858034 -0.00371039 7.26115e-05
3.85 -0.00071734 -0.00371031 7.09499e-05
3.855 -0.000585411 -0.00371017 6.86189e-05
3.86 -0.000464286 -0.00371 6.54997e-05
3.865 -0.000355349 -0.00370981 6.14875e-05
3.87 -0.0002594 -0.0037096 5.64974e-05
3.875 -0.000176755 -0.00370941 5.05131e-05
3.88 -0.00010704 -0.00370925 4.36595e-05
3.885 -4.89403e-05 -0.00370914 3.61304e-05
3.89 -3.73064e-07 -0.0037091 2.80282e-05
3.895 4.0959e-05 -0.00370913 1.93579e-05
3.9 7.70773e-05 -0.00370923 1.01696e-05
3.905 0.000109619 -0.00370941 6.56719e-07
3.91 0.000139898 -0.00370968 -8.91148e-06
3.915 0.000169067 -0.00371001 -1.83279e-05
3.92 0.000198386 -0.00371039 -2.74688e-05
3.925 0.000229288 -0.00371082 -3.62093e-05
3.93 0.000263436 -0.00371127 -4.43542e-05
3.935 0.000302834 -0.00371172 -5.1667e-05
3.94 0.000349753 -0.00371216 -5.80165e-05
3.945 0.000406286 -0.00371255 -6.34655e-05
3.95 0.000473561 -0.0037129 -6.81312e-05
3.955 0.000551358 -0.00371318 -7.19991e-05
3.96 0.000638512 -0.00371338 -7.49558e-05
3.965 0.000733266 -0.0037135 -7.69726e-05
3.97 0.000833497 -0.00371352 -7.81633e-05
3.975 0.000936883 -0.00371344 -7.86916e-05
3.98 0.00104094 -0.00371329 -7.86985e-05
3.985 0.00114321 -0.00371307 -7.83115e-05
3.99 0.00124151 -0.0037128 -7.76719e-05
3.995 0.00133392 -0.00371251 -7.69248e-05
4 0.001419 -0.00371221 -7.62052e-05
4.005 0.0014962 -0.00371191 -7.56528e-05
4.01 0.00156611 -0.00371164 -7.54019e-05
4.015 0.00163001 -0.00371142 -7.55308e-05
4.02 0.00168929 -0.00371126 -7.60678e-05
4.025 0.0017452 -0.00371116 -7.7074e-05
4.03 0.00179866 -0.00371115 -7.86724e-05
4.035 0.00184992 -0.00371122 -8.09735e-05
4.04 0.00189857 -0.00371136 -8.39887e-05
4.045 0.0019437 -0.00371157 -8.76314e-05
4.05 0.00198443 -0.00371183 -9.18027e-05
4.055 0.00202017 -0.00371214 -9.64618e-05
4.06 0.00205024 -0.00371247 -0.000101612
4.065 0.00207382 -0.00371282 -0.000107232
4.07 0.0020905 -0.00371317 -0.000113225
4.075 0.00210097 -0.0037135 -0.000119419
4.08 0.00210695 -0.0037138 -0.00012562
4.085 0.00211066 -0.00371405 -0.000131672
4.09 0.00211465 -0.00371425 -0.000137471
4.095 0.00212174 -0.0037144 -0.000142938
4.1 0.00213459 -0.00371449 -0.000147996
4.105 0.00215526 -0.00371452 -0.000152569
4.11 0.00218501 -0.00371451 -0.000156583
4.115 0.00222429 -0.00371445 -0.000159985
4.12 0.00227283 -0.00371436 -0.000162746
4.125 0.00232966 -0.00371424 -0.000164873
4.13 0.00239329 -0.00371411 -0.000166419
4.135 0.00246199 -0.00371397 -0.000167471
4.14 0.00253393 -0.00371384 -0.000168119
4.145 0.00260752 -0.00371373 -0.000168431
4.15 0.00268134 -0.00371363 -0.00016848
4.155 0.00275417 -0.00371356 -0.000168382
4.16 0.00282492 -0.00371352 -0.000168287
4.165 0.00289242 -0.00371352 -0.000168335
4.17 0.00295525 -0.00371354 -0.000168637
4.175 0.00301187 -0.0037136 -0.000169268
4.18 0.00306043 -0.00371368 -0.000170282
4.185 0.00309879 -0.00371379 -0.000171712
4.19 0.00312445 -0.00371391 -0.000173569
4.195 0.00313478 -0.00371405 -0.000175842
4.2 0.00312803 -0.00371419 -0.000178489
4.205 0.0031037 -0.00371433 -0.000181424
4.21 0.0030621 -0.00371447 -0.000184515
4.215 0.00300443 -0.0037146 -0.000187594
4.22 0.00293333 -0.00371472 -0.000190476
4.225 0.0028532 -0.00371482 -0.000192985
4.23 0.00276899 -0.0037149 -0.000194968
4.235 0.00268539 -0.00371495 -0.000196291
4.24 0.00260678 -0.00371499 -0.000196828
4.245 0.00253731 -0.003715 -0.000196469
4.25 0.00248029 -0.00371499 -0.000195131
4.255 0.00243766 -0.00371496 -0.000192783
4.26 0.00241007 -0.00371493 -0.000189432
4.265 0.00239721 -0.0037149 -0.000185121
4.27 0.00239783 -0.00371486 -0.000179946
4.275 0.0024098 -0.00371482 -0.000174052
4.28 0.00243039 -0.0037148 -0.000167593
4.285 0.00245647 -0.00371479 -0.000160725
4.29 0.00248474 -0.0037148 -0.000153654
4.295 0.00251183 -0.00371483 -0.000146624
4.3 0.00253437 -0.00371489 -0.000139867
4.305 0.00254914 -0.00371497 -0.000133566
4.31 0.00255326 -0.00371507 -0.000127859
4.315 0.00254437 -0.00371519 -0.000122866
4.32 0.0025208 -0.00371532 -0.000118681
4.325 0.00248161 -0.00371546 -0.000115361
4.33 0.00242663 -0.0037156 -0.000112916
4.335 0.00235647 -0.00371574 -0.000111305
4.34 0.00227261 -0.00371586 -0.000110444
4.345 0.00217727 -0.00371597 -0.000110213
4.35 0.00207315 -0.00371605 -0.000110473
4.355 0.00196319 -0.0037161 -0.000111069
4.36 0.00185037 -0.00371613 -0.000111834
4.365 0.00173757 -0.00371613 -0.000112594
4.37 0.00162743 -0.00371611 -0.000113178
4.375 0.0015222 -0.00371606 -0.000113428
4.38 0.00142366 -0.003716 -0.000113207
4.385 0.00133308 -0.00371592 -0.000112386
4.39 0.00125121 -0.00371585 -0.000110847
4.395 0.00117832 -0.00371578 -0.000108525
4.4 0.00111389 -0.00371572 -0.000105448
4.405 0.00105662 -0.00371568 -0.000101649
4.41 0.00100496 -0.00371567 -9.7064e-05
4.415 0.000957641 -0.00371568 -9.16403e-05
4.42 0.000913674 -0.00371573 -8.54602e-05
4.425 0.000872215 -0.00371582 -7.87065e-05
4.43 0.000832284 -0.00371593 -7.15382e-05
4.435 0.000792697 -0.00371608 -6.40502e-05
4.44 0.000752115 -0.00371625 -5.63282e-05
4.445 0.0007091 -0.00371645 -4.8486e-05
4.45 0.000662141 -0.00371666 -4.06424e-05
4.455 0.000609653 -0.00371688 -3.29058e-05
4.46 0.00055 -0.0037171 -2.53846e-05
4.465 0.000481547 -0.00371732 -1.8173e-05
4.47 0.000402835 -0.00371753 -1.13247e-05
4.475 0.000312768 -0.00371772 -4.86846e-06
4.48 0.000210707 -0.00371789 1.16096e-06
4.485 9.65204e-05 -0.00371803 6.72758e-06
4.49 -2.94858e-05 -0.00371815 1.18327e-05
4.495 -0.000166568 -0.00371824 1.65446e-05
4.5 -0.000313377 -0.0037183 2.10154e-05
4.505 -0.000467693 -0.00371833 2.5448e-05
4.51 -0.000626519 -0.00371834 2.99403e-05
4.515 -0.000786765 -0.00371833 3.44007e-05
4.52 -0.000945932 -0.00371831 3.87459e-05
4.525 -0.00110241 -0.00371828 4.31052e-05
4.53 -0.00125523 -0.00371824 4.77328e-05
4.535 -0.00140364 -0.00371822 5.28178e-05
4.54 -0.00154678 -0.0037182 5.8461e-05
4.545 -0.00168333 -0.00371822 6.4744e-05
4.55 -0.00181164 -0.00371826 7.16936e-05
4.555 -0.00193044 -0.00371833 7.91902e-05
4.56 -0.00203954 -0.00371843 8.70445e-05
4.565 -0.0021397 -0.00371857 9.52036e-05
4.57 -0.00223211 -0.00371875 0.000103799
4.575 -0.00231758 -0.00371896 0.000112965
4.58 -0.00239649 -0.0037192 0.000122646
4.585 -0.00246904 -0.00371948 0.000132577
4.59 -0.00253571 -0.00371978 0.000142458
4.595 -0.00259756 -0.00372009 0.000152126
4.6 -0.00265614 -0.00372041 0.000161567
4.605 -0.00271308 -0.00372072 0.0001708
4.61 -0.00276973 -0.00372104 0.000179756
4.615 -0.00282722 -0.00372134 0.000188248
4.62 -0.00288679 -0.00372161 0.000196043
4.625 -0.00294987 -0.00372186 0.000202995
4.63 -0.00301781 -0.00372206 0.000209119
4.635 -0.00309158 -0.00372222 0.00021452
4.64 -0.0031714 -0.00372234 0.000219261
4.645 -0.0032567 -0.00372242 0.000223309
4.65 -0.00334633 -0.00372246 0.00022661
4.655 -0.0034387 -0.00372246 0.000229181
4.66 -0.00353187 -0.00372242 0.000231155
4.665 -0.00362341 -0.00372235 0.000232719
4.67 -0.00371005 -0.00372225 0.000234038
4.675 -0.00378796 -0.00372215 0.000235199
4.68 -0.00385345 -0.00372204 0.000236219
4.685 -0.00390352 -0.00372192 0.000237089
4.69 -0.00393609 -0.00372182 0.000237841
4.695 -0.0039501 -0.00372173 0.000238553
4.7 -0.00394547 -0.00372166 0.000239293
4.705 -0.00392298 -0.00372163 0.000240058
4.71 -0.00388438 -0.00372162 0.000240756
4.715 -0.00383249 -0.00372164 0.000241261
4.72 -0.00377095 -0.00372169 0.000241469
4.725 -0.00370368 -0.00372176 0.000241316
4.73 -0.00363437 -0.00372186 0.000240754
4.735 -0.0035663 -0.00372196 0.000239717
4.74 -0.00350202 -0.00372208 0.000238115
4.745 -0.00344323 -0.00372219 0.000235862
4.75 -0.00339093 -0.0037223 0.000232927
4.755 -0.00334546 -0.0037224 0.000229332
4.76 -0.00330636 -0.00372249 0.000225132
4.765 -0.00327245 -0.00372255 0.000220383
4.77 -0.00324196 -0.0037226 0.000215132
4.775 -0.00321282 -0.00372262 0.00020943
4.78 -0.00318289 -0.00372263 0.000203351
4.785 -0.00315008 -0.00372262 0.000197004
4.79 -0.00311242 -0.0037226 0.000190516
4.795 -0.00306809 -0.00372258 0.000184
4.8 -0.00301553 -0.00372256 0.000177536
4.805 -0.00295344 -0.00372255 0.000171174
4.81 -0.00288091 -0.00372254 0.000164946
4.815 -0.00279744 -0.00372255 0.000158885
4.82 -0.00270303 -0.00372258 0.000153021
4.825 -0.00259814 -0.00372264 0.000147368
4.83 -0.00248374 -0.00372271 0.000141915
4.835 -0.00236145 -0.00372281 0.000136619
4.84 -0.00223351 -0.00372292 0.000131417
4.845 -0.00210241 -0.00372305 0.00012625
4.85 -0.00197046 -0.00372319 0.000121061
4.855 -0.0018397 -0.00372334 0.000115804
4.86 -0.001712 -0.00372348 0.000110438
4.865 -0.00158888 -0.00372363 0.000104915
4.87 -0.00147133 -0.00372376 9.92013e-05
4.875 -0.00135969 -0.00372389 9.32789e-05
4.88 -0.00125369 -0.003724 8.71389e-05
4.885 -0.00115226 -0.0037241 8.07837e-05
4.89 -0.00105361 -0.00372418 7.42311e-05
4.895 -0.000956011 -0.00372425 6.75071e-05
4.9 -0.000858022 -0.0037243 6.06338e-05
4.905 -0.000758446 -0.00372435 5.36286e-05
4.91 -0.000656272 -0.00372439 4.65116e-05
4.915 -0.000550735 -0.00372443 3.93075e-05
4.92 -0.000441632 -0.00372447 3.20408e-05
4.925 -0.000329656 -0.00372452 2.47399e-05
4.93 -0.000216359 -0.00372458 1.74428e-05
4.935 -0.000103654 -0.00372465 1.01881e-05
4.94 6.61897e-06 -0.00372474 2.998e-06
4.945 0.000113062 -0.00372485 -4.13498e-06
4.95 0.000214767 -0.00372497 -1.12318e-05
4.955 0.000311294 -0.0037251 -1.82526e-05
4.96 0.00040294 -0.00372524 -2.50745e-05
4.965 0.000490771 -0.00372539 -3.16157e-05
4.97 0.000576437 -0.00372555 -3.79135e-05
4.975 0.000662007 -0.0037257 -4.4017e-05
4.98 0.000749608 -0.00372586 -4.98959e-05
4.985 0.000840857 -0.003726 -5.55147e-05
4.99 0.000936533 -0.00372614 -6.08999e-05
4.995 0.00103662 -0.00372626 -6.60757e-05
5 0.00114059 -0.00372636 -7.10131e-05
5.005 0.00124757 -0.00372643 -7.56957e-05
5.01 0.00135637 -0.00372649 -8.01836e-05
5.015 0.00146525 -0.00372654 -8.45874e-05
5.02 0.0015719 -0.00372656 -8.90092e-05
5.025 0.00167401 -0.00372658 -9.34935e-05
5.03 0.00176982 -0.00372658 -9.80047e-05
5.035 0.00185838 -0.00372658 -0.000102482
5.04 0.0019396 -0.00372658 -0.000106943
5.045 0.002014 -0.00372658 -0.000111495
5.05 0.00208233 -0.00372658 -0.000116242
5.055 0.00214522 -0.0037266 -0.000121188
5.06 0.00220312 -0.00372664 -0.000126222
5.065 0.00225659 -0.00372669 -0.000131211
5.07 0.00230626 -0.00372676 -0.000136113
5.075 0.00235268 -0.00372684 -0.000140987
5.08 0.00239599 -0.00372694 -0.000145896
5.085 0.00243598 -0.00372706 -0.00015082
5.09 0.00247228 -0.0037272 -0.000155641
5.095 0.00250482 -0.00372735 -0.000160202
5.1 0.00253407 -0.0037275 -0.000164404
5.105 0.00256106 -0.00372765 -0.000168239
5.11 0.00258708 -0.00372779 -0.000171751
5.115 0.00261332 -0.00372793 -0.000174949
5.12 0.00264066 -0.00372805 -0.000177783
5.125 0.00266975 -0.00372815 -0.000180175
5.13 0.00270107 -0.00372823 -0.000182096
5.135 0.00273485 -0.00372829 -0.000183583
5.14 0.00277098 -0.00372831 -0.000184711
5.145 0.00280897 -0.00372831 -0.000185547
5.15 0.00284789 -0.00372829 -0.00018612
5.155 0.0028867 -0.00372824 -0.000186439
5.16 0.00292441 -0.00372817 -0.00018652
5.165 0.00296029 -0.00372809 -0.000186423
5.17 0.00299371 -0.003728 -0.000186242
5.175 0.00302409 -0.00372792 -0.000186068
5.18 0.0030509 -0.00372783 -0.000185951
5.185 0.00307366 -0.00372776 -0.000185903
5.19 0.00309198 -0.00372769 -0.000185929
5.195 0.00310562 -0.00372765 -0.000186058
5.2 0.00311438 -0.00372762 -0.000186332
5.205 0.003118 -0.00372762 -0.000186786
5.21 0.00311612 -0.00372764 -0.000187425
5.215 0.00310822 -0.00372769 -0.000188212
5.22 0.0030939 -0.00372775 -0.000189082
5.225 0.00307308 -0.00372783 -0.000189963
5.23 0.00304618 -0.00372792 -0.000190798
5.235 0.0030141 -0.00372801 -0.00019154
5.24 0.00297807 -0.00372811 -0.000192138
5.245 0.00293958 -0.0037282 -0.000192522
5.25 0.00290021 -0.00372828 -0.000192612
5.255 0.00286135 -0.00372835 -0.000192342
5.26 0.00282408 -0.00372839 -0.000191677
5.265 0.00278899 -0.00372842 -0.0001906
5.27 0.00275602 -0.00372843 -0.000189099
5.275 0.00272454 -0.00372842 -0.000187162
5.28 0.00269345 -0.0037284 -0.000184777
5.285 0.00266131 -0.00372836 -0.000181946
5.29 0.00262696 -0.00372831 -0.000178676
5.295 0.0025899 -0.00372826 -0.000174992
5.3 0.00255006 -0.00372821 -0.000170937
5.305 0.00250773 -0.00372817 -0.000166552
5.31 0.00246352 -0.00372814 -0.000161875
5.315 0.00241815 -0.00372813 -0.000156947
5.32 0.00237202 -0.00372813 -0.000151826
5.325 0.00232501 -0.00372816 -0.000146585
5.33 0.00227669 -0.00372821 -0.0001413
5.335 0.00222631 -0.00372828 -0.000136031
5.34 0.00217297 -0.00372836 -0.000130819
5.345 0.00211576 -0.00372846 -0.000125697
5.35 0.00205395 -0.00372858 -0.00012068
5.355 0.00198728 -0.0037287 -0.000115782
5.36 0.001916 -0.00372882 -0.000111022
5.365 0.00184055 -0.00372894 -0.000106436
5.37 0.00176131 -0.00372905 -0.000102031
5.375 0.00167846 -0.00372916 -9.77642e-05
5.38 0.00159201 -0.00372924 -9.35954e-05
5.385 0.00150188 -0.00372931 -8.95139e-05
5.39 0.00140792 -0.00372936 -8.55167e-05
5.395 0.00131001 -0.00372939 -8.15794e-05
5.4 0.00120813 -0.00372941 -7.76537e-05
5.405 0.00110248 -0.00372942 -7.36768e-05
5.41 0.000993573 -0.00372942 -6.95744e-05
5.415 0.000882289 -0.00372941 -6.52741e-05
5.42 0.000769885 -0.0037294 -6.07502e-05
5.425 0.000657672 -0.00372939 -5.60297e-05
5.43 0.00054679 -0.00372939 -5.10993e-05
5.435 0.000438331 -0.0037294 -4.58538e-05
5.44 0.000333433 -0.00372943 -4.02011e-05
5.445 0.000233234 -0.00372948 -3.41703e-05
5.45 0.000138683 -0.00372954 -2.78676e-05
5.455 5.04261e-05 -0.00372963 -2.1337e-05
5.46 -3.10514e-05 -0.00372974 -1.44992e-05
5.465 -0.000105299 -0.00372986 -7.3193e-06
5.47 -0.000172255 -0.00372999 -3.54458e-09
5.475 -0.000232758 -0.00373013 7.16856e-06
5.48 -0.000288397 -0.00373028 1.41559e-05
5.485 -0.000341037 -0.00373043 2.10714e-05
5.49 -0.000392593 -0.00373058 2.78844e-05
5.495 -0.000445019 -0.00373072 3.44091e-05
5.5 -0.000500135 -0.00373085 4.05263e-05
5.505 -0.000559317 -0.00373098 4.62798e-05
5.51 -0.000623428 -0.00373109 5.17125e-05
5.515 -0.000693022 -0.00373117 5.66702e-05
5.52 -0.000768746 -0.00373124 6.09268e-05
5.525 -0.000851436 -0.00373128 6.45043e-05
5.53 -0.000941699 -0.00373131 6.76439e-05
5.535 -0.00103963 -0.00373131 7.04868e-05
5.54 -0.0011447 -0.0037313 7.30177e-05
5.545 -0.00125552 -0.00373128 7.52766e-05
5.55 -0.00136971 -0.00373125 7.7419e-05
5.555 -0.00148434 -0.00373121 7.95514e-05
5.56 -0.00159649 -0.00373117 8.16491e-05
5.565 -0.00170382 -0.00373113 8.37064e-05
5.57 -0.00180459 -0.00373109 8.58861e-05
5.575 -0.0018972 -0.00373106 8.84476e-05
5.58 -0.00198004 -0.00373105 9.15445e-05
5.585 -0.00205172 -0.00373106 9.51175e-05
5.59 -0.00211161 -0.00373109 9.89894e-05
5.595 -0.00216012 -0.00373113 0.00010306
5.6 -0.00219856 -0.00373119 0.000107386
5.605 -0.00222867 -0.00373127 0.000112084
5.61 -0.00225205 -0.00373137 0.000117197
5.615 -0.00226998 -0.0037315 0.000122615
5.62 -0.0022837 -0.00373163 0.000128097
5.625 -0.00229488 -0.00373178 0.000133409
5.63 -0.00230575 -0.00373192 0.000138443
5.635 -0.00231868 -0.00373207 0.000143235
5.64 -0.00233544 -0.00373221 0.000147837
5.645 -0.00235694 -0.00373235 0.000152205
5.65 -0.00238338 -0.00373247 0.000156178
5.655 -0.00241462 -0.00373258 0.000159582
5.66 -0.00245052 -0.00373266 0.000162356
5.665 -0.00249084 -0.00373273 0.000164572
5.67 -0.00253491 -0.00373276 0.000166348
5.675 -0.00258153 -0.00373278 0.000167754
5.68 -0.00262911 -0.00373278 0.000168782
5.685 -0.00267601 -0.00373275 0.00016939
5.69 -0.0027209 -0.0037327 0.000169577
5.695 -0.00276295 -0.00373264 0.000169427
5.7 -0.00280176 -0.00373257 0.000169079
5.705 -0.00283722 -0.00373249 0.00016866
5.71 -0.00286956 -0.00373242 0.000168217
5.715 -0.0028992 -0.00373235 0.000167749
5.72 -0.00292657 -0.00373229 0.000167267
5.725 -0.00295201 -0.00373224 0.00016684
5.73 -0.00297567 -0.00373221 0.000166568
5.735 -0.00299707 -0.0037322 0.000166532
5.74 -0.00301512 -0.0037322 0.000166762
5.745 -0.00302839 -0.00373223 0.000167241
5.75 -0.00303557 -0.00373227 0.000167928
5.755 -0.00303578 -0.00373233 0.000168788
5.76 -0.00302877 -0.0037324 0.000169816
5.765 -0.00301484 -0.00373247 0.000171008
5.77 -0.00299484 -0.00373256 0.000172336
5.775 -0.0029701 -0.00373264 0.000173722
5.78 -0.00294242 -0.00373272 0.000175067
5.785 -0.00291389 -0.00373279 0.000176286
5.79 -0.00288658 -0.00373284 0.000177323
5.795 -0.00286215 -0.00373289 0.000178146
5.8 -0.00284165 -0.00373291 0.000178727
5.805 -0.00282551 -0.00373292 0.000179027
5.81 -0.00281369 -0.00373292 0.000179002
5.815 -0.0028058 -0.0037329 0.00017862
5.82 -0.00280115 -0.00373287 0.000177882
5.825 -0.00279876 -0.00373283 0.000176811
5.83 -0.00279747 -0.00373278 0.000175438
5.835 -0.00279598 -0.00373273 0.000173797
5.84 -0.00279295 -0.00373269 0.000171914
5.845 -0.00278712 -0.00373265 0.00016982
5.85 -0.00277749 -0.00373261 0.000167552
5.855 -0.00276328 -0.0037326 0.000165157
5.86 -0.00274378 -0.00373259 0.000162688
5.865 -0.00271824 -0.0037326 0.000160179
5.87 -0.00268575 -0.00373262 0.000157646
5.875 -0.0026452 -0.00373266 0.000155089
5.88 -0.00259544 -0.00373271 0.0001525
5.885 -0.00253553 -0.00373278 0.000149866
5.89 -0.00246487 -0.00373284 0.000147165
5.895 -0.00238334 -0.00373292 0.000144365
5.9 -0.0022913 -0.00373299 0.000141417
5.905 -0.00218966 -0.00373306 0.00013825
5.91 -0.00207997 -0.00373313 0.000134789
5.915 -0.00196479 -0.00373319 0.000130973
5.92 -0.00184759 -0.00373324 0.000126756
5.925 -0.00173207 -0.00373328 0.0001221
5.93 -0.00162158 -0.00373332 0.000116976
5.935 -0.00151845 -0.00373334 0.000111376
5.94 -0.00142381 -0.00373336 0.000105304
5.945 -0.00133795 -0.00373337 9.87836e-05
5.95 -0.00126043 -0.00373338 9.1857e-05
5.955 -0.0011901 -0.0037334 8.45745e-05
5.96 -0.00112507 -0.00373341 7.70072e-05
5.965 -0.00106272 -0.00373344 6.92671e-05
5.97 -0.00100008 -0.00373348 6.14655e-05
5.975 -0.000934277 -0.00373353 5.36603e-05
5.98 -0.000862968 -0.00373359 4.58948e-05
5.985 -0.000784449 -0.00373366 3.82634e-05
5.99 -0.000697607 -0.00373375 3.08827e-05
5.995 -0.000601879 -0.00373386 2.38184e-05
6 -0.000497226 -0.00373397 1.70738e-05
6.005 -0.000384124 -0.00373409 1.06389e-05
6.01 -0.00026343 -0.00373421 4.52089e-06
6.015 -0.000136174 -0.00373434 -1.27405e-06
6.02 -3.49292e-06 -0.00373447 -6.76928e-06
6.025 0.000133392 -0.00373459 -1.20116e-05
6.03 0.000273221 -0.0037347 -1.70742e-05
6.035 0.000414569 -0.00373479 -2.20815e-05
6.04 0.0005557 -0.00373486 -2.71434e-05
6.045 0.000694687 -0.00373492 -3.22713e-05
6.05 0.000829573 -0.00373496 -3.74249e-05
6.055 0.000958127 -0.00373499 -4.26268e-05
6.06 0.00107763 -0.003735 -4.80116e-05
6.065 0.00118544 -0.003735 -5.37108e-05
6.07 0.00127957 -0.003735 -5.96989e-05
6.075 0.00135894 -0.00373499 -6.58362e-05
6.08 0.00142341 -0.00373498 -7.20421e-05
6.085 0.00147359 -0.00373498 -7.83597e-05
6.09 0.00151058 -0.00373499 -8.48427e-05
6.095 0.00153606 -0.00373501 -9.13919e-05
6.1 0.00155263 -0.00373506 -9.7734e-05
6.105 0.00156401 -0.00373513 -0.000103609
6.11 0.00157434 -0.00373521 -0.000108956
6.115 0.00158742 -0.00373531 -0.000113869
6.12 0.00160597 -0.00373542 -0.000118406
6.125 0.00163126 -0.00373555 -0.000122471
6.13 0.00166339 -0.00373568 -0.000125868
6.135 0.0017019 -0.00373581 -0.000128457
6.14 0.00174612 -0.00373594 -0.000130245
6.145 0.00179522 -0.00373605 -0.000131358
6.15 0.001848 -0.00373614 -0.000131947
6.155 0.00190287 -0.00373622 -0.000132095
6.16 0.00195821 -0.00373626 -0.000131793
6.165 0.00201277 -0.00373628 -0.000131038
6.17 0.00206571 -0.00373626 -0.00012993
6.175 0.00211641 -0.00373622 -0.000128656
6.18 0.00216411 -0.00373615 -0.000127388
6.185 0.00220777 -0.00373607 -0.00012622
6.19 0.00224614 -0.00373597 -0.000125182
6.195 0.00227797 -0.00373586 -0.000124297
6.2 0.00230218 -0.00373576 -0.000123628
6.205 0.00231779 -0.00373566 -0.000123269
6.21 0.00232371 -0.00373558 -0.000123299
6.215 0.0023188 -0.00373552 -0.000123727
6.22 0.00230212 -0.00373548 -0.000124489
6.225 0.00227326 -0.00373547 -0.000125469
6.23 0.00223279 -0.0037355 -0.000126561
6.235 0.00218223 -0.00373554 -0.000127701
6.24 0.00212375 -0.00373562 -0.000128841
6.245 0.00205984 -0.00373571 -0.000129911
6.25 0.00199303 -0.00373582 -0.000130793
6.255 0.00192572 -0.00373594 -0.000131339
6.26 0.00186029 -0.00373606 -0.000131414
6.265 0.00179926 -0.00373617 -0.00013094
6.27 0.0017448 -0.00373627 -0.00012989
6.275 0.00169848 -0.00373635 -0.000128249
6.28 0.00166116 -0.00373641 -0.000125996
6.285 0.0016329 -0.00373645 -0.000123116
6.29 0.00161319 -0.00373646 -0.000119626
6.295 0.00160101 -0.00373645 -0.000115588
6.3 0.00159487 -0.00373642 -0.000111105
6.305 0.00159282 -0.00373636 -0.000106298
6.31 0.00159252 -0.0037363 -0.000101279
6.315 0.00159157 -0.00373624 -9.61447e-05
6.32 0.00158774 -0.00373617 -9.09901e-05
6.325 0.00157898 -0.00373611 -8.59231e-05
6.33 0.00156356 -0.00373607 -8.10632e-05
6.335 0.00154017 -0.00373604 -7.65191e-05
6.34 0.00150789 -0.00373603 -7.23652e-05
6.345 0.00146619 -0.00373605 -6.86329e-05
6.35 0.001415 -0.00373609 -6.53224e-05
6.355 0.00135472 -0.00373616 -6.24213e-05
6.36 0.00128627 -0.00373624 -5.9918e-05
6.365 0.00121091 -0.00373634 -5.77976e-05
6.37 0.00113003 -0.00373645 -5.60227e-05
6.375 0.00104508 -0.00373656 -5.45213e-05
6.38 0.000957624 -0.00373667 -5.31994e-05
6.385 0.00086922 -0.00373678 -5.19653e-05
6.39 0.000781343 -0.00373687 -5.07388e-05
6.395 0.000695326 -0.00373694 -4.94436e-05
6.4 0.000612353 -0.003737 -4.80023e-05
6.405 0.000533392 -0.00373703 -4.63419e-05
6.41 0.00045914 -0.00373704 -4.43995e-05
6.415 0.000389991 -0.00373703 -4.21287e-05
6.42 0.000325957 -0.00373701 -3.95056e-05
6.425 0.000266646 -0.00373697 -3.65197e-05
6.43 0.00021144 -0.00373692 -3.31539e-05
6.435 0.000159671 -0.00373687 -2.93903e-05
6.44 0.000110656 -0.00373682 -2.52428e-05
6.445 6.37632e-05 -0.00373678 -2.07702e-05
6.45 1.84148e-05 -0.00373675 -1.60433e-05
6.455 -2.58715e-05 -0.00373674 -1.11066e-05
6.46 -6.93296e-05 -0.00373674 -5.98499e-06
6.465 -0.00011181 -0.00373677 -7.14788e-07
6.47 -0.000152855 -0.00373683 4.63192e-06
6.475 -0.000192128 -0.0037369 9.945e-06
6.48 -0.0002298 -0.003737 1.51153e-05
6.485 -0.000266536 -0.00373711 2.00829e-05
6.49 -0.000303247 -0.00373723 2.48319e-05
6.495 -0.000340986 -0.00373736 2.93376e-05
6.5 -0.000380956 -0.00373749 3.35287e-05
6.505 -0.000424699 -0.00373762 3.73151e-05
6.51 -0.000474086 -0.00373773 4.06571e-05
6.515 -0.000530675 -0.00373783 4.35861e-05
6.52 -0.000595147 -0.00373791 4.61581e-05
6.525 -0.000667353 -0.00373797 4.84117e-05
6.53 -0.000746515 -0.003738 5.03765e-05
6.535 -0.000831332 -0.00373801 5.20933e-05
6.54 -0.00092009 -0.00373799 5.36123e-05
6.545 -0.00101081 -0.00373795 5.49926e-05
6.55 -0.00110133 -0.00373789 5.63228e-05
6.555 -0.00118921 -0.00373781 5.77226e-05
6.56 -0.00127172 -0.00373773 5.92993e-05
6.565 -0.00134627 -0.00373765 6.11065e-05
6.57 -0.00141075 -0.00373757 6.31523e-05
6.575 -0.00146362 -0.0037375 6.54392e-05
6.58 -0.00150402 -0.00373745 6.79838e-05
6.585 -0.00153167 -0.00373742 7.08011e-05
6.59 -0.00154683 -0.00373741 7.38773e-05
6.595 -0.00155034 -0.00373743 7.71556e-05
6.6 -0.0015435 -0.00373748 8.05475e-05
6.605 -0.00152806 -0.00373755 8.39567e-05
6.61 -0.00150619 -0.00373764 8.72959e-05
6.615 -0.00148042 -0.00373775 9.04836e-05
6.62 -0.0014536 -0.00373788 9.34308e-05
6.625 -0.00142859 -0.00373802 9.60358e-05
6.63 -0.00140803 -0.00373815 9.81976e-05
6.635 -0.00139415 -0.00373828 9.9838e-05
6.64 -0.00138848 -0.0037384 0.000100917
6.645 -0.00139186 -0.00373849 0.000101434
6.65 -0.00140431 -0.00373856 0.00010141
6.655 -0.00142502 -0.0037386 0.000100877
6.66 -0.00145248 -0.00373861 9.9877e-05
6.665 -0.00148446 -0.0037386 9.84581e-05
6.67 -0.00151817 -0.00373856 9.66778e-05
6.675 -0.00155063 -0.0037385 9.46172e-05
6.68 -0.00157911 -0.00373842 9.23768e-05
6.685 -0.00160129 -0.00373832 9.0054e-05
6.69 -0.00161533 -0.00373823 8.77245e-05
6.695 -0.00161984 -0.00373814 8.54422e-05
6.7 -0.00161384 -0.00373805 8.32486e-05
6.705 -0.00159674 -0.00373799 8.118e-05
6.71 -0.00156828 -0.00373794 7.92668e-05
6.715 -0.00152862 -0.00373792 7.75265e-05
6.72 -0.00147845 -0.00373793 7.59538e-05
6.725 -0.00141886 -0.00373797 7.45175e-05
6.73 -0.00135125 -0.00373803 7.31655e-05
6.735 -0.0012771 -0.0037381 7.18359e-05
6.74 -0.0011978 -0.0037382 7.04652e-05
6.745 -0.00111464 -0.00373831 6.89917e-05
6.75 -0.00102881 -0.00373842 6.73553e-05
6.755 -0.000941392 -0.00373852 6.54934e-05
6.76 -0.000853454 -0.00373863 6.3335e-05
6.765 -0.000766132 -0.00373871 6.08089e-05
6.77 -0.000680624 -0.00373879 5.78634e-05
6.775 -0.000598066 -0.00373884 5.44736e-05
6.78 -0.000519442 -0.00373887 5.06341e-05
6.785 -0.000445574 -0.00373889 4.63505e-05
6.79 -0.000377119 -0.00373888 4.16357e-05
6.795 -0.000314554 -0.00373886 3.65086e-05
6.8 -0.000258119 -0.00373884 3.09975e-05
6.805 -0.00020784 -0.0037388 2.51581e-05
6.81 -0.000163508 -0.00373877 1.90923e-05
6.815 -0.000124525 -0.00373873 1.29177e-05
6.82 -8.9998e-05 -0.00373871 6.71448e-06
6.825 -5.89116e-05 -0.00373871 5.42526e-07
6.83 -3.00441e-05 -0.00373872 -5.51583e-06
6.835 -2.00223e-06 -0.00373875 -1.13569e-05
6.84 2.64881e-05 -0.0037388 -1.68686e-05
6.845 5.65267e-05 -0.00373887 -2.194e-05
6.85 8.91374e-05 -0.00373895 -2.64835e-05
6.855 0.000125169 -0.00373905 -3.04617e-05
6.86 0.000165074 -0.00373916 -3.38911e-05
6.865 0.000208857 -0.00373927 -3.67864e-05
6.87 0.000256239 -0.00373938 -3.91027e-05
6.875 0.00030685 -0.00373949 -4.07867e-05
6.88 0.000360301 -0.00373958 -4.18708e-05
6.885 0.000416146 -0.00373966 -4.24542e-05
6.89 0.000473715 -0.00373971 -4.26265e-05
6.895 0.000531982 -0.00373973 -4.2451e-05
6.9 0.000589609 -0.00373973 -4.19941e-05
6.905 0.00064512 -0.00373971 -4.13347e-05
6.91 0.000697107 -0.00373966 -4.05484e-05
6.915 0.000744392 -0.00373959 -3.97117e-05
6.92 0.000786054 -0.00373951 -3.89297e-05
6.925 0.000821491 -0.00373943 -3.8307e-05
6.93 0.000850497 -0.00373933 -3.78736e-05
6.935 0.00087322 -0.00373924 -3.76015e-05
6.94 0.000890104 -0.00373916 -3.75019e-05
6.945 0.000901729 -0.00373909 -3.76627e-05
6.95 0.000908497 -0.00373905 -3.81803e-05
6.955 0.000910535 -0.00373902 -3.90595e-05
6.96 0.000907978 -0.00373902 -4.01918e-05
6.965 0.000901252 -0.00373905 -4.14517e-05
6.97 0.000891098 -0.00373909 -4.28016e-05
6.975 0.000878345 -0.00373916 -4.42858e-05
6.98 0.000863604 -0.00373924 -4.59388e-05
6.985 0.000847037 -0.00373933 -4.77101e-05
6.99 0.000828451 -0.00373944 -4.94632e-05
6.995 0.00080769 -0.00373954 -5.10443e-05
7 0.000784839 -0.00373964 -5.23672e-05
7.005 0.000760153 -0.00373972 -5.34332e-05
7.01 0.000733913 -0.00373979 -5.42701e-05
7.015 0.000706282 -0.00373984 -5.48536e-05
7.02 0.00067739 -0.00373988 -5.50867e-05
7.025 0.000647562 -0.00373989 -5.48586e-05
7.03 0.000617382 -0.00373987 -5.41269e-05
7.035 0.000587576 -0.00373984 -5.29296e-05
7.04 0.000558929 -0.0037398 -5.13148e-05
7.045 0.000532116 -0.00373974 -4.92809e-05
7.05 0.000507587 -0.00373968 -4.67962e-05
7.055 0.000485675 -0.00373961 -4.38657e-05
7.06 0.000466505 -0.00373955 -4.05604e-05
7.065 0.000449851 -0.0037395 -3.69822e-05
7.07 0.000435125 -0.00373947 -3.32135e-05
7.075 0.000421446 -0.00373945 -2.9304e-05
7.08 0.000407756 -0.00373945 -2.5295e-05
7.085 0.000392922 -0.00373948 -2.12434e-05
7.09 0.000375842 -0.00373952 -1.72255e-05
7.095 0.000355485 -0.00373958 -1.33259e-05
7.1 0.000330889 -0.00373966 -9.6265e-06
7.105 0.000301111 -0.00373976 -6.19164e-06
7.11 0.000265296 -0.00373985 -3.04882e-06
7.115 0.000222896 -0.00373996 -1.88659e-07
7.12 0.000173848 -0.00374005 2.40445e-06
7.125 0.000118623 -0.00374014 4.72637e-06
7.13 5.81715e-05 -0.00374022 6.76307e-06
7.135 -6.30621e-06 -0.00374029 8.52142e-06
7.14 -7.36157e-05 -0.00374033 1.0051e-05
7.145 -0.000142642 -0.00374036 1.14516e-05
7.15 -0.000212196 -0.00374037 1.28436e-05
7.155 -0.00028099 -0.00374035 1.42729e-05
7.16 -0.000347991 -0.00374032 1.56816e-05
7.165 -0.000412719 -0.00374027 1.70396e-05
7.17 -0.000475186 -0.00374021 1.84371e-05
7.175 -0.000535659 -0.00374014 2.00034e-05
7.18 -0.000594379 -0.00374007 2.18015e-05
7.185 -0.000651399 -0.00374001 2.3846e-05
7.19 -0.00070651 -0.00373996 2.61658e-05
7.195 -0.000759314 -0.00373991 2.87776e-05
7.2 -0.000809573 -0.00373989 3.16383e-05
7.205 -0.000857477 -0.00373988 3.46887e-05
7.21 -0.000903676 -0.00373989 3.79261e-05
7.215 -0.000949075 -0.00373993 4.14009e-05
7.22 -0.000994528 -0.00373998 4.51437e-05
7.225 -0.00104069 -0.00374006 4.91144e-05
7.23 -0.00108811 -0.00374015 5.32279e-05
7.235 -0.00113725 -0.00374025 5.74178e-05
7.24 -0.00118854 -0.00374035 6.16653e-05
7.245 -0.0012423 -0.00374046 6.59768e-05
7.25 -0.00129854 -0.00374057 7.03513e-05
7.255 -0.00135684 -0.00374067 7.4764e-05
7.26 -0.00141642 -0.00374077 7.91668e-05
7.265 -0.00147628 -0.00374085 8.35099e-05
7.27 -0.00153549 -0.00374091 8.77679e-05
7.275 -0.00159334 -0.00374096 9.19453e-05
7.28 -0.00164945 -0.00374099 9.60526e-05
7.285 -0.0017036 -0.00374101 0.000100077
7.29 -0.00175581 -0.00374101 0.000103974
7.295 -0.0018065 -0.003741 0.000107688
7.3 -0.00185651 -0.00374098 0.00011119
7.305 -0.001907 -0.00374096 0.000114494
7.31 -0.00195924 -0.00374093 0.000117643
7.315 -0.00201408 -0.00374091 0.000120671
7.32 -0.00207175 -0.00374089 0.000123584
7.325 -0.0021318 -0.00374088 0.000126365
7.33 -0.00219329 -0.00374088 0.000129001
7.335 -0.00225505 -0.00374089 0.000131511
7.34 -0.00231573 -0.00374091 0.000133944
7.345 -0.00237385 -0.00374095 0.000136358
7.35 -0.00242789 -0.00374099 0.000138788
7.355 -0.00247653 -0.00374105 0.000141235
7.36 -0.00251899 -0.00374111 0.000143683
7.365 -0.00255504 -0.00374118 0.000146116
7.37 -0.00258501 -0.00374125 0.000148535
7.375 -0.00260963 -0.00374132 0.000150947
7.38 -0.00262985 -0.00374139 0.000153352
7.385 -0.00264662 -0.00374145 0.000155728
7.39 -0.00266086 -0.00374151 0.000158034
7.395 -0.00267344 -0.00374155 0.00016023
7.4 -0.00268509 -0.00374158 0.00016229
7.405 -0.00269627 -0.0037416 0.0001642
7.41 -0.00270724 -0.00374161 0.000165944
7.415 -0.00271808 -0.00374162 0.000167498
7.42 -0.00272885 -0.00374161 0.000168829
7.425 -0.0027397 -0.00374159 0.000169908
7.43 -0.00275085 -0.00374157 0.000170728
7.435 -0.00276264 -0.00374155 0.0001713
7.44 -0.00277541 -0.00374152 0.000171647
7.445 -0.00278946 -0.00374149 0.000171789
7.45 -0.00280489 -0.00374146 0.000171739
7.455 -0.00282157 -0.00374144 0.000171517
7.46 -0.00283915 -0.00374143 0.000171153
7.465 -0.0028571 -0.00374142 0.00017069
7.47 -0.00287473 -0.00374141 0.000170173
7.475 -0.00289134 -0.00374141 0.000169645
7.48 -0.00290623 -0.00374142 0.000169139
7.485 -0.00291883 -0.00374144 0.000168679
7.49 -0.00292876 -0.00374146 0.000168282
7.495 -0.0029359 -0.00374148 0.000167967
7.5 -0.00294043 -0.0037415 0.000167753
7.505 -0.00294288 -0.00374152 0.00016766
7.51 -0.00294408 -0.00374154 0.000167696
7.515 -0.0029451 -0.00374156 0.000167865
7.52 -0.00294716 -0.00374157 0.000168166
7.525 -0.00295136 -0.00374158 0.000168599
7.53 -0.0029585 -0.00374159 0.000169163
7.535 -0.00296899 -0.00374158 0.000169863
7.54 -0.00298288 -0.00374158 0.0001707
7.545 -0.00299978 -0.00374157 0.000171679
7.55 -0.00301888 -0.00374156 0.000172795
7.555 -0.003039 -0.00374155 0.000174041
7.56 -0.00305862 -0.00374154 0.00017541
7.565 -0.00307586 -0.00374153 0.000176895
7.57 -0.00308856 -0.00374153 0.000178483
7.575 -0.00309446 -0.00374153 0.000180147
7.58 -0.00309155 -0.00374154 0.000181847
7.585 -0.00307837 -0.00374156 0.000183529
7.59 -0.00305413 -0.00374159 0.000185121
7.595 -0.00301859 -0.00374162 0.000186541
7.6 -0.00297208 -0.00374166 0.000187702
7.605 -0.00291539 -0.0037417 0.000188508
7.61 -0.0028497 -0.00374174 0.000188858
7.615 -0.0027764 -0.00374178 0.000188654
7.62 -0.0026971 -0.00374182 0.000187814
7.625 -0.00261349 -0.00374186 0.000186257
7.63 -0.00252734 -0.0037419 0.000183905
7.635 -0.00244031 -0.00374193 0.0001807
7.64 -0.00235404 -0.00374195 0.000176603
7.645 -0.00227005 -0.00374197 0.000171606
7.65 -0.00218981 -0.00374198 0.000165729
7.655 -0.00211473 -0.00374198 0.000159019
7.66 -0.00204598 -0.00374199 0.000151541
7.665 -0.001984 -0.00374199 0.000143388
7.67 -0.00192869 -0.003742 0.000134679
7.675 -0.00187958 -0.003742 0.000125554
7.68 -0.00183579 -0.00374202 0.000116164
7.685 -0.00179611 -0.00374204 0.000106663
7.69 -0.00175893 -0.00374207 9.72149e-05
7.695 -0.00172221 -0.00374211 8.79838e-05
7.7 -0.00168358 -0.00374216 7.91285e-05
7.705 -0.00164065 -0.00374222 7.07953e-05
7.71 -0.00159097 -0.00374229 6.31121e-05
7.715 -0.00153206 -0.00374237 5.61799e-05
7.72 -0.00146176 -0.00374245 5.00648e-05
7.725 -0.00137849 -0.00374254 4.4794e-05
7.73 -0.00128125 -0.00374263 4.03619e-05
7.735 -0.00116967 -0.00374271 3.67313e-05
7.74 -0.00104405 -0.00374279 3.38289e-05
7.745 -0.000905322 -0.00374287 3.15486e-05
7.75 -0.000755151 -0.00374293 2.97645e-05
7.755 -0.000595672 -0.00374298 2.83342e-05
7.76 -0.00042922 -0.00374301 2.70909e-05
7.765 -0.000258234 -0.00374304 2.58509e-05
7.77 -8.51957e-05 -0.00374305 2.44362e-05
7.775 8.73529e-05 -0.00374305 2.26269e-05
7.78 0.000256534 -0.00374303 2.01248e-05
7.785 0.00041922 -0.003743 1.6742e-05
7.79 0.000572711 -0.00374296 1.25405e-05
7.795 0.000715078 -0.00374292 7.61853e-06
7.8 0.000845024 -0.00374289 1.88094e-06
7.805 0.000961851 -0.00374286 -4.87656e-06
7.81 0.00106545 -0.00374284 -1.273e-05
