0.005 -2.74245e-07 -0.00344101 2.5196e-10
0.01 -1.27062e-06 -0.00347317 2.60005e-09
0.015 -2.9534e-06 -0.00350165 1.27362e-08
0.02 -4.89756e-06 -0.00352415 3.98017e-08
0.025 -6.65544e-06 -0.00353969 9.03223e-08
0.03 -7.78283e-06 -0.00354852 1.61204e-07
0.035 -7.93906e-06 -0.00355035 2.39699e-07
0.04 -6.97264e-06 -0.00354468 3.09411e-07
0.045 -4.93812e-06 -0.00353225 3.58169e-07
0.05 -2.09392e-06 -0.00351496 3.89975e-07
0.055 1.11548e-06 -0.00349434 4.17685e-07
0.06 4.14934e-06 -0.00347118 4.40757e-07
0.065 6.4426e-06 -0.00344671 4.52417e-07
0.07 7.37167e-06 -0.00342299 4.50896e-07
0.075 6.27981e-06 -0.00340209 4.33761e-07
0.08 2.60757e-06 -0.00338539 4.01624e-07
0.085 -4.01562e-06 -0.00337374 3.68941e-07
0.09 -1.37411e-05 -0.00336772 3.67494e-07
0.095 -2.65301e-05 -0.00336764 4.36041e-07
0.1 -4.22136e-05 -0.00337357 5.97417e-07
0.105 -6.05343e-05 -0.00338514 8.49134e-07
0.11 -8.11578e-05 -0.00340154 1.19572e-06
0.115 -0.000103652 -0.00342157 1.67947e-06
0.12 -0.000127482 -0.00344387 2.35472e-06
0.125 -0.000152018 -0.00346709 3.24728e-06
0.13 -0.000176569 -0.00348985 4.35478e-06
0.135 -0.000200511 -0.00351076 5.67332e-06
0.14 -0.000223325 -0.00352855 7.21616e-06
0.145 -0.000244557 -0.00354217 9.00413e-06
0.15 -0.000263792 -0.00355088 1.1041e-05
0.155 -0.000280674 -0.0035543 1.32991e-05
0.16 -0.000295037 -0.00355239 1.5712e-05
0.165 -0.000307014 -0.00354556 1.82055e-05
0.17 -0.000316912 -0.00353449 2.07635e-05
0.175 -0.000325109 -0.0035201 2.34133e-05
0.18 -0.000332174 -0.00350341 2.61393e-05
0.185 -0.000338833 -0.00348555 2.88663e-05
0.19 -0.000345803 -0.00346777 3.15138e-05
0.195 -0.000353766 -0.00345132 3.40295e-05
0.2 -0.000363346 -0.00343734 3.63838e-05
0.205 -0.000375015 -0.00342674 3.85599e-05
0.21 -0.000389045 -0.00342015 4.05437e-05
0.215 -0.00040551 -0.00341793 4.23125e-05
0.22 -0.00042435 -0.00342017 4.38431e-05
0.225 -0.00044546 -0.0034267 4.51318e-05
0.23 -0.000468735 -0.00343703 4.61941e-05
0.235 -0.000494069 -0.00345043 4.70547e-05
0.24 -0.000521365 -0.00346599 4.77464e-05
0.245 -0.000550499 -0.00348269 4.82984e-05
0.25 -0.000581212 -0.00349949 4.87349e-05
0.255 -0.000613086 -0.00351537 4.90907e-05
0.26 -0.000645556 -0.00352933 4.94159e-05
0.265 -0.000677919 -0.00354054 4.97646e-05
0.27 -0.000709345 -0.00354834 5.01818e-05
0.275 -0.000738919 -0.00355233 5.07016e-05
0.28 -0.000765763 -0.00355236 5.13434e-05
0.285 -0.000789315 -0.00354858 5.21159e-05
0.29 -0.000809601 -0.00354144 5.30383e-05
0.295 -0.000827151 -0.0035316 5.41417e-05
0.3 -0.000842675 -0.00351977 5.54444e-05
0.305 -0.00085678 -0.00350673 5.69385e-05
0.31 -0.000869885 -0.00349336 5.86011e-05
0.315 -0.00088237 -0.00348064 6.04086e-05
0.32 -0.000894571 -0.00346946 6.23419e-05
0.325 -0.000906723 -0.00346056 6.43853e-05
0.33 -0.000919082 -0.00345448 6.65218e-05
0.335 -0.000932019 -0.00345157 6.87265e-05
0.34 -0.000945946 -0.00345198 7.09691e-05
0.345 -0.000961262 -0.00345568 7.32193e-05
0.35 -0.000978361 -0.00346241 7.54508e-05
0.355 -0.00099757 -0.00347164 7.76496e-05
0.36 -0.00101902 -0.00348275 7.98144e-05
0.365 -0.00104258 -0.00349501 8.19443e-05
0.37 -0.00106795 -0.00350765 8.40267e-05
0.375 -0.00109476 -0.0035199 8.60406e-05
0.38 -0.00112262 -0.003531 8.79744e-05
0.385 -0.00115111 -0.00354025 8.98342e-05
0.39 -0.00117979 -0.00354715 9.16336e-05
0.395 -0.00120807 -0.0035513 9.33834e-05
0.4 -0.00123523 -0.00355255 9.50819e-05
0.405 -0.00126058 -0.00355092 9.67161e-05
0.41 -0.00128345 -0.00354661 9.82813e-05
0.415 -0.00130323 -0.00354001 9.97945e-05
0.42 -0.00131942 -0.00353165 0.000101272
0.425 -0.0013317 -0.00352217 0.0001027
0.43 -0.00134001 -0.00351221 0.00010405
0.435 -0.00134447 -0.00350245 0.000105301
0.44 -0.00134535 -0.00349354 0.000106436
0.445 -0.00134316 -0.0034861 0.000107434
0.45 -0.00133849 -0.00348062 0.000108274
0.455 -0.00133198 -0.00347742 0.000108934
0.46 -0.00132438 -0.00347667 0.000109394
0.465 -0.00131651 -0.00347837 0.000109635
0.47 -0.00130921 -0.0034824 0.000109651
0.475 -0.00130319 -0.00348846 0.000109439
0.48 -0.00129907 -0.00349611 0.000108994
0.485 -0.00129731 -0.0035048 0.000108327
0.49 -0.0012982 -0.00351396 0.00010746
0.495 -0.00130184 -0.003523 0.000106413
0.5 -0.00130821 -0.00353136 0.000105213
0.505 -0.00131707 -0.0035385 0.000103899
0.51 -0.00132822 -0.00354397 0.000102513
0.515 -0.0013415 -0.00354746 0.000101102
0.52 -0.00135644 -0.00354878 9.97176e-05
0.525 -0.00137226 -0.00354795 9.84263e-05
0.53 -0.00138815 -0.00354509 9.72875e-05
0.535 -0.0014034 -0.00354048 9.63368e-05
0.54 -0.00141725 -0.00353445 9.55982e-05
0.545 -0.00142877 -0.00352747 9.51019e-05
0.55 -0.00143705 -0.00352004 9.48781e-05
0.555 -0.0014412 -0.00351267 9.49378e-05
0.56 -0.00144043 -0.00350589 9.52739e-05
0.565 -0.00143431 -0.00350014 9.58699e-05
0.57 -0.00142269 -0.0034958 9.66988e-05
0.575 -0.00140566 -0.00349314 9.77212e-05
0.58 -0.00138352 -0.00349232 9.88871e-05
0.585 -0.0013567 -0.00349338 0.000100139
0.59 -0.00132577 -0.00349624 0.00010141
0.595 -0.00129132 -0.00350066 0.000102619
0.6 -0.0012539 -0.00350634 0.000103686
0.605 -0.00121413 -0.00351288 0.000104538
0.61 -0.00117268 -0.00351985 0.000105101
0.615 -0.00113024 -0.00352681 0.0001053
0.62 -0.00108753 -0.00353329 0.000105059
0.625 -0.00104533 -0.0035389 0.000104317
0.63 -0.00100425 -0.00354329 0.000103028
0.635 -0.000964619 -0.00354619 0.000101161
0.64 -0.000926551 -0.00354749 9.87129e-05
0.645 -0.000890222 -0.00354719 9.56944e-05
0.65 -0.000855994 -0.00354538 9.21219e-05
0.655 -0.000824196 -0.00354223 8.80201e-05
0.66 -0.000794967 -0.00353797 8.34339e-05
0.665 -0.000768279 -0.00353294 7.84257e-05
0.67 -0.000744077 -0.00352753 7.30671e-05
0.675 -0.00072235 -0.00352216 6.74395e-05
0.68 -0.00070302 -0.00351721 6.16374e-05
0.685 -0.000685735 -0.00351302 5.57621e-05
0.69 -0.000669695 -0.00350989 4.99139e-05
0.695 -0.000653792 -0.00350804 4.41878e-05
0.7 -0.00063679 -0.0035076 3.86732e-05
0.705 -0.000617384 -0.00350861 3.34526e-05
0.71 -0.000594348 -0.003511 2.86005e-05
0.715 -0.000566674 -0.00351462 2.41807e-05
0.72 -0.000533709 -0.00351924 2.02413e-05
0.725 -0.000495173 -0.00352457 1.68086e-05
0.73 -0.000451124 -0.00353028 1.38861e-05
0.735 -0.000401894 -0.00353602 1.14592e-05
0.74 -0.000347926 -0.00354144 9.50086e-06
0.745 -0.000289717 -0.00354621 7.97346e-06
0.75 -0.000227877 -0.00355005 6.82144e-06
0.755 -0.000163025 -0.00355276 5.97031e-06
0.76 -9.57698e-05 -0.00355418 5.3366e-06
0.765 -2.68832e-05 -0.00355428 4.82899e-06
0.77 4.25568e-05 -0.00355307 4.31558e-06
0.775 0.000111022 -0.00355069 3.62138e-06
0.78 0.000176669 -0.00354735 2.63954e-06
0.785 0.000237785 -0.0035433 1.39576e-06
0.79 0.000293016 -0.00353881 -5.94479e-08
0.795 0.00034124 -0.00353419 -1.76519e-06
0.8 0.000381434 -0.00352975 -3.84785e-06
0.805 0.000412722 -0.00352579 -6.42138e-06
0.81 0.00043452 -0.00352259 -9.485e-06
0.815 0.000446696 -0.00352038 -1.29266e-05
0.82 0.000449624 -0.00351928 -1.66119e-05
0.825 0.000444175 -0.00351936 -2.04555e-05
0.83 0.000431612 -0.0035206 -2.44209e-05
0.835 0.000413429 -0.00352293 -2.84696e-05
0.84 0.000391302 -0.00352622 -3.24979e-05
0.845 0.000367218 -0.00353026 -3.63129e-05
0.85 0.000343574 -0.00353479 -3.97012e-05
0.855 0.000323002 -0.00353952 -4.25599e-05
0.86 0.000307947 -0.00354418 -4.49312e-05
0.865 0.000300295 -0.00354848 -4.68675e-05
0.87 0.000301302 -0.00355218 -4.83103e-05
0.875 0.000311618 -0.00355507 -4.91452e-05
0.88 0.000331218 -0.00355698 -4.93294e-05
0.885 0.000359431 -0.0035578 -4.89153e-05
0.89 0.000395167 -0.00355751 -4.79913e-05
0.895 0.000437087 -0.00355622 -4.66478e-05
0.9 0.000483668 -0.00355407 -4.49817e-05
0.905 0.000533158 -0.00355123 -4.31122e-05
0.91 0.000583547 -0.00354786 -4.1176e-05
0.915 0.000632668 -0.00354422 -3.9297e-05
0.92 0.000678371 -0.00354057 -3.75607e-05
0.925 0.000718738 -0.00353719 -3.60251e-05
0.93 0.000752187 -0.00353432 -3.476e-05
0.935 0.000777469 -0.00353213 -3.38668e-05
0.94 0.000793632 -0.00353075 -3.34442e-05
0.945 0.000800017 -0.00353027 -3.35326e-05
0.95 0.000796347 -0.00353071 -3.41003e-05
0.955 0.000782819 -0.00353203 -3.50872e-05
0.96 0.000760099 -0.00353417 -3.64446e-05
0.965 0.00072925 -0.00353697 -3.81231e-05
0.97 0.000691644 -0.00354022 -4.00546e-05
0.975 0.000648881 -0.0035437 -4.21453e-05
0.98 0.000602755 -0.0035472 -4.42737e-05
0.985 0.00055518 -0.00355053 -4.63089e-05
0.99 0.000508054 -0.00355348 -4.81415e-05
0.995 0.000463116 -0.00355586 -4.96901e-05
1 0.000421881 -0.00355753 -5.08768e-05
1.005 0.00038568 -0.00355841 -5.16037e-05
1.01 0.000355661 -0.00355846 -5.17612e-05
1.015 0.000332749 -0.00355771 -5.12772e-05
1.02 0.000317565 -0.00355626 -5.01653e-05
1.025 0.000310318 -0.00355425 -4.84987e-05
1.03 0.0003108 -0.00355184 -4.63421e-05
1.035 0.000318417 -0.00354919 -4.37297e-05
1.04 0.000332192 -0.00354647 -4.07015e-05
1.045 0.000350822 -0.0035439 -3.73351e-05
1.05 0.000372811 -0.00354166 -3.37377e-05
1.055 0.000396567 -0.00353992 -3.00264e-05
1.06 0.00042043 -0.00353879 -2.63185e-05
1.065 0.000442737 -0.00353834 -2.27315e-05
1.07 0.000461923 -0.0035386 -1.93779e-05
1.075 0.000476606 -0.00353955 -1.63546e-05
1.08 0.000485661 -0.00354113 -1.37375e-05
1.085 0.000488263 -0.00354322 -1.1584e-05
1.09 0.000483865 -0.00354568 -9.93936e-06
1.095 0.000472171 -0.00354834 -8.83458e-06
1.1 0.000453143 -0.00355103 -8.27678e-06
1.105 0.000427052 -0.00355358 -8.24089e-06
1.11 0.000394469 -0.00355583 -8.67181e-06
1.115 0.000356188 -0.00355763 -9.49702e-06
1.12 0.000313179 -0.00355888 -1.06359e-05
1.125 0.000266544 -0.00355952 -1.19984e-05
1.13 0.000217511 -0.00355954 -1.34856e-05
1.135 0.000167442 -0.00355896 -1.49941e-05
1.14 0.00011778 -0.00355782 -1.64185e-05
1.145 7.00334e-05 -0.00355621 -1.76342e-05
1.15 2.58889e-05 -0.00355426 -1.84711e-05
1.155 -1.28965e-05 -0.00355211 -1.88013e-05
1.16 -4.50682e-05 -0.00354993 -1.86686e-05
1.165 -7.01787e-05 -0.00354789 -1.81784e-05
1.17 -8.83038e-05 -0.0035461 -1.73017e-05
1.175 -9.97242e-05 -0.00354468 -1.59129e-05
1.18 -0.000104794 -0.00354374 -1.39479e-05
1.185 -0.000103931 -0.00354333 -1.14626e-05
1.19 -9.75308e-05 -0.0035435 -8.56387e-06
1.195 -8.59421e-05 -0.00354422 -5.34074e-06
1.2 -6.97184e-05 -0.00354545 -1.88507e-06
1.205 -4.9781e-05 -0.0035471 1.68059e-06
1.21 -2.72775e-05 -0.00354908 5.22614e-06
1.215 -3.58915e-06 -0.00355127 8.61073e-06
1.22 1.93787e-05 -0.00355352 1.16776e-05
1.225 3.93607e-05 -0.00355569 1.43369e-05
1.23 5.43722e-05 -0.00355766 1.66193e-05
1.235 6.30724e-05 -0.0035593 1.85922e-05
1.24 6.47471e-05 -0.00356055 2.02179e-05
1.245 5.91328e-05 -0.00356132 2.13269e-05
1.25 4.6236e-05 -0.00356158 2.17676e-05
1.255 2.62788e-05 -0.00356131 2.15441e-05
1.26 -3.69706e-07 -0.00356056 2.07815e-05
1.265 -3.32102e-05 -0.00355943 1.96266e-05
1.27 -7.13717e-05 -0.00355801 1.82104e-05
1.275 -0.000113399 -0.00355639 1.66461e-05
1.28 -0.000157369 -0.00355468 1.50126e-05
1.285 -0.000201064 -0.003553 1.33813e-05
1.29 -0.000242145 -0.00355147 1.18428e-05
1.295 -0.000278518 -0.00355022 1.04507e-05
1.3 -0.000308685 -0.00354931 9.20645e-06
1.305 -0.000331755 -0.00354881 8.1453e-06
1.31 -0.000347219 -0.00354874 7.38756e-06
1.315 -0.000354726 -0.00354911 7.06803e-06
1.32 -0.000354042 -0.00354987 7.23031e-06
1.325 -0.0003451 -0.00355097 7.81509e-06
1.33 -0.000328027 -0.00355234 8.72919e-06
1.335 -0.000303194 -0.0035539 9.90293e-06
1.34 -0.00027127 -0.00355554 1.12948e-05
1.345 -0.000233282 -0.00355713 1.28641e-05
1.35 -0.000190657 -0.0035586 1.45364e-05
1.355 -0.000145307 -0.00355985 1.61706e-05
1.36 -9.98263e-05 -0.00356082 1.75586e-05
1.365 -5.73779e-05 -0.00356143 1.85446e-05
1.37 -2.10335e-05 -0.00356166 1.91757e-05
1.375 6.91298e-06 -0.0035615 1.96118e-05
1.38 2.51063e-05 -0.00356099 1.98572e-05
1.385 3.28251e-05 -0.00356017 1.9713e-05
1.39 2.98945e-05 -0.00355912 1.90111e-05
1.395 1.6759e-05 -0.00355791 1.77835e-05
1.4 -5.74675e-06 -0.00355663 1.61788e-05
1.405 -3.65895e-05 -0.00355539 1.43213e-05
1.41 -7.43605e-05 -0.00355426 1.231e-05
1.415 -0.000117068 -0.00355331 1.02693e-05
1.42 -0.000162236 -0.00355263 8.32891e-06
1.425 -0.000207192 -0.00355226 6.57343e-06
1.43 -0.000249263 -0.00355222 5.0482e-06
1.435 -0.000285921 -0.00355251 3.79212e-06
1.44 -0.000315076 -0.00355312 2.85778e-06
1.445 -0.000335268 -0.00355399 2.32814e-06
1.45 -0.000345606 -0.00355507 2.29132e-06
1.455 -0.000345682 -0.00355628 2.77908e-06
1.46 -0.000335588 -0.00355754 3.75065e-06
1.465 -0.000315921 -0.00355877 5.12883e-06
1.47 -0.000287704 -0.00355991 6.8407e-06
1.475 -0.000252238 -0.0035609 8.83164e-06
1.48 -0.000211013 -0.00356166 1.1033e-05
1.485 -0.000165664 -0.00356216 1.33286e-05
1.49 -0.000117945 -0.00356239 1.55645e-05
1.495 -6.9905e-05 -0.00356234 1.75529e-05
1.5 -2.41182e-05 -0.00356203 1.9094e-05
1.505 1.67374e-05 -0.00356149 2.0126e-05
1.51 5.07985e-05 -0.00356076 2.07908e-05
1.515 7.73364e-05 -0.00355989 2.11937e-05
1.52 9.63432e-05 -0.00355897 2.11899e-05
1.525 0.000108218 -0.00355808 2.05255e-05
1.53 0.000113767 -0.00355726 1.91149e-05
1.535 0.000114127 -0.00355658 1.70789e-05
1.54 0.000110627 -0.0035561 1.45625e-05
1.545 0.000104631 -0.00355584 1.16296e-05
1.55 9.74339e-05 -0.00355584 8.32257e-06
1.555 9.03657e-05 -0.0035561 4.72868e-06
1.56 8.4651e-05 -0.00355662 9.5203e-07
1.565 8.11612e-05 -0.00355738 -2.93221e-06
1.57 8.04731e-05 -0.00355833 -6.87489e-06
1.575 8.31197e-05 -0.00355942 -1.08055e-05
1.58 8.98732e-05 -0.00356061 -1.45906e-05
1.585 0.000101846 -0.00356182 -1.80896e-05
1.59 0.000120264 -0.003563 -2.12703e-05
1.595 0.000146167 -0.00356408 -2.4204e-05
1.6 0.000180205 -0.003565 -2.69342e-05
1.605 0.000222533 -0.00356573 -2.94215e-05
1.61 0.00027273 -0.00356624 -3.16186e-05
1.615 0.000329814 -0.0035665 -3.35451e-05
1.62 0.000392278 -0.00356651 -3.52745e-05
1.625 0.000458239 -0.00356628 -3.68702e-05
1.63 0.00052558 -0.00356586 -3.83702e-05
1.635 0.0005917 -0.00356526 -3.98411e-05
1.64 0.000653611 -0.00356456 -4.13928e-05
1.645 0.00070851 -0.0035638 -4.31091e-05
1.65 0.000754085 -0.00356304 -4.50002e-05
1.655 0.000788649 -0.00356234 -4.70338e-05
1.66 0.000811126 -0.00356176 -4.91919e-05
1.665 0.00082095 -0.00356134 -5.1491e-05
1.67 0.000817954 -0.00356112 -5.39436e-05
1.675 0.000802387 -0.00356112 -5.64896e-05
1.68 0.000775074 -0.00356136 -5.89829e-05
1.685 0.000737405 -0.00356182 -6.12687e-05
1.69 0.000691084 -0.00356248 -6.32649e-05
1.695 0.000637802 -0.0035633 -6.49437e-05
1.7 0.000579018 -0.00356424 -6.62427e-05
1.705 0.000515936 -0.00356525 -6.70162e-05
1.71 0.000449617 -0.00356626 -6.70864e-05
1.715 0.000381276 -0.00356719 -6.63231e-05
1.72 0.000312515 -0.00356801 -6.465e-05
1.725 0.000245643 -0.00356868 -6.20005e-05
1.73 0.000183831 -0.0035692 -5.83312e-05
1.735 0.000130553 -0.00356955 -5.36848e-05
1.74 8.86066e-05 -0.00356971 -4.81819e-05
1.745 5.96643e-05 -0.00356968 -4.19341e-05
1.75 4.46897e-05 -0.00356952 -3.49962e-05
1.755 4.38735e-05 -0.00356926 -2.7411e-05
1.76 5.6343e-05 -0.00356897 -1.92879e-05
1.765 8.05369e-05 -0.00356869 -1.08776e-05
1.77 0.000114033 -0.00356847 -2.59496e-06
1.775 0.000153282 -0.00356834 5.16367e-06
1.78 0.000194672 -0.00356834 1.23095e-05
1.785 0.000235588 -0.0035685 1.89765e-05
1.79 0.000274032 -0.00356886 2.50847e-05
1.795 0.000308031 -0.0035694 3.02197e-05
1.8 0.000335837 -0.00357011 3.39932e-05
1.805 0.000356199 -0.00357093 3.63064e-05
1.81 0.000368105 -0.00357181 3.72e-05
1.815 0.000370421 -0.0035727 3.66678e-05
1.82 0.000362317 -0.00357357 3.47597e-05
1.825 0.000344058 -0.0035744 3.16706e-05
1.83 0.000316923 -0.00357516 2.75541e-05
1.835 0.00028279 -0.00357581 2.24157e-05
1.84 0.000244291 -0.0035763 1.62994e-05
1.845 0.000204676 -0.00357664 9.42218e-06
1.85 0.000167303 -0.00357685 2.07192e-06
1.855 0.000135443 -0.00357694 -5.5118e-06
1.86 0.00011232 -0.00357694 -1.31259e-05
1.865 0.000100964 -0.00357688 -2.05715e-05
1.87 0.000103768 -0.0035768 -2.76993e-05
1.875 0.000122125 -0.00357673 -3.44185e-05
1.88 0.000156439 -0.0035767 -4.0629e-05
1.885 0.000206168 -0.00357676 -4.62316e-05
1.89 0.000269796 -0.00357691 -5.11923e-05
1.895 0.000345119 -0.00357715 -5.55161e-05
1.9 0.000429612 -0.00357751 -5.91936e-05
1.905 0.00052066 -0.00357796 -6.22532e-05
1.91 0.000615573 -0.0035785 -6.48242e-05
1.915 0.000711633 -0.0035791 -6.70431e-05
1.92 0.00080648 -0.00357973 -6.89478e-05
1.925 0.000898159 -0.00358037 -7.05696e-05
1.93 0.000984804 -0.00358098 -7.20499e-05
1.935 0.00106459 -0.00358153 -7.35748e-05
1.94 0.00113584 -0.00358201 -7.5256e-05
1.945 0.00119697 -0.00358239 -7.71263e-05
1.95 0.00124657 -0.00358268 -7.9193e-05
1.955 0.00128362 -0.00358285 -8.14444e-05
1.96 0.00130789 -0.00358292 -8.38404e-05
1.965 0.00132005 -0.00358289 -8.63603e-05
1.97 0.00132135 -0.00358278 -8.90453e-05
1.975 0.00131356 -0.00358262 -9.19394e-05
1.98 0.00129906 -0.00358244 -9.49682e-05
1.985 0.00128076 -0.00358226 -9.7924e-05
1.99 0.00126213 -0.0035821 -0.000100613
1.995 0.00124706 -0.00358198 -0.000102991
2 0.00123908 -0.00358192 -0.000105134
2.005 0.00124084 -0.00358194 -0.000107104
2.01 0.00125416 -0.00358205 -0.000108867
2.015 0.00128017 -0.00358226 -0.000110326
2.02 0.0013193 -0.00358255 -0.00011141
2.025 0.00137149 -0.0035829 -0.000112151
2.03 0.00143634 -0.00358328 -0.00011268
2.035 0.00151311 -0.0035837 -0.000113161
2.04 0.00160061 -0.00358414 -0.000113719
2.045 0.00169735 -0.00358457 -0.000114408
2.05 0.00180161 -0.00358497 -0.000115268
2.055 0.00191139 -0.00358531 -0.000116414
2.06 0.00202456 -0.0035856 -0.00011802
2.065 0.00213878 -0.00358583 -0.000120259
2.07 0.00225082 -0.00358601 -0.000123252
2.075 0.00235653 -0.00358616 -0.000127057
2.08 0.0024517 -0.00358627 -0.00013168
2.085 0.00253264 -0.00358639 -0.000137098
2.09 0.00259671 -0.00358651 -0.00014328
2.095 0.002642 -0.00358669 -0.000150187
2.1 0.0026672 -0.00358694 -0.000157764
2.105 0.00267206 -0.00358729 -0.0001659
2.11 0.00265708 -0.00358775 -0.0001744
2.115 0.00262371 -0.00358833 -0.000183004
2.12 0.00257464 -0.00358906 -0.000191438
2.125 0.0025136 -0.00358991 -0.000199463
2.13 0.00244492 -0.00359088 -0.000206871
2.135 0.00237329 -0.00359194 -0.000213459
2.14 0.00230344 -0.00359307 -0.000219012
2.145 0.00224012 -0.00359421 -0.000223308
2.15 0.00218786 -0.00359533 -0.000226159
2.155 0.00215069 -0.00359637 -0.000227443
2.16 0.00213213 -0.00359725 -0.000227119
2.165 0.00213491 -0.00359793 -0.000225235
2.17 0.00216047 -0.0035984 -0.000221897
2.175 0.00220901 -0.0035987 -0.000217238
2.18 0.00227933 -0.00359882 -0.00021143
2.185 0.00236872 -0.00359873 -0.000204733
2.19 0.00247294 -0.00359844 -0.000197467
2.195 0.00258663 -0.00359799 -0.000189966
2.2 0.00270371 -0.00359746 -0.000182543
2.205 0.00281776 -0.0035969 -0.00017547
2.21 0.00292249 -0.00359637 -0.000168969
2.215 0.00301151 -0.00359591 -0.000163269
2.22 0.00307826 -0.00359555 -0.000158642
2.225 0.00311706 -0.00359533 -0.000155314
2.23 0.0031235 -0.00359529 -0.000153399
2.235 0.00309439 -0.00359542 -0.000152884
2.24 0.00302837 -0.00359571 -0.000153643
2.245 0.00292621 -0.00359616 -0.000155478
2.25 0.00279065 -0.00359677 -0.000158165
2.255 0.0026262 -0.00359751 -0.000161452
2.26 0.00243897 -0.00359832 -0.000165039
2.265 0.00223639 -0.00359914 -0.00016857
2.27 0.00202698 -0.00359994 -0.000171675
2.275 0.00181982 -0.00360068 -0.00017402
2.28 0.00162372 -0.00360133 -0.000175325
2.285 0.00144639 -0.00360183 -0.000175342
2.29 0.00129402 -0.00360216 -0.000173848
2.295 0.00117097 -0.00360235 -0.000170674
2.3 0.0010798 -0.0036024 -0.000165719
2.305 0.00102126 -0.00360236 -0.000158973
2.31 0.000994614 -0.00360221 -0.000150542
2.315 0.000997917 -0.00360198 -0.00014062
2.32 0.0010284 -0.00360172 -0.000129437
2.325 0.00108259 -0.0036015 -0.000117258
2.33 0.00115626 -0.00360136 -0.000104405
2.335 0.0012447 -0.00360133 -9.12594e-05
2.34 0.00134269 -0.00360145 -7.82269e-05
2.345 0.00144461 -0.00360173 -6.57062e-05
2.35 0.00154466 -0.00360221 -5.40731e-05
2.355 0.00163685 -0.00360287 -4.3682e-05
2.36 0.00171476 -0.0036037 -3.48598e-05
2.365 0.00177115 -0.00360466 -2.78819e-05
2.37 0.00179891 -0.00360572 -2.2944e-05
2.375 0.00179244 -0.00360681 -2.01431e-05
2.38 0.00174791 -0.00360788 -1.94755e-05
2.385 0.00166358 -0.00360886 -2.08322e-05
2.39 0.00154003 -0.00360971 -2.39985e-05
2.395 0.00137994 -0.00361042 -2.86889e-05
2.4 0.00118779 -0.00361097 -3.4572e-05
2.405 0.000969491 -0.00361135 -4.1264e-05
2.41 0.000731889 -0.00361151 -4.83381e-05
2.415 0.00048213 -0.00361147 -5.53619e-05
2.42 0.000227252 -0.00361127 -6.19027e-05
2.425 -2.56274e-05 -0.00361093 -6.74022e-05
2.43 -0.000268832 -0.00361049 -7.11576e-05
2.435 -0.000494725 -0.00360998 -7.27059e-05
2.44 -0.000697294 -0.00360943 -7.20507e-05
2.445 -0.000872693 -0.00360891 -6.93088e-05
2.45 -0.00101838 -0.0036085 -6.434e-05
2.455 -0.00113266 -0.00360825 -5.6787e-05
2.46 -0.00121408 -0.00360817 -4.63924e-05
2.465 -0.00126084 -0.00360828 -3.32035e-05
2.47 -0.00127224 -0.00360863 -1.75189e-05
2.475 -0.00124943 -0.00360923 2.06516e-07
2.48 -0.00119531 -0.00361011 1.94297e-05
2.485 -0.00111489 -0.00361125 3.95918e-05
2.49 -0.00101522 -0.00361263 6.01849e-05
2.495 -0.000904844 -0.00361423 8.07193e-05
2.5 -0.000793886 -0.00361602 0.000100512
2.505 -0.000694709 -0.00361795 0.000118665
2.51 -0.000620283 -0.00361995 0.000134659
2.515 -0.000580399 -0.00362196 0.000148749
2.52 -0.00058045 -0.00362393 0.000161235
2.525 -0.00062301 -0.00362583 0.000171648
2.53 -0.000708793 -0.00362757 0.00017912
2.535 -0.000836768 -0.00362905 0.000183259
2.54 -0.00100437 -0.00363016 0.000184419
2.545 -0.0012076 -0.00363085 0.000183317
2.55 -0.0014412 -0.00363115 0.000180545
2.555 -0.00169872 -0.0036311 0.000176471
2.56 -0.0019724 -0.00363077 0.000171453
2.565 -0.00225382 -0.00363015 0.000165919
2.57 -0.00253467 -0.00362925 0.000160339
2.575 -0.00280681 -0.00362817 0.000155227
2.58 -0.00306243 -0.00362699 0.00015106
2.585 -0.0032943 -0.00362584 0.000148171
2.59 -0.00349582 -0.00362479 0.000146773
2.595 -0.00366122 -0.00362391 0.000147081
2.6 -0.00378585 -0.00362325 0.000149385
2.605 -0.00386636 -0.00362291 0.00015394
2.61 -0.00390091 -0.00362293 0.000160788
2.615 -0.00388982 -0.00362333 0.000169666
2.62 -0.00383589 -0.00362408 0.00018013
2.625 -0.00374435 -0.00362516 0.000191763
2.63 -0.00362228 -0.00362653 0.000204272
2.635 -0.00347779 -0.00362816 0.00021737
2.64 -0.00331977 -0.00362999 0.000230624
2.645 -0.00315774 -0.00363193 0.000243433
2.65 -0.00300132 -0.0036339 0.000255188
2.655 -0.0028594 -0.0036358 0.000265449
2.66 -0.00273946 -0.00363756 0.000273962
2.665 -0.00264728 -0.00363912 0.000280528
2.67 -0.0025868 -0.00364042 0.000284884
2.675 -0.00256031 -0.0036414 0.000286746
2.68 -0.00256879 -0.00364201 0.000285956
2.685 -0.00261201 -0.0036422 0.000282613
2.69 -0.00268861 -0.00364202 0.000277031
2.695 -0.00279591 -0.00364156 0.000269565
2.7 -0.00292928 -0.00364086 0.000260534
2.705 -0.00308195 -0.00363992 0.000250297
2.71 -0.00324564 -0.00363882 0.000239294
2.715 -0.00341122 -0.00363765 0.000227996
2.72 -0.00356935 -0.00363654 0.000216858
2.725 -0.00371107 -0.00363556 0.000206332
2.73 -0.00382823 -0.00363479 0.000196852
2.735 -0.00391409 -0.00363427 0.000188773
2.74 -0.00396395 -0.00363404 0.000182333
2.745 -0.00397551 -0.00363413 0.000177688
2.75 -0.00394865 -0.00363453 0.000174952
2.755 -0.00388548 -0.00363522 0.000174174
2.76 -0.00379032 -0.00363613 0.000175275
2.765 -0.00366886 -0.00363722 0.000178024
2.77 -0.00352754 -0.00363843 0.000182113
2.775 -0.00337339 -0.00363971 0.000187242
2.78 -0.00321358 -0.00364096 0.000193129
2.785 -0.00305494 -0.00364211 0.000199475
2.79 -0.00290363 -0.00364311 0.000205935
2.795 -0.00276484 -0.00364392 0.000212125
2.8 -0.00264263 -0.00364449 0.000217664
2.805 -0.00253952 -0.00364482 0.000222252
2.81 -0.00245649 -0.00364489 0.000225689
2.815 -0.00239323 -0.00364471 0.000227804
2.82 -0.00234801 -0.0036443 0.00022844
2.825 -0.00231813 -0.00364371 0.000227504
2.83 -0.00230072 -0.00364301 0.000224996
2.835 -0.00229299 -0.00364227 0.000220993
2.84 -0.0022923 -0.00364153 0.000215598
2.845 -0.00229621 -0.00364083 0.000208941
2.85 -0.00230251 -0.00364022 0.000201165
2.855 -0.00230927 -0.00363977 0.000192428
2.86 -0.00231539 -0.00363951 0.000182904
2.865 -0.00232079 -0.00363949 0.000172801
2.87 -0.00232533 -0.00363968 0.000162363
2.875 -0.00232844 -0.00364011 0.000151841
2.88 -0.00232931 -0.00364073 0.000141475
2.885 -0.00232671 -0.00364154 0.000131476
2.89 -0.00231869 -0.00364249 0.000122039
2.895 -0.0023028 -0.00364353 0.000113341
2.9 -0.00227617 -0.0036446 0.000105539
2.905 -0.00223565 -0.00364565 9.87558e-05
2.91 -0.00217842 -0.00364662 9.30672e-05
2.915 -0.00210225 -0.00364747 8.84774e-05
2.92 -0.0020055 -0.00364814 8.49286e-05
2.925 -0.00188729 -0.00364862 8.23275e-05
2.93 -0.00174757 -0.00364887 8.0554e-05
2.935 -0.00158705 -0.00364889 7.94561e-05
2.94 -0.00140735 -0.0036487 7.88486e-05
2.945 -0.00121094 -0.00364831 7.85101e-05
2.95 -0.00100115 -0.00364775 7.81951e-05
2.955 -0.000781857 -0.00364706 7.76525e-05
2.96 -0.000557254 -0.0036463 7.66409e-05
2.965 -0.000331764 -0.00364552 7.49314e-05
2.97 -0.000110276 -0.00364478 7.22486e-05
2.975 0.000101113 -0.00364411 6.82086e-05
2.98 0.000295059 -0.00364358 6.24916e-05
2.985 0.000464963 -0.00364323 5.51642e-05
2.99 0.000606634 -0.00364309 4.66386e-05
2.995 0.000718152 -0.00364318 3.7185e-05
3 0.000799436 -0.0036435 2.66304e-05
3.005 0.000851769 -0.00364404 1.46737e-05
3.01 0.000877501 -0.0036448 1.33778e-06
3.015 0.000879721 -0.00364577 -1.30405e-05
3.02 0.000861825 -0.0036469 -2.8063e-05
3.025 0.000827669 -0.00364815 -4.3318e-05
3.03 0.000782153 -0.00364946 -5.83158e-05
3.035 0.000731984 -0.00365078 -7.26063e-05
3.04 0.000685473 -0.00365206 -8.58944e-05
3.045 0.000652004 -0.00365325 -9.79197e-05
3.05 0.00064161 -0.0036543 -0.000108447
3.055 0.000662718 -0.00365517 -0.000117469
3.06 0.000720214 -0.00365585 -0.000125126
3.065 0.000815856 -0.00365631 -0.000131381
3.07 0.0009491 -0.00365654 -0.000136016
3.075 0.00111743 -0.00365653 -0.000138933
3.08 0.00131649 -0.00365629 -0.000140323
3.085 0.00154034 -0.00365584 -0.000140571
3.09 0.00178168 -0.00365523 -0.000140082
3.095 0.00203193 -0.00365453 -0.000139205
3.1 0.00228157 -0.0036538 -0.000138286
3.105 0.00252078 -0.00365305 -0.000137699
3.11 0.00274037 -0.00365231 -0.000137781
3.115 0.00293244 -0.00365164 -0.000138759
3.12 0.0030907 -0.00365111 -0.00014081
3.125 0.00321058 -0.00365077 -0.000144142
3.13 0.00328918 -0.00365065 -0.000148931
3.135 0.00332531 -0.00365074 -0.000155189
3.14 0.00331967 -0.00365104 -0.00016272
3.145 0.00327469 -0.00365154 -0.000171243
3.15 0.00319433 -0.00365223 -0.000180517
3.155 0.0030838 -0.0036531 -0.000190329
3.16 0.00294928 -0.0036541 -0.000200367
3.165 0.00279789 -0.00365519 -0.000210145
3.17 0.00263755 -0.00365632 -0.000219103
3.175 0.00247657 -0.00365743 -0.000226795
3.18 0.00232296 -0.00365848 -0.000232967
3.185 0.0021835 -0.00365942 -0.000237458
3.19 0.00206478 -0.00366022 -0.000240068
3.195 0.00197389 -0.00366084 -0.000240503
3.2 0.00191657 -0.00366123 -0.000238492
3.205 0.0018961 -0.0036614 -0.000233972
3.21 0.0019133 -0.00366136 -0.000227138
3.215 0.00196666 -0.00366114 -0.00021835
3.22 0.00205261 -0.00366077 -0.000208007
3.225 0.00216533 -0.00366027 -0.000196471
3.23 0.00229749 -0.00365966 -0.000184083
3.235 0.00244097 -0.00365902 -0.000171222
3.24 0.00258736 -0.0036584 -0.000158327
3.245 0.00272846 -0.00365785 -0.000145894
3.25 0.00285678 -0.00365742 -0.000134428
3.255 0.00296583 -0.00365714 -0.000124363
3.26 0.00305047 -0.00365704 -0.000116009
3.265 0.00310685 -0.00365712 -0.000109604
3.27 0.00313217 -0.00365739 -0.00010537
3.275 0.0031246 -0.00365783 -0.000103472
3.28 0.00308347 -0.0036584 -0.00010394
3.285 0.00300899 -0.00365907 -0.000106649
3.29 0.00290151 -0.00365981 -0.000111352
3.295 0.00276237 -0.00366061 -0.000117727
3.3 0.00259522 -0.00366141 -0.000125395
3.305 0.00240597 -0.00366216 -0.000133922
3.31 0.00220217 -0.00366282 -0.00014285
3.315 0.00199228 -0.00366337 -0.000151738
3.32 0.00178492 -0.0036638 -0.00016016
3.325 0.00158848 -0.0036641 -0.000167662
3.33 0.00141089 -0.00366427 -0.000173767
3.335 0.00125916 -0.00366429 -0.000178065
3.34 0.00113876 -0.00366418 -0.000180321
3.345 0.00105309 -0.00366396 -0.00018047
3.35 0.00100353 -0.00366365 -0.000178519
3.355 0.000989623 -0.00366332 -0.000174435
3.36 0.00100958 -0.00366298 -0.000168163
3.365 0.00106035 -0.00366267 -0.000159833
3.37 0.00113718 -0.00366238 -0.000149882
3.375 0.00123386 -0.00366215 -0.000138767
3.38 0.00134368 -0.003662 -0.000126699
3.385 0.0014599 -0.00366198 -0.00011385
3.39 0.00157568 -0.00366208 -0.000100634
3.395 0.00168428 -0.00366231 -8.76563e-05
3.4 0.00177927 -0.00366266 -7.54571e-05
3.405 0.0018547 -0.00366311 -6.43886e-05
3.41 0.00190521 -0.00366365 -5.46976e-05
3.415 0.00192631 -0.00366425 -4.66025e-05
3.42 0.00191493 -0.00366489 -4.02524e-05
3.425 0.00186971 -0.00366552 -3.56864e-05
3.43 0.001791 -0.00366613 -3.28718e-05
3.435 0.0016805 -0.00366666 -3.17512e-05
3.44 0.00154098 -0.0036671 -3.22302e-05
3.445 0.00137611 -0.00366741 -3.41416e-05
3.45 0.00119034 -0.0036676 -3.72287e-05
3.455 0.00098847 -0.00366767 -4.11625e-05
3.46 0.000775526 -0.00366763 -4.55666e-05
3.465 0.000557071 -0.00366747 -5.00377e-05
3.47 0.000339171 -0.00366721 -5.41911e-05
3.475 0.00012804 -0.00366688 -5.76715e-05
3.48 -6.97864e-05 -0.00366651 -6.00415e-05
3.485 -0.000247429 -0.00366612 -6.08669e-05
3.49 -0.000399184 -0.00366573 -6.01384e-05
3.495 -0.000522184 -0.00366538 -5.82338e-05
3.5 -0.000616088 -0.00366511 -5.52681e-05
3.505 -0.000681821 -0.00366494 -5.08567e-05
3.51 -0.000720998 -0.00366487 -4.45576e-05
3.515 -0.000735674 -0.00366492 -3.62952e-05
3.52 -0.000727846 -0.0036651 -2.63682e-05
3.525 -0.000699544 -0.00366539 -1.52524e-05
3.53 -0.000653712 -0.0036658 -3.43311e-06
3.535 -0.000594688 -0.00366631 8.73065e-06
3.54 -0.000527941 -0.00366689 2.1051e-05
3.545 -0.000459563 -0.00366754 3.34041e-05
3.55 -0.000395881 -0.00366823 4.55494e-05
3.555 -0.00034331 -0.00366893 5.70106e-05
3.56 -0.000308043 -0.0036696 6.72527e-05
3.565 -0.000294841 -0.00367022 7.61399e-05
3.57 -0.000306 -0.00367077 8.39454e-05
3.575 -0.000341855 -0.00367122 9.07189e-05
3.58 -0.000401813 -0.00367158 9.6054e-05
3.585 -0.000484468 -0.00367182 9.9586e-05
3.59 -0.000587441 -0.00367192 0.000101361
3.595 -0.000707951 -0.00367189 0.000101663
3.6 -0.000843418 -0.00367173 0.00010071
3.605 -0.00099135 -0.00367148 9.8648e-05
3.61 -0.00114861 -0.00367117 9.57763e-05
3.615 -0.00131088 -0.00367082 9.25299e-05
3.62 -0.00147293 -0.00367043 8.92069e-05
3.625 -0.00162938 -0.00367002 8.58687e-05
3.63 -0.00177495 -0.00366965 8.26111e-05
3.635 -0.00190434 -0.00366935 7.9782e-05
3.64 -0.00201256 -0.00366913 7.77591e-05
3.645 -0.00209588 -0.003669 7.66326e-05
3.65 -0.00215239 -0.00366896 7.62983e-05
3.655 -0.00218168 -0.00366902 7.67978e-05
3.66 -0.00218414 -0.00366918 7.83899e-05
3.665 -0.00216081 -0.00366944 8.12723e-05
3.67 -0.00211362 -0.00366978 8.53045e-05
3.675 -0.00204601 -0.00367019 9.00409e-05
3.68 -0.00196323 -0.00367063 9.50421e-05
3.685 -0.00187144 -0.00367108 0.000100125
3.69 -0.00177659 -0.00367152 0.000105328
3.695 -0.00168376 -0.00367193 0.000110687
3.7 -0.00159703 -0.00367231 0.000116039
3.705 -0.0015197 -0.00367262 0.000120991
3.71 -0.00145457 -0.00367286 0.000125109
3.715 -0.00140401 -0.00367302 0.000128134
3.72 -0.00136977 -0.00367308 0.000130056
3.725 -0.00135283 -0.00367306 0.00013099
3.73 -0.00135331 -0.00367297 0.000131008
3.735 -0.00137055 -0.00367281 0.000130072
3.74 -0.00140316 -0.0036726 0.000128122
3.745 -0.00144908 -0.00367237 0.000125207
3.75 -0.00150558 -0.00367212 0.000121514
3.755 -0.00156924 -0.00367187 0.000117264
3.76 -0.00163612 -0.00367165 0.000112634
3.765 -0.00170195 -0.00367148 0.000107743
3.77 -0.00176258 -0.00367136 0.000102713
3.775 -0.00181415 -0.00367131 9.77078e-05
3.78 -0.0018531 -0.00367133 9.29398e-05
3.785 -0.00187613 -0.00367142 8.86226e-05
3.79 -0.00188031 -0.00367158 8.49042e-05
3.795 -0.00186345 -0.0036718 8.1818e-05
3.8 -0.0018243 -0.00367207 7.92981e-05
3.805 -0.00176277 -0.00367236 7.72605e-05
3.81 -0.00167988 -0.00367267 7.56748e-05
3.815 -0.00157756 -0.00367297 7.45482e-05
3.82 -0.00145846 -0.00367324 7.38453e-05
3.825 -0.00132588 -0.00367348 7.3439e-05
3.83 -0.00118377 -0.00367365 7.31289e-05
3.835 -0.00103642 -0.00367376 7.2693e-05
3.84 -0.00088822 -0.00367381 7.19399e-05
3.845 -0.000743335 -0.00367379 7.07424e-05
3.85 -0.000605358 -0.00367371 6.90125e-05
3.855 -0.000477187 -0.00367358 6.665e-05
3.86 -0.000361049 -0.00367341 6.35402e-05
3.865 -0.000258493 -0.00367321 5.95778e-05
3.87 -0.00017046 -0.00367302 5.46762e-05
3.875 -9.72879e-05 -0.00367283 4.88221e-05
3.88 -3.83959e-05 -0.00367268 4.21496e-05
3.885 7.84474e-06 -0.00367257 3.48553e-05
3.89 4.36705e-05 -0.00367253 2.70299e-05
3.895 7.13696e-05 -0.00367255 1.86582e-05
3.9 9.30295e-05 -0.00367266 9.77348e-06
3.905 0.000110594 -0.00367285 5.64882e-07
3.91 0.000125807 -0.00367311 -8.69811e-06
3.915 0.000140152 -0.00367343 -1.78126e-05
3.92 0.000155077 -0.00367381 -2.66625e-05
3.925 0.000172214 -0.00367424 -3.51284e-05
3.93 0.000193536 -0.00367469 -4.30147e-05
3.935 0.000221429 -0.00367513 -5.00843e-05
3.94 0.000258363 -0.00367556 -5.62177e-05
3.945 0.000306312 -0.00367596 -6.14985e-05
3.95 0.000366206 -0.0036763 -6.60578e-05
3.955 0.000437851 -0.00367658 -6.98762e-05
3.96 0.000520278 -0.00367678 -7.28244e-05
3.965 0.000611786 -0.00367689 -7.48608e-05
3.97 0.000710075 -0.00367691 -7.60945e-05
3.975 0.000812562 -0.00367684 -7.66873e-05
3.98 0.000916536 -0.00367668 -7.67768e-05
3.985 0.00101935 -0.00367646 -7.64857e-05
3.99 0.00111859 -0.0036762 -7.59509e-05
3.995 0.0012121 -0.00367591 -7.53119e-05
4 0.00129825 -0.00367562 -7.46973e-05
4.005 0.00137625 -0.00367532 -7.42418e-05
4.01 0.0014465 -0.00367506 -7.40735e-05
4.015 0.00151014 -0.00367484 -7.42617e-05
4.02 0.00156853 -0.00367468 -7.48279e-05
4.025 0.00162284 -0.00367459 -7.58341e-05
4.03 0.00167375 -0.00367458 -7.74105e-05
4.035 0.00172136 -0.00367464 -7.96733e-05
4.04 0.00176523 -0.00367478 -8.26316e-05
4.045 0.00180459 -0.00367499 -8.61915e-05
4.05 0.00183875 -0.00367525 -9.02498e-05
4.055 0.00186714 -0.00367555 -9.47697e-05
4.06 0.00188909 -0.00367588 -9.9763e-05
4.065 0.00190381 -0.00367623 -0.000105217
4.07 0.00191104 -0.00367657 -0.000111033
4.075 0.00191176 -0.0036769 -0.000117037
4.08 0.00190798 -0.00367719 -0.00012303
4.085 0.00190218 -0.00367744 -0.000128862
4.09 0.00189707 -0.00367764 -0.000134438
4.095 0.00189559 -0.00367779 -0.000139692
4.1 0.0019005 -0.00367788 -0.000144562
4.105 0.00191398 -0.00367791 -0.000148979
4.11 0.0019374 -0.0036779 -0.000152874
4.115 0.00197131 -0.00367784 -0.000156194
4.12 0.00201546 -0.00367775 -0.000158908
4.125 0.0020689 -0.00367763 -0.00016102
4.13 0.00213005 -0.0036775 -0.000162579
4.135 0.00219702 -0.00367737 -0.00016367
4.14 0.00226788 -0.00367724 -0.000164374
4.145 0.00234091 -0.00367712 -0.00016475
4.15 0.0024146 -0.00367703 -0.000164864
4.155 0.00248754 -0.00367696 -0.000164828
4.16 0.0025584 -0.00367692 -0.000164792
4.165 0.00262576 -0.00367692 -0.000164896
4.17 0.00268807 -0.00367694 -0.000165247
4.175 0.00274365 -0.003677 -0.000165916
4.18 0.00279057 -0.00367708 -0.000166953
4.185 0.00282664 -0.00367718 -0.000168382
4.19 0.00284935 -0.00367731 -0.000170211
4.195 0.00285609 -0.00367744 -0.00017243
4.2 0.00284517 -0.00367758 -0.000174993
4.205 0.00281623 -0.00367772 -0.000177815
4.21 0.0027698 -0.00367786 -0.000180766
4.215 0.00270734 -0.00367799 -0.00018368
4.22 0.00263178 -0.0036781 -0.00018638
4.225 0.00254778 -0.0036782 -0.000188701
4.23 0.00246055 -0.00367828 -0.000190507
4.235 0.00237495 -0.00367833 -0.00019168
4.24 0.00229558 -0.00367837 -0.000192106
4.245 0.00222674 -0.00367838 -0.000191683
4.25 0.00217186 -0.00367837 -0.000190338
4.255 0.00213295 -0.00367834 -0.000188039
4.26 0.00211064 -0.00367832 -0.000184793
4.265 0.00210456 -0.00367828 -0.000180639
4.27 0.00211329 -0.00367825 -0.000175667
4.275 0.0021345 -0.00367821 -0.000170017
4.28 0.00216521 -0.00367819 -0.000163829
4.285 0.00220204 -0.00367819 -0.000157249
4.29 0.00224139 -0.0036782 -0.000150472
4.295 0.00227949 -0.00367823 -0.000143737
4.3 0.00231261 -0.00367829 -0.000137266
4.305 0.00233725 -0.00367837 -0.00013123
4.31 0.00235031 -0.00367848 -0.000125756
4.315 0.00234926 -0.00367859 -0.000120954
4.32 0.00233226 -0.00367873 -0.000116912
4.325 0.00229831 -0.00367887 -0.000113686
4.33 0.00224721 -0.00367901 -0.000111285
4.335 0.00217964 -0.00367914 -0.00010967
4.34 0.00209719 -0.00367927 -0.000108763
4.345 0.00200229 -0.00367937 -0.000108449
4.35 0.00189785 -0.00367945 -0.000108598
4.355 0.00178704 -0.0036795 -0.000109064
4.36 0.00167311 -0.00367953 -0.000109692
4.365 0.00155921 -0.00367953 -0.000110316
4.37 0.00144823 -0.00367951 -0.000110774
4.375 0.00134269 -0.00367946 -0.000110918
4.38 0.00124458 -0.0036794 -0.000110615
4.385 0.00115535 -0.00367932 -0.000109744
4.39 0.00107597 -0.00367925 -0.000108186
4.395 0.00100678 -0.00367919 -0.000105883
4.4 0.000947219 -0.00367913 -0.000102871
4.405 0.000895942 -0.0036791 -9.91768e-05
4.41 0.000851514 -0.00367908 -9.47273e-05
4.415 0.000812745 -0.0036791 -8.94596e-05
4.42 0.000778526 -0.00367915 -8.3456e-05
4.425 0.000747712 -0.00367923 -7.69038e-05
4.43 0.000719071 -0.00367935 -6.99618e-05
4.435 0.000691269 -0.0036795 -6.27183e-05
4.44 0.000662838 -0.00367967 -5.52501e-05
4.445 0.000632168 -0.00367986 -4.76627e-05
4.45 0.00059756 -0.00368007 -4.00676e-05
4.455 0.000557262 -0.00368029 -3.25672e-05
4.46 0.000509468 -0.00368052 -2.52662e-05
4.465 0.000452395 -0.00368073 -1.82548e-05
4.47 0.0003845 -0.00368094 -1.15834e-05
4.475 0.000304643 -0.00368113 -5.27868e-06
4.48 0.00021213 -0.0036813 6.23298e-07
4.485 0.000106767 -0.00368144 6.08363e-06
4.49 -1.11379e-05 -0.00368156 1.11027e-05
4.495 -0.000140729 -0.00368165 1.57519e-05
4.5 -0.000280408 -0.00368171 2.01896e-05
4.505 -0.000427629 -0.00368174 2.46199e-05
4.51 -0.000579252 -0.00368175 2.91245e-05
4.515 -0.000732357 -0.00368174 3.35836e-05
4.52 -0.000884595 -0.00368172 3.78968e-05
4.525 -0.00103415 -0.00368169 4.21975e-05
4.53 -0.00117962 -0.00368166 4.67556e-05
4.535 -0.00131994 -0.00368163 5.17729e-05
4.54 -0.00145409 -0.00368162 5.73538e-05
4.545 -0.00158063 -0.00368163 6.35756e-05
4.55 -0.00169788 -0.00368168 7.04497e-05
4.555 -0.00180478 -0.00368175 7.78317e-05
4.56 -0.00190144 -0.00368185 8.55151e-05
4.565 -0.00198873 -0.00368199 9.34531e-05
4.57 -0.00206758 -0.00368216 0.000101802
4.575 -0.00213859 -0.00368237 0.00011072
4.58 -0.00220219 -0.00368261 0.000120156
4.585 -0.00225906 -0.00368289 0.000129834
4.59 -0.00231014 -0.00368318 0.000139443
4.595 -0.00235674 -0.00368349 0.000148825
4.6 -0.00240044 -0.0036838 0.000157984
4.605 -0.00244282 -0.00368411 0.000166956
4.61 -0.00248532 -0.00368442 0.000175679
4.615 -0.00252939 -0.00368472 0.000183958
4.62 -0.00257665 -0.00368499 0.000191551
4.625 -0.00262876 -0.00368523 0.000198311
4.63 -0.00268705 -0.00368543 0.000204265
4.635 -0.00275228 -0.00368559 0.000209534
4.64 -0.00282458 -0.00368571 0.000214186
4.645 -0.00290344 -0.00368579 0.000218184
4.65 -0.00298781 -0.00368583 0.00022146
4.655 -0.00307606 -0.00368583 0.000224028
4.66 -0.00316606 -0.00368579 0.000226017
4.665 -0.00325506 -0.00368572 0.00022762
4.67 -0.00333954 -0.00368562 0.000228996
4.675 -0.00341554 -0.00368552 0.000230223
4.68 -0.00347935 -0.00368541 0.000231298
4.685 -0.003528 -0.0036853 0.000232199
4.69 -0.00355937 -0.00368519 0.000232953
4.695 -0.00357225 -0.00368511 0.000233642
4.7 -0.00356647 -0.00368504 0.000234344
4.705 -0.0035428 -0.003685 0.000235059
4.71 -0.00350313 -0.00368499 0.000235697
4.715 -0.00345048 -0.00368502 0.000236133
4.72 -0.00338868 -0.00368507 0.000236266
4.725 -0.00332172 -0.00368514 0.000236043
4.73 -0.00325335 -0.00368523 0.000235428
4.735 -0.00318696 -0.00368533 0.000234363
4.74 -0.00312525 -0.00368545 0.000232756
4.745 -0.00307004 -0.00368556 0.000230527
4.75 -0.0030224 -0.00368568 0.000227646
4.755 -0.00298262 -0.00368577 0.00022414
4.76 -0.00295014 -0.00368586 0.000220065
4.765 -0.00292369 -0.00368592 0.000215475
4.77 -0.00290146 -0.00368597 0.000210408
4.775 -0.00288129 -0.003686 0.000204907
4.78 -0.00286091 -0.00368601 0.000199038
4.785 -0.00283809 -0.003686 0.000192905
4.79 -0.00281063 -0.00368599 0.000186631
4.795 -0.00277657 -0.00368597 0.000180325
4.8 -0.00273418 -0.00368595 0.000174064
4.805 -0.00268213 -0.00368594 0.000167888
4.81 -0.00261943 -0.00368594 0.000161827
4.815 -0.00254555 -0.00368595 0.000155913
4.82 -0.00246041 -0.00368599 0.000150176
4.825 -0.00236448 -0.00368604 0.000144635
4.83 -0.00225873 -0.00368612 0.000139279
4.835 -0.00214485 -0.00368621 0.000134069
4.84 -0.00202518 -0.00368633 0.000128944
4.845 -0.00190229 -0.00368645 0.000123846
4.85 -0.00177859 -0.00368659 0.000118723
4.855 -0.0016562 -0.00368674 0.000113535
4.86 -0.00153702 -0.00368689 0.000108245
4.865 -0.00142267 -0.00368703 0.000102808
4.87 -0.00131418 -0.00368717 9.71938e-05
4.875 -0.00121194 -0.0036873 9.13856e-05
4.88 -0.00111566 -0.00368741 8.53748e-05
4.885 -0.00102428 -0.00368751 7.9163e-05
4.89 -0.000935995 -0.00368759 7.27662e-05
4.895 -0.000849023 -0.00368766 6.62076e-05
4.9 -0.000761895 -0.00368772 5.95051e-05
4.905 -0.000673393 -0.00368776 5.26713e-05
4.91 -0.000582473 -0.00368781 4.57228e-05
4.915 -0.000488334 -0.00368785 3.86818e-05
4.92 -0.000390734 -0.00368789 3.15725e-05
4.925 -0.000290319 -0.00368794 2.44247e-05
4.93 -0.000188579 -0.003688 1.7279e-05
4.935 -8.73619e-05 -0.00368807 1.01765e-05
4.94 1.15272e-05 -0.00368816 3.13979e-06
4.945 0.000106677 -0.00368826 -3.84111e-06
4.95 0.000197144 -0.00368838 -1.07889e-05
4.955 0.000282555 -0.00368852 -1.76591e-05
4.96 0.000363411 -0.00368866 -2.43223e-05
4.965 0.000440908 -0.00368881 -3.06983e-05
4.97 0.000516625 -0.00368896 -3.68346e-05
4.975 0.000592549 -0.00368912 -4.27888e-05
4.98 0.000670849 -0.00368927 -4.85341e-05
4.985 0.000753199 -0.00368941 -5.40368e-05
4.99 0.000840334 -0.00368955 -5.93241e-05
4.995 0.000932199 -0.00368967 -6.4417e-05
5 0.00102833 -0.00368976 -6.928e-05
5.005 0.00112788 -0.00368984 -7.38919e-05
5.01 0.00122954 -0.0036899 -7.83142e-05
5.015 0.00133142 -0.00368994 -8.26617e-05
5.02 0.00143103 -0.00368997 -8.70373e-05
5.025 0.00152599 -0.00368998 -9.14788e-05
5.03 0.00161463 -0.00368999 -9.59379e-05
5.035 0.00169608 -0.00368999 -0.000100345
5.04 0.00177023 -0.00368999 -0.000104717
5.045 0.00183742 -0.00368998 -0.000109172
5.05 0.00189823 -0.00368999 -0.000113822
5.055 0.00195328 -0.00369001 -0.000118671
5.06 0.00200322 -0.00369004 -0.000123597
5.065 0.0020488 -0.00369009 -0.000128459
5.07 0.00209074 -0.00369016 -0.000133223
5.075 0.00212947 -0.00369024 -0.000137959
5.08 0.00216503 -0.00369034 -0.000142743
5.085 0.00219722 -0.00369046 -0.000147556
5.09 0.0022259 -0.0036906 -0.000152271
5.095 0.00225122 -0.00369075 -0.000156722
5.1 0.00227385 -0.00369089 -0.000160806
5.105 0.0022948 -0.00369104 -0.000164524
5.11 0.00231528 -0.00369118 -0.00016793
5.115 0.00233648 -0.00369132 -0.00017104
5.12 0.00235934 -0.00369144 -0.000173802
5.125 0.00238465 -0.00369154 -0.000176137
5.13 0.00241292 -0.00369162 -0.000178013
5.135 0.00244434 -0.00369167 -0.000179473
5.14 0.00247868 -0.0036917 -0.000180595
5.145 0.00251531 -0.0036917 -0.000181445
5.15 0.00255329 -0.00369167 -0.000182049
5.155 0.00259156 -0.00369163 -0.000182404
5.16 0.00262911 -0.00369156 -0.000182523
5.165 0.00266511 -0.00369148 -0.000182461
5.17 0.00269879 -0.00369139 -0.000182314
5.175 0.00272943 -0.00369131 -0.000182175
5.18 0.0027564 -0.00369122 -0.00018209
5.185 0.00277921 -0.00369115 -0.000182066
5.19 0.00279748 -0.00369109 -0.000182107
5.195 0.00281091 -0.00369104 -0.000182239
5.2 0.00281923 -0.00369101 -0.000182509
5.205 0.00282214 -0.00369101 -0.000182953
5.21 0.00281924 -0.00369104 -0.000183576
5.215 0.0028101 -0.00369108 -0.00018434
5.22 0.00279442 -0.00369114 -0.000185175
5.225 0.00277223 -0.00369122 -0.000186008
5.23 0.00274404 -0.0036913 -0.000186786
5.235 0.00271082 -0.0036914 -0.000187465
5.24 0.00267389 -0.00369149 -0.000188
5.245 0.00263484 -0.00369158 -0.000188327
5.25 0.00259536 -0.00369167 -0.000188369
5.255 0.00255696 -0.00369173 -0.000188064
5.26 0.00252077 -0.00369178 -0.000187381
5.265 0.0024874 -0.00369181 -0.000186309
5.27 0.00245681 -0.00369182 -0.000184837
5.275 0.00242839 -0.00369181 -0.00018295
5.28 0.00240106 -0.00369178 -0.000180637
5.285 0.00237338 -0.00369175 -0.000177893
5.29 0.00234419 -0.0036917 -0.000174722
5.295 0.00231293 -0.00369165 -0.000171149
5.3 0.00227949 -0.0036916 -0.000167212
5.305 0.00224407 -0.00369157 -0.000162953
5.31 0.00220724 -0.00369154 -0.000158408
5.315 0.00216965 -0.00369153 -0.000153616
5.32 0.0021316 -0.00369153 -0.000148637
5.325 0.00209286 -0.00369156 -0.000143546
5.33 0.00205287 -0.00369161 -0.000138415
5.335 0.0020108 -0.00369168 -0.000133303
5.34 0.00196567 -0.00369177 -0.000128248
5.345 0.00191653 -0.00369187 -0.000123275
5.35 0.00186264 -0.00369198 -0.000118396
5.355 0.00180372 -0.00369211 -0.000113621
5.36 0.00173996 -0.00369223 -0.000108972
5.365 0.00167177 -0.00369235 -0.000104485
5.37 0.00159951 -0.00369246 -0.000100168
5.375 0.00152343 -0.00369256 -9.59799e-05
5.38 0.0014436 -0.00369265 -9.18802e-05
5.385 0.00135995 -0.00369271 -8.78622e-05
5.39 0.00127233 -0.00369277 -8.39266e-05
5.395 0.00118068 -0.0036928 -8.00513e-05
5.4 0.00108503 -0.00369282 -7.61876e-05
5.405 0.000985702 -0.00369283 -7.22713e-05
5.41 0.000883313 -0.00369283 -6.82263e-05
5.415 0.000778867 -0.00369282 -6.39813e-05
5.42 0.000673657 -0.00369281 -5.95173e-05
5.425 0.000568941 -0.00369281 -5.48691e-05
5.43 0.000465882 -0.00369281 -5.00239e-05
5.435 0.000365744 -0.00369282 -4.48713e-05
5.44 0.000269814 -0.00369285 -3.93176e-05
5.445 0.000179178 -0.00369289 -3.33979e-05
5.45 9.46079e-05 -0.00369296 -2.72269e-05
5.455 1.668e-05 -0.00369305 -2.0848e-05
5.46 -5.39849e-05 -0.00369316 -1.41722e-05
5.465 -0.000116879 -0.00369328 -7.16427e-06
5.47 -0.000172285 -0.00369341 -4.3342e-08
5.475 -0.000221491 -0.00369355 6.90639e-06
5.48 -0.000266138 -0.0036937 1.36603e-05
5.485 -0.000307891 -0.00369385 2.03537e-05
5.49 -0.000348706 -0.00369399 2.69665e-05
5.495 -0.000390835 -0.00369413 3.33126e-05
5.5 -0.000436287 -0.00369427 3.9274e-05
5.505 -0.000486363 -0.00369439 4.49007e-05
5.51 -0.000541858 -0.0036945 5.02328e-05
5.515 -0.000603592 -0.00369458 5.50968e-05
5.52 -0.000672585 -0.00369465 5.92537e-05
5.525 -0.000749628 -0.00369469 6.27362e-05
5.53 -0.000834922 -0.00369472 6.58055e-05
5.535 -0.000928331 -0.00369472 6.86124e-05
5.54 -0.00102936 -0.00369471 7.11395e-05
5.545 -0.00113653 -0.00369469 7.34224e-05
5.55 -0.00124726 -0.00369466 7.56113e-05
5.555 -0.00135843 -0.00369462 7.77989e-05
5.56 -0.00146718 -0.00369458 7.99395e-05
5.565 -0.00157121 -0.00369454 8.20161e-05
5.57 -0.00166848 -0.0036945 8.4197e-05
5.575 -0.001757 -0.00369447 8.67527e-05
5.58 -0.00183489 -0.00369446 8.98372e-05
5.585 -0.00190088 -0.00369447 9.33751e-05
5.59 -0.00195464 -0.0036945 9.71719e-05
5.595 -0.00199672 -0.00369454 0.000101125
5.6 -0.00202836 -0.0036946 0.000105306
5.605 -0.00205107 -0.00369468 0.000109854
5.61 -0.00206639 -0.00369478 0.000114824
5.615 -0.00207576 -0.0036949 0.000120102
5.62 -0.00208083 -0.00369504 0.000125435
5.625 -0.00208365 -0.00369518 0.000130577
5.63 -0.0020866 -0.00369532 0.000135431
5.635 -0.002092 -0.00369547 0.000140049
5.64 -0.00210152 -0.00369561 0.000144501
5.645 -0.00211613 -0.00369574 0.000148749
5.65 -0.0021363 -0.00369587 0.000152622
5.655 -0.00216216 -0.00369597 0.000155937
5.66 -0.00219368 -0.00369606 0.000158633
5.665 -0.0022305 -0.00369612 0.000160794
5.67 -0.00227175 -0.00369615 0.000162546
5.675 -0.00231611 -0.00369617 0.00016396
5.68 -0.00236201 -0.00369617 0.000165016
5.685 -0.00240791 -0.00369614 0.000165662
5.69 -0.00245247 -0.00369609 0.000165886
5.695 -0.00249473 -0.00369603 0.00016577
5.7 -0.00253407 -0.00369596 0.000165463
5.705 -0.00257016 -0.00369589 0.000165089
5.71 -0.00260316 -0.00369582 0.000164695
5.715 -0.00263353 -0.00369575 0.000164271
5.72 -0.00266163 -0.00369569 0.000163825
5.725 -0.00268773 -0.00369564 0.000163428
5.73 -0.0027118 -0.00369561 0.000163183
5.735 -0.00273324 -0.0036956 0.000163173
5.74 -0.0027509 -0.0036956 0.000163426
5.745 -0.00276339 -0.00369562 0.000163918
5.75 -0.00276948 -0.00369567 0.000164599
5.755 -0.00276834 -0.00369572 0.000165433
5.76 -0.00275972 -0.00369579 0.000166415
5.765 -0.00274393 -0.00369587 0.00016755
5.77 -0.00272186 -0.00369595 0.00016881
5.775 -0.00269496 -0.00369603 0.000170122
5.78 -0.00266519 -0.00369611 0.000171388
5.785 -0.00263478 -0.00369617 0.000172526
5.79 -0.00260587 -0.00369623 0.000173487
5.795 -0.00258018 -0.00369627 0.000174248
5.8 -0.00255878 -0.0036963 0.000174785
5.805 -0.00254218 -0.00369631 0.000175062
5.81 -0.00253041 -0.00369631 0.000175032
5.815 -0.00252312 -0.00369629 0.000174663
5.82 -0.00251962 -0.00369626 0.000173953
5.825 -0.00251892 -0.00369622 0.000172923
5.83 -0.00251978 -0.00369617 0.000171606
5.835 -0.00252086 -0.00369612 0.000170029
5.84 -0.00252078 -0.00369608 0.000168219
5.845 -0.00251824 -0.00369604 0.000166201
5.85 -0.00251218 -0.00369601 0.000164009
5.855 -0.00250174 -0.00369599 0.000161693
5.86 -0.00248613 -0.00369599 0.000159302
5.865 -0.00246454 -0.003696 0.000156871
5.87 -0.00243604 -0.00369602 0.000154413
5.875 -0.00239953 -0.00369606 0.000151924
5.88 -0.00235387 -0.00369611 0.000149395
5.885 -0.00229814 -0.00369618 0.000146812
5.89 -0.00223176 -0.00369624 0.000144155
5.895 -0.00215468 -0.00369632 0.000141393
5.9 -0.00206734 -0.00369639 0.000138477
5.905 -0.00197074 -0.00369646 0.00013534
5.91 -0.00186657 -0.00369653 0.000131907
5.915 -0.00175747 -0.00369659 0.000128124
5.92 -0.00164699 -0.00369664 0.000123951
5.925 -0.00153888 -0.00369668 0.000119355
5.93 -0.00143652 -0.00369672 0.000114315
5.935 -0.00134226 -0.00369674 0.000108824
5.94 -0.00125723 -0.00369676 0.000102889
5.945 -0.00118167 -0.00369678 9.65321e-05
5.95 -0.00111509 -0.00369679 8.97943e-05
5.955 -0.00105625 -0.00369681 8.27207e-05
5.96 -0.00100314 -0.00369683 7.53781e-05
5.965 -0.000952992 -0.00369685 6.78746e-05
5.97 -0.000902635 -0.00369689 6.03143e-05
5.975 -0.000849135 -0.00369694 5.27447e-05
5.98 -0.000790074 -0.003697 4.52014e-05
5.985 -0.000723602 -0.00369708 3.7776e-05
5.99 -0.000648418 -0.00369717 3.05855e-05
5.995 -0.000563856 -0.00369727 2.36937e-05
6 -0.000469875 -0.00369739 1.71009e-05
6.005 -0.000366968 -0.00369751 1.07958e-05
6.01 -0.000255978 -0.00369763 4.78801e-06
6.015 -0.00013792 -0.00369776 -9.12103e-07
6.02 -1.39683e-05 -0.00369788 -6.3247e-06
6.025 0.000114585 -0.003698 -1.14942e-05
6.03 0.00024636 -0.00369811 -1.64945e-05
6.035 0.000379733 -0.0036982 -2.1452e-05
6.04 0.000512794 -0.00369828 -2.64722e-05
6.045 0.000643609 -0.00369833 -3.15545e-05
6.05 0.000770296 -0.00369837 -3.66467e-05
6.055 0.000890589 -0.0036984 -4.17684e-05
6.06 0.00100155 -0.00369841 -4.70617e-05
6.065 0.00110031 -0.00369841 -5.26627e-05
6.07 0.00118495 -0.00369841 -5.85391e-05
6.075 0.00125461 -0.0036984 -6.4542e-05
6.08 0.00130928 -0.00369839 -7.05909e-05
6.085 0.00134948 -0.00369839 -7.67392e-05
6.09 0.00137623 -0.0036984 -8.305e-05
6.095 0.00139137 -0.00369843 -8.94201e-05
6.1 0.00139796 -0.00369847 -9.55643e-05
6.105 0.00140011 -0.00369854 -0.000101221
6.11 0.00140207 -0.00369862 -0.000106348
6.115 0.00140744 -0.00369871 -0.000111069
6.12 0.00141884 -0.00369883 -0.000115461
6.125 0.00143771 -0.00369895 -0.000119424
6.13 0.00146446 -0.00369908 -0.000122751
6.135 0.00149887 -0.00369921 -0.00012529
6.14 0.00154025 -0.00369934 -0.000127048
6.145 0.00158757 -0.00369945 -0.000128161
6.15 0.00163938 -0.00369954 -0.000128782
6.155 0.00169396 -0.00369962 -0.000128989
6.16 0.00174973 -0.00369966 -0.000128761
6.165 0.00180543 -0.00369968 -0.000128082
6.17 0.00186008 -0.00369966 -0.000127052
6.175 0.00191275 -0.00369961 -0.000125859
6.18 0.00196241 -0.00369955 -0.000124681
6.185 0.00200787 -0.00369947 -0.000123604
6.19 0.00204782 -0.00369937 -0.000122649
6.195 0.00208101 -0.00369927 -0.000121831
6.2 0.00210626 -0.00369916 -0.00012121
6.205 0.00212241 -0.00369907 -0.000120884
6.21 0.00212827 -0.00369899 -0.000120931
6.215 0.00212268 -0.00369893 -0.000121359
6.22 0.00210479 -0.00369889 -0.000122096
6.225 0.00207441 -0.00369888 -0.000123022
6.23 0.00203226 -0.0036989 -0.00012403
6.235 0.00197997 -0.00369895 -0.000125065
6.24 0.00191975 -0.00369902 -0.000126095
6.245 0.00185422 -0.00369912 -0.000127058
6.25 0.00178608 -0.00369923 -0.000127843
6.255 0.00171796 -0.00369934 -0.000128306
6.26 0.00165247 -0.00369946 -0.000128313
6.265 0.00159223 -0.00369957 -0.000127795
6.27 0.00153947 -0.00369967 -0.00012673
6.275 0.00149576 -0.00369975 -0.000125109
6.28 0.001462 -0.00369981 -0.000122909
6.285 0.00143828 -0.00369985 -0.000120114
6.29 0.00142407 -0.00369986 -0.000116737
6.295 0.00141824 -0.00369985 -0.000112838
6.3 0.00141914 -0.00369982 -0.000108518
6.305 0.00142463 -0.00369977 -0.000103895
6.31 0.0014322 -0.00369971 -9.90735e-05
6.315 0.00143931 -0.00369964 -9.41414e-05
6.32 0.00144356 -0.00369958 -8.91844e-05
6.325 0.00144276 -0.00369952 -8.43042e-05
6.33 0.00143498 -0.00369948 -7.96162e-05
6.335 0.00141874 -0.00369945 -7.52262e-05
6.34 0.001393 -0.00369945 -7.12052e-05
6.345 0.00135719 -0.00369947 -6.75804e-05
6.35 0.00131123 -0.00369951 -6.43488e-05
6.355 0.00125555 -0.00369958 -6.14983e-05
6.36 0.00119109 -0.00369966 -5.90209e-05
6.365 0.00111912 -0.00369976 -5.69074e-05
6.37 0.00104108 -0.00369986 -5.51258e-05
6.375 0.000958557 -0.00369998 -5.36073e-05
6.38 0.000873236 -0.00370009 -5.22607e-05
6.385 0.000786832 -0.00370019 -5.0997e-05
6.39 0.000700943 -0.00370028 -4.97404e-05
6.395 0.000617022 -0.00370035 -4.84185e-05
6.4 0.000536373 -0.00370041 -4.69578e-05
6.405 0.000460078 -0.00370044 -4.52883e-05
6.41 0.000388933 -0.00370045 -4.33501e-05
6.415 0.000323402 -0.00370044 -4.10996e-05
6.42 0.000263536 -0.00370042 -3.85151e-05
6.425 0.000208957 -0.00370038 -3.55871e-05
6.43 0.000159077 -0.00370034 -3.22966e-05
6.435 0.000113259 -0.00370028 -2.86228e-05
6.44 7.07988e-05 -0.00370024 -2.45788e-05
6.445 3.0968e-05 -0.0037002 -2.02244e-05
6.45 -6.92244e-06 -0.00370017 -1.56297e-05
6.455 -4.34235e-05 -0.00370016 -1.08355e-05
6.46 -7.88041e-05 -0.00370016 -5.86093e-06
6.465 -0.00011297 -0.00370019 -7.38352e-07
6.47 -0.000145577 -0.00370025 4.4605e-06
6.475 -0.000176468 -0.00370032 9.62325e-06
6.48 -0.00020599 -0.00370041 1.46407e-05
6.485 -0.000234898 -0.00370052 1.94576e-05
6.49 -0.000264124 -0.00370065 2.40652e-05
6.495 -0.000294755 -0.00370077 2.84436e-05
6.5 -0.000328109 -0.0037009 3.25212e-05
6.505 -0.000365874 -0.00370103 3.62061e-05
6.51 -0.000409984 -0.00370115 3.94608e-05
6.515 -0.00046194 -0.00370124 4.23224e-05
6.52 -0.00052233 -0.00370132 4.48511e-05
6.525 -0.000590943 -0.00370138 4.70858e-05
6.53 -0.000666959 -0.00370141 4.90523e-05
6.535 -0.000749013 -0.00370142 5.07854e-05
6.54 -0.000835318 -0.0037014 5.23287e-05
6.545 -0.000923805 -0.00370136 5.37361e-05
6.55 -0.00101217 -0.0037013 5.50938e-05
6.555 -0.00109779 -0.00370122 5.65211e-05
6.56 -0.00117776 -0.00370114 5.81224e-05
6.565 -0.0012494 -0.00370106 5.99447e-05
6.57 -0.0013106 -0.00370098 6.19876e-05
6.575 -0.00135984 -0.00370092 6.42478e-05
6.58 -0.00139621 -0.00370086 6.67409e-05
6.585 -0.0014194 -0.00370083 6.94843e-05
6.59 -0.00142973 -0.00370083 7.24668e-05
6.595 -0.00142807 -0.00370085 7.56344e-05
6.6 -0.0014159 -0.00370089 7.89009e-05
6.605 -0.00139513 -0.00370096 8.21744e-05
6.61 -0.00136802 -0.00370105 8.53741e-05
6.615 -0.00133726 -0.00370117 8.84257e-05
6.62 -0.00130583 -0.00370129 9.12462e-05
6.625 -0.00127674 -0.00370142 9.37378e-05
6.63 -0.00125281 -0.00370156 9.58024e-05
6.635 -0.00123636 -0.00370169 9.73653e-05
6.64 -0.00122901 -0.0037018 9.83915e-05
6.645 -0.00123158 -0.0037019 9.8884e-05
6.65 -0.00124406 -0.00370197 9.88666e-05
6.655 -0.00126559 -0.00370201 9.83724e-05
6.66 -0.0012946 -0.00370202 9.74399e-05
6.665 -0.00132878 -0.003702 9.61097e-05
6.67 -0.00136525 -0.00370196 9.44327e-05
6.675 -0.00140092 -0.0037019 9.24844e-05
6.68 -0.00143289 -0.00370182 9.03604e-05
6.685 -0.00145869 -0.00370173 8.81534e-05
6.69 -0.00147637 -0.00370164 8.59331e-05
6.695 -0.00148445 -0.00370155 8.37477e-05
6.7 -0.0014819 -0.00370147 8.16347e-05
6.705 -0.00146806 -0.0037014 7.96286e-05
6.71 -0.00144262 -0.00370136 7.77607e-05
6.715 -0.00140573 -0.00370134 7.60503e-05
6.72 -0.00135806 -0.00370135 7.44945e-05
6.725 -0.00130077 -0.00370138 7.30636e-05
6.73 -0.00123533 -0.00370144 7.17072e-05
6.735 -0.00116331 -0.00370152 7.03655e-05
6.74 -0.00108622 -0.00370161 6.89786e-05
6.745 -0.00100544 -0.00370172 6.7489e-05
6.75 -0.000922234 -0.00370183 6.58409e-05
6.755 -0.000837798 -0.00370194 6.39754e-05
6.76 -0.000753311 -0.00370204 6.18236e-05
6.765 -0.000670017 -0.00370212 5.93161e-05
6.77 -0.000589199 -0.0037022 5.64034e-05
6.775 -0.000512026 -0.00370225 5.30642e-05
6.78 -0.00043949 -0.00370228 4.92957e-05
6.785 -0.000372403 -0.0037023 4.51053e-05
6.79 -0.000311401 -0.00370229 4.05057e-05
6.795 -0.000256932 -0.00370228 3.55133e-05
6.8 -0.000209194 -0.00370225 3.01538e-05
6.805 -0.000168126 -0.00370222 2.44812e-05
6.81 -0.000133354 -0.00370218 1.85976e-05
6.815 -0.000104096 -0.00370215 1.2618e-05
6.82 -7.93328e-05 -0.00370213 6.61585e-06
6.825 -5.7962e-05 -0.00370213 6.43368e-07
6.83 -3.86346e-05 -0.00370214 -5.22318e-06
6.835 -1.97941e-05 -0.00370217 -1.08832e-05
6.84 1.2653e-08 -0.00370222 -1.62253e-05
6.845 2.20626e-05 -0.00370229 -2.11392e-05
6.85 4.75177e-05 -0.00370237 -2.55402e-05
6.855 7.72815e-05 -0.00370247 -2.9397e-05
6.86 0.000111773 -0.00370257 -3.27334e-05
6.865 0.000150972 -0.00370269 -3.55663e-05
6.87 0.000194677 -0.0037028 -3.78451e-05
6.875 0.000242606 -0.0037029 -3.95111e-05
6.88 0.000294322 -0.00370299 -4.0596e-05
6.885 0.000349215 -0.00370307 -4.12006e-05
6.89 0.000406474 -0.00370312 -4.1414e-05
6.895 0.000464974 -0.00370314 -4.12963e-05
6.9 0.000523275 -0.00370314 -4.09085e-05
6.905 0.000579779 -0.00370312 -4.03243e-05
6.91 0.000632963 -0.00370307 -3.96138e-05
6.915 0.000681527 -0.003703 -3.88494e-05
6.92 0.000724384 -0.00370293 -3.81357e-05
6.925 0.000760767 -0.00370284 -3.75742e-05
6.93 0.000790427 -0.00370275 -3.71879e-05
6.935 0.000813564 -0.00370266 -3.6942e-05
6.94 0.000830603 -0.00370258 -3.68486e-05
6.945 0.000841976 -0.00370251 -3.70034e-05
6.95 0.000847924 -0.00370246 -3.75101e-05
6.955 0.000848569 -0.00370244 -3.83716e-05
6.96 0.000844226 -0.00370244 -3.94707e-05
6.965 0.000835529 -0.00370247 -4.06764e-05
6.97 0.000823271 -0.00370251 -4.19561e-05
6.975 0.000808204 -0.00370257 -4.3366e-05
6.98 0.000790874 -0.00370265 -4.49497e-05
6.985 0.000771524 -0.00370275 -4.66574e-05
6.99 0.000750185 -0.00370285 -4.83452e-05
6.995 0.000726953 -0.00370295 -4.98534e-05
7 0.00070205 -0.00370305 -5.1098e-05
7.005 0.000675719 -0.00370313 -5.20903e-05
7.01 0.000648188 -0.0037032 -5.28685e-05
7.015 0.000619655 -0.00370325 -5.34121e-05
7.02 0.000590411 -0.00370329 -5.36199e-05
7.025 0.000560961 -0.0037033 -5.33765e-05
7.03 0.000531956 -0.00370328 -5.26412e-05
7.035 0.000504055 -0.00370325 -5.14575e-05
7.04 0.000477964 -0.00370321 -4.98778e-05
7.045 0.000454361 -0.00370315 -4.78992e-05
7.05 0.000433752 -0.00370309 -4.54859e-05
7.055 0.00041646 -0.00370303 -4.2641e-05
7.06 0.000402498 -0.00370297 -3.94377e-05
7.065 0.000391474 -0.00370292 -3.59791e-05
7.07 0.00038267 -0.00370289 -3.23454e-05
7.075 0.00037513 -0.00370287 -2.858e-05
7.08 0.000367737 -0.00370287 -2.47164e-05
7.085 0.000359274 -0.0037029 -2.08058e-05
7.09 0.000348516 -0.00370294 -1.69213e-05
7.095 0.000334299 -0.003703 -1.31468e-05
7.1 0.000315529 -0.00370308 -9.56391e-06
7.105 0.000291162 -0.00370317 -6.23575e-06
7.11 0.000260301 -0.00370327 -3.18596e-06
7.115 0.000222418 -0.00370337 -4.00588e-07
7.12 0.000177476 -0.00370347 2.1379e-06
7.125 0.000125939 -0.00370356 4.42334e-06
7.13 6.8729e-05 -0.00370364 6.43728e-06
7.135 7.05608e-06 -0.0037037 8.18315e-06
7.14 -5.78069e-05 -0.00370375 9.7101e-06
7.145 -0.000124583 -0.00370377 1.11204e-05
7.15 -0.00019189 -0.00370378 1.25342e-05
7.155 -0.000258375 -0.00370376 1.39877e-05
7.16 -0.00032311 -0.00370373 1.54089e-05
7.165 -0.000385669 -0.00370368 1.67611e-05
7.17 -0.000445915 -0.00370362 1.81393e-05
7.175 -0.000503901 -0.00370356 1.96811e-05
7.18 -0.000559763 -0.00370349 2.14536e-05
7.185 -0.000613532 -0.00370343 2.34722e-05
7.19 -0.000664951 -0.00370337 2.57647e-05
7.195 -0.000713602 -0.00370333 2.83428e-05
7.2 -0.00075932 -0.0037033 3.11556e-05
7.205 -0.000802397 -0.0037033 3.41385e-05
7.21 -0.000843482 -0.00370331 3.72918e-05
7.215 -0.000883396 -0.00370334 4.06736e-05
7.22 -0.000922937 -0.0037034 4.43199e-05
7.225 -0.000962825 -0.00370347 4.81906e-05
7.23 -0.00100374 -0.00370356 5.2198e-05
7.235 -0.00104627 -0.00370366 5.62755e-05
7.24 -0.00109086 -0.00370377 6.0408e-05
7.245 -0.0011378 -0.00370388 6.46074e-05
7.25 -0.00118713 -0.00370398 6.88766e-05
7.255 -0.00123845 -0.00370408 7.31903e-05
7.26 -0.00129106 -0.00370418 7.74976e-05
7.265 -0.00134405 -0.00370426 8.17453e-05
7.27 -0.00139652 -0.00370432 8.59078e-05
7.275 -0.00144776 -0.00370437 8.9991e-05
7.28 -0.00149737 -0.0037044 9.40074e-05
7.285 -0.00154515 -0.00370441 9.79435e-05
7.29 -0.0015912 -0.00370441 0.000101752
7.295 -0.00163602 -0.00370441 0.000105375
7.3 -0.00168049 -0.00370439 0.000108786
7.305 -0.00172577 -0.00370436 0.000112003
7.31 -0.00177302 -0.00370434 0.000115078
7.315 -0.00182307 -0.00370431 0.000118048
7.32 -0.00187611 -0.0037043 0.000120917
7.325 -0.00193173 -0.00370429 0.000123664
7.33 -0.00198903 -0.00370428 0.000126268
7.335 -0.0020468 -0.00370429 0.000128746
7.34 -0.00210361 -0.00370432 0.00013115
7.345 -0.00215789 -0.00370435 0.000133536
7.35 -0.00220805 -0.0037044 0.000135937
7.355 -0.00225281 -0.00370445 0.000138352
7.36 -0.00229138 -0.00370451 0.000140758
7.365 -0.00232359 -0.00370458 0.00014314
7.37 -0.00234973 -0.00370465 0.000145497
7.375 -0.00237054 -0.00370472 0.000147843
7.38 -0.00238697 -0.00370479 0.00015018
7.385 -0.0024 -0.00370485 0.000152487
7.39 -0.0024106 -0.0037049 0.000154725
7.395 -0.00241972 -0.00370494 0.000156856
7.4 -0.00242812 -0.00370498 0.000158853
7.405 -0.00243629 -0.003705 0.000160707
7.41 -0.00244451 -0.00370501 0.000162403
7.415 -0.00245289 -0.00370501 0.000163917
7.42 -0.00246156 -0.003705 0.000165215
7.425 -0.0024707 -0.00370498 0.000166266
7.43 -0.00248057 -0.00370496 0.000167063
7.435 -0.00249145 -0.00370494 0.000167622
7.44 -0.00250367 -0.00370491 0.000167965
7.445 -0.00251748 -0.00370488 0.000168113
7.45 -0.00253297 -0.00370486 0.000168079
7.455 -0.00254999 -0.00370484 0.000167879
7.46 -0.00256814 -0.00370482 0.000167544
7.465 -0.0025868 -0.00370481 0.000167115
7.47 -0.00260522 -0.00370481 0.000166635
7.475 -0.00262264 -0.00370481 0.000166147
7.48 -0.00263832 -0.00370482 0.00016568
7.485 -0.00265162 -0.00370483 0.000165255
7.49 -0.00266216 -0.00370485 0.000164885
7.495 -0.00266979 -0.00370487 0.000164589
7.5 -0.00267465 -0.00370489 0.000164386
7.505 -0.00267725 -0.00370491 0.000164296
7.51 -0.0026784 -0.00370493 0.000164329
7.515 -0.00267916 -0.00370495 0.000164489
7.52 -0.00268074 -0.00370497 0.000164777
7.525 -0.00268426 -0.00370497 0.000165194
7.53 -0.00269051 -0.00370498 0.000165742
7.535 -0.0026999 -0.00370498 0.000166424
7.54 -0.00271246 -0.00370497 0.000167245
7.545 -0.00272781 -0.00370496 0.000168207
7.55 -0.00274514 -0.00370495 0.000169305
7.555 -0.00276328 -0.00370494 0.00017053
7.56 -0.00278073 -0.00370493 0.000171873
7.565 -0.00279561 -0.00370492 0.000173327
7.57 -0.00280581 -0.00370492 0.000174877
7.575 -0.00280908 -0.00370493 0.000176495
7.58 -0.00280349 -0.00370494 0.00017814
7.585 -0.00278768 -0.00370495 0.000179756
7.59 -0.00276094 -0.00370498 0.000181273
7.595 -0.0027232 -0.00370501 0.000182612
7.6 -0.0026749 -0.00370505 0.000183687
7.605 -0.002617 -0.00370509 0.000184408
7.61 -0.00255081 -0.00370513 0.000184679
7.615 -0.0024779 -0.00370517 0.00018441
7.62 -0.00239997 -0.00370521 0.000183524
7.625 -0.00231888 -0.00370525 0.000181946
7.63 -0.00223648 -0.00370528 0.000179604
7.635 -0.00215455 -0.00370531 0.00017644
7.64 -0.00207477 -0.00370534 0.000172419
7.645 -0.0019987 -0.00370536 0.000167534
7.65 -0.00192774 -0.00370537 0.000161806
7.655 -0.00186325 -0.00370538 0.000155279
7.66 -0.00180629 -0.00370538 0.000148019
7.665 -0.00175716 -0.00370539 0.000140113
7.67 -0.00171557 -0.0037054 0.000131678
7.675 -0.00168083 -0.00370541 0.000122848
7.68 -0.00165181 -0.00370542 0.000113766
7.685 -0.00162708 -0.00370545 0.000104581
7.69 -0.00160477 -0.00370548 9.54481e-05
7.695 -0.00158256 -0.00370552 8.65238e-05
7.7 -0.00155788 -0.00370557 7.79598e-05
7.705 -0.00152807 -0.00370563 6.98961e-05
7.71 -0.00149048 -0.0037057 6.24543e-05
7.715 -0.0014425 -0.00370578 5.57302e-05
7.72 -0.00138185 -0.00370587 4.97845e-05
7.725 -0.00130691 -0.00370595 4.4641e-05
7.73 -0.0012167 -0.00370604 4.02924e-05
7.735 -0.0011109 -0.00370613 3.6702e-05
7.74 -0.000989923 -0.00370621 3.37995e-05
7.745 -0.000854877 -0.00370628 3.14841e-05
7.75 -0.000707614 -0.00370634 2.96368e-05
7.755 -0.000550494 -0.00370639 2.81239e-05
7.76 -0.00038611 -0.00370643 2.67866e-05
7.765 -0.00021719 -0.00370645 2.5449e-05
7.77 -4.64943e-05 -0.00370646 2.39406e-05
7.775 0.000123084 -0.00370646 2.20428e-05
7.78 0.000288191 -0.00370644 1.94586e-05
7.785 0.000445412 -0.00370641 1.60172e-05
7.79 0.00059217 -0.00370637 1.18087e-05
7.795 0.000726708 -0.00370634 6.94771e-06
7.8 0.000847571 -0.00370631 1.33356e-06
7.805 0.000953719 -0.00370628 -5.25715e-06
7.81 0.00104491 -0.00370626 -1.29129e-05
